# JRE version: Java(TM) SE Runtime Environment (8.0_40-b26) (build 1.8.0_40-b26)
# Java VM: Java HotSpot(TM) 64-Bit Server VM (25.40-b25 mixed mode windows-amd64 compressed oops)
Heap:
 PSYoungGen      total 99328K, used 88128K [0x0000000780000000, 0x0000000786d00000, 0x00000007c0000000)
  eden space 88064K, 100% used [0x0000000780000000,0x0000000785600000,0x0000000785600000)
  from space 11264K, 0% used [0x0000000786200000,0x0000000786210000,0x0000000786d00000)
  to   space 11776K, 0% used [0x0000000785600000,0x0000000785600000,0x0000000786180000)
 ParOldGen       total 71168K, used 21516K [0x0000000700000000, 0x0000000704580000, 0x0000000780000000)
  object space 71168K, 30% used [0x0000000700000000,0x00000007015031d8,0x0000000704580000)
 Metaspace       used 24011K, capacity 25384K, committed 25472K, reserved 1071104K
  class space    used 3425K, capacity 3709K, committed 3712K, reserved 1048576K
GC Heap History (10 events):
Event: 13.519 GC heap before
{Heap before GC invocations=7 (full 1):
 PSYoungGen      total 33280K, used 33248K [0x0000000780000000, 0x0000000783880000, 0x00000007c0000000)
  eden space 28672K, 100% used [0x0000000780000000,0x0000000781c00000,0x0000000781c00000)
  from space 4608K, 99% used [0x0000000781c00000,0x0000000782078020,0x0000000782080000)
  to   space 11264K, 0% used [0x0000000782d80000,0x0000000782d80000,0x0000000783880000)
 ParOldGen       total 71168K, used 15495K [0x0000000700000000, 0x0000000704580000, 0x0000000780000000)
  object space 71168K, 21% used [0x0000000700000000,0x0000000700f21d88,0x0000000704580000)
 Metaspace       used 23968K, capacity 25384K, committed 25472K, reserved 1071104K
  class space    used 3425K, capacity 3709K, committed 3712K, reserved 1048576K
Event: 13.536 GC heap after
Heap after GC invocations=7 (full 1):
 PSYoungGen      total 46592K, used 5312K [0x0000000780000000, 0x0000000784400000, 0x00000007c0000000)
  eden space 35328K, 0% used [0x0000000780000000,0x0000000780000000,0x0000000782280000)
  from space 11264K, 47% used [0x0000000782d80000,0x00000007832b0020,0x0000000783880000)
  to   space 11264K, 0% used [0x0000000782280000,0x0000000782280000,0x0000000782d80000)
 ParOldGen       total 71168K, used 15495K [0x0000000700000000, 0x0000000704580000, 0x0000000780000000)
  object space 71168K, 21% used [0x0000000700000000,0x0000000700f21d88,0x0000000704580000)
 Metaspace       used 23968K, capacity 25384K, committed 25472K, reserved 1071104K
  class space    used 3425K, capacity 3709K, committed 3712K, reserved 1048576K
}
Event: 13.618 GC heap before
{Heap before GC invocations=8 (full 1):
 PSYoungGen      total 46592K, used 40640K [0x0000000780000000, 0x0000000784400000, 0x00000007c0000000)
  eden space 35328K, 100% used [0x0000000780000000,0x0000000782280000,0x0000000782280000)
  from space 11264K, 47% used [0x0000000782d80000,0x00000007832b0020,0x0000000783880000)
  to   space 11264K, 0% used [0x0000000782280000,0x0000000782280000,0x0000000782d80000)
 ParOldGen       total 71168K, used 15495K [0x0000000700000000, 0x0000000704580000, 0x0000000780000000)
  object space 71168K, 21% used [0x0000000700000000,0x0000000700f21d88,0x0000000704580000)
 Metaspace       used 23970K, capacity 25384K, committed 25472K, reserved 1071104K
  class space    used 3425K, capacity 3709K, committed 3712K, reserved 1048576K
Event: 13.629 GC heap after
Heap after GC invocations=8 (full 1):
 PSYoungGen      total 46592K, used 5312K [0x0000000780000000, 0x0000000785080000, 0x00000007c0000000)
  eden space 35328K, 0% used [0x0000000780000000,0x0000000780000000,0x0000000782280000)
  from space 11264K, 47% used [0x0000000782280000,0x00000007827b0020,0x0000000782d80000)
  to   space 10752K, 0% used [0x0000000784600000,0x0000000784600000,0x0000000785080000)
 ParOldGen       total 71168K, used 15495K [0x0000000700000000, 0x0000000704580000, 0x0000000780000000)
  object space 71168K, 21% used [0x0000000700000000,0x0000000700f21d88,0x0000000704580000)
 Metaspace       used 23970K, capacity 25384K, committed 25472K, reserved 1071104K
  class space    used 3425K, capacity 3709K, committed 3712K, reserved 1048576K
}
Event: 13.713 GC heap before
{Heap before GC invocations=9 (full 1):
 PSYoungGen      total 46592K, used 40640K [0x0000000780000000, 0x0000000785080000, 0x00000007c0000000)
  eden space 35328K, 100% used [0x0000000780000000,0x0000000782280000,0x0000000782280000)
  from space 11264K, 47% used [0x0000000782280000,0x00000007827b0020,0x0000000782d80000)
  to   space 10752K, 0% used [0x0000000784600000,0x0000000784600000,0x0000000785080000)
 ParOldGen       total 71168K, used 15495K [0x0000000700000000, 0x0000000704580000, 0x0000000780000000)
  object space 71168K, 21% used [0x0000000700000000,0x0000000700f21d88,0x0000000704580000)
 Metaspace       used 23973K, capacity 25384K, committed 25472K, reserved 1071104K
  class space    used 3425K, capacity 3709K, committed 3712K, reserved 1048576K
Event: 13.722 GC heap after
Heap after GC invocations=9 (full 1):
 PSYoungGen      total 72192K, used 6016K [0x0000000780000000, 0x0000000785080000, 0x00000007c0000000)
  eden space 61440K, 0% used [0x0000000780000000,0x0000000780000000,0x0000000783c00000)
  from space 10752K, 55% used [0x0000000784600000,0x0000000784be0020,0x0000000785080000)
  to   space 10240K, 0% used [0x0000000783c00000,0x0000000783c00000,0x0000000784600000)
 ParOldGen       total 71168K, used 15495K [0x0000000700000000, 0x0000000704580000, 0x0000000780000000)
  object space 71168K, 21% used [0x0000000700000000,0x0000000700f21d88,0x0000000704580000)
 Metaspace       used 23973K, capacity 25384K, committed 25472K, reserved 1071104K
  class space    used 3425K, capacity 3709K, committed 3712K, reserved 1048576K
}
Event: 13.834 GC heap before
{Heap before GC invocations=10 (full 1):
 PSYoungGen      total 72192K, used 67456K [0x0000000780000000, 0x0000000785080000, 0x00000007c0000000)
  eden space 61440K, 100% used [0x0000000780000000,0x0000000783c00000,0x0000000783c00000)
  from space 10752K, 55% used [0x0000000784600000,0x0000000784be0020,0x0000000785080000)
  to   space 10240K, 0% used [0x0000000783c00000,0x0000000783c00000,0x0000000784600000)
 ParOldGen       total 71168K, used 15495K [0x0000000700000000, 0x0000000704580000, 0x0000000780000000)
  object space 71168K, 21% used [0x0000000700000000,0x0000000700f21d88,0x0000000704580000)
 Metaspace       used 23982K, capacity 25384K, committed 25472K, reserved 1071104K
  class space    used 3425K, capacity 3709K, committed 3712K, reserved 1048576K
Event: 13.842 GC heap after
Heap after GC invocations=10 (full 1):
 PSYoungGen      total 71680K, used 768K [0x0000000780000000, 0x0000000786d00000, 0x00000007c0000000)
  eden space 61440K, 0% used [0x0000000780000000,0x0000000780000000,0x0000000783c00000)
  from space 10240K, 7% used [0x0000000783c00000,0x0000000783cc0000,0x0000000784600000)
  to   space 11264K, 0% used [0x0000000786200000,0x0000000786200000,0x0000000786d00000)
 ParOldGen       total 71168K, used 20788K [0x0000000700000000, 0x0000000704580000, 0x0000000780000000)
  object space 71168K, 29% used [0x0000000700000000,0x000000070144d1d8,0x0000000704580000)
 Metaspace       used 23982K, capacity 25384K, committed 25472K, reserved 1071104K
  class space    used 3425K, capacity 3709K, committed 3712K, reserved 1048576K
}
Event: 13.911 GC heap before
{Heap before GC invocations=11 (full 1):
 PSYoungGen      total 71680K, used 62208K [0x0000000780000000, 0x0000000786d00000, 0x00000007c0000000)
  eden space 61440K, 100% used [0x0000000780000000,0x0000000783c00000,0x0000000783c00000)
  from space 10240K, 7% used [0x0000000783c00000,0x0000000783cc0000,0x0000000784600000)
  to   space 11264K, 0% used [0x0000000786200000,0x0000000786200000,0x0000000786d00000)
 ParOldGen       total 71168K, used 20788K [0x0000000700000000, 0x0000000704580000, 0x0000000780000000)
  object space 71168K, 29% used [0x0000000700000000,0x000000070144d1d8,0x0000000704580000)
 Metaspace       used 23999K, capacity 25384K, committed 25472K, reserved 1071104K
  class space    used 3425K, capacity 3709K, committed 3712K, reserved 1048576K
Event: 13.913 GC heap after
Heap after GC invocations=11 (full 1):
 PSYoungGen      total 99328K, used 64K [0x0000000780000000, 0x0000000786d00000, 0x00000007c0000000)
  eden space 88064K, 0% used [0x0000000780000000,0x0000000780000000,0x0000000785600000)
  from space 11264K, 0% used [0x0000000786200000,0x0000000786210000,0x0000000786d00000)
  to   space 11776K, 0% used [0x0000000785600000,0x0000000785600000,0x0000000786180000)
 ParOldGen       total 71168K, used 21516K [0x0000000700000000, 0x0000000704580000, 0x0000000780000000)
  object space 71168K, 30% used [0x0000000700000000,0x00000007015031d8,0x0000000704580000)
 Metaspace       used 23999K, capacity 25384K, committed 25472K, reserved 1071104K
  class space    used 3425K, capacity 3709K, committed 3712K, reserved 1048576K
}

