# JRE version: Java(TM) SE Runtime Environment (8.0_40-b26) (build 1.8.0_40-b26)
# Java VM: Java HotSpot(TM) 64-Bit Server VM (25.40-b25 mixed mode linux-amd64 )
Heap:
 PSYoungGen      total 3636224K, used 3274265K [0x00007fc8be580000, 0x00007fc9eb780000, 0x00007fcce9000000)
  eden space 3359744K, 91% used [0x00007fc8be580000,0x00007fc979a9e490,0x00007fc98b680000)
  from space 276480K, 74% used [0x00007fc98b680000,0x00007fc997ee8000,0x00007fc99c480000)
  to   space 292864K, 0% used [0x00007fc9d9980000,0x00007fc9d9980000,0x00007fc9eb780000)
 ParOldGen       total 1145344K, used 788716K [0x00007fc069000000, 0x00007fc0aee80000, 0x00007fc8be580000)
  object space 1145344K, 68% used [0x00007fc069000000,0x00007fc09923b308,0x00007fc0aee80000)
 Metaspace       used 35073K, capacity 36959K, committed 37120K, reserved 38912K
GC Heap History (10 events):
Event: 20,533 GC heap before
{Heap before GC invocations=11 (full 1):
 PSYoungGen      total 1670656K, used 1670628K [0x00007fc8be580000, 0x00007fc965600000, 0x00007fcce9000000)
  eden space 1507328K, 100% used [0x00007fc8be580000,0x00007fc91a580000,0x00007fc91a580000)
  from space 163328K, 99% used [0x00007fc91a580000,0x00007fc9244f9008,0x00007fc924500000)
  to   space 219648K, 0% used [0x00007fc957f80000,0x00007fc957f80000,0x00007fc965600000)
 ParOldGen       total 439808K, used 201526K [0x00007fc069000000, 0x00007fc083d80000, 0x00007fc8be580000)
  object space 439808K, 45% used [0x00007fc069000000,0x00007fc0754cdbd0,0x00007fc083d80000)
 Metaspace       used 32058K, capacity 33881K, committed 34048K, reserved 34816K
Event: 20,695 GC heap after
Heap after GC invocations=11 (full 1):
 PSYoungGen      total 2483200K, used 217092K [0x00007fc8be580000, 0x00007fc969b00000, 0x00007fcce9000000)
  eden space 2263552K, 0% used [0x00007fc8be580000,0x00007fc8be580000,0x00007fc948800000)
  from space 219648K, 98% used [0x00007fc957f80000,0x00007fc965381008,0x00007fc965600000)
  to   space 253440K, 0% used [0x00007fc948800000,0x00007fc948800000,0x00007fc957f80000)
 ParOldGen       total 439808K, used 250790K [0x00007fc069000000, 0x00007fc083d80000, 0x00007fc8be580000)
  object space 439808K, 57% used [0x00007fc069000000,0x00007fc0784e9bd0,0x00007fc083d80000)
 Metaspace       used 32058K, capacity 33881K, committed 34048K, reserved 34816K
}
Event: 23,024 GC heap before
{Heap before GC invocations=12 (full 1):
 PSYoungGen      total 2483200K, used 2480644K [0x00007fc8be580000, 0x00007fc969b00000, 0x00007fcce9000000)
  eden space 2263552K, 100% used [0x00007fc8be580000,0x00007fc948800000,0x00007fc948800000)
  from space 219648K, 98% used [0x00007fc957f80000,0x00007fc965381008,0x00007fc965600000)
  to   space 253440K, 0% used [0x00007fc948800000,0x00007fc948800000,0x00007fc957f80000)
 ParOldGen       total 439808K, used 250790K [0x00007fc069000000, 0x00007fc083d80000, 0x00007fc8be580000)
  object space 439808K, 57% used [0x00007fc069000000,0x00007fc0784e9bd0,0x00007fc083d80000)
 Metaspace       used 32080K, capacity 33881K, committed 34048K, reserved 34816K
Event: 23,371 GC heap after
Heap after GC invocations=12 (full 1):
 PSYoungGen      total 2516992K, used 177142K [0x00007fc8be580000, 0x00007fc9b2500000, 0x00007fcce9000000)
  eden space 2263552K, 0% used [0x00007fc8be580000,0x00007fc8be580000,0x00007fc948800000)
  from space 253440K, 69% used [0x00007fc948800000,0x00007fc9534fd800,0x00007fc957f80000)
  to   space 265728K, 0% used [0x00007fc9a2180000,0x00007fc9a2180000,0x00007fc9b2500000)
 ParOldGen       total 457216K, used 454798K [0x00007fc069000000, 0x00007fc084e80000, 0x00007fc8be580000)
  object space 457216K, 99% used [0x00007fc069000000,0x00007fc084c23bd0,0x00007fc084e80000)
 Metaspace       used 32080K, capacity 33881K, committed 34048K, reserved 34816K
}
Event: 23,371 GC heap before
{Heap before GC invocations=13 (full 2):
 PSYoungGen      total 2516992K, used 177142K [0x00007fc8be580000, 0x00007fc9b2500000, 0x00007fcce9000000)
  eden space 2263552K, 0% used [0x00007fc8be580000,0x00007fc8be580000,0x00007fc948800000)
  from space 253440K, 69% used [0x00007fc948800000,0x00007fc9534fd800,0x00007fc957f80000)
  to   space 265728K, 0% used [0x00007fc9a2180000,0x00007fc9a2180000,0x00007fc9b2500000)
 ParOldGen       total 457216K, used 454798K [0x00007fc069000000, 0x00007fc084e80000, 0x00007fc8be580000)
  object space 457216K, 99% used [0x00007fc069000000,0x00007fc084c23bd0,0x00007fc084e80000)
 Metaspace       used 32080K, capacity 33881K, committed 34048K, reserved 34816K
Event: 25,236 GC heap after
Heap after GC invocations=13 (full 2):
 PSYoungGen      total 2516992K, used 176854K [0x00007fc8be580000, 0x00007fc9b2500000, 0x00007fcce9000000)
  eden space 2263552K, 0% used [0x00007fc8be580000,0x00007fc8be580000,0x00007fc948800000)
  from space 253440K, 69% used [0x00007fc948800000,0x00007fc9534b59e8,0x00007fc957f80000)
  to   space 265728K, 0% used [0x00007fc9a2180000,0x00007fc9a2180000,0x00007fc9b2500000)
 ParOldGen       total 1145344K, used 450051K [0x00007fc069000000, 0x00007fc0aee80000, 0x00007fc8be580000)
  object space 1145344K, 39% used [0x00007fc069000000,0x00007fc084780f18,0x00007fc0aee80000)
 Metaspace       used 32080K, capacity 33881K, committed 34048K, reserved 34816K
}
Event: 27,332 GC heap before
{Heap before GC invocations=14 (full 2):
 PSYoungGen      total 2516992K, used 2440406K [0x00007fc8be580000, 0x00007fc9b2500000, 0x00007fcce9000000)
  eden space 2263552K, 100% used [0x00007fc8be580000,0x00007fc948800000,0x00007fc948800000)
  from space 253440K, 69% used [0x00007fc948800000,0x00007fc9534b59e8,0x00007fc957f80000)
  to   space 265728K, 0% used [0x00007fc9a2180000,0x00007fc9a2180000,0x00007fc9b2500000)
 ParOldGen       total 1145344K, used 450051K [0x00007fc069000000, 0x00007fc0aee80000, 0x00007fc8be580000)
  object space 1145344K, 39% used [0x00007fc069000000,0x00007fc084780f18,0x00007fc0aee80000)
 Metaspace       used 32091K, capacity 33881K, committed 34048K, reserved 34816K
Event: 27,638 GC heap after
Heap after GC invocations=14 (full 2):
 PSYoungGen      total 3318272K, used 181168K [0x00007fc8be580000, 0x00007fc9ad280000, 0x00007fcce9000000)
  eden space 3137024K, 0% used [0x00007fc8be580000,0x00007fc8be580000,0x00007fc97dd00000)
  from space 181248K, 99% used [0x00007fc9a2180000,0x00007fc9ad26c3f0,0x00007fc9ad280000)
  to   space 276480K, 0% used [0x00007fc98b680000,0x00007fc98b680000,0x00007fc99c480000)
 ParOldGen       total 1145344K, used 606723K [0x00007fc069000000, 0x00007fc0aee80000, 0x00007fc8be580000)
  object space 1145344K, 52% used [0x00007fc069000000,0x00007fc08e080f18,0x00007fc0aee80000)
 Metaspace       used 32091K, capacity 33881K, committed 34048K, reserved 34816K
}
Event: 30,806 GC heap before
{Heap before GC invocations=15 (full 2):
 PSYoungGen      total 3318272K, used 3318192K [0x00007fc8be580000, 0x00007fc9ad280000, 0x00007fcce9000000)
  eden space 3137024K, 100% used [0x00007fc8be580000,0x00007fc97dd00000,0x00007fc97dd00000)
  from space 181248K, 99% used [0x00007fc9a2180000,0x00007fc9ad26c3f0,0x00007fc9ad280000)
  to   space 276480K, 0% used [0x00007fc98b680000,0x00007fc98b680000,0x00007fc99c480000)
 ParOldGen       total 1145344K, used 606723K [0x00007fc069000000, 0x00007fc0aee80000, 0x00007fc8be580000)
  object space 1145344K, 52% used [0x00007fc069000000,0x00007fc08e080f18,0x00007fc0aee80000)
 Metaspace       used 32127K, capacity 34009K, committed 34304K, reserved 34816K
Event: 31,147 GC heap after
Heap after GC invocations=15 (full 2):
 PSYoungGen      total 3636224K, used 205216K [0x00007fc8be580000, 0x00007fc9eb780000, 0x00007fcce9000000)
  eden space 3359744K, 0% used [0x00007fc8be580000,0x00007fc8be580000,0x00007fc98b680000)
  from space 276480K, 74% used [0x00007fc98b680000,0x00007fc997ee8000,0x00007fc99c480000)
  to   space 292864K, 0% used [0x00007fc9d9980000,0x00007fc9d9980000,0x00007fc9eb780000)
 ParOldGen       total 1145344K, used 788716K [0x00007fc069000000, 0x00007fc0aee80000, 0x00007fc8be580000)
  object space 1145344K, 68% used [0x00007fc069000000,0x00007fc09923b308,0x00007fc0aee80000)
 Metaspace       used 32127K, capacity 34009K, committed 34304K, reserved 34816K
}

