# JRE version: Java(TM) SE Runtime Environment (8.0_40-b26) (build 1.8.0_40-b26)
# Java VM: Java HotSpot(TM) 64-Bit Server VM (25.40-b25 mixed mode linux-amd64 )
Heap:
 PSYoungGen      total 6706176K, used 1893994K [0x00007f7448980000, 0x00007f76b6f00000, 0x00007f7873400000)
  eden space 6589440K, 26% used [0x00007f7448980000,0x00007f74b5121cd0,0x00007f75dac80000)
  from space 116736K, 99% used [0x00007f76afd00000,0x00007f76b6ef8ba0,0x00007f76b6f00000)
  to   space 266752K, 0% used [0x00007f7696600000,0x00007f7696600000,0x00007f76a6a80000)
 ParOldGen       total 5243392K, used 4803026K [0x00007f6bf3400000, 0x00007f6d33480000, 0x00007f7448980000)
  object space 5243392K, 91% used [0x00007f6bf3400000,0x00007f6d18674820,0x00007f6d33480000)
 Metaspace       used 37597K, capacity 39513K, committed 39680K, reserved 40960K
GC Heap History (10 events):
Event: 12840,844 GC heap before
{Heap before GC invocations=2143 (full 43):
 PSYoungGen      total 8195072K, used 8194850K [0x00007f7448980000, 0x00007f76c8900000, 0x00007f7873400000)
  eden space 8145408K, 100% used [0x00007f7448980000,0x00007f7639c00000,0x00007f7639c00000)
  from space 49664K, 99% used [0x00007f76ba700000,0x00007f76bd748ac0,0x00007f76bd780000)
  to   space 151040K, 0% used [0x00007f76bf580000,0x00007f76bf580000,0x00007f76c8900000)
 ParOldGen       total 5243392K, used 4447566K [0x00007f6bf3400000, 0x00007f6d33480000, 0x00007f7448980000)
  object space 5243392K, 84% used [0x00007f6bf3400000,0x00007f6d02b53970,0x00007f6d33480000)
 Metaspace       used 25998K, capacity 27729K, committed 27904K, reserved 28672K
Event: 12840,885 GC heap after
Heap after GC invocations=2143 (full 43):
 PSYoungGen      total 7872000K, used 69521K [0x00007f7448980000, 0x00007f76c3980000, 0x00007f7873400000)
  eden space 7802368K, 0% used [0x00007f7448980000,0x00007f7448980000,0x00007f7624d00000)
  from space 69632K, 99% used [0x00007f76bf580000,0x00007f76c3964758,0x00007f76c3980000)
  to   space 144896K, 0% used [0x00007f76b1e80000,0x00007f76b1e80000,0x00007f76bac00000)
 ParOldGen       total 5243392K, used 4447622K [0x00007f6bf3400000, 0x00007f6d33480000, 0x00007f7448980000)
  object space 5243392K, 84% used [0x00007f6bf3400000,0x00007f6d02b61970,0x00007f6d33480000)
 Metaspace       used 25998K, capacity 27729K, committed 27904K, reserved 28672K
}
Event: 12849,321 GC heap before
{Heap before GC invocations=2144 (full 43):
 PSYoungGen      total 7872000K, used 7871889K [0x00007f7448980000, 0x00007f76c3980000, 0x00007f7873400000)
  eden space 7802368K, 100% used [0x00007f7448980000,0x00007f7624d00000,0x00007f7624d00000)
  from space 69632K, 99% used [0x00007f76bf580000,0x00007f76c3964758,0x00007f76c3980000)
  to   space 144896K, 0% used [0x00007f76b1e80000,0x00007f76b1e80000,0x00007f76bac00000)
 ParOldGen       total 5243392K, used 4447622K [0x00007f6bf3400000, 0x00007f6d33480000, 0x00007f7448980000)
  object space 5243392K, 84% used [0x00007f6bf3400000,0x00007f6d02b61970,0x00007f6d33480000)
 Metaspace       used 25998K, capacity 27729K, committed 27904K, reserved 28672K
Event: 12849,359 GC heap after
Heap after GC invocations=2144 (full 43):
 PSYoungGen      total 7527424K, used 50930K [0x00007f7448980000, 0x00007f76bf600000, 0x00007f7873400000)
  eden space 7476224K, 0% used [0x00007f7448980000,0x00007f7448980000,0x00007f7610e80000)
  from space 51200K, 99% used [0x00007f76b1e80000,0x00007f76b503caa8,0x00007f76b5080000)
  to   space 138752K, 0% used [0x00007f76b6e80000,0x00007f76b6e80000,0x00007f76bf600000)
 ParOldGen       total 5243392K, used 4447662K [0x00007f6bf3400000, 0x00007f6d33480000, 0x00007f7448980000)
  object space 5243392K, 84% used [0x00007f6bf3400000,0x00007f6d02b6b970,0x00007f6d33480000)
 Metaspace       used 25998K, capacity 27729K, committed 27904K, reserved 28672K
}
Event: 12856,746 GC heap before
{Heap before GC invocations=2145 (full 43):
 PSYoungGen      total 7527424K, used 7527154K [0x00007f7448980000, 0x00007f76bf600000, 0x00007f7873400000)
  eden space 7476224K, 100% used [0x00007f7448980000,0x00007f7610e80000,0x00007f7610e80000)
  from space 51200K, 99% used [0x00007f76b1e80000,0x00007f76b503caa8,0x00007f76b5080000)
  to   space 138752K, 0% used [0x00007f76b6e80000,0x00007f76b6e80000,0x00007f76bf600000)
 ParOldGen       total 5243392K, used 4447662K [0x00007f6bf3400000, 0x00007f6d33480000, 0x00007f7448980000)
  object space 5243392K, 84% used [0x00007f6bf3400000,0x00007f6d02b6b970,0x00007f6d33480000)
 Metaspace       used 25998K, capacity 27729K, committed 27904K, reserved 28672K
Event: 12856,815 GC heap after
Heap after GC invocations=2145 (full 43):
 PSYoungGen      total 7235584K, used 69440K [0x00007f7448980000, 0x00007f76bb280000, 0x00007f7873400000)
  eden space 7165952K, 0% used [0x00007f7448980000,0x00007f7448980000,0x00007f75fdf80000)
  from space 69632K, 99% used [0x00007f76b6e80000,0x00007f76bb2500a8,0x00007f76bb280000)
  to   space 134144K, 0% used [0x00007f76aac80000,0x00007f76aac80000,0x00007f76b2f80000)
 ParOldGen       total 5243392K, used 4447702K [0x00007f6bf3400000, 0x00007f6d33480000, 0x00007f7448980000)
  object space 5243392K, 84% used [0x00007f6bf3400000,0x00007f6d02b75970,0x00007f6d33480000)
 Metaspace       used 25998K, capacity 27729K, committed 27904K, reserved 28672K
}
Event: 47969,906 GC heap before
{Heap before GC invocations=2146 (full 43):
 PSYoungGen      total 7235584K, used 7235392K [0x00007f7448980000, 0x00007f76bb280000, 0x00007f7873400000)
  eden space 7165952K, 100% used [0x00007f7448980000,0x00007f75fdf80000,0x00007f75fdf80000)
  from space 69632K, 99% used [0x00007f76b6e80000,0x00007f76bb2500a8,0x00007f76bb280000)
  to   space 134144K, 0% used [0x00007f76aac80000,0x00007f76aac80000,0x00007f76b2f80000)
 ParOldGen       total 5243392K, used 4447702K [0x00007f6bf3400000, 0x00007f6d33480000, 0x00007f7448980000)
  object space 5243392K, 84% used [0x00007f6bf3400000,0x00007f6d02b75970,0x00007f6d33480000)
 Metaspace       used 37067K, capacity 38957K, committed 39168K, reserved 40960K
Event: 47970,070 GC heap after
Heap after GC invocations=2146 (full 43):
 PSYoungGen      total 6952960K, used 82283K [0x00007f7448980000, 0x00007f76b6f00000, 0x00007f7873400000)
  eden space 6870528K, 0% used [0x00007f7448980000,0x00007f7448980000,0x00007f75ebf00000)
  from space 82432K, 99% used [0x00007f76aac80000,0x00007f76afcdadd8,0x00007f76afd00000)
  to   space 116736K, 0% used [0x00007f76afd00000,0x00007f76afd00000,0x00007f76b6f00000)
 ParOldGen       total 5243392K, used 4478998K [0x00007f6bf3400000, 0x00007f6d33480000, 0x00007f7448980000)
  object space 5243392K, 85% used [0x00007f6bf3400000,0x00007f6d04a05970,0x00007f6d33480000)
 Metaspace       used 37067K, capacity 38957K, committed 39168K, reserved 40960K
}
Event: 48269,850 GC heap before
{Heap before GC invocations=2147 (full 43):
 PSYoungGen      total 6952960K, used 6952811K [0x00007f7448980000, 0x00007f76b6f00000, 0x00007f7873400000)
  eden space 6870528K, 100% used [0x00007f7448980000,0x00007f75ebf00000,0x00007f75ebf00000)
  from space 82432K, 99% used [0x00007f76aac80000,0x00007f76afcdadd8,0x00007f76afd00000)
  to   space 116736K, 0% used [0x00007f76afd00000,0x00007f76afd00000,0x00007f76b6f00000)
 ParOldGen       total 5243392K, used 4478998K [0x00007f6bf3400000, 0x00007f6d33480000, 0x00007f7448980000)
  object space 5243392K, 85% used [0x00007f6bf3400000,0x00007f6d04a05970,0x00007f6d33480000)
 Metaspace       used 37540K, capacity 39495K, committed 39680K, reserved 40960K
Event: 48270,073 GC heap after
Heap after GC invocations=2147 (full 43):
 PSYoungGen      total 6706176K, used 116706K [0x00007f7448980000, 0x00007f76b6f00000, 0x00007f7873400000)
  eden space 6589440K, 0% used [0x00007f7448980000,0x00007f7448980000,0x00007f75dac80000)
  from space 116736K, 99% used [0x00007f76afd00000,0x00007f76b6ef8ba0,0x00007f76b6f00000)
  to   space 266752K, 0% used [0x00007f7696600000,0x00007f7696600000,0x00007f76a6a80000)
 ParOldGen       total 5243392K, used 4803026K [0x00007f6bf3400000, 0x00007f6d33480000, 0x00007f7448980000)
  object space 5243392K, 91% used [0x00007f6bf3400000,0x00007f6d18674820,0x00007f6d33480000)
 Metaspace       used 37540K, capacity 39495K, committed 39680K, reserved 40960K
}

