# JRE version: Java(TM) SE Runtime Environment (8.0_40-b26) (build 1.8.0_40-b26)
# Java VM: Java HotSpot(TM) 64-Bit Server VM (25.40-b25 mixed mode windows-amd64 compressed oops)
Heap:
 PSYoungGen      total 33280K, used 15338K [0x00000006eab00000, 0x00000006ed000000, 0x00000007c0000000)
  eden space 28672K, 46% used [0x00000006eab00000,0x00000006eb7eabd0,0x00000006ec700000)
  from space 4608K, 45% used [0x00000006ecb80000,0x00000006ecd90020,0x00000006ed000000)
  to   space 4608K, 0% used [0x00000006ec700000,0x00000006ec700000,0x00000006ecb80000)
 ParOldGen       total 76800K, used 16K [0x0000000540000000, 0x0000000544b00000, 0x00000006eab00000)
  object space 76800K, 0% used [0x0000000540000000,0x0000000540004000,0x0000000544b00000)
 Metaspace       used 8390K, capacity 8690K, committed 8832K, reserved 1056768K
  class space    used 1016K, capacity 1123K, committed 1152K, reserved 1048576K
GC Heap History (4 events):
Event: 22.591 GC heap before
{Heap before GC invocations=1 (full 0):
 PSYoungGen      total 33280K, used 28672K [0x00000006eab00000, 0x00000006ed000000, 0x00000007c0000000)
  eden space 28672K, 100% used [0x00000006eab00000,0x00000006ec700000,0x00000006ec700000)
  from space 4608K, 0% used [0x00000006ecb80000,0x00000006ecb80000,0x00000006ed000000)
  to   space 4608K, 0% used [0x00000006ec700000,0x00000006ec700000,0x00000006ecb80000)
 ParOldGen       total 76800K, used 0K [0x0000000540000000, 0x0000000544b00000, 0x00000006eab00000)
  object space 76800K, 0% used [0x0000000540000000,0x0000000540000000,0x0000000544b00000)
 Metaspace       used 8383K, capacity 8690K, committed 8832K, reserved 1056768K
  class space    used 1016K, capacity 1123K, committed 1152K, reserved 1048576K
Event: 22.595 GC heap after
Heap after GC invocations=1 (full 0):
 PSYoungGen      total 33280K, used 2465K [0x00000006eab00000, 0x00000006ed000000, 0x00000007c0000000)
  eden space 28672K, 0% used [0x00000006eab00000,0x00000006eab00000,0x00000006ec700000)
  from space 4608K, 53% used [0x00000006ec700000,0x00000006ec9687e8,0x00000006ecb80000)
  to   space 4608K, 0% used [0x00000006ecb80000,0x00000006ecb80000,0x00000006ed000000)
 ParOldGen       total 76800K, used 8K [0x0000000540000000, 0x0000000544b00000, 0x00000006eab00000)
  object space 76800K, 0% used [0x0000000540000000,0x0000000540002000,0x0000000544b00000)
 Metaspace       used 8383K, capacity 8690K, committed 8832K, reserved 1056768K
  class space    used 1016K, capacity 1123K, committed 1152K, reserved 1048576K
}
Event: 22.836 GC heap before
{Heap before GC invocations=2 (full 0):
 PSYoungGen      total 33280K, used 31137K [0x00000006eab00000, 0x00000006ed000000, 0x00000007c0000000)
  eden space 28672K, 100% used [0x00000006eab00000,0x00000006ec700000,0x00000006ec700000)
  from space 4608K, 53% used [0x00000006ec700000,0x00000006ec9687e8,0x00000006ecb80000)
  to   space 4608K, 0% used [0x00000006ecb80000,0x00000006ecb80000,0x00000006ed000000)
 ParOldGen       total 76800K, used 8K [0x0000000540000000, 0x0000000544b00000, 0x00000006eab00000)
  object space 76800K, 0% used [0x0000000540000000,0x0000000540002000,0x0000000544b00000)
 Metaspace       used 8390K, capacity 8690K, committed 8832K, reserved 1056768K
  class space    used 1016K, capacity 1123K, committed 1152K, reserved 1048576K
Event: 22.840 GC heap after
Heap after GC invocations=2 (full 0):
 PSYoungGen      total 33280K, used 2112K [0x00000006eab00000, 0x00000006ed000000, 0x00000007c0000000)
  eden space 28672K, 0% used [0x00000006eab00000,0x00000006eab00000,0x00000006ec700000)
  from space 4608K, 45% used [0x00000006ecb80000,0x00000006ecd90020,0x00000006ed000000)
  to   space 4608K, 0% used [0x00000006ec700000,0x00000006ec700000,0x00000006ecb80000)
 ParOldGen       total 76800K, used 16K [0x0000000540000000, 0x0000000544b00000, 0x00000006eab00000)
  object space 76800K, 0% used [0x0000000540000000,0x0000000540004000,0x0000000544b00000)
 Metaspace       used 8390K, capacity 8690K, committed 8832K, reserved 1056768K
  class space    used 1016K, capacity 1123K, committed 1152K, reserved 1048576K
}

