# JRE version: Java(TM) SE Runtime Environment (8.0_40-b26) (build 1.8.0_40-b26)
# Java VM: Java HotSpot(TM) 64-Bit Server VM (25.40-b25 mixed mode windows-amd64 compressed oops)
Heap:
 PSYoungGen      total 47104K, used 17283K [0x0000000780000000, 0x0000000784f80000, 0x00000007c0000000)
  eden space 35840K, 33% used [0x0000000780000000,0x0000000780bb8cc8,0x0000000782300000)
  from space 11264K, 46% used [0x0000000782300000,0x0000000782828020,0x0000000782e00000)
  to   space 10752K, 0% used [0x0000000784500000,0x0000000784500000,0x0000000784f80000)
 ParOldGen       total 71168K, used 16284K [0x0000000700000000, 0x0000000704580000, 0x0000000780000000)
  object space 71168K, 22% used [0x0000000700000000,0x0000000700fe72d8,0x0000000704580000)
 Metaspace       used 23880K, capacity 25320K, committed 25472K, reserved 1071104K
  class space    used 3425K, capacity 3709K, committed 3712K, reserved 1048576K
GC Heap History (10 events):
Event: 7.467 GC heap before
{Heap before GC invocations=4 (full 0):
 PSYoungGen      total 33280K, used 20973K [0x0000000780000000, 0x0000000782500000, 0x00000007c0000000)
  eden space 28672K, 57% used [0x0000000780000000,0x00000007810018e0,0x0000000781c00000)
  from space 4608K, 99% used [0x0000000781c00000,0x0000000782079ec8,0x0000000782080000)
  to   space 4608K, 0% used [0x0000000782080000,0x0000000782080000,0x0000000782500000)
 ParOldGen       total 76800K, used 5922K [0x0000000700000000, 0x0000000704b00000, 0x0000000780000000)
  object space 76800K, 7% used [0x0000000700000000,0x00000007005c89f0,0x0000000704b00000)
 Metaspace       used 19958K, capacity 21196K, committed 21296K, reserved 1067008K
  class space    used 2926K, capacity 3183K, committed 3200K, reserved 1048576K
Event: 7.499 GC heap after
Heap after GC invocations=4 (full 0):
 PSYoungGen      total 33280K, used 4583K [0x0000000780000000, 0x0000000784100000, 0x00000007c0000000)
  eden space 28672K, 0% used [0x0000000780000000,0x0000000780000000,0x0000000781c00000)
  from space 4608K, 99% used [0x0000000782080000,0x00000007824f9ec8,0x0000000782500000)
  to   space 4608K, 0% used [0x0000000781c00000,0x0000000781c00000,0x0000000782080000)
 ParOldGen       total 76800K, used 10914K [0x0000000700000000, 0x0000000704b00000, 0x0000000780000000)
  object space 76800K, 14% used [0x0000000700000000,0x0000000700aa8a10,0x0000000704b00000)
 Metaspace       used 19958K, capacity 21196K, committed 21296K, reserved 1067008K
  class space    used 2926K, capacity 3183K, committed 3200K, reserved 1048576K
}
Event: 7.499 GC heap before
{Heap before GC invocations=5 (full 1):
 PSYoungGen      total 33280K, used 4583K [0x0000000780000000, 0x0000000784100000, 0x00000007c0000000)
  eden space 28672K, 0% used [0x0000000780000000,0x0000000780000000,0x0000000781c00000)
  from space 4608K, 99% used [0x0000000782080000,0x00000007824f9ec8,0x0000000782500000)
  to   space 4608K, 0% used [0x0000000781c00000,0x0000000781c00000,0x0000000782080000)
 ParOldGen       total 76800K, used 10914K [0x0000000700000000, 0x0000000704b00000, 0x0000000780000000)
  object space 76800K, 14% used [0x0000000700000000,0x0000000700aa8a10,0x0000000704b00000)
 Metaspace       used 19958K, capacity 21196K, committed 21296K, reserved 1067008K
  class space    used 2926K, capacity 3183K, committed 3200K, reserved 1048576K
Event: 7.716 GC heap after
Heap after GC invocations=5 (full 1):
 PSYoungGen      total 33280K, used 0K [0x0000000780000000, 0x0000000784100000, 0x00000007c0000000)
  eden space 28672K, 0% used [0x0000000780000000,0x0000000780000000,0x0000000781c00000)
  from space 4608K, 0% used [0x0000000782080000,0x0000000782080000,0x0000000782500000)
  to   space 4608K, 0% used [0x0000000781c00000,0x0000000781c00000,0x0000000782080000)
 ParOldGen       total 71168K, used 14661K [0x0000000700000000, 0x0000000704580000, 0x0000000780000000)
  object space 71168K, 20% used [0x0000000700000000,0x0000000700e515f8,0x0000000704580000)
 Metaspace       used 19958K, capacity 21196K, committed 21296K, reserved 1067008K
  class space    used 2926K, capacity 3183K, committed 3200K, reserved 1048576K
}
Event: 11.585 GC heap before
{Heap before GC invocations=6 (full 1):
 PSYoungGen      total 33280K, used 28672K [0x0000000780000000, 0x0000000784100000, 0x00000007c0000000)
  eden space 28672K, 100% used [0x0000000780000000,0x0000000781c00000,0x0000000781c00000)
  from space 4608K, 0% used [0x0000000782080000,0x0000000782080000,0x0000000782500000)
  to   space 4608K, 0% used [0x0000000781c00000,0x0000000781c00000,0x0000000782080000)
 ParOldGen       total 71168K, used 14661K [0x0000000700000000, 0x0000000704580000, 0x0000000780000000)
  object space 71168K, 20% used [0x0000000700000000,0x0000000700e515f8,0x0000000704580000)
 Metaspace       used 23876K, capacity 25320K, committed 25472K, reserved 1071104K
  class space    used 3424K, capacity 3709K, committed 3712K, reserved 1048576K
Event: 11.595 GC heap after
Heap after GC invocations=6 (full 1):
 PSYoungGen      total 33280K, used 4576K [0x0000000780000000, 0x0000000783900000, 0x00000007c0000000)
  eden space 28672K, 0% used [0x0000000780000000,0x0000000780000000,0x0000000781c00000)
  from space 4608K, 99% used [0x0000000781c00000,0x0000000782078020,0x0000000782080000)
  to   space 11264K, 0% used [0x0000000782e00000,0x0000000782e00000,0x0000000783900000)
 ParOldGen       total 71168K, used 16276K [0x0000000700000000, 0x0000000704580000, 0x0000000780000000)
  object space 71168K, 22% used [0x0000000700000000,0x0000000700fe52d8,0x0000000704580000)
 Metaspace       used 23876K, capacity 25320K, committed 25472K, reserved 1071104K
  class space    used 3424K, capacity 3709K, committed 3712K, reserved 1048576K
}
Event: 11.656 GC heap before
{Heap before GC invocations=7 (full 1):
 PSYoungGen      total 33280K, used 33248K [0x0000000780000000, 0x0000000783900000, 0x00000007c0000000)
  eden space 28672K, 100% used [0x0000000780000000,0x0000000781c00000,0x0000000781c00000)
  from space 4608K, 99% used [0x0000000781c00000,0x0000000782078020,0x0000000782080000)
  to   space 11264K, 0% used [0x0000000782e00000,0x0000000782e00000,0x0000000783900000)
 ParOldGen       total 71168K, used 16276K [0x0000000700000000, 0x0000000704580000, 0x0000000780000000)
  object space 71168K, 22% used [0x0000000700000000,0x0000000700fe52d8,0x0000000704580000)
 Metaspace       used 23879K, capacity 25320K, committed 25472K, reserved 1071104K
  class space    used 3425K, capacity 3709K, committed 3712K, reserved 1048576K
Event: 11.667 GC heap after
Heap after GC invocations=7 (full 1):
 PSYoungGen      total 47104K, used 4576K [0x0000000780000000, 0x0000000784300000, 0x00000007c0000000)
  eden space 35840K, 0% used [0x0000000780000000,0x0000000780000000,0x0000000782300000)
  from space 11264K, 40% used [0x0000000782e00000,0x0000000783278020,0x0000000783900000)
  to   space 11264K, 0% used [0x0000000782300000,0x0000000782300000,0x0000000782e00000)
 ParOldGen       total 71168K, used 16284K [0x0000000700000000, 0x0000000704580000, 0x0000000780000000)
  object space 71168K, 22% used [0x0000000700000000,0x0000000700fe72d8,0x0000000704580000)
 Metaspace       used 23879K, capacity 25320K, committed 25472K, reserved 1071104K
  class space    used 3425K, capacity 3709K, committed 3712K, reserved 1048576K
}
Event: 11.743 GC heap before
{Heap before GC invocations=8 (full 1):
 PSYoungGen      total 47104K, used 40416K [0x0000000780000000, 0x0000000784300000, 0x00000007c0000000)
  eden space 35840K, 100% used [0x0000000780000000,0x0000000782300000,0x0000000782300000)
  from space 11264K, 40% used [0x0000000782e00000,0x0000000783278020,0x0000000783900000)
  to   space 11264K, 0% used [0x0000000782300000,0x0000000782300000,0x0000000782e00000)
 ParOldGen       total 71168K, used 16284K [0x0000000700000000, 0x0000000704580000, 0x0000000780000000)
  object space 71168K, 22% used [0x0000000700000000,0x0000000700fe72d8,0x0000000704580000)
 Metaspace       used 23879K, capacity 25320K, committed 25472K, reserved 1071104K
  class space    used 3425K, capacity 3709K, committed 3712K, reserved 1048576K
Event: 11.751 GC heap after
Heap after GC invocations=8 (full 1):
 PSYoungGen      total 47104K, used 5280K [0x0000000780000000, 0x0000000784f80000, 0x00000007c0000000)
  eden space 35840K, 0% used [0x0000000780000000,0x0000000780000000,0x0000000782300000)
  from space 11264K, 46% used [0x0000000782300000,0x0000000782828020,0x0000000782e00000)
  to   space 10752K, 0% used [0x0000000784500000,0x0000000784500000,0x0000000784f80000)
 ParOldGen       total 71168K, used 16284K [0x0000000700000000, 0x0000000704580000, 0x0000000780000000)
  object space 71168K, 22% used [0x0000000700000000,0x0000000700fe72d8,0x0000000704580000)
 Metaspace       used 23879K, capacity 25320K, committed 25472K, reserved 1071104K
  class space    used 3425K, capacity 3709K, committed 3712K, reserved 1048576K
}

