# JRE version: Java(TM) SE Runtime Environment (8.0_40-b26) (build 1.8.0_40-b26)
# Java VM: Java HotSpot(TM) 64-Bit Server VM (25.40-b25 mixed mode linux-amd64 compressed oops)
Heap:
 PSYoungGen      total 953856K, used 897023K [0x0000000780000000, 0x00000007c0000000, 0x00000007c0000000)
  eden space 897024K, 99% used [0x0000000780000000,0x00000007b6bfffe0,0x00000007b6c00000)
  from space 56832K, 0% used [0x00000007b6c00000,0x00000007b6c00000,0x00000007ba380000)
  to   space 83456K, 0% used [0x00000007bae80000,0x00000007bae80000,0x00000007c0000000)
 ParOldGen       total 2097152K, used 2096656K [0x0000000700000000, 0x0000000780000000, 0x0000000780000000)
  object space 2097152K, 99% used [0x0000000700000000,0x000000077ff84280,0x0000000780000000)
 Metaspace       used 24324K, capacity 25590K, committed 25856K, reserved 1071104K
  class space    used 3300K, capacity 3544K, committed 3584K, reserved 1048576K
GC Heap History (10 events):
Event: 319,387 GC heap before
{Heap before GC invocations=456 (full 321):
 PSYoungGen      total 953856K, used 897024K [0x0000000780000000, 0x00000007c0000000, 0x00000007c0000000)
  eden space 897024K, 100% used [0x0000000780000000,0x00000007b6c00000,0x00000007b6c00000)
  from space 56832K, 0% used [0x00000007b6c00000,0x00000007b6c00000,0x00000007ba380000)
  to   space 83456K, 0% used [0x00000007bae80000,0x00000007bae80000,0x00000007c0000000)
 ParOldGen       total 2097152K, used 2096655K [0x0000000700000000, 0x0000000780000000, 0x0000000780000000)
  object space 2097152K, 99% used [0x0000000700000000,0x000000077ff83fb8,0x0000000780000000)
 Metaspace       used 24324K, capacity 25590K, committed 25856K, reserved 1071104K
  class space    used 3300K, capacity 3544K, committed 3584K, reserved 1048576K
Event: 320,132 GC heap after
Heap after GC invocations=456 (full 321):
 PSYoungGen      total 953856K, used 897023K [0x0000000780000000, 0x00000007c0000000, 0x00000007c0000000)
  eden space 897024K, 99% used [0x0000000780000000,0x00000007b6bfff78,0x00000007b6c00000)
  from space 56832K, 0% used [0x00000007b6c00000,0x00000007b6c00000,0x00000007ba380000)
  to   space 83456K, 0% used [0x00000007bae80000,0x00000007bae80000,0x00000007c0000000)
 ParOldGen       total 2097152K, used 2096655K [0x0000000700000000, 0x0000000780000000, 0x0000000780000000)
  object space 2097152K, 99% used [0x0000000700000000,0x000000077ff83fb8,0x0000000780000000)
 Metaspace       used 24324K, capacity 25590K, committed 25856K, reserved 1071104K
  class space    used 3300K, capacity 3544K, committed 3584K, reserved 1048576K
}
Event: 320,133 GC heap before
{Heap before GC invocations=457 (full 322):
 PSYoungGen      total 953856K, used 897024K [0x0000000780000000, 0x00000007c0000000, 0x00000007c0000000)
  eden space 897024K, 100% used [0x0000000780000000,0x00000007b6c00000,0x00000007b6c00000)
  from space 56832K, 0% used [0x00000007b6c00000,0x00000007b6c00000,0x00000007ba380000)
  to   space 83456K, 0% used [0x00000007bae80000,0x00000007bae80000,0x00000007c0000000)
 ParOldGen       total 2097152K, used 2096655K [0x0000000700000000, 0x0000000780000000, 0x0000000780000000)
  object space 2097152K, 99% used [0x0000000700000000,0x000000077ff83fb8,0x0000000780000000)
 Metaspace       used 24324K, capacity 25590K, committed 25856K, reserved 1071104K
  class space    used 3300K, capacity 3544K, committed 3584K, reserved 1048576K
Event: 320,892 GC heap after
Heap after GC invocations=457 (full 322):
 PSYoungGen      total 953856K, used 897023K [0x0000000780000000, 0x00000007c0000000, 0x00000007c0000000)
  eden space 897024K, 99% used [0x0000000780000000,0x00000007b6bfffb8,0x00000007b6c00000)
  from space 56832K, 0% used [0x00000007b6c00000,0x00000007b6c00000,0x00000007ba380000)
  to   space 83456K, 0% used [0x00000007bae80000,0x00000007bae80000,0x00000007c0000000)
 ParOldGen       total 2097152K, used 2096655K [0x0000000700000000, 0x0000000780000000, 0x0000000780000000)
  object space 2097152K, 99% used [0x0000000700000000,0x000000077ff83fb8,0x0000000780000000)
 Metaspace       used 24324K, capacity 25590K, committed 25856K, reserved 1071104K
  class space    used 3300K, capacity 3544K, committed 3584K, reserved 1048576K
}
Event: 320,892 GC heap before
{Heap before GC invocations=458 (full 323):
 PSYoungGen      total 953856K, used 897023K [0x0000000780000000, 0x00000007c0000000, 0x00000007c0000000)
  eden space 897024K, 99% used [0x0000000780000000,0x00000007b6bfffe8,0x00000007b6c00000)
  from space 56832K, 0% used [0x00000007b6c00000,0x00000007b6c00000,0x00000007ba380000)
  to   space 83456K, 0% used [0x00000007bae80000,0x00000007bae80000,0x00000007c0000000)
 ParOldGen       total 2097152K, used 2096655K [0x0000000700000000, 0x0000000780000000, 0x0000000780000000)
  object space 2097152K, 99% used [0x0000000700000000,0x000000077ff83fb8,0x0000000780000000)
 Metaspace       used 24324K, capacity 25590K, committed 25856K, reserved 1071104K
  class space    used 3300K, capacity 3544K, committed 3584K, reserved 1048576K
Event: 321,637 GC heap after
Heap after GC invocations=458 (full 323):
 PSYoungGen      total 953856K, used 897023K [0x0000000780000000, 0x00000007c0000000, 0x00000007c0000000)
  eden space 897024K, 99% used [0x0000000780000000,0x00000007b6bfffb8,0x00000007b6c00000)
  from space 56832K, 0% used [0x00000007b6c00000,0x00000007b6c00000,0x00000007ba380000)
  to   space 83456K, 0% used [0x00000007bae80000,0x00000007bae80000,0x00000007c0000000)
 ParOldGen       total 2097152K, used 2096655K [0x0000000700000000, 0x0000000780000000, 0x0000000780000000)
  object space 2097152K, 99% used [0x0000000700000000,0x000000077ff83fb8,0x0000000780000000)
 Metaspace       used 24324K, capacity 25590K, committed 25856K, reserved 1071104K
  class space    used 3300K, capacity 3544K, committed 3584K, reserved 1048576K
}
Event: 321,638 GC heap before
{Heap before GC invocations=459 (full 324):
 PSYoungGen      total 953856K, used 897023K [0x0000000780000000, 0x00000007c0000000, 0x00000007c0000000)
  eden space 897024K, 99% used [0x0000000780000000,0x00000007b6bfffe8,0x00000007b6c00000)
  from space 56832K, 0% used [0x00000007b6c00000,0x00000007b6c00000,0x00000007ba380000)
  to   space 83456K, 0% used [0x00000007bae80000,0x00000007bae80000,0x00000007c0000000)
 ParOldGen       total 2097152K, used 2096655K [0x0000000700000000, 0x0000000780000000, 0x0000000780000000)
  object space 2097152K, 99% used [0x0000000700000000,0x000000077ff83fb8,0x0000000780000000)
 Metaspace       used 24324K, capacity 25590K, committed 25856K, reserved 1071104K
  class space    used 3300K, capacity 3544K, committed 3584K, reserved 1048576K
Event: 322,359 GC heap after
Heap after GC invocations=459 (full 324):
 PSYoungGen      total 953856K, used 897023K [0x0000000780000000, 0x00000007c0000000, 0x00000007c0000000)
  eden space 897024K, 99% used [0x0000000780000000,0x00000007b6bfffe8,0x00000007b6c00000)
  from space 56832K, 0% used [0x00000007b6c00000,0x00000007b6c00000,0x00000007ba380000)
  to   space 83456K, 0% used [0x00000007bae80000,0x00000007bae80000,0x00000007c0000000)
 ParOldGen       total 2097152K, used 2096655K [0x0000000700000000, 0x0000000780000000, 0x0000000780000000)
  object space 2097152K, 99% used [0x0000000700000000,0x000000077ff83fb8,0x0000000780000000)
 Metaspace       used 24324K, capacity 25590K, committed 25856K, reserved 1071104K
  class space    used 3300K, capacity 3544K, committed 3584K, reserved 1048576K
}
Event: 322,360 GC heap before
{Heap before GC invocations=460 (full 325):
 PSYoungGen      total 953856K, used 897024K [0x0000000780000000, 0x00000007c0000000, 0x00000007c0000000)
  eden space 897024K, 100% used [0x0000000780000000,0x00000007b6c00000,0x00000007b6c00000)
  from space 56832K, 0% used [0x00000007b6c00000,0x00000007b6c00000,0x00000007ba380000)
  to   space 83456K, 0% used [0x00000007bae80000,0x00000007bae80000,0x00000007c0000000)
 ParOldGen       total 2097152K, used 2096658K [0x0000000700000000, 0x0000000780000000, 0x0000000780000000)
  object space 2097152K, 99% used [0x0000000700000000,0x000000077ff84a50,0x0000000780000000)
 Metaspace       used 24324K, capacity 25590K, committed 25856K, reserved 1071104K
  class space    used 3300K, capacity 3544K, committed 3584K, reserved 1048576K
Event: 323,076 GC heap after
Heap after GC invocations=460 (full 325):
 PSYoungGen      total 953856K, used 897023K [0x0000000780000000, 0x00000007c0000000, 0x00000007c0000000)
  eden space 897024K, 99% used [0x0000000780000000,0x00000007b6bfffa0,0x00000007b6c00000)
  from space 56832K, 0% used [0x00000007b6c00000,0x00000007b6c00000,0x00000007ba380000)
  to   space 83456K, 0% used [0x00000007bae80000,0x00000007bae80000,0x00000007c0000000)
 ParOldGen       total 2097152K, used 2096656K [0x0000000700000000, 0x0000000780000000, 0x0000000780000000)
  object space 2097152K, 99% used [0x0000000700000000,0x000000077ff84280,0x0000000780000000)
 Metaspace       used 24324K, capacity 25590K, committed 25856K, reserved 1071104K
  class space    used 3300K, capacity 3544K, committed 3584K, reserved 1048576K
}

