# JRE version: Java(TM) SE Runtime Environment (8.0_40-b26) (build 1.8.0_40-b26)
# Java VM: Java HotSpot(TM) 64-Bit Server VM (25.40-b25 mixed mode linux-amd64 compressed oops)
Heap:
 PSYoungGen      total 667648K, used 242694K [0x0000000780000000, 0x00000007bfe00000, 0x00000007c0000000)
  eden space 666624K, 36% used [0x0000000780000000,0x000000078ec0fe80,0x00000007a8b00000)
  from space 1024K, 94% used [0x00000007a8b00000,0x00000007a8bf1ba8,0x00000007a8c00000)
  to   space 189440K, 0% used [0x00000007b4500000,0x00000007b4500000,0x00000007bfe00000)
 ParOldGen       total 1879552K, used 1164158K [0x0000000700000000, 0x0000000772b80000, 0x0000000780000000)
  object space 1879552K, 61% used [0x0000000700000000,0x00000007470df880,0x0000000772b80000)
 Metaspace       used 36473K, capacity 38142K, committed 38400K, reserved 1083392K
  class space    used 4479K, capacity 4782K, committed 4864K, reserved 1048576K
GC Heap History (10 events):
Event: 146,852 GC heap before
{Heap before GC invocations=43 (full 4):
 PSYoungGen      total 846848K, used 684544K [0x0000000780000000, 0x00000007bef80000, 0x00000007c0000000)
  eden space 684544K, 100% used [0x0000000780000000,0x00000007a9c80000,0x00000007a9c80000)
  from space 162304K, 0% used [0x00000007b5100000,0x00000007b5100000,0x00000007bef80000)
  to   space 173568K, 0% used [0x00000007a9c80000,0x00000007a9c80000,0x00000007b4600000)
 ParOldGen       total 1879552K, used 984904K [0x0000000700000000, 0x0000000772b80000, 0x0000000780000000)
  object space 1879552K, 52% used [0x0000000700000000,0x000000073c1d2388,0x0000000772b80000)
 Metaspace       used 36095K, capacity 37734K, committed 37888K, reserved 1083392K
  class space    used 4464K, capacity 4778K, committed 4864K, reserved 1048576K
Event: 147,002 GC heap after
Heap after GC invocations=43 (full 4):
 PSYoungGen      total 858112K, used 48224K [0x0000000780000000, 0x00000007bff00000, 0x00000007c0000000)
  eden space 684544K, 0% used [0x0000000780000000,0x0000000780000000,0x00000007a9c80000)
  from space 173568K, 27% used [0x00000007a9c80000,0x00000007acb98000,0x00000007b4600000)
  to   space 167424K, 0% used [0x00000007b5b80000,0x00000007b5b80000,0x00000007bff00000)
 ParOldGen       total 1879552K, used 984904K [0x0000000700000000, 0x0000000772b80000, 0x0000000780000000)
  object space 1879552K, 52% used [0x0000000700000000,0x000000073c1d2388,0x0000000772b80000)
 Metaspace       used 36095K, capacity 37734K, committed 37888K, reserved 1083392K
  class space    used 4464K, capacity 4778K, committed 4864K, reserved 1048576K
}
Event: 147,744 GC heap before
{Heap before GC invocations=44 (full 4):
 PSYoungGen      total 858112K, used 732768K [0x0000000780000000, 0x00000007bff00000, 0x00000007c0000000)
  eden space 684544K, 100% used [0x0000000780000000,0x00000007a9c80000,0x00000007a9c80000)
  from space 173568K, 27% used [0x00000007a9c80000,0x00000007acb98000,0x00000007b4600000)
  to   space 167424K, 0% used [0x00000007b5b80000,0x00000007b5b80000,0x00000007bff00000)
 ParOldGen       total 1879552K, used 984904K [0x0000000700000000, 0x0000000772b80000, 0x0000000780000000)
  object space 1879552K, 52% used [0x0000000700000000,0x000000073c1d2388,0x0000000772b80000)
 Metaspace       used 36095K, capacity 37734K, committed 37888K, reserved 1083392K
  class space    used 4464K, capacity 4778K, committed 4864K, reserved 1048576K
Event: 148,068 GC heap after
Heap after GC invocations=44 (full 4):
 PSYoungGen      total 832000K, used 162208K [0x0000000780000000, 0x00000007c0000000, 0x00000007c0000000)
  eden space 664576K, 0% used [0x0000000780000000,0x0000000780000000,0x00000007a8900000)
  from space 167424K, 96% used [0x00000007b5b80000,0x00000007bf9e8000,0x00000007bff00000)
  to   space 192000K, 0% used [0x00000007a8900000,0x00000007a8900000,0x00000007b4480000)
 ParOldGen       total 1879552K, used 993080K [0x0000000700000000, 0x0000000772b80000, 0x0000000780000000)
  object space 1879552K, 52% used [0x0000000700000000,0x000000073c9ce388,0x0000000772b80000)
 Metaspace       used 36095K, capacity 37734K, committed 37888K, reserved 1083392K
  class space    used 4464K, capacity 4778K, committed 4864K, reserved 1048576K
}
Event: 210,155 GC heap before
{Heap before GC invocations=45 (full 4):
 PSYoungGen      total 832000K, used 826784K [0x0000000780000000, 0x00000007c0000000, 0x00000007c0000000)
  eden space 664576K, 100% used [0x0000000780000000,0x00000007a8900000,0x00000007a8900000)
  from space 167424K, 96% used [0x00000007b5b80000,0x00000007bf9e8000,0x00000007bff00000)
  to   space 192000K, 0% used [0x00000007a8900000,0x00000007a8900000,0x00000007b4480000)
 ParOldGen       total 1879552K, used 993080K [0x0000000700000000, 0x0000000772b80000, 0x0000000780000000)
  object space 1879552K, 52% used [0x0000000700000000,0x000000073c9ce388,0x0000000772b80000)
 Metaspace       used 36473K, capacity 38142K, committed 38400K, reserved 1083392K
  class space    used 4479K, capacity 4782K, committed 4864K, reserved 1048576K
Event: 210,685 GC heap after
Heap after GC invocations=45 (full 4):
 PSYoungGen      total 856576K, used 23287K [0x0000000780000000, 0x00000007c0000000, 0x00000007c0000000)
  eden space 664576K, 0% used [0x0000000780000000,0x0000000780000000,0x00000007a8900000)
  from space 192000K, 12% used [0x00000007a8900000,0x00000007a9fbde90,0x00000007b4480000)
  to   space 189952K, 0% used [0x00000007b4680000,0x00000007b4680000,0x00000007c0000000)
 ParOldGen       total 1879552K, used 1141176K [0x0000000700000000, 0x0000000772b80000, 0x0000000780000000)
  object space 1879552K, 60% used [0x0000000700000000,0x0000000745a6e388,0x0000000772b80000)
 Metaspace       used 36473K, capacity 38142K, committed 38400K, reserved 1083392K
  class space    used 4479K, capacity 4782K, committed 4864K, reserved 1048576K
}
Event: 241,592 GC heap before
{Heap before GC invocations=46 (full 4):
 PSYoungGen      total 856576K, used 687863K [0x0000000780000000, 0x00000007c0000000, 0x00000007c0000000)
  eden space 664576K, 100% used [0x0000000780000000,0x00000007a8900000,0x00000007a8900000)
  from space 192000K, 12% used [0x00000007a8900000,0x00000007a9fbde90,0x00000007b4480000)
  to   space 189952K, 0% used [0x00000007b4680000,0x00000007b4680000,0x00000007c0000000)
 ParOldGen       total 1879552K, used 1141176K [0x0000000700000000, 0x0000000772b80000, 0x0000000780000000)
  object space 1879552K, 60% used [0x0000000700000000,0x0000000745a6e388,0x0000000772b80000)
 Metaspace       used 36473K, capacity 38142K, committed 38400K, reserved 1083392K
  class space    used 4479K, capacity 4782K, committed 4864K, reserved 1048576K
Event: 241,713 GC heap after
Heap after GC invocations=46 (full 4):
 PSYoungGen      total 856576K, used 402K [0x0000000780000000, 0x00000007c0000000, 0x00000007c0000000)
  eden space 666624K, 0% used [0x0000000780000000,0x0000000780000000,0x00000007a8b00000)
  from space 189952K, 0% used [0x00000007b4680000,0x00000007b46e4998,0x00000007c0000000)
  to   space 190976K, 0% used [0x00000007a8b00000,0x00000007a8b00000,0x00000007b4580000)
 ParOldGen       total 1879552K, used 1164126K [0x0000000700000000, 0x0000000772b80000, 0x0000000780000000)
  object space 1879552K, 61% used [0x0000000700000000,0x00000007470d7880,0x0000000772b80000)
 Metaspace       used 36473K, capacity 38142K, committed 38400K, reserved 1083392K
  class space    used 4479K, capacity 4782K, committed 4864K, reserved 1048576K
}
Event: 253,760 GC heap before
{Heap before GC invocations=47 (full 4):
 PSYoungGen      total 856576K, used 667026K [0x0000000780000000, 0x00000007c0000000, 0x00000007c0000000)
  eden space 666624K, 100% used [0x0000000780000000,0x00000007a8b00000,0x00000007a8b00000)
  from space 189952K, 0% used [0x00000007b4680000,0x00000007b46e4998,0x00000007c0000000)
  to   space 190976K, 0% used [0x00000007a8b00000,0x00000007a8b00000,0x00000007b4580000)
 ParOldGen       total 1879552K, used 1164126K [0x0000000700000000, 0x0000000772b80000, 0x0000000780000000)
  object space 1879552K, 61% used [0x0000000700000000,0x00000007470d7880,0x0000000772b80000)
 Metaspace       used 36473K, capacity 38142K, committed 38400K, reserved 1083392K
  class space    used 4479K, capacity 4782K, committed 4864K, reserved 1048576K
Event: 253,785 GC heap after
Heap after GC invocations=47 (full 4):
 PSYoungGen      total 667648K, used 966K [0x0000000780000000, 0x00000007bfe00000, 0x00000007c0000000)
  eden space 666624K, 0% used [0x0000000780000000,0x0000000780000000,0x00000007a8b00000)
  from space 1024K, 94% used [0x00000007a8b00000,0x00000007a8bf1ba8,0x00000007a8c00000)
  to   space 189440K, 0% used [0x00000007b4500000,0x00000007b4500000,0x00000007bfe00000)
 ParOldGen       total 1879552K, used 1164158K [0x0000000700000000, 0x0000000772b80000, 0x0000000780000000)
  object space 1879552K, 61% used [0x0000000700000000,0x00000007470df880,0x0000000772b80000)
 Metaspace       used 36473K, capacity 38142K, committed 38400K, reserved 1083392K
  class space    used 4479K, capacity 4782K, committed 4864K, reserved 1048576K
}

