# JRE version: Java(TM) SE Runtime Environment (8.0_40-b26) (build 1.8.0_40-b26)
# Java VM: Java HotSpot(TM) 64-Bit Server VM (25.40-b25 mixed mode windows-amd64 compressed oops)
Heap:
 PSYoungGen      total 861184K, used 187392K [0x0000000780000000, 0x00000007c0000000, 0x00000007c0000000)
  eden space 673792K, 0% used [0x0000000780000000,0x0000000780000000,0x00000007a9200000)
  from space 187392K, 100% used [0x00000007a9200000,0x00000007b4900000,0x00000007b4900000)
  to   space 187392K, 0% used [0x00000007b4900000,0x00000007b4900000,0x00000007c0000000)
 ParOldGen       total 1085440K, used 1085396K [0x0000000700000000, 0x0000000742400000, 0x0000000780000000)
  object space 1085440K, 99% used [0x0000000700000000,0x00000007423f5008,0x0000000742400000)
 Metaspace       used 25472K, capacity 26948K, committed 27136K, reserved 1073152K
  class space    used 3500K, capacity 3819K, committed 3840K, reserved 1048576K
GC Heap History (10 events):
Event: 1014.692 GC heap after
Heap after GC invocations=1225 (full 14):
 PSYoungGen      total 900608K, used 79904K [0x0000000780000000, 0x00000007c0000000, 0x00000007c0000000)
  eden space 820224K, 0% used [0x0000000780000000,0x0000000780000000,0x00000007b2100000)
  from space 80384K, 99% used [0x00000007b2100000,0x00000007b6f08000,0x00000007b6f80000)
  to   space 123392K, 0% used [0x00000007b8780000,0x00000007b8780000,0x00000007c0000000)
 ParOldGen       total 1044480K, used 875785K [0x0000000700000000, 0x000000073fc00000, 0x0000000780000000)
  object space 1044480K, 83% used [0x0000000700000000,0x0000000735742730,0x000000073fc00000)
 Metaspace       used 25467K, capacity 26948K, committed 27136K, reserved 1073152K
  class space    used 3500K, capacity 3819K, committed 3840K, reserved 1048576K
}
Event: 1015.306 GC heap before
{Heap before GC invocations=1226 (full 14):
 PSYoungGen      total 900608K, used 900128K [0x0000000780000000, 0x00000007c0000000, 0x00000007c0000000)
  eden space 820224K, 100% used [0x0000000780000000,0x00000007b2100000,0x00000007b2100000)
  from space 80384K, 99% used [0x00000007b2100000,0x00000007b6f08000,0x00000007b6f80000)
  to   space 123392K, 0% used [0x00000007b8780000,0x00000007b8780000,0x00000007c0000000)
 ParOldGen       total 1044480K, used 875788K [0x0000000700000000, 0x000000073fc00000, 0x0000000780000000)
  object space 1044480K, 83% used [0x0000000700000000,0x0000000735743008,0x000000073fc00000)
 Metaspace       used 25467K, capacity 26948K, committed 27136K, reserved 1073152K
  class space    used 3500K, capacity 3819K, committed 3840K, reserved 1048576K
Event: 1015.398 GC heap after
Heap after GC invocations=1226 (full 14):
 PSYoungGen      total 911872K, used 79872K [0x0000000780000000, 0x00000007c0000000, 0x00000007c0000000)
  eden space 788480K, 0% used [0x0000000780000000,0x0000000780000000,0x00000007b0200000)
  from space 123392K, 64% used [0x00000007b8780000,0x00000007bd580000,0x00000007c0000000)
  to   space 130048K, 0% used [0x00000007b0200000,0x00000007b0200000,0x00000007b8100000)
 ParOldGen       total 1044480K, used 875788K [0x0000000700000000, 0x000000073fc00000, 0x0000000780000000)
  object space 1044480K, 83% used [0x0000000700000000,0x0000000735743008,0x000000073fc00000)
 Metaspace       used 25467K, capacity 26948K, committed 27136K, reserved 1073152K
  class space    used 3500K, capacity 3819K, committed 3840K, reserved 1048576K
}
Event: 1015.399 GC heap before
{Heap before GC invocations=1227 (full 14):
 PSYoungGen      total 911872K, used 87498K [0x0000000780000000, 0x00000007c0000000, 0x00000007c0000000)
  eden space 788480K, 0% used [0x0000000780000000,0x0000000780772930,0x00000007b0200000)
  from space 123392K, 64% used [0x00000007b8780000,0x00000007bd580000,0x00000007c0000000)
  to   space 130048K, 0% used [0x00000007b0200000,0x00000007b0200000,0x00000007b8100000)
 ParOldGen       total 1044480K, used 875788K [0x0000000700000000, 0x000000073fc00000, 0x0000000780000000)
  object space 1044480K, 83% used [0x0000000700000000,0x0000000735743008,0x000000073fc00000)
 Metaspace       used 25467K, capacity 26948K, committed 27136K, reserved 1073152K
  class space    used 3500K, capacity 3819K, committed 3840K, reserved 1048576K
Event: 1015.479 GC heap after
Heap after GC invocations=1227 (full 14):
 PSYoungGen      total 868352K, used 79872K [0x0000000780000000, 0x00000007c0000000, 0x00000007c0000000)
  eden space 788480K, 0% used [0x0000000780000000,0x0000000780000000,0x00000007b0200000)
  from space 79872K, 100% used [0x00000007b0200000,0x00000007b5000000,0x00000007b5000000)
  to   space 135168K, 0% used [0x00000007b7c00000,0x00000007b7c00000,0x00000007c0000000)
 ParOldGen       total 1044480K, used 875788K [0x0000000700000000, 0x000000073fc00000, 0x0000000780000000)
  object space 1044480K, 83% used [0x0000000700000000,0x0000000735743008,0x000000073fc00000)
 Metaspace       used 25467K, capacity 26948K, committed 27136K, reserved 1073152K
  class space    used 3500K, capacity 3819K, committed 3840K, reserved 1048576K
}
Event: 2062.119 GC heap before
{Heap before GC invocations=1228 (full 14):
 PSYoungGen      total 868352K, used 868352K [0x0000000780000000, 0x00000007c0000000, 0x00000007c0000000)
  eden space 788480K, 100% used [0x0000000780000000,0x00000007b0200000,0x00000007b0200000)
  from space 79872K, 100% used [0x00000007b0200000,0x00000007b5000000,0x00000007b5000000)
  to   space 135168K, 0% used [0x00000007b7c00000,0x00000007b7c00000,0x00000007c0000000)
 ParOldGen       total 1044480K, used 875788K [0x0000000700000000, 0x000000073fc00000, 0x0000000780000000)
  object space 1044480K, 83% used [0x0000000700000000,0x0000000735743008,0x000000073fc00000)
 Metaspace       used 25472K, capacity 26948K, committed 27136K, reserved 1073152K
  class space    used 3500K, capacity 3819K, committed 3840K, reserved 1048576K
Event: 2062.461 GC heap after
Heap after GC invocations=1228 (full 14):
 PSYoungGen      total 808960K, used 135168K [0x0000000780000000, 0x00000007c0000000, 0x00000007c0000000)
  eden space 673792K, 0% used [0x0000000780000000,0x0000000780000000,0x00000007a9200000)
  from space 135168K, 100% used [0x00000007b7c00000,0x00000007c0000000,0x00000007c0000000)
  to   space 187392K, 0% used [0x00000007a9200000,0x00000007a9200000,0x00000007b4900000)
 ParOldGen       total 1044480K, used 952612K [0x0000000700000000, 0x000000073fc00000, 0x0000000780000000)
  object space 1044480K, 91% used [0x0000000700000000,0x000000073a249008,0x000000073fc00000)
 Metaspace       used 25472K, capacity 26948K, committed 27136K, reserved 1073152K
  class space    used 3500K, capacity 3819K, committed 3840K, reserved 1048576K
}
Event: 2062.792 GC heap before
{Heap before GC invocations=1229 (full 14):
 PSYoungGen      total 808960K, used 808960K [0x0000000780000000, 0x00000007c0000000, 0x00000007c0000000)
  eden space 673792K, 100% used [0x0000000780000000,0x00000007a9200000,0x00000007a9200000)
  from space 135168K, 100% used [0x00000007b7c00000,0x00000007c0000000,0x00000007c0000000)
  to   space 187392K, 0% used [0x00000007a9200000,0x00000007a9200000,0x00000007b4900000)
 ParOldGen       total 1044480K, used 952612K [0x0000000700000000, 0x000000073fc00000, 0x0000000780000000)
  object space 1044480K, 91% used [0x0000000700000000,0x000000073a249008,0x000000073fc00000)
 Metaspace       used 25472K, capacity 26948K, committed 27136K, reserved 1073152K
  class space    used 3500K, capacity 3819K, committed 3840K, reserved 1048576K
Event: 2063.224 GC heap after
Heap after GC invocations=1229 (full 14):
 PSYoungGen      total 861184K, used 187392K [0x0000000780000000, 0x00000007c0000000, 0x00000007c0000000)
  eden space 673792K, 0% used [0x0000000780000000,0x0000000780000000,0x00000007a9200000)
  from space 187392K, 100% used [0x00000007a9200000,0x00000007b4900000,0x00000007b4900000)
  to   space 187392K, 0% used [0x00000007b4900000,0x00000007b4900000,0x00000007c0000000)
 ParOldGen       total 1085440K, used 1085396K [0x0000000700000000, 0x0000000742400000, 0x0000000780000000)
  object space 1085440K, 99% used [0x0000000700000000,0x00000007423f5008,0x0000000742400000)
 Metaspace       used 25472K, capacity 26948K, committed 27136K, reserved 1073152K
  class space    used 3500K, capacity 3819K, committed 3840K, reserved 1048576K
}
Event: 2063.224 GC heap before
{Heap before GC invocations=1230 (full 15):
 PSYoungGen      total 861184K, used 187392K [0x0000000780000000, 0x00000007c0000000, 0x00000007c0000000)
  eden space 673792K, 0% used [0x0000000780000000,0x0000000780000000,0x00000007a9200000)
  from space 187392K, 100% used [0x00000007a9200000,0x00000007b4900000,0x00000007b4900000)
  to   space 187392K, 0% used [0x00000007b4900000,0x00000007b4900000,0x00000007c0000000)
 ParOldGen       total 1085440K, used 1085396K [0x0000000700000000, 0x0000000742400000, 0x0000000780000000)
  object space 1085440K, 99% used [0x0000000700000000,0x00000007423f5008,0x0000000742400000)
 Metaspace       used 25472K, capacity 26948K, committed 27136K, reserved 1073152K
  class space    used 3500K, capacity 3819K, committed 3840K, reserved 1048576K

