# JRE version: Java(TM) SE Runtime Environment (8.0_40-b26) (build 1.8.0_40-b26)
# Java VM: Java HotSpot(TM) 64-Bit Server VM (25.40-b25 mixed mode linux-amd64 compressed oops)
Heap:
 PSYoungGen      total 1627648K, used 1180255K [0x00000005aab00000, 0x0000000641b00000, 0x00000007c0000000)
  eden space 1375232K, 67% used [0x00000005aab00000,0x00000005e3517e48,0x00000005fea00000)
  from space 252416K, 100% used [0x000000061ab00000,0x000000062a180000,0x000000062a180000)
  to   space 459776K, 0% used [0x00000005fea00000,0x00000005fea00000,0x000000061ab00000)
 ParOldGen       total 1214976K, used 821553K [0x0000000180000000, 0x00000001ca280000, 0x00000005aab00000)
  object space 1214976K, 67% used [0x0000000180000000,0x00000001b224c7c8,0x00000001ca280000)
 Metaspace       used 24164K, capacity 25620K, committed 25856K, reserved 1071104K
  class space    used 3417K, capacity 3725K, committed 3840K, reserved 1048576K
GC Heap History (10 events):
Event: 25,889 GC heap before
{Heap before GC invocations=6 (full 1):
 PSYoungGen      total 493056K, used 466302K [0x00000005aab00000, 0x00000005cca00000, 0x00000007c0000000)
  eden space 450560K, 100% used [0x00000005aab00000,0x00000005c6300000,0x00000005c6300000)
  from space 42496K, 37% used [0x00000005c8c80000,0x00000005c9bdf920,0x00000005cb600000)
  to   space 42496K, 0% used [0x00000005c6300000,0x00000005c6300000,0x00000005c8c80000)
 ParOldGen       total 473088K, used 16034K [0x0000000180000000, 0x000000019ce00000, 0x00000005aab00000)
  object space 473088K, 3% used [0x0000000180000000,0x0000000180fa8bf0,0x000000019ce00000)
 Metaspace       used 23663K, capacity 25108K, committed 25216K, reserved 1071104K
  class space    used 3367K, capacity 3661K, committed 3712K, reserved 1048576K
Event: 25,935 GC heap after
Heap after GC invocations=6 (full 1):
 PSYoungGen      total 493056K, used 25532K [0x00000005aab00000, 0x00000005e0e00000, 0x00000007c0000000)
  eden space 450560K, 0% used [0x00000005aab00000,0x00000005aab00000,0x00000005c6300000)
  from space 42496K, 60% used [0x00000005c6300000,0x00000005c7bef048,0x00000005c8c80000)
  to   space 26624K, 0% used [0x00000005df400000,0x00000005df400000,0x00000005e0e00000)
 ParOldGen       total 473088K, used 16042K [0x0000000180000000, 0x000000019ce00000, 0x00000005aab00000)
  object space 473088K, 3% used [0x0000000180000000,0x0000000180faabf0,0x000000019ce00000)
 Metaspace       used 23663K, capacity 25108K, committed 25216K, reserved 1071104K
  class space    used 3367K, capacity 3661K, committed 3712K, reserved 1048576K
}
Event: 26,272 GC heap before
{Heap before GC invocations=7 (full 1):
 PSYoungGen      total 493056K, used 476092K [0x00000005aab00000, 0x00000005e0e00000, 0x00000007c0000000)
  eden space 450560K, 100% used [0x00000005aab00000,0x00000005c6300000,0x00000005c6300000)
  from space 42496K, 60% used [0x00000005c6300000,0x00000005c7bef048,0x00000005c8c80000)
  to   space 26624K, 0% used [0x00000005df400000,0x00000005df400000,0x00000005e0e00000)
 ParOldGen       total 473088K, used 16042K [0x0000000180000000, 0x000000019ce00000, 0x00000005aab00000)
  object space 473088K, 3% used [0x0000000180000000,0x0000000180faabf0,0x000000019ce00000)
 Metaspace       used 23680K, capacity 25108K, committed 25216K, reserved 1071104K
  class space    used 3367K, capacity 3661K, committed 3712K, reserved 1048576K
Event: 26,324 GC heap after
Heap after GC invocations=7 (full 1):
 PSYoungGen      total 852992K, used 26604K [0x00000005aab00000, 0x00000005e2a80000, 0x00000007c0000000)
  eden space 826368K, 0% used [0x00000005aab00000,0x00000005aab00000,0x00000005dd200000)
  from space 26624K, 99% used [0x00000005df400000,0x00000005e0dfb038,0x00000005e0e00000)
  to   space 34816K, 0% used [0x00000005dd200000,0x00000005dd200000,0x00000005df400000)
 ParOldGen       total 473088K, used 22226K [0x0000000180000000, 0x000000019ce00000, 0x00000005aab00000)
  object space 473088K, 4% used [0x0000000180000000,0x00000001815b4bf0,0x000000019ce00000)
 Metaspace       used 23680K, capacity 25108K, committed 25216K, reserved 1071104K
  class space    used 3367K, capacity 3661K, committed 3712K, reserved 1048576K
}
Event: 27,097 GC heap before
{Heap before GC invocations=8 (full 1):
 PSYoungGen      total 852992K, used 852972K [0x00000005aab00000, 0x00000005e2a80000, 0x00000007c0000000)
  eden space 826368K, 100% used [0x00000005aab00000,0x00000005dd200000,0x00000005dd200000)
  from space 26624K, 99% used [0x00000005df400000,0x00000005e0dfb038,0x00000005e0e00000)
  to   space 34816K, 0% used [0x00000005dd200000,0x00000005dd200000,0x00000005df400000)
 ParOldGen       total 473088K, used 22226K [0x0000000180000000, 0x000000019ce00000, 0x00000005aab00000)
  object space 473088K, 4% used [0x0000000180000000,0x00000001815b4bf0,0x000000019ce00000)
 Metaspace       used 23836K, capacity 25300K, committed 25472K, reserved 1071104K
  class space    used 3377K, capacity 3661K, committed 3712K, reserved 1048576K
Event: 27,323 GC heap after
Heap after GC invocations=8 (full 1):
 PSYoungGen      total 861184K, used 34812K [0x00000005aab00000, 0x000000062a180000, 0x00000007c0000000)
  eden space 826368K, 0% used [0x00000005aab00000,0x00000005aab00000,0x00000005dd200000)
  from space 34816K, 99% used [0x00000005dd200000,0x00000005df3ff380,0x00000005df400000)
  to   space 252416K, 0% used [0x000000061ab00000,0x000000061ab00000,0x000000062a180000)
 ParOldGen       total 473088K, used 444121K [0x0000000180000000, 0x000000019ce00000, 0x00000005aab00000)
  object space 473088K, 93% used [0x0000000180000000,0x000000019b1b67e8,0x000000019ce00000)
 Metaspace       used 23836K, capacity 25300K, committed 25472K, reserved 1071104K
  class space    used 3377K, capacity 3661K, committed 3712K, reserved 1048576K
}
Event: 27,323 GC heap before
{Heap before GC invocations=9 (full 2):
 PSYoungGen      total 861184K, used 34812K [0x00000005aab00000, 0x000000062a180000, 0x00000007c0000000)
  eden space 826368K, 0% used [0x00000005aab00000,0x00000005aab00000,0x00000005dd200000)
  from space 34816K, 99% used [0x00000005dd200000,0x00000005df3ff380,0x00000005df400000)
  to   space 252416K, 0% used [0x000000061ab00000,0x000000061ab00000,0x000000062a180000)
 ParOldGen       total 473088K, used 444121K [0x0000000180000000, 0x000000019ce00000, 0x00000005aab00000)
  object space 473088K, 93% used [0x0000000180000000,0x000000019b1b67e8,0x000000019ce00000)
 Metaspace       used 23836K, capacity 25300K, committed 25472K, reserved 1071104K
  class space    used 3377K, capacity 3661K, committed 3712K, reserved 1048576K
Event: 28,021 GC heap after
Heap after GC invocations=9 (full 2):
 PSYoungGen      total 861184K, used 0K [0x00000005aab00000, 0x000000062a180000, 0x00000007c0000000)
  eden space 826368K, 0% used [0x00000005aab00000,0x00000005aab00000,0x00000005dd200000)
  from space 34816K, 0% used [0x00000005dd200000,0x00000005dd200000,0x00000005df400000)
  to   space 252416K, 0% used [0x000000061ab00000,0x000000061ab00000,0x000000062a180000)
 ParOldGen       total 1214976K, used 472553K [0x0000000180000000, 0x00000001ca280000, 0x00000005aab00000)
  object space 1214976K, 38% used [0x0000000180000000,0x000000019cd7a7c8,0x00000001ca280000)
 Metaspace       used 23836K, capacity 25300K, committed 25472K, reserved 1071104K
  class space    used 3377K, capacity 3661K, committed 3712K, reserved 1048576K
}
Event: 28,080 GC heap before
{Heap before GC invocations=10 (full 2):
 PSYoungGen      total 861184K, used 826368K [0x00000005aab00000, 0x000000062a180000, 0x00000007c0000000)
  eden space 826368K, 100% used [0x00000005aab00000,0x00000005dd200000,0x00000005dd200000)
  from space 34816K, 0% used [0x00000005dd200000,0x00000005dd200000,0x00000005df400000)
  to   space 252416K, 0% used [0x000000061ab00000,0x000000061ab00000,0x000000062a180000)
 ParOldGen       total 1214976K, used 472553K [0x0000000180000000, 0x00000001ca280000, 0x00000005aab00000)
  object space 1214976K, 38% used [0x0000000180000000,0x000000019cd7a7c8,0x00000001ca280000)
 Metaspace       used 23836K, capacity 25300K, committed 25472K, reserved 1071104K
  class space    used 3377K, capacity 3661K, committed 3712K, reserved 1048576K
Event: 28,379 GC heap after
Heap after GC invocations=10 (full 2):
 PSYoungGen      total 1627648K, used 252416K [0x00000005aab00000, 0x0000000641b00000, 0x00000007c0000000)
  eden space 1375232K, 0% used [0x00000005aab00000,0x00000005aab00000,0x00000005fea00000)
  from space 252416K, 100% used [0x000000061ab00000,0x000000062a180000,0x000000062a180000)
  to   space 459776K, 0% used [0x00000005fea00000,0x00000005fea00000,0x000000061ab00000)
 ParOldGen       total 1214976K, used 821553K [0x0000000180000000, 0x00000001ca280000, 0x00000005aab00000)
  object space 1214976K, 67% used [0x0000000180000000,0x00000001b224c7c8,0x00000001ca280000)
 Metaspace       used 23836K, capacity 25300K, committed 25472K, reserved 1071104K
  class space    used 3377K, capacity 3661K, committed 3712K, reserved 1048576K
}

