# JRE version: Java(TM) SE Runtime Environment (8.0_40-b26) (build 1.8.0_40-b26)
# Java VM: Java HotSpot(TM) 64-Bit Server VM (25.40-b25 mixed mode linux-amd64 compressed oops)
Heap:
 PSYoungGen      total 575488K, used 33220K [0x0000000670b00000, 0x0000000698700000, 0x00000007c0000000)
  eden space 512000K, 6% used [0x0000000670b00000,0x0000000672b711f0,0x000000068ff00000)
  from space 63488K, 0% used [0x0000000694100000,0x0000000694100000,0x0000000697f00000)
  to   space 67584K, 0% used [0x000000068ff00000,0x000000068ff00000,0x0000000694100000)
 ParOldGen       total 388608K, used 56274K [0x00000003d2000000, 0x00000003e9b80000, 0x0000000670b00000)
  object space 388608K, 14% used [0x00000003d2000000,0x00000003d56f4b28,0x00000003e9b80000)
 Metaspace       used 21451K, capacity 21900K, committed 22192K, reserved 1069056K
  class space    used 2570K, capacity 2712K, committed 2816K, reserved 1048576K
GC Heap History (10 events):
Event: 9,358 GC heap before
{Heap before GC invocations=3 (full 0):
 PSYoungGen      total 300544K, used 264824K [0x0000000670b00000, 0x0000000685a00000, 0x00000007c0000000)
  eden space 258048K, 100% used [0x0000000670b00000,0x0000000680700000,0x0000000680700000)
  from space 42496K, 15% used [0x0000000683080000,0x000000068371e090,0x0000000685a00000)
  to   space 42496K, 0% used [0x0000000680700000,0x0000000680700000,0x0000000683080000)
 ParOldGen       total 687104K, used 24K [0x00000003d2000000, 0x00000003fbf00000, 0x0000000670b00000)
  object space 687104K, 0% used [0x00000003d2000000,0x00000003d2006000,0x00000003fbf00000)
 Metaspace       used 20195K, capacity 20640K, committed 20864K, reserved 1067008K
  class space    used 2440K, capacity 2576K, committed 2688K, reserved 1048576K
Event: 9,382 GC heap after
Heap after GC invocations=3 (full 0):
 PSYoungGen      total 300544K, used 22170K [0x0000000670b00000, 0x0000000685a00000, 0x00000007c0000000)
  eden space 258048K, 0% used [0x0000000670b00000,0x0000000670b00000,0x0000000680700000)
  from space 42496K, 52% used [0x0000000680700000,0x0000000681ca6820,0x0000000683080000)
  to   space 42496K, 0% used [0x0000000683080000,0x0000000683080000,0x0000000685a00000)
 ParOldGen       total 687104K, used 40K [0x00000003d2000000, 0x00000003fbf00000, 0x0000000670b00000)
  object space 687104K, 0% used [0x00000003d2000000,0x00000003d200a000,0x00000003fbf00000)
 Metaspace       used 20195K, capacity 20640K, committed 20864K, reserved 1067008K
  class space    used 2440K, capacity 2576K, committed 2688K, reserved 1048576K
}
Event: 9,654 GC heap before
{Heap before GC invocations=4 (full 0):
 PSYoungGen      total 300544K, used 280218K [0x0000000670b00000, 0x0000000685a00000, 0x00000007c0000000)
  eden space 258048K, 100% used [0x0000000670b00000,0x0000000680700000,0x0000000680700000)
  from space 42496K, 52% used [0x0000000680700000,0x0000000681ca6820,0x0000000683080000)
  to   space 42496K, 0% used [0x0000000683080000,0x0000000683080000,0x0000000685a00000)
 ParOldGen       total 687104K, used 40K [0x00000003d2000000, 0x00000003fbf00000, 0x0000000670b00000)
  object space 687104K, 0% used [0x00000003d2000000,0x00000003d200a000,0x00000003fbf00000)
 Metaspace       used 20201K, capacity 20640K, committed 20864K, reserved 1067008K
  class space    used 2440K, capacity 2576K, committed 2688K, reserved 1048576K
Event: 9,682 GC heap after
Heap after GC invocations=4 (full 0):
 PSYoungGen      total 300544K, used 38721K [0x0000000670b00000, 0x0000000695600000, 0x00000007c0000000)
  eden space 258048K, 0% used [0x0000000670b00000,0x0000000670b00000,0x0000000680700000)
  from space 42496K, 91% used [0x0000000683080000,0x0000000685650568,0x0000000685a00000)
  to   space 42496K, 0% used [0x0000000680700000,0x0000000680700000,0x0000000683080000)
 ParOldGen       total 687104K, used 48K [0x00000003d2000000, 0x00000003fbf00000, 0x0000000670b00000)
  object space 687104K, 0% used [0x00000003d2000000,0x00000003d200c000,0x00000003fbf00000)
 Metaspace       used 20201K, capacity 20640K, committed 20864K, reserved 1067008K
  class space    used 2440K, capacity 2576K, committed 2688K, reserved 1048576K
}
Event: 9,954 GC heap before
{Heap before GC invocations=5 (full 0):
 PSYoungGen      total 300544K, used 296769K [0x0000000670b00000, 0x0000000695600000, 0x00000007c0000000)
  eden space 258048K, 100% used [0x0000000670b00000,0x0000000680700000,0x0000000680700000)
  from space 42496K, 91% used [0x0000000683080000,0x0000000685650568,0x0000000685a00000)
  to   space 42496K, 0% used [0x0000000680700000,0x0000000680700000,0x0000000683080000)
 ParOldGen       total 687104K, used 48K [0x00000003d2000000, 0x00000003fbf00000, 0x0000000670b00000)
  object space 687104K, 0% used [0x00000003d2000000,0x00000003d200c000,0x00000003fbf00000)
 Metaspace       used 20223K, capacity 20640K, committed 20864K, reserved 1067008K
  class space    used 2440K, capacity 2576K, committed 2688K, reserved 1048576K
Event: 9,989 GC heap after
Heap after GC invocations=5 (full 0):
 PSYoungGen      total 300544K, used 42476K [0x0000000670b00000, 0x0000000697f00000, 0x00000007c0000000)
  eden space 258048K, 0% used [0x0000000670b00000,0x0000000670b00000,0x0000000680700000)
  from space 42496K, 99% used [0x0000000680700000,0x000000068307b008,0x0000000683080000)
  to   space 63488K, 0% used [0x0000000694100000,0x0000000694100000,0x0000000697f00000)
 ParOldGen       total 687104K, used 12872K [0x00000003d2000000, 0x00000003fbf00000, 0x0000000670b00000)
  object space 687104K, 1% used [0x00000003d2000000,0x00000003d2c92000,0x00000003fbf00000)
 Metaspace       used 20223K, capacity 20640K, committed 20864K, reserved 1067008K
  class space    used 2440K, capacity 2576K, committed 2688K, reserved 1048576K
}
Event: 10,188 GC heap before
{Heap before GC invocations=6 (full 0):
 PSYoungGen      total 300544K, used 61346K [0x0000000670b00000, 0x0000000697f00000, 0x00000007c0000000)
  eden space 258048K, 7% used [0x0000000670b00000,0x0000000671d6dad0,0x0000000680700000)
  from space 42496K, 99% used [0x0000000680700000,0x000000068307b008,0x0000000683080000)
  to   space 63488K, 0% used [0x0000000694100000,0x0000000694100000,0x0000000697f00000)
 ParOldGen       total 687104K, used 12872K [0x00000003d2000000, 0x00000003fbf00000, 0x0000000670b00000)
  object space 687104K, 1% used [0x00000003d2000000,0x00000003d2c92000,0x00000003fbf00000)
 Metaspace       used 20693K, capacity 21056K, committed 21296K, reserved 1069056K
  class space    used 2476K, capacity 2608K, committed 2688K, reserved 1048576K
Event: 10,210 GC heap after
Heap after GC invocations=6 (full 0):
 PSYoungGen      total 575488K, used 43819K [0x0000000670b00000, 0x0000000698700000, 0x00000007c0000000)
  eden space 512000K, 0% used [0x0000000670b00000,0x0000000670b00000,0x000000068ff00000)
  from space 63488K, 69% used [0x0000000694100000,0x0000000696bcaf58,0x0000000697f00000)
  to   space 67584K, 0% used [0x000000068ff00000,0x000000068ff00000,0x0000000694100000)
 ParOldGen       total 687104K, used 12880K [0x00000003d2000000, 0x00000003fbf00000, 0x0000000670b00000)
  object space 687104K, 1% used [0x00000003d2000000,0x00000003d2c94000,0x00000003fbf00000)
 Metaspace       used 20693K, capacity 21056K, committed 21296K, reserved 1069056K
  class space    used 2476K, capacity 2608K, committed 2688K, reserved 1048576K
}
Event: 10,210 GC heap before
{Heap before GC invocations=7 (full 1):
 PSYoungGen      total 575488K, used 43819K [0x0000000670b00000, 0x0000000698700000, 0x00000007c0000000)
  eden space 512000K, 0% used [0x0000000670b00000,0x0000000670b00000,0x000000068ff00000)
  from space 63488K, 69% used [0x0000000694100000,0x0000000696bcaf58,0x0000000697f00000)
  to   space 67584K, 0% used [0x000000068ff00000,0x000000068ff00000,0x0000000694100000)
 ParOldGen       total 687104K, used 12880K [0x00000003d2000000, 0x00000003fbf00000, 0x0000000670b00000)
  object space 687104K, 1% used [0x00000003d2000000,0x00000003d2c94000,0x00000003fbf00000)
 Metaspace       used 20693K, capacity 21056K, committed 21296K, reserved 1069056K
  class space    used 2476K, capacity 2608K, committed 2688K, reserved 1048576K
Event: 10,425 GC heap after
Heap after GC invocations=7 (full 1):
 PSYoungGen      total 575488K, used 0K [0x0000000670b00000, 0x0000000698700000, 0x00000007c0000000)
  eden space 512000K, 0% used [0x0000000670b00000,0x0000000670b00000,0x000000068ff00000)
  from space 63488K, 0% used [0x0000000694100000,0x0000000694100000,0x0000000697f00000)
  to   space 67584K, 0% used [0x000000068ff00000,0x000000068ff00000,0x0000000694100000)
 ParOldGen       total 388608K, used 56274K [0x00000003d2000000, 0x00000003e9b80000, 0x0000000670b00000)
  object space 388608K, 14% used [0x00000003d2000000,0x00000003d56f4b28,0x00000003e9b80000)
 Metaspace       used 20693K, capacity 21056K, committed 21296K, reserved 1069056K
  class space    used 2476K, capacity 2608K, committed 2688K, reserved 1048576K
}

