# JRE version: Java(TM) SE Runtime Environment (8.0_40-b26) (build 1.8.0_40-b26)
# Java VM: Java HotSpot(TM) 64-Bit Server VM (25.40-b25 mixed mode linux-amd64 compressed oops)
Heap:
 PSYoungGen      total 1851904K, used 1606656K [0x0000000740000000, 0x00000007bfc00000, 0x00000007c0000000)
  eden space 1606656K, 100% used [0x0000000740000000,0x00000007a2100000,0x00000007a2100000)
  from space 245248K, 0% used [0x00000007a2100000,0x00000007a2100000,0x00000007b1080000)
  to   space 239104K, 0% used [0x00000007b1280000,0x00000007b1280000,0x00000007bfc00000)
 ParOldGen       total 4194304K, used 4194098K [0x0000000640000000, 0x0000000740000000, 0x0000000740000000)
  object space 4194304K, 99% used [0x0000000640000000,0x000000073ffccb28,0x0000000740000000)
 Metaspace       used 24929K, capacity 26222K, committed 26496K, reserved 1073152K
  class space    used 3402K, capacity 3660K, committed 3712K, reserved 1048576K
GC Heap History (10 events):
Event: 375,251 GC heap before
{Heap before GC invocations=297 (full 180):
 PSYoungGen      total 1851904K, used 1606656K [0x0000000740000000, 0x00000007bfc00000, 0x00000007c0000000)
  eden space 1606656K, 100% used [0x0000000740000000,0x00000007a2100000,0x00000007a2100000)
  from space 245248K, 0% used [0x00000007a2100000,0x00000007a2100000,0x00000007b1080000)
  to   space 239104K, 0% used [0x00000007b1280000,0x00000007b1280000,0x00000007bfc00000)
 ParOldGen       total 4194304K, used 4194101K [0x0000000640000000, 0x0000000740000000, 0x0000000740000000)
  object space 4194304K, 99% used [0x0000000640000000,0x000000073ffcd610,0x0000000740000000)
 Metaspace       used 24928K, capacity 26222K, committed 26496K, reserved 1073152K
  class space    used 3402K, capacity 3660K, committed 3712K, reserved 1048576K
Event: 378,891 GC heap after
Heap after GC invocations=297 (full 180):
 PSYoungGen      total 1851904K, used 1605912K [0x0000000740000000, 0x00000007bfc00000, 0x00000007c0000000)
  eden space 1606656K, 99% used [0x0000000740000000,0x00000007a20463c0,0x00000007a2100000)
  from space 245248K, 0% used [0x00000007a2100000,0x00000007a2100000,0x00000007b1080000)
  to   space 239104K, 0% used [0x00000007b1280000,0x00000007b1280000,0x00000007bfc00000)
 ParOldGen       total 4194304K, used 4194098K [0x0000000640000000, 0x0000000740000000, 0x0000000740000000)
  object space 4194304K, 99% used [0x0000000640000000,0x000000073ffccb28,0x0000000740000000)
 Metaspace       used 24928K, capacity 26222K, committed 26496K, reserved 1073152K
  class space    used 3402K, capacity 3660K, committed 3712K, reserved 1048576K
}
Event: 378,892 GC heap before
{Heap before GC invocations=298 (full 181):
 PSYoungGen      total 1851904K, used 1606656K [0x0000000740000000, 0x00000007bfc00000, 0x00000007c0000000)
  eden space 1606656K, 100% used [0x0000000740000000,0x00000007a2100000,0x00000007a2100000)
  from space 245248K, 0% used [0x00000007a2100000,0x00000007a2100000,0x00000007b1080000)
  to   space 239104K, 0% used [0x00000007b1280000,0x00000007b1280000,0x00000007bfc00000)
 ParOldGen       total 4194304K, used 4194098K [0x0000000640000000, 0x0000000740000000, 0x0000000740000000)
  object space 4194304K, 99% used [0x0000000640000000,0x000000073ffccb28,0x0000000740000000)
 Metaspace       used 24928K, capacity 26222K, committed 26496K, reserved 1073152K
  class space    used 3402K, capacity 3660K, committed 3712K, reserved 1048576K
Event: 380,243 GC heap after
Heap after GC invocations=298 (full 181):
 PSYoungGen      total 1851904K, used 1605964K [0x0000000740000000, 0x00000007bfc00000, 0x00000007c0000000)
  eden space 1606656K, 99% used [0x0000000740000000,0x00000007a2053060,0x00000007a2100000)
  from space 245248K, 0% used [0x00000007a2100000,0x00000007a2100000,0x00000007b1080000)
  to   space 239104K, 0% used [0x00000007b1280000,0x00000007b1280000,0x00000007bfc00000)
 ParOldGen       total 4194304K, used 4194098K [0x0000000640000000, 0x0000000740000000, 0x0000000740000000)
  object space 4194304K, 99% used [0x0000000640000000,0x000000073ffccb28,0x0000000740000000)
 Metaspace       used 24928K, capacity 26222K, committed 26496K, reserved 1073152K
  class space    used 3402K, capacity 3660K, committed 3712K, reserved 1048576K
}
Event: 380,243 GC heap before
{Heap before GC invocations=299 (full 182):
 PSYoungGen      total 1851904K, used 1606656K [0x0000000740000000, 0x00000007bfc00000, 0x00000007c0000000)
  eden space 1606656K, 100% used [0x0000000740000000,0x00000007a2100000,0x00000007a2100000)
  from space 245248K, 0% used [0x00000007a2100000,0x00000007a2100000,0x00000007b1080000)
  to   space 239104K, 0% used [0x00000007b1280000,0x00000007b1280000,0x00000007bfc00000)
 ParOldGen       total 4194304K, used 4194098K [0x0000000640000000, 0x0000000740000000, 0x0000000740000000)
  object space 4194304K, 99% used [0x0000000640000000,0x000000073ffccb28,0x0000000740000000)
 Metaspace       used 24928K, capacity 26222K, committed 26496K, reserved 1073152K
  class space    used 3402K, capacity 3660K, committed 3712K, reserved 1048576K
Event: 381,738 GC heap after
Heap after GC invocations=299 (full 182):
 PSYoungGen      total 1851904K, used 1605966K [0x0000000740000000, 0x00000007bfc00000, 0x00000007c0000000)
  eden space 1606656K, 99% used [0x0000000740000000,0x00000007a20538a8,0x00000007a2100000)
  from space 245248K, 0% used [0x00000007a2100000,0x00000007a2100000,0x00000007b1080000)
  to   space 239104K, 0% used [0x00000007b1280000,0x00000007b1280000,0x00000007bfc00000)
 ParOldGen       total 4194304K, used 4194098K [0x0000000640000000, 0x0000000740000000, 0x0000000740000000)
  object space 4194304K, 99% used [0x0000000640000000,0x000000073ffccb28,0x0000000740000000)
 Metaspace       used 24928K, capacity 26222K, committed 26496K, reserved 1073152K
  class space    used 3402K, capacity 3660K, committed 3712K, reserved 1048576K
}
Event: 381,738 GC heap before
{Heap before GC invocations=300 (full 183):
 PSYoungGen      total 1851904K, used 1606656K [0x0000000740000000, 0x00000007bfc00000, 0x00000007c0000000)
  eden space 1606656K, 100% used [0x0000000740000000,0x00000007a2100000,0x00000007a2100000)
  from space 245248K, 0% used [0x00000007a2100000,0x00000007a2100000,0x00000007b1080000)
  to   space 239104K, 0% used [0x00000007b1280000,0x00000007b1280000,0x00000007bfc00000)
 ParOldGen       total 4194304K, used 4194098K [0x0000000640000000, 0x0000000740000000, 0x0000000740000000)
  object space 4194304K, 99% used [0x0000000640000000,0x000000073ffccb28,0x0000000740000000)
 Metaspace       used 24929K, capacity 26222K, committed 26496K, reserved 1073152K
  class space    used 3402K, capacity 3660K, committed 3712K, reserved 1048576K
Event: 383,375 GC heap after
Heap after GC invocations=300 (full 183):
 PSYoungGen      total 1851904K, used 1605969K [0x0000000740000000, 0x00000007bfc00000, 0x00000007c0000000)
  eden space 1606656K, 99% used [0x0000000740000000,0x00000007a2054570,0x00000007a2100000)
  from space 245248K, 0% used [0x00000007a2100000,0x00000007a2100000,0x00000007b1080000)
  to   space 239104K, 0% used [0x00000007b1280000,0x00000007b1280000,0x00000007bfc00000)
 ParOldGen       total 4194304K, used 4194098K [0x0000000640000000, 0x0000000740000000, 0x0000000740000000)
  object space 4194304K, 99% used [0x0000000640000000,0x000000073ffccb28,0x0000000740000000)
 Metaspace       used 24929K, capacity 26222K, committed 26496K, reserved 1073152K
  class space    used 3402K, capacity 3660K, committed 3712K, reserved 1048576K
}
Event: 383,376 GC heap before
{Heap before GC invocations=301 (full 184):
 PSYoungGen      total 1851904K, used 1606656K [0x0000000740000000, 0x00000007bfc00000, 0x00000007c0000000)
  eden space 1606656K, 100% used [0x0000000740000000,0x00000007a2100000,0x00000007a2100000)
  from space 245248K, 0% used [0x00000007a2100000,0x00000007a2100000,0x00000007b1080000)
  to   space 239104K, 0% used [0x00000007b1280000,0x00000007b1280000,0x00000007bfc00000)
 ParOldGen       total 4194304K, used 4194098K [0x0000000640000000, 0x0000000740000000, 0x0000000740000000)
  object space 4194304K, 99% used [0x0000000640000000,0x000000073ffccb28,0x0000000740000000)
 Metaspace       used 24929K, capacity 26222K, committed 26496K, reserved 1073152K
  class space    used 3402K, capacity 3660K, committed 3712K, reserved 1048576K
Event: 384,836 GC heap after
Heap after GC invocations=301 (full 184):
 PSYoungGen      total 1851904K, used 1605970K [0x0000000740000000, 0x00000007bfc00000, 0x00000007c0000000)
  eden space 1606656K, 99% used [0x0000000740000000,0x00000007a2054a48,0x00000007a2100000)
  from space 245248K, 0% used [0x00000007a2100000,0x00000007a2100000,0x00000007b1080000)
  to   space 239104K, 0% used [0x00000007b1280000,0x00000007b1280000,0x00000007bfc00000)
 ParOldGen       total 4194304K, used 4194098K [0x0000000640000000, 0x0000000740000000, 0x0000000740000000)
  object space 4194304K, 99% used [0x0000000640000000,0x000000073ffccb28,0x0000000740000000)
 Metaspace       used 24929K, capacity 26222K, committed 26496K, reserved 1073152K
  class space    used 3402K, capacity 3660K, committed 3712K, reserved 1048576K
}

