# JRE version: Java(TM) SE Runtime Environment (8.0_40-b26) (build 1.8.0_40-b26)
# Java VM: Java HotSpot(TM) 64-Bit Server VM (25.40-b25 mixed mode linux-amd64 compressed oops)
Heap:
 PSYoungGen      total 558592K, used 30151K [0x0000000670b00000, 0x00000006b7900000, 0x00000007c0000000)
  eden space 516096K, 5% used [0x0000000670b00000,0x0000000672871c68,0x0000000690300000)
  from space 42496K, 0% used [0x0000000690300000,0x0000000690300000,0x0000000692c80000)
  to   space 64512K, 0% used [0x00000006b3a00000,0x00000006b3a00000,0x00000006b7900000)
 ParOldGen       total 418304K, used 56282K [0x00000003d2000000, 0x00000003eb880000, 0x0000000670b00000)
  object space 418304K, 13% used [0x00000003d2000000,0x00000003d56f6bc8,0x00000003eb880000)
 Metaspace       used 21392K, capacity 21836K, committed 22192K, reserved 1069056K
  class space    used 2570K, capacity 2712K, committed 2816K, reserved 1048576K
GC Heap History (10 events):
Event: 8,075 GC heap before
{Heap before GC invocations=2 (full 0):
 PSYoungGen      total 300544K, used 262628K [0x0000000670b00000, 0x0000000685a00000, 0x00000007c0000000)
  eden space 258048K, 100% used [0x0000000670b00000,0x0000000680700000,0x0000000680700000)
  from space 42496K, 10% used [0x0000000680700000,0x0000000680b79060,0x0000000683080000)
  to   space 42496K, 0% used [0x0000000683080000,0x0000000683080000,0x0000000685a00000)
 ParOldGen       total 687104K, used 24K [0x00000003d2000000, 0x00000003fbf00000, 0x0000000670b00000)
  object space 687104K, 0% used [0x00000003d2000000,0x00000003d2006000,0x00000003fbf00000)
 Metaspace       used 19238K, capacity 19680K, committed 19968K, reserved 1067008K
  class space    used 2363K, capacity 2512K, committed 2560K, reserved 1048576K
Event: 8,090 GC heap after
Heap after GC invocations=2 (full 0):
 PSYoungGen      total 300544K, used 6964K [0x0000000670b00000, 0x0000000685a00000, 0x00000007c0000000)
  eden space 258048K, 0% used [0x0000000670b00000,0x0000000670b00000,0x0000000680700000)
  from space 42496K, 16% used [0x0000000683080000,0x000000068374d090,0x0000000685a00000)
  to   space 42496K, 0% used [0x0000000680700000,0x0000000680700000,0x0000000683080000)
 ParOldGen       total 687104K, used 40K [0x00000003d2000000, 0x00000003fbf00000, 0x0000000670b00000)
  object space 687104K, 0% used [0x00000003d2000000,0x00000003d200a000,0x00000003fbf00000)
 Metaspace       used 19238K, capacity 19680K, committed 19968K, reserved 1067008K
  class space    used 2363K, capacity 2512K, committed 2560K, reserved 1048576K
}
Event: 8,709 GC heap before
{Heap before GC invocations=3 (full 0):
 PSYoungGen      total 300544K, used 265012K [0x0000000670b00000, 0x0000000685a00000, 0x00000007c0000000)
  eden space 258048K, 100% used [0x0000000670b00000,0x0000000680700000,0x0000000680700000)
  from space 42496K, 16% used [0x0000000683080000,0x000000068374d090,0x0000000685a00000)
  to   space 42496K, 0% used [0x0000000680700000,0x0000000680700000,0x0000000683080000)
 ParOldGen       total 687104K, used 40K [0x00000003d2000000, 0x00000003fbf00000, 0x0000000670b00000)
  object space 687104K, 0% used [0x00000003d2000000,0x00000003d200a000,0x00000003fbf00000)
 Metaspace       used 20125K, capacity 20576K, committed 20864K, reserved 1067008K
  class space    used 2440K, capacity 2576K, committed 2688K, reserved 1048576K
Event: 8,725 GC heap after
Heap after GC invocations=3 (full 0):
 PSYoungGen      total 300544K, used 22914K [0x0000000670b00000, 0x0000000695600000, 0x00000007c0000000)
  eden space 258048K, 0% used [0x0000000670b00000,0x0000000670b00000,0x0000000680700000)
  from space 42496K, 53% used [0x0000000680700000,0x0000000681d60bd8,0x0000000683080000)
  to   space 42496K, 0% used [0x0000000692c80000,0x0000000692c80000,0x0000000695600000)
 ParOldGen       total 687104K, used 48K [0x00000003d2000000, 0x00000003fbf00000, 0x0000000670b00000)
  object space 687104K, 0% used [0x00000003d2000000,0x00000003d200c000,0x00000003fbf00000)
 Metaspace       used 20125K, capacity 20576K, committed 20864K, reserved 1067008K
  class space    used 2440K, capacity 2576K, committed 2688K, reserved 1048576K
}
Event: 8,986 GC heap before
{Heap before GC invocations=4 (full 0):
 PSYoungGen      total 300544K, used 280962K [0x0000000670b00000, 0x0000000695600000, 0x00000007c0000000)
  eden space 258048K, 100% used [0x0000000670b00000,0x0000000680700000,0x0000000680700000)
  from space 42496K, 53% used [0x0000000680700000,0x0000000681d60bd8,0x0000000683080000)
  to   space 42496K, 0% used [0x0000000692c80000,0x0000000692c80000,0x0000000695600000)
 ParOldGen       total 687104K, used 48K [0x00000003d2000000, 0x00000003fbf00000, 0x0000000670b00000)
  object space 687104K, 0% used [0x00000003d2000000,0x00000003d200c000,0x00000003fbf00000)
 Metaspace       used 20151K, capacity 20576K, committed 20864K, reserved 1067008K
  class space    used 2440K, capacity 2576K, committed 2688K, reserved 1048576K
Event: 9,012 GC heap after
Heap after GC invocations=4 (full 0):
 PSYoungGen      total 558592K, used 39409K [0x0000000670b00000, 0x0000000695600000, 0x00000007c0000000)
  eden space 516096K, 0% used [0x0000000670b00000,0x0000000670b00000,0x0000000690300000)
  from space 42496K, 92% used [0x0000000692c80000,0x00000006952fc558,0x0000000695600000)
  to   space 42496K, 0% used [0x0000000690300000,0x0000000690300000,0x0000000692c80000)
 ParOldGen       total 687104K, used 56K [0x00000003d2000000, 0x00000003fbf00000, 0x0000000670b00000)
  object space 687104K, 0% used [0x00000003d2000000,0x00000003d200e000,0x00000003fbf00000)
 Metaspace       used 20151K, capacity 20576K, committed 20864K, reserved 1067008K
  class space    used 2440K, capacity 2576K, committed 2688K, reserved 1048576K
}
Event: 9,581 GC heap before
{Heap before GC invocations=5 (full 0):
 PSYoungGen      total 558592K, used 316531K [0x0000000670b00000, 0x0000000695600000, 0x00000007c0000000)
  eden space 516096K, 53% used [0x0000000670b00000,0x00000006819a0950,0x0000000690300000)
  from space 42496K, 92% used [0x0000000692c80000,0x00000006952fc558,0x0000000695600000)
  to   space 42496K, 0% used [0x0000000690300000,0x0000000690300000,0x0000000692c80000)
 ParOldGen       total 687104K, used 56K [0x00000003d2000000, 0x00000003fbf00000, 0x0000000670b00000)
  object space 687104K, 0% used [0x00000003d2000000,0x00000003d200e000,0x00000003fbf00000)
 Metaspace       used 20705K, capacity 21056K, committed 21296K, reserved 1069056K
  class space    used 2482K, capacity 2608K, committed 2688K, reserved 1048576K
Event: 9,621 GC heap after
Heap after GC invocations=5 (full 0):
 PSYoungGen      total 558592K, used 42478K [0x0000000670b00000, 0x00000006b7900000, 0x00000007c0000000)
  eden space 516096K, 0% used [0x0000000670b00000,0x0000000670b00000,0x0000000690300000)
  from space 42496K, 99% used [0x0000000690300000,0x0000000692c7b818,0x0000000692c80000)
  to   space 64512K, 0% used [0x00000006b3a00000,0x00000006b3a00000,0x00000006b7900000)
 ParOldGen       total 687104K, used 14008K [0x00000003d2000000, 0x00000003fbf00000, 0x0000000670b00000)
  object space 687104K, 2% used [0x00000003d2000000,0x00000003d2dae310,0x00000003fbf00000)
 Metaspace       used 20705K, capacity 21056K, committed 21296K, reserved 1069056K
  class space    used 2482K, capacity 2608K, committed 2688K, reserved 1048576K
}
Event: 9,621 GC heap before
{Heap before GC invocations=6 (full 1):
 PSYoungGen      total 558592K, used 42478K [0x0000000670b00000, 0x00000006b7900000, 0x00000007c0000000)
  eden space 516096K, 0% used [0x0000000670b00000,0x0000000670b00000,0x0000000690300000)
  from space 42496K, 99% used [0x0000000690300000,0x0000000692c7b818,0x0000000692c80000)
  to   space 64512K, 0% used [0x00000006b3a00000,0x00000006b3a00000,0x00000006b7900000)
 ParOldGen       total 687104K, used 14008K [0x00000003d2000000, 0x00000003fbf00000, 0x0000000670b00000)
  object space 687104K, 2% used [0x00000003d2000000,0x00000003d2dae310,0x00000003fbf00000)
 Metaspace       used 20705K, capacity 21056K, committed 21296K, reserved 1069056K
  class space    used 2482K, capacity 2608K, committed 2688K, reserved 1048576K
Event: 9,835 GC heap after
Heap after GC invocations=6 (full 1):
 PSYoungGen      total 558592K, used 0K [0x0000000670b00000, 0x00000006b7900000, 0x00000007c0000000)
  eden space 516096K, 0% used [0x0000000670b00000,0x0000000670b00000,0x0000000690300000)
  from space 42496K, 0% used [0x0000000690300000,0x0000000690300000,0x0000000692c80000)
  to   space 64512K, 0% used [0x00000006b3a00000,0x00000006b3a00000,0x00000006b7900000)
 ParOldGen       total 418304K, used 56282K [0x00000003d2000000, 0x00000003eb880000, 0x0000000670b00000)
  object space 418304K, 13% used [0x00000003d2000000,0x00000003d56f6bc8,0x00000003eb880000)
 Metaspace       used 20705K, capacity 21056K, committed 21296K, reserved 1069056K
  class space    used 2482K, capacity 2608K, committed 2688K, reserved 1048576K
}

