# JRE version: Java(TM) SE Runtime Environment (8.0_40-b26) (build 1.8.0_40-b26)
# Java VM: Java HotSpot(TM) 64-Bit Server VM (25.40-b25 mixed mode linux-amd64 compressed oops)
Heap:
 PSYoungGen      total 575488K, used 32764K [0x0000000670b00000, 0x0000000698700000, 0x00000007c0000000)
  eden space 512000K, 6% used [0x0000000670b00000,0x0000000672aff328,0x000000068ff00000)
  from space 63488K, 0% used [0x0000000694100000,0x0000000694100000,0x0000000697f00000)
  to   space 67584K, 0% used [0x000000068ff00000,0x000000068ff00000,0x0000000694100000)
 ParOldGen       total 360448K, used 56270K [0x00000003d2000000, 0x00000003e8000000, 0x0000000670b00000)
  object space 360448K, 15% used [0x00000003d2000000,0x00000003d56f3a68,0x00000003e8000000)
 Metaspace       used 21454K, capacity 21900K, committed 22192K, reserved 1069056K
  class space    used 2570K, capacity 2712K, committed 2816K, reserved 1048576K
GC Heap History (10 events):
Event: 23,106 GC heap before
{Heap before GC invocations=3 (full 0):
 PSYoungGen      total 300544K, used 264860K [0x0000000670b00000, 0x0000000685a00000, 0x00000007c0000000)
  eden space 258048K, 100% used [0x0000000670b00000,0x0000000680700000,0x0000000680700000)
  from space 42496K, 16% used [0x0000000683080000,0x0000000683727080,0x0000000685a00000)
  to   space 42496K, 0% used [0x0000000680700000,0x0000000680700000,0x0000000683080000)
 ParOldGen       total 687104K, used 32K [0x00000003d2000000, 0x00000003fbf00000, 0x0000000670b00000)
  object space 687104K, 0% used [0x00000003d2000000,0x00000003d2008000,0x00000003fbf00000)
 Metaspace       used 20179K, capacity 20640K, committed 20864K, reserved 1067008K
  class space    used 2439K, capacity 2576K, committed 2688K, reserved 1048576K
Event: 23,124 GC heap after
Heap after GC invocations=3 (full 0):
 PSYoungGen      total 300544K, used 22328K [0x0000000670b00000, 0x0000000685a00000, 0x00000007c0000000)
  eden space 258048K, 0% used [0x0000000670b00000,0x0000000670b00000,0x0000000680700000)
  from space 42496K, 52% used [0x0000000680700000,0x0000000681cce330,0x0000000683080000)
  to   space 42496K, 0% used [0x0000000683080000,0x0000000683080000,0x0000000685a00000)
 ParOldGen       total 687104K, used 40K [0x00000003d2000000, 0x00000003fbf00000, 0x0000000670b00000)
  object space 687104K, 0% used [0x00000003d2000000,0x00000003d200a000,0x00000003fbf00000)
 Metaspace       used 20179K, capacity 20640K, committed 20864K, reserved 1067008K
  class space    used 2439K, capacity 2576K, committed 2688K, reserved 1048576K
}
Event: 23,395 GC heap before
{Heap before GC invocations=4 (full 0):
 PSYoungGen      total 300544K, used 280376K [0x0000000670b00000, 0x0000000685a00000, 0x00000007c0000000)
  eden space 258048K, 100% used [0x0000000670b00000,0x0000000680700000,0x0000000680700000)
  from space 42496K, 52% used [0x0000000680700000,0x0000000681cce330,0x0000000683080000)
  to   space 42496K, 0% used [0x0000000683080000,0x0000000683080000,0x0000000685a00000)
 ParOldGen       total 687104K, used 40K [0x00000003d2000000, 0x00000003fbf00000, 0x0000000670b00000)
  object space 687104K, 0% used [0x00000003d2000000,0x00000003d200a000,0x00000003fbf00000)
 Metaspace       used 20197K, capacity 20640K, committed 20864K, reserved 1067008K
  class space    used 2439K, capacity 2576K, committed 2688K, reserved 1048576K
Event: 23,425 GC heap after
Heap after GC invocations=4 (full 0):
 PSYoungGen      total 300544K, used 38755K [0x0000000670b00000, 0x0000000695600000, 0x00000007c0000000)
  eden space 258048K, 0% used [0x0000000670b00000,0x0000000670b00000,0x0000000680700000)
  from space 42496K, 91% used [0x0000000683080000,0x0000000685658d98,0x0000000685a00000)
  to   space 42496K, 0% used [0x0000000680700000,0x0000000680700000,0x0000000683080000)
 ParOldGen       total 687104K, used 48K [0x00000003d2000000, 0x00000003fbf00000, 0x0000000670b00000)
  object space 687104K, 0% used [0x00000003d2000000,0x00000003d200c000,0x00000003fbf00000)
 Metaspace       used 20197K, capacity 20640K, committed 20864K, reserved 1067008K
  class space    used 2439K, capacity 2576K, committed 2688K, reserved 1048576K
}
Event: 23,704 GC heap before
{Heap before GC invocations=5 (full 0):
 PSYoungGen      total 300544K, used 296803K [0x0000000670b00000, 0x0000000695600000, 0x00000007c0000000)
  eden space 258048K, 100% used [0x0000000670b00000,0x0000000680700000,0x0000000680700000)
  from space 42496K, 91% used [0x0000000683080000,0x0000000685658d98,0x0000000685a00000)
  to   space 42496K, 0% used [0x0000000680700000,0x0000000680700000,0x0000000683080000)
 ParOldGen       total 687104K, used 48K [0x00000003d2000000, 0x00000003fbf00000, 0x0000000670b00000)
  object space 687104K, 0% used [0x00000003d2000000,0x00000003d200c000,0x00000003fbf00000)
 Metaspace       used 20217K, capacity 20640K, committed 20864K, reserved 1067008K
  class space    used 2439K, capacity 2576K, committed 2688K, reserved 1048576K
Event: 23,739 GC heap after
Heap after GC invocations=5 (full 0):
 PSYoungGen      total 300544K, used 42492K [0x0000000670b00000, 0x0000000697f00000, 0x00000007c0000000)
  eden space 258048K, 0% used [0x0000000670b00000,0x0000000670b00000,0x0000000680700000)
  from space 42496K, 99% used [0x0000000680700000,0x000000068307f018,0x0000000683080000)
  to   space 63488K, 0% used [0x0000000694100000,0x0000000694100000,0x0000000697f00000)
 ParOldGen       total 687104K, used 12928K [0x00000003d2000000, 0x00000003fbf00000, 0x0000000670b00000)
  object space 687104K, 1% used [0x00000003d2000000,0x00000003d2ca0000,0x00000003fbf00000)
 Metaspace       used 20217K, capacity 20640K, committed 20864K, reserved 1067008K
  class space    used 2439K, capacity 2576K, committed 2688K, reserved 1048576K
}
Event: 23,935 GC heap before
{Heap before GC invocations=6 (full 0):
 PSYoungGen      total 300544K, used 57003K [0x0000000670b00000, 0x0000000697f00000, 0x00000007c0000000)
  eden space 258048K, 5% used [0x0000000670b00000,0x000000067192bd28,0x0000000680700000)
  from space 42496K, 99% used [0x0000000680700000,0x000000068307f018,0x0000000683080000)
  to   space 63488K, 0% used [0x0000000694100000,0x0000000694100000,0x0000000697f00000)
 ParOldGen       total 687104K, used 12928K [0x00000003d2000000, 0x00000003fbf00000, 0x0000000670b00000)
  object space 687104K, 1% used [0x00000003d2000000,0x00000003d2ca0000,0x00000003fbf00000)
 Metaspace       used 20687K, capacity 21056K, committed 21296K, reserved 1069056K
  class space    used 2476K, capacity 2608K, committed 2688K, reserved 1048576K
Event: 23,964 GC heap after
Heap after GC invocations=6 (full 0):
 PSYoungGen      total 575488K, used 43695K [0x0000000670b00000, 0x0000000698700000, 0x00000007c0000000)
  eden space 512000K, 0% used [0x0000000670b00000,0x0000000670b00000,0x000000068ff00000)
  from space 63488K, 68% used [0x0000000694100000,0x0000000696babe30,0x0000000697f00000)
  to   space 67584K, 0% used [0x000000068ff00000,0x000000068ff00000,0x0000000694100000)
 ParOldGen       total 687104K, used 12936K [0x00000003d2000000, 0x00000003fbf00000, 0x0000000670b00000)
  object space 687104K, 1% used [0x00000003d2000000,0x00000003d2ca2000,0x00000003fbf00000)
 Metaspace       used 20687K, capacity 21056K, committed 21296K, reserved 1069056K
  class space    used 2476K, capacity 2608K, committed 2688K, reserved 1048576K
}
Event: 23,964 GC heap before
{Heap before GC invocations=7 (full 1):
 PSYoungGen      total 575488K, used 43695K [0x0000000670b00000, 0x0000000698700000, 0x00000007c0000000)
  eden space 512000K, 0% used [0x0000000670b00000,0x0000000670b00000,0x000000068ff00000)
  from space 63488K, 68% used [0x0000000694100000,0x0000000696babe30,0x0000000697f00000)
  to   space 67584K, 0% used [0x000000068ff00000,0x000000068ff00000,0x0000000694100000)
 ParOldGen       total 687104K, used 12936K [0x00000003d2000000, 0x00000003fbf00000, 0x0000000670b00000)
  object space 687104K, 1% used [0x00000003d2000000,0x00000003d2ca2000,0x00000003fbf00000)
 Metaspace       used 20687K, capacity 21056K, committed 21296K, reserved 1069056K
  class space    used 2476K, capacity 2608K, committed 2688K, reserved 1048576K
Event: 24,242 GC heap after
Heap after GC invocations=7 (full 1):
 PSYoungGen      total 575488K, used 0K [0x0000000670b00000, 0x0000000698700000, 0x00000007c0000000)
  eden space 512000K, 0% used [0x0000000670b00000,0x0000000670b00000,0x000000068ff00000)
  from space 63488K, 0% used [0x0000000694100000,0x0000000694100000,0x0000000697f00000)
  to   space 67584K, 0% used [0x000000068ff00000,0x000000068ff00000,0x0000000694100000)
 ParOldGen       total 360448K, used 56270K [0x00000003d2000000, 0x00000003e8000000, 0x0000000670b00000)
  object space 360448K, 15% used [0x00000003d2000000,0x00000003d56f3a68,0x00000003e8000000)
 Metaspace       used 20687K, capacity 21056K, committed 21296K, reserved 1069056K
  class space    used 2476K, capacity 2608K, committed 2688K, reserved 1048576K
}

