# JRE version: Java(TM) SE Runtime Environment (8.0_40-b26) (build 1.8.0_40-b26)
# Java VM: Java HotSpot(TM) 64-Bit Server VM (25.40-b25 mixed mode linux-amd64 compressed oops)
Heap:
 PSYoungGen      total 963584K, used 478798K [0x0000000780000000, 0x00000007bf580000, 0x00000007c0000000)
  eden space 888320K, 51% used [0x0000000780000000,0x000000079c0c3a80,0x00000007b6380000)
  from space 75264K, 25% used [0x00000007b6380000,0x00000007b7650000,0x00000007bad00000)
  to   space 70144K, 0% used [0x00000007bb100000,0x00000007bb100000,0x00000007bf580000)
 ParOldGen       total 465920K, used 263445K [0x0000000700000000, 0x000000071c700000, 0x0000000780000000)
  object space 465920K, 56% used [0x0000000700000000,0x0000000710145688,0x000000071c700000)
 Metaspace       used 24683K, capacity 26124K, committed 26368K, reserved 1071104K
  class space    used 3464K, capacity 3743K, committed 3840K, reserved 1048576K
GC Heap History (10 events):
Event: 20,256 GC heap before
{Heap before GC invocations=18 (full 1):
 PSYoungGen      total 930304K, used 857918K [0x0000000780000000, 0x00000007beb80000, 0x00000007c0000000)
  eden space 838144K, 100% used [0x0000000780000000,0x00000007b3280000,0x00000007b3280000)
  from space 92160K, 21% used [0x00000007b9180000,0x00000007ba4cf8f8,0x00000007beb80000)
  to   space 94720K, 0% used [0x00000007b3280000,0x00000007b3280000,0x00000007b8f00000)
 ParOldGen       total 465920K, used 162050K [0x0000000700000000, 0x000000071c700000, 0x0000000780000000)
  object space 465920K, 34% used [0x0000000700000000,0x0000000709e40a60,0x000000071c700000)
 Metaspace       used 24205K, capacity 25676K, committed 25728K, reserved 1071104K
  class space    used 3410K, capacity 3679K, committed 3712K, reserved 1048576K
Event: 20,299 GC heap after
Heap after GC invocations=18 (full 1):
 PSYoungGen      total 932864K, used 21309K [0x0000000780000000, 0x00000007bf480000, 0x00000007c0000000)
  eden space 838144K, 0% used [0x0000000780000000,0x0000000780000000,0x00000007b3280000)
  from space 94720K, 22% used [0x00000007b3280000,0x00000007b474f568,0x00000007b8f00000)
  to   space 87552K, 0% used [0x00000007b9f00000,0x00000007b9f00000,0x00000007bf480000)
 ParOldGen       total 465920K, used 179650K [0x0000000700000000, 0x000000071c700000, 0x0000000780000000)
  object space 465920K, 38% used [0x0000000700000000,0x000000070af70a80,0x000000071c700000)
 Metaspace       used 24205K, capacity 25676K, committed 25728K, reserved 1071104K
  class space    used 3410K, capacity 3679K, committed 3712K, reserved 1048576K
}
Event: 20,938 GC heap before
{Heap before GC invocations=19 (full 1):
 PSYoungGen      total 932864K, used 859453K [0x0000000780000000, 0x00000007bf480000, 0x00000007c0000000)
  eden space 838144K, 100% used [0x0000000780000000,0x00000007b3280000,0x00000007b3280000)
  from space 94720K, 22% used [0x00000007b3280000,0x00000007b474f568,0x00000007b8f00000)
  to   space 87552K, 0% used [0x00000007b9f00000,0x00000007b9f00000,0x00000007bf480000)
 ParOldGen       total 465920K, used 179650K [0x0000000700000000, 0x000000071c700000, 0x0000000780000000)
  object space 465920K, 38% used [0x0000000700000000,0x000000070af70a80,0x000000071c700000)
 Metaspace       used 24205K, capacity 25676K, committed 25728K, reserved 1071104K
  class space    used 3410K, capacity 3679K, committed 3712K, reserved 1048576K
Event: 20,983 GC heap after
Heap after GC invocations=19 (full 1):
 PSYoungGen      total 947200K, used 22828K [0x0000000780000000, 0x00000007bee00000, 0x00000007c0000000)
  eden space 866304K, 0% used [0x0000000780000000,0x0000000780000000,0x00000007b4e00000)
  from space 80896K, 28% used [0x00000007b9f00000,0x00000007bb54b010,0x00000007bee00000)
  to   space 81920K, 0% used [0x00000007b4e00000,0x00000007b4e00000,0x00000007b9e00000)
 ParOldGen       total 465920K, used 197714K [0x0000000700000000, 0x000000071c700000, 0x0000000780000000)
  object space 465920K, 42% used [0x0000000700000000,0x000000070c114a80,0x000000071c700000)
 Metaspace       used 24205K, capacity 25676K, committed 25728K, reserved 1071104K
  class space    used 3410K, capacity 3679K, committed 3712K, reserved 1048576K
}
Event: 21,680 GC heap before
{Heap before GC invocations=20 (full 1):
 PSYoungGen      total 947200K, used 889132K [0x0000000780000000, 0x00000007bee00000, 0x00000007c0000000)
  eden space 866304K, 100% used [0x0000000780000000,0x00000007b4e00000,0x00000007b4e00000)
  from space 80896K, 28% used [0x00000007b9f00000,0x00000007bb54b010,0x00000007bee00000)
  to   space 81920K, 0% used [0x00000007b4e00000,0x00000007b4e00000,0x00000007b9e00000)
 ParOldGen       total 465920K, used 197714K [0x0000000700000000, 0x000000071c700000, 0x0000000780000000)
  object space 465920K, 42% used [0x0000000700000000,0x000000070c114a80,0x000000071c700000)
 Metaspace       used 24205K, capacity 25676K, committed 25728K, reserved 1071104K
  class space    used 3410K, capacity 3679K, committed 3712K, reserved 1048576K
Event: 21,734 GC heap after
Heap after GC invocations=20 (full 1):
 PSYoungGen      total 948224K, used 25554K [0x0000000780000000, 0x00000007bf900000, 0x00000007c0000000)
  eden space 866304K, 0% used [0x0000000780000000,0x0000000780000000,0x00000007b4e00000)
  from space 81920K, 31% used [0x00000007b4e00000,0x00000007b66f4808,0x00000007b9e00000)
  to   space 77824K, 0% used [0x00000007bad00000,0x00000007bad00000,0x00000007bf900000)
 ParOldGen       total 465920K, used 215786K [0x0000000700000000, 0x000000071c700000, 0x0000000780000000)
  object space 465920K, 46% used [0x0000000700000000,0x000000070d2baa80,0x000000071c700000)
 Metaspace       used 24205K, capacity 25676K, committed 25728K, reserved 1071104K
  class space    used 3410K, capacity 3679K, committed 3712K, reserved 1048576K
}
Event: 22,396 GC heap before
{Heap before GC invocations=21 (full 1):
 PSYoungGen      total 948224K, used 891858K [0x0000000780000000, 0x00000007bf900000, 0x00000007c0000000)
  eden space 866304K, 100% used [0x0000000780000000,0x00000007b4e00000,0x00000007b4e00000)
  from space 81920K, 31% used [0x00000007b4e00000,0x00000007b66f4808,0x00000007b9e00000)
  to   space 77824K, 0% used [0x00000007bad00000,0x00000007bad00000,0x00000007bf900000)
 ParOldGen       total 465920K, used 215786K [0x0000000700000000, 0x000000071c700000, 0x0000000780000000)
  object space 465920K, 46% used [0x0000000700000000,0x000000070d2baa80,0x000000071c700000)
 Metaspace       used 24205K, capacity 25676K, committed 25728K, reserved 1071104K
  class space    used 3410K, capacity 3679K, committed 3712K, reserved 1048576K
Event: 22,456 GC heap after
Heap after GC invocations=21 (full 1):
 PSYoungGen      total 964096K, used 29275K [0x0000000780000000, 0x00000007bf700000, 0x00000007c0000000)
  eden space 888320K, 0% used [0x0000000780000000,0x0000000780000000,0x00000007b6380000)
  from space 75776K, 38% used [0x00000007bad00000,0x00000007bc996c08,0x00000007bf700000)
  to   space 75264K, 0% used [0x00000007b6380000,0x00000007b6380000,0x00000007bad00000)
 ParOldGen       total 465920K, used 234210K [0x0000000700000000, 0x000000071c700000, 0x0000000780000000)
  object space 465920K, 50% used [0x0000000700000000,0x000000070e4b8a80,0x000000071c700000)
 Metaspace       used 24205K, capacity 25676K, committed 25728K, reserved 1071104K
  class space    used 3410K, capacity 3679K, committed 3712K, reserved 1048576K
}
Event: 23,135 GC heap before
{Heap before GC invocations=22 (full 1):
 PSYoungGen      total 964096K, used 917595K [0x0000000780000000, 0x00000007bf700000, 0x00000007c0000000)
  eden space 888320K, 100% used [0x0000000780000000,0x00000007b6380000,0x00000007b6380000)
  from space 75776K, 38% used [0x00000007bad00000,0x00000007bc996c08,0x00000007bf700000)
  to   space 75264K, 0% used [0x00000007b6380000,0x00000007b6380000,0x00000007bad00000)
 ParOldGen       total 465920K, used 234210K [0x0000000700000000, 0x000000071c700000, 0x0000000780000000)
  object space 465920K, 50% used [0x0000000700000000,0x000000070e4b8a80,0x000000071c700000)
 Metaspace       used 24205K, capacity 25676K, committed 25728K, reserved 1071104K
  class space    used 3410K, capacity 3679K, committed 3712K, reserved 1048576K
Event: 23,216 GC heap after
Heap after GC invocations=22 (full 1):
 PSYoungGen      total 963584K, used 19264K [0x0000000780000000, 0x00000007bf580000, 0x00000007c0000000)
  eden space 888320K, 0% used [0x0000000780000000,0x0000000780000000,0x00000007b6380000)
  from space 75264K, 25% used [0x00000007b6380000,0x00000007b7650000,0x00000007bad00000)
  to   space 70144K, 0% used [0x00000007bb100000,0x00000007bb100000,0x00000007bf580000)
 ParOldGen       total 465920K, used 263445K [0x0000000700000000, 0x000000071c700000, 0x0000000780000000)
  object space 465920K, 56% used [0x0000000700000000,0x0000000710145688,0x000000071c700000)
 Metaspace       used 24205K, capacity 25676K, committed 25728K, reserved 1071104K
  class space    used 3410K, capacity 3679K, committed 3712K, reserved 1048576K
}

