# JRE version: Java(TM) SE Runtime Environment (7.0_67-b01) (build 1.7.0_67-b01)
# Java VM: Java HotSpot(TM) 64-Bit Server VM (24.65-b04 mixed mode windows-amd64 compressed oops)
Heap
 PSYoungGen      total 114688K, used 107439K [0x0000000780000000, 0x0000000788000000, 0x0000000800000000)
  eden space 98304K, 92% used [0x0000000780000000,0x00000007858eff70,0x0000000786000000)
  from space 16384K, 99% used [0x0000000787000000,0x0000000787ffc050,0x0000000788000000)
  to   space 16384K, 0% used [0x0000000786000000,0x0000000786000000,0x0000000787000000)
 ParOldGen       total 261632K, used 14218K [0x0000000680000000, 0x000000068ff80000, 0x0000000780000000)
  object space 261632K, 5% used [0x0000000680000000,0x0000000680de28f8,0x000000068ff80000)
 PSPermGen       total 21504K, used 18453K [0x000000067ae00000, 0x000000067c300000, 0x0000000680000000)
  object space 21504K, 85% used [0x000000067ae00000,0x000000067c005610,0x000000067c300000)
GC Heap History (8 events):
Event: 2.440 GC heap before
{Heap before GC invocations=1 (full 0):
 PSYoungGen      total 114688K, used 98304K [0x0000000780000000, 0x0000000788000000, 0x0000000800000000)
  eden space 98304K, 100% used [0x0000000780000000,0x0000000786000000,0x0000000786000000)
  from space 16384K, 0% used [0x0000000787000000,0x0000000787000000,0x0000000788000000)
  to   space 16384K, 0% used [0x0000000786000000,0x0000000786000000,0x0000000787000000)
 ParOldGen       total 261632K, used 0K [0x0000000680000000, 0x000000068ff80000, 0x0000000780000000)
  object space 261632K, 0% used [0x0000000680000000,0x0000000680000000,0x000000068ff80000)
 PSPermGen       total 21504K, used 12323K [0x000000067ae00000, 0x000000067c300000, 0x0000000680000000)
  object space 21504K, 57% used [0x000000067ae00000,0x000000067ba08d10,0x000000067c300000)
Event: 2.448 GC heap after
Heap after GC invocations=1 (full 0):
 PSYoungGen      total 114688K, used 3505K [0x0000000780000000, 0x0000000788000000, 0x0000000800000000)
  eden space 98304K, 0% used [0x0000000780000000,0x0000000780000000,0x0000000786000000)
  from space 16384K, 21% used [0x0000000786000000,0x000000078636c7d8,0x0000000787000000)
  to   space 16384K, 0% used [0x0000000787000000,0x0000000787000000,0x0000000788000000)
 ParOldGen       total 261632K, used 8K [0x0000000680000000, 0x000000068ff80000, 0x0000000780000000)
  object space 261632K, 0% used [0x0000000680000000,0x0000000680002000,0x000000068ff80000)
 PSPermGen       total 21504K, used 12323K [0x000000067ae00000, 0x000000067c300000, 0x0000000680000000)
  object space 21504K, 57% used [0x000000067ae00000,0x000000067ba08d10,0x000000067c300000)
}
Event: 3.205 GC heap before
{Heap before GC invocations=2 (full 0):
 PSYoungGen      total 114688K, used 101809K [0x0000000780000000, 0x0000000788000000, 0x0000000800000000)
  eden space 98304K, 100% used [0x0000000780000000,0x0000000786000000,0x0000000786000000)
  from space 16384K, 21% used [0x0000000786000000,0x000000078636c7d8,0x0000000787000000)
  to   space 16384K, 0% used [0x0000000787000000,0x0000000787000000,0x0000000788000000)
 ParOldGen       total 261632K, used 8K [0x0000000680000000, 0x000000068ff80000, 0x0000000780000000)
  object space 261632K, 0% used [0x0000000680000000,0x0000000680002000,0x000000068ff80000)
 PSPermGen       total 21504K, used 13402K [0x000000067ae00000, 0x000000067c300000, 0x0000000680000000)
  object space 21504K, 62% used [0x000000067ae00000,0x000000067bb16b40,0x000000067c300000)
Event: 3.213 GC heap after
Heap after GC invocations=2 (full 0):
 PSYoungGen      total 114688K, used 4576K [0x0000000780000000, 0x0000000788000000, 0x0000000800000000)
  eden space 98304K, 0% used [0x0000000780000000,0x0000000780000000,0x0000000786000000)
  from space 16384K, 27% used [0x0000000787000000,0x0000000787478000,0x0000000788000000)
  to   space 16384K, 0% used [0x0000000786000000,0x0000000786000000,0x0000000787000000)
 ParOldGen       total 261632K, used 16K [0x0000000680000000, 0x000000068ff80000, 0x0000000780000000)
  object space 261632K, 0% used [0x0000000680000000,0x0000000680004000,0x000000068ff80000)
 PSPermGen       total 21504K, used 13402K [0x000000067ae00000, 0x000000067c300000, 0x0000000680000000)
  object space 21504K, 62% used [0x000000067ae00000,0x000000067bb16b40,0x000000067c300000)
}
Event: 8.313 GC heap before
{Heap before GC invocations=3 (full 0):
 PSYoungGen      total 114688K, used 102880K [0x0000000780000000, 0x0000000788000000, 0x0000000800000000)
  eden space 98304K, 100% used [0x0000000780000000,0x0000000786000000,0x0000000786000000)
  from space 16384K, 27% used [0x0000000787000000,0x0000000787478000,0x0000000788000000)
  to   space 16384K, 0% used [0x0000000786000000,0x0000000786000000,0x0000000787000000)
 ParOldGen       total 261632K, used 16K [0x0000000680000000, 0x000000068ff80000, 0x0000000780000000)
  object space 261632K, 0% used [0x0000000680000000,0x0000000680004000,0x000000068ff80000)
 PSPermGen       total 21504K, used 15425K [0x000000067ae00000, 0x000000067c300000, 0x0000000680000000)
  object space 21504K, 71% used [0x000000067ae00000,0x000000067bd105c8,0x000000067c300000)
Event: 8.320 GC heap after
Heap after GC invocations=3 (full 0):
 PSYoungGen      total 114688K, used 4568K [0x0000000780000000, 0x0000000788000000, 0x0000000800000000)
  eden space 98304K, 0% used [0x0000000780000000,0x0000000780000000,0x0000000786000000)
  from space 16384K, 27% used [0x0000000786000000,0x0000000786476010,0x0000000787000000)
  to   space 16384K, 0% used [0x0000000787000000,0x0000000787000000,0x0000000788000000)
 ParOldGen       total 261632K, used 24K [0x0000000680000000, 0x000000068ff80000, 0x0000000780000000)
  object space 261632K, 0% used [0x0000000680000000,0x0000000680006000,0x000000068ff80000)
 PSPermGen       total 21504K, used 15425K [0x000000067ae00000, 0x000000067c300000, 0x0000000680000000)
  object space 21504K, 71% used [0x000000067ae00000,0x000000067bd105c8,0x000000067c300000)
}
Event: 15.555 GC heap before
{Heap before GC invocations=4 (full 0):
 PSYoungGen      total 114688K, used 102872K [0x0000000780000000, 0x0000000788000000, 0x0000000800000000)
  eden space 98304K, 100% used [0x0000000780000000,0x0000000786000000,0x0000000786000000)
  from space 16384K, 27% used [0x0000000786000000,0x0000000786476010,0x0000000787000000)
  to   space 16384K, 0% used [0x0000000787000000,0x0000000787000000,0x0000000788000000)
 ParOldGen       total 261632K, used 24K [0x0000000680000000, 0x000000068ff80000, 0x0000000780000000)
  object space 261632K, 0% used [0x0000000680000000,0x0000000680006000,0x000000068ff80000)
 PSPermGen       total 21504K, used 17985K [0x000000067ae00000, 0x000000067c300000, 0x0000000680000000)
  object space 21504K, 83% used [0x000000067ae00000,0x000000067bf90778,0x000000067c300000)
Event: 15.587 GC heap after
Heap after GC invocations=4 (full 0):
 PSYoungGen      total 114688K, used 16368K [0x0000000780000000, 0x0000000788000000, 0x0000000800000000)
  eden space 98304K, 0% used [0x0000000780000000,0x0000000780000000,0x0000000786000000)
  from space 16384K, 99% used [0x0000000787000000,0x0000000787ffc050,0x0000000788000000)
  to   space 16384K, 0% used [0x0000000786000000,0x0000000786000000,0x0000000787000000)
 ParOldGen       total 261632K, used 14218K [0x0000000680000000, 0x000000068ff80000, 0x0000000780000000)
  object space 261632K, 5% used [0x0000000680000000,0x0000000680de28f8,0x000000068ff80000)
 PSPermGen       total 21504K, used 17985K [0x000000067ae00000, 0x000000067c300000, 0x0000000680000000)
  object space 21504K, 83% used [0x000000067ae00000,0x000000067bf90778,0x000000067c300000)
}

