# JRE version: Java(TM) SE Runtime Environment (7.0_67-b01) (build 1.7.0_67-b01)
# Java VM: Java HotSpot(TM) 64-Bit Server VM (24.65-b04 mixed mode windows-amd64 compressed oops)
Heap
 PSYoungGen      total 429056K, used 174655K [0x00000007d5500000, 0x00000007f8900000, 0x0000000800000000)
  eden space 348160K, 26% used [0x00000007d5500000,0x00000007db0958f0,0x00000007ea900000)
  from space 80896K, 99% used [0x00000007f0e00000,0x00000007f5cfa428,0x00000007f5d00000)
  to   space 103424K, 0% used [0x00000007ea900000,0x00000007ea900000,0x00000007f0e00000)
 ParOldGen       total 261632K, used 80690K [0x0000000780000000, 0x000000078ff80000, 0x00000007d5500000)
  object space 261632K, 30% used [0x0000000780000000,0x0000000784eccad0,0x000000078ff80000)
 PSPermGen       total 22528K, used 22358K [0x000000077ae00000, 0x000000077c400000, 0x0000000780000000)
  object space 22528K, 99% used [0x000000077ae00000,0x000000077c3d58c0,0x000000077c400000)
GC Heap History (10 events):
Event: 14.405 GC heap before
{Heap before GC invocations=4 (full 0):
 PSYoungGen      total 114688K, used 108782K [0x00000007d5500000, 0x00000007dd500000, 0x0000000800000000)
  eden space 98304K, 100% used [0x00000007d5500000,0x00000007db500000,0x00000007db500000)
  from space 16384K, 63% used [0x00000007db500000,0x00000007dbf3bbf8,0x00000007dc500000)
  to   space 16384K, 0% used [0x00000007dc500000,0x00000007dc500000,0x00000007dd500000)
 ParOldGen       total 261632K, used 16K [0x0000000780000000, 0x000000078ff80000, 0x00000007d5500000)
  object space 261632K, 0% used [0x0000000780000000,0x0000000780004000,0x000000078ff80000)
 PSPermGen       total 22528K, used 22040K [0x000000077ae00000, 0x000000077c400000, 0x0000000780000000)
  object space 22528K, 97% used [0x000000077ae00000,0x000000077c386140,0x000000077c400000)
Event: 14.422 GC heap after
Heap after GC invocations=4 (full 0):
 PSYoungGen      total 114688K, used 16365K [0x00000007d5500000, 0x00000007dd500000, 0x0000000800000000)
  eden space 98304K, 0% used [0x00000007d5500000,0x00000007d5500000,0x00000007db500000)
  from space 16384K, 99% used [0x00000007dc500000,0x00000007dd4fb748,0x00000007dd500000)
  to   space 16384K, 0% used [0x00000007db500000,0x00000007db500000,0x00000007dc500000)
 ParOldGen       total 261632K, used 3324K [0x0000000780000000, 0x000000078ff80000, 0x00000007d5500000)
  object space 261632K, 1% used [0x0000000780000000,0x000000078033f240,0x000000078ff80000)
 PSPermGen       total 22528K, used 22040K [0x000000077ae00000, 0x000000077c400000, 0x0000000780000000)
  object space 22528K, 97% used [0x000000077ae00000,0x000000077c386140,0x000000077c400000)
}
Event: 14.529 GC heap before
{Heap before GC invocations=5 (full 0):
 PSYoungGen      total 114688K, used 114669K [0x00000007d5500000, 0x00000007dd500000, 0x0000000800000000)
  eden space 98304K, 100% used [0x00000007d5500000,0x00000007db500000,0x00000007db500000)
  from space 16384K, 99% used [0x00000007dc500000,0x00000007dd4fb748,0x00000007dd500000)
  to   space 16384K, 0% used [0x00000007db500000,0x00000007db500000,0x00000007dc500000)
 ParOldGen       total 261632K, used 3324K [0x0000000780000000, 0x000000078ff80000, 0x00000007d5500000)
  object space 261632K, 1% used [0x0000000780000000,0x000000078033f240,0x000000078ff80000)
 PSPermGen       total 22528K, used 22052K [0x000000077ae00000, 0x000000077c400000, 0x0000000780000000)
  object space 22528K, 97% used [0x000000077ae00000,0x000000077c389000,0x000000077c400000)
Event: 14.574 GC heap after
Heap after GC invocations=5 (full 0):
 PSYoungGen      total 114688K, used 16371K [0x00000007d5500000, 0x00000007e6300000, 0x0000000800000000)
  eden space 98304K, 0% used [0x00000007d5500000,0x00000007d5500000,0x00000007db500000)
  from space 16384K, 99% used [0x00000007db500000,0x00000007dc4fcd08,0x00000007dc500000)
  to   space 39936K, 0% used [0x00000007e3c00000,0x00000007e3c00000,0x00000007e6300000)
 ParOldGen       total 261632K, used 27564K [0x0000000780000000, 0x000000078ff80000, 0x00000007d5500000)
  object space 261632K, 10% used [0x0000000780000000,0x0000000781aeb240,0x000000078ff80000)
 PSPermGen       total 22528K, used 22052K [0x000000077ae00000, 0x000000077c400000, 0x0000000780000000)
  object space 22528K, 97% used [0x000000077ae00000,0x000000077c389000,0x000000077c400000)
}
Event: 14.686 GC heap before
{Heap before GC invocations=6 (full 0):
 PSYoungGen      total 114688K, used 114675K [0x00000007d5500000, 0x00000007e6300000, 0x0000000800000000)
  eden space 98304K, 100% used [0x00000007d5500000,0x00000007db500000,0x00000007db500000)
  from space 16384K, 99% used [0x00000007db500000,0x00000007dc4fcd08,0x00000007dc500000)
  to   space 39936K, 0% used [0x00000007e3c00000,0x00000007e3c00000,0x00000007e6300000)
 ParOldGen       total 261632K, used 27564K [0x0000000780000000, 0x000000078ff80000, 0x00000007d5500000)
  object space 261632K, 10% used [0x0000000780000000,0x0000000781aeb240,0x000000078ff80000)
 PSPermGen       total 22528K, used 22053K [0x000000077ae00000, 0x000000077c400000, 0x0000000780000000)
  object space 22528K, 97% used [0x000000077ae00000,0x000000077c389690,0x000000077c400000)
Event: 14.725 GC heap after
Heap after GC invocations=6 (full 0):
 PSYoungGen      total 225280K, used 39918K [0x00000007d5500000, 0x00000007e7900000, 0x0000000800000000)
  eden space 185344K, 0% used [0x00000007d5500000,0x00000007d5500000,0x00000007e0a00000)
  from space 39936K, 99% used [0x00000007e3c00000,0x00000007e62fbb30,0x00000007e6300000)
  to   space 51200K, 0% used [0x00000007e0a00000,0x00000007e0a00000,0x00000007e3c00000)
 ParOldGen       total 261632K, used 30108K [0x0000000780000000, 0x000000078ff80000, 0x00000007d5500000)
  object space 261632K, 11% used [0x0000000780000000,0x0000000781d67240,0x000000078ff80000)
 PSPermGen       total 22528K, used 22053K [0x000000077ae00000, 0x000000077c400000, 0x0000000780000000)
  object space 22528K, 97% used [0x000000077ae00000,0x000000077c389690,0x000000077c400000)
}
Event: 14.958 GC heap before
{Heap before GC invocations=7 (full 0):
 PSYoungGen      total 225280K, used 225262K [0x00000007d5500000, 0x00000007e7900000, 0x0000000800000000)
  eden space 185344K, 100% used [0x00000007d5500000,0x00000007e0a00000,0x00000007e0a00000)
  from space 39936K, 99% used [0x00000007e3c00000,0x00000007e62fbb30,0x00000007e6300000)
  to   space 51200K, 0% used [0x00000007e0a00000,0x00000007e0a00000,0x00000007e3c00000)
 ParOldGen       total 261632K, used 30108K [0x0000000780000000, 0x000000078ff80000, 0x00000007d5500000)
  object space 261632K, 11% used [0x0000000780000000,0x0000000781d67240,0x000000078ff80000)
 PSPermGen       total 22528K, used 22056K [0x000000077ae00000, 0x000000077c400000, 0x0000000780000000)
  object space 22528K, 97% used [0x000000077ae00000,0x000000077c38a3d0,0x000000077c400000)
Event: 15.044 GC heap after
Heap after GC invocations=7 (full 0):
 PSYoungGen      total 236544K, used 51191K [0x00000007d5500000, 0x00000007f5d00000, 0x0000000800000000)
  eden space 185344K, 0% used [0x00000007d5500000,0x00000007d5500000,0x00000007e0a00000)
  from space 51200K, 99% used [0x00000007e0a00000,0x00000007e3bfdf70,0x00000007e3c00000)
  to   space 80896K, 0% used [0x00000007f0e00000,0x00000007f0e00000,0x00000007f5d00000)
 ParOldGen       total 261632K, used 66500K [0x0000000780000000, 0x000000078ff80000, 0x00000007d5500000)
  object space 261632K, 25% used [0x0000000780000000,0x00000007840f1330,0x000000078ff80000)
 PSPermGen       total 22528K, used 22056K [0x000000077ae00000, 0x000000077c400000, 0x0000000780000000)
  object space 22528K, 97% used [0x000000077ae00000,0x000000077c38a3d0,0x000000077c400000)
}
Event: 15.357 GC heap before
{Heap before GC invocations=8 (full 0):
 PSYoungGen      total 236544K, used 236535K [0x00000007d5500000, 0x00000007f5d00000, 0x0000000800000000)
  eden space 185344K, 100% used [0x00000007d5500000,0x00000007e0a00000,0x00000007e0a00000)
  from space 51200K, 99% used [0x00000007e0a00000,0x00000007e3bfdf70,0x00000007e3c00000)
  to   space 80896K, 0% used [0x00000007f0e00000,0x00000007f0e00000,0x00000007f5d00000)
 ParOldGen       total 261632K, used 66500K [0x0000000780000000, 0x000000078ff80000, 0x00000007d5500000)
  object space 261632K, 25% used [0x0000000780000000,0x00000007840f1330,0x000000078ff80000)
 PSPermGen       total 22528K, used 22073K [0x000000077ae00000, 0x000000077c400000, 0x0000000780000000)
  object space 22528K, 97% used [0x000000077ae00000,0x000000077c38e6c8,0x000000077c400000)
Event: 15.439 GC heap after
Heap after GC invocations=8 (full 0):
 PSYoungGen      total 429056K, used 80873K [0x00000007d5500000, 0x00000007f8900000, 0x0000000800000000)
  eden space 348160K, 0% used [0x00000007d5500000,0x00000007d5500000,0x00000007ea900000)
  from space 80896K, 99% used [0x00000007f0e00000,0x00000007f5cfa428,0x00000007f5d00000)
  to   space 103424K, 0% used [0x00000007ea900000,0x00000007ea900000,0x00000007f0e00000)
 ParOldGen       total 261632K, used 80690K [0x0000000780000000, 0x000000078ff80000, 0x00000007d5500000)
  object space 261632K, 30% used [0x0000000780000000,0x0000000784eccad0,0x000000078ff80000)
 PSPermGen       total 22528K, used 22073K [0x000000077ae00000, 0x000000077c400000, 0x0000000780000000)
  object space 22528K, 97% used [0x000000077ae00000,0x000000077c38e6c8,0x000000077c400000)
}

