# JRE version: Java(TM) SE Runtime Environment (7.0_67-b01) (build 1.7.0_67-b01)
# Java VM: Java HotSpot(TM) 64-Bit Server VM (24.65-b04 mixed mode windows-amd64 compressed oops)
Heap
 PSYoungGen      total 432640K, used 172187K [0x00000007d5500000, 0x00000007f8a00000, 0x0000000800000000)
  eden space 351232K, 25% used [0x00000007d5500000,0x00000007dadaca70,0x00000007eac00000)
  from space 81408K, 99% used [0x00000007f1080000,0x00000007f5ffa428,0x00000007f6000000)
  to   space 102912K, 0% used [0x00000007eac00000,0x00000007eac00000,0x00000007f1080000)
 ParOldGen       total 261632K, used 78672K [0x0000000780000000, 0x000000078ff80000, 0x00000007d5500000)
  object space 261632K, 30% used [0x0000000780000000,0x0000000784cd4360,0x000000078ff80000)
 PSPermGen       total 22528K, used 22451K [0x000000077ae00000, 0x000000077c400000, 0x0000000780000000)
  object space 22528K, 99% used [0x000000077ae00000,0x000000077c3eccd8,0x000000077c400000)
GC Heap History (10 events):
Event: 15.989 GC heap before
{Heap before GC invocations=4 (full 0):
 PSYoungGen      total 114688K, used 108860K [0x00000007d5500000, 0x00000007dd500000, 0x0000000800000000)
  eden space 98304K, 100% used [0x00000007d5500000,0x00000007db500000,0x00000007db500000)
  from space 16384K, 64% used [0x00000007db500000,0x00000007dbf4f3f0,0x00000007dc500000)
  to   space 16384K, 0% used [0x00000007dc500000,0x00000007dc500000,0x00000007dd500000)
 ParOldGen       total 261632K, used 16K [0x0000000780000000, 0x000000078ff80000, 0x00000007d5500000)
  object space 261632K, 0% used [0x0000000780000000,0x0000000780004000,0x000000078ff80000)
 PSPermGen       total 22528K, used 22127K [0x000000077ae00000, 0x000000077c400000, 0x0000000780000000)
  object space 22528K, 98% used [0x000000077ae00000,0x000000077c39bd00,0x000000077c400000)
Event: 16.004 GC heap after
Heap after GC invocations=4 (full 0):
 PSYoungGen      total 114688K, used 16374K [0x00000007d5500000, 0x00000007dd500000, 0x0000000800000000)
  eden space 98304K, 0% used [0x00000007d5500000,0x00000007d5500000,0x00000007db500000)
  from space 16384K, 99% used [0x00000007dc500000,0x00000007dd4fdae0,0x00000007dd500000)
  to   space 16384K, 0% used [0x00000007db500000,0x00000007db500000,0x00000007dc500000)
 ParOldGen       total 261632K, used 2755K [0x0000000780000000, 0x000000078ff80000, 0x00000007d5500000)
  object space 261632K, 1% used [0x0000000780000000,0x00000007802b0e70,0x000000078ff80000)
 PSPermGen       total 22528K, used 22127K [0x000000077ae00000, 0x000000077c400000, 0x0000000780000000)
  object space 22528K, 98% used [0x000000077ae00000,0x000000077c39bd00,0x000000077c400000)
}
Event: 16.111 GC heap before
{Heap before GC invocations=5 (full 0):
 PSYoungGen      total 114688K, used 114678K [0x00000007d5500000, 0x00000007dd500000, 0x0000000800000000)
  eden space 98304K, 100% used [0x00000007d5500000,0x00000007db500000,0x00000007db500000)
  from space 16384K, 99% used [0x00000007dc500000,0x00000007dd4fdae0,0x00000007dd500000)
  to   space 16384K, 0% used [0x00000007db500000,0x00000007db500000,0x00000007dc500000)
 ParOldGen       total 261632K, used 2755K [0x0000000780000000, 0x000000078ff80000, 0x00000007d5500000)
  object space 261632K, 1% used [0x0000000780000000,0x00000007802b0e70,0x000000078ff80000)
 PSPermGen       total 22528K, used 22132K [0x000000077ae00000, 0x000000077c400000, 0x0000000780000000)
  object space 22528K, 98% used [0x000000077ae00000,0x000000077c39d2e0,0x000000077c400000)
Event: 16.157 GC heap after
Heap after GC invocations=5 (full 0):
 PSYoungGen      total 114688K, used 16380K [0x00000007d5500000, 0x00000007e6400000, 0x0000000800000000)
  eden space 98304K, 0% used [0x00000007d5500000,0x00000007d5500000,0x00000007db500000)
  from space 16384K, 99% used [0x00000007db500000,0x00000007dc4ff3d8,0x00000007dc500000)
  to   space 40448K, 0% used [0x00000007e3c80000,0x00000007e3c80000,0x00000007e6400000)
 ParOldGen       total 261632K, used 28123K [0x0000000780000000, 0x000000078ff80000, 0x00000007d5500000)
  object space 261632K, 10% used [0x0000000780000000,0x0000000781b76e70,0x000000078ff80000)
 PSPermGen       total 22528K, used 22132K [0x000000077ae00000, 0x000000077c400000, 0x0000000780000000)
  object space 22528K, 98% used [0x000000077ae00000,0x000000077c39d2e0,0x000000077c400000)
}
Event: 16.266 GC heap before
{Heap before GC invocations=6 (full 0):
 PSYoungGen      total 114688K, used 114684K [0x00000007d5500000, 0x00000007e6400000, 0x0000000800000000)
  eden space 98304K, 100% used [0x00000007d5500000,0x00000007db500000,0x00000007db500000)
  from space 16384K, 99% used [0x00000007db500000,0x00000007dc4ff3d8,0x00000007dc500000)
  to   space 40448K, 0% used [0x00000007e3c80000,0x00000007e3c80000,0x00000007e6400000)
 ParOldGen       total 261632K, used 28123K [0x0000000780000000, 0x000000078ff80000, 0x00000007d5500000)
  object space 261632K, 10% used [0x0000000780000000,0x0000000781b76e70,0x000000078ff80000)
 PSPermGen       total 22528K, used 22139K [0x000000077ae00000, 0x000000077c400000, 0x0000000780000000)
  object space 22528K, 98% used [0x000000077ae00000,0x000000077c39eca0,0x000000077c400000)
Event: 16.299 GC heap after
Heap after GC invocations=6 (full 0):
 PSYoungGen      total 226816K, used 40424K [0x00000007d5500000, 0x00000007e7800000, 0x0000000800000000)
  eden space 186368K, 0% used [0x00000007d5500000,0x00000007d5500000,0x00000007e0b00000)
  from space 40448K, 99% used [0x00000007e3c80000,0x00000007e63fa218,0x00000007e6400000)
  to   space 50688K, 0% used [0x00000007e0b00000,0x00000007e0b00000,0x00000007e3c80000)
 ParOldGen       total 261632K, used 28659K [0x0000000780000000, 0x000000078ff80000, 0x00000007d5500000)
  object space 261632K, 10% used [0x0000000780000000,0x0000000781bfce70,0x000000078ff80000)
 PSPermGen       total 22528K, used 22139K [0x000000077ae00000, 0x000000077c400000, 0x0000000780000000)
  object space 22528K, 98% used [0x000000077ae00000,0x000000077c39eca0,0x000000077c400000)
}
Event: 16.525 GC heap before
{Heap before GC invocations=7 (full 0):
 PSYoungGen      total 226816K, used 226792K [0x00000007d5500000, 0x00000007e7800000, 0x0000000800000000)
  eden space 186368K, 100% used [0x00000007d5500000,0x00000007e0b00000,0x00000007e0b00000)
  from space 40448K, 99% used [0x00000007e3c80000,0x00000007e63fa218,0x00000007e6400000)
  to   space 50688K, 0% used [0x00000007e0b00000,0x00000007e0b00000,0x00000007e3c80000)
 ParOldGen       total 261632K, used 28659K [0x0000000780000000, 0x000000078ff80000, 0x00000007d5500000)
  object space 261632K, 10% used [0x0000000780000000,0x0000000781bfce70,0x000000078ff80000)
 PSPermGen       total 22528K, used 22141K [0x000000077ae00000, 0x000000077c400000, 0x0000000780000000)
  object space 22528K, 98% used [0x000000077ae00000,0x000000077c39f6f0,0x000000077c400000)
Event: 16.615 GC heap after
Heap after GC invocations=7 (full 0):
 PSYoungGen      total 237056K, used 50674K [0x00000007d5500000, 0x00000007f6000000, 0x0000000800000000)
  eden space 186368K, 0% used [0x00000007d5500000,0x00000007d5500000,0x00000007e0b00000)
  from space 50688K, 99% used [0x00000007e0b00000,0x00000007e3c7c948,0x00000007e3c80000)
  to   space 81408K, 0% used [0x00000007f1080000,0x00000007f1080000,0x00000007f6000000)
 ParOldGen       total 261632K, used 67373K [0x0000000780000000, 0x000000078ff80000, 0x00000007d5500000)
  object space 261632K, 25% used [0x0000000780000000,0x00000007841cb760,0x000000078ff80000)
 PSPermGen       total 22528K, used 22141K [0x000000077ae00000, 0x000000077c400000, 0x0000000780000000)
  object space 22528K, 98% used [0x000000077ae00000,0x000000077c39f6f0,0x000000077c400000)
}
Event: 16.950 GC heap before
{Heap before GC invocations=8 (full 0):
 PSYoungGen      total 237056K, used 237042K [0x00000007d5500000, 0x00000007f6000000, 0x0000000800000000)
  eden space 186368K, 100% used [0x00000007d5500000,0x00000007e0b00000,0x00000007e0b00000)
  from space 50688K, 99% used [0x00000007e0b00000,0x00000007e3c7c948,0x00000007e3c80000)
  to   space 81408K, 0% used [0x00000007f1080000,0x00000007f1080000,0x00000007f6000000)
 ParOldGen       total 261632K, used 67373K [0x0000000780000000, 0x000000078ff80000, 0x00000007d5500000)
  object space 261632K, 25% used [0x0000000780000000,0x00000007841cb760,0x000000078ff80000)
 PSPermGen       total 22528K, used 22157K [0x000000077ae00000, 0x000000077c400000, 0x0000000780000000)
  object space 22528K, 98% used [0x000000077ae00000,0x000000077c3a34e8,0x000000077c400000)
Event: 17.031 GC heap after
Heap after GC invocations=8 (full 0):
 PSYoungGen      total 432640K, used 81385K [0x00000007d5500000, 0x00000007f8a00000, 0x0000000800000000)
  eden space 351232K, 0% used [0x00000007d5500000,0x00000007d5500000,0x00000007eac00000)
  from space 81408K, 99% used [0x00000007f1080000,0x00000007f5ffa428,0x00000007f6000000)
  to   space 102912K, 0% used [0x00000007eac00000,0x00000007eac00000,0x00000007f1080000)
 ParOldGen       total 261632K, used 78672K [0x0000000780000000, 0x000000078ff80000, 0x00000007d5500000)
  object space 261632K, 30% used [0x0000000780000000,0x0000000784cd4360,0x000000078ff80000)
 PSPermGen       total 22528K, used 22157K [0x000000077ae00000, 0x000000077c400000, 0x0000000780000000)
  object space 22528K, 98% used [0x000000077ae00000,0x000000077c3a34e8,0x000000077c400000)
}

