# JRE version: Java(TM) SE Runtime Environment (7.0_67-b01) (build 1.7.0_67-b01)
# Java VM: Java HotSpot(TM) 64-Bit Server VM (24.65-b04 mixed mode windows-amd64 compressed oops)
Heap
 PSYoungGen      total 84480K, used 32645K [0x00000007d5500000, 0x00000007db980000, 0x0000000800000000)
  eden space 69120K, 43% used [0x00000007d5500000,0x00000007d7292440,0x00000007d9880000)
  from space 15360K, 15% used [0x00000007daa80000,0x00000007daccf238,0x00000007db980000)
  to   space 16896K, 0% used [0x00000007d9880000,0x00000007d9880000,0x00000007da900000)
 ParOldGen       total 261632K, used 36549K [0x0000000780000000, 0x000000078ff80000, 0x00000007d5500000)
  object space 261632K, 13% used [0x0000000780000000,0x00000007823b17d8,0x000000078ff80000)
 PSPermGen       total 25600K, used 25582K [0x000000077ae00000, 0x000000077c700000, 0x0000000780000000)
  object space 25600K, 99% used [0x000000077ae00000,0x000000077c6fba88,0x000000077c700000)
GC Heap History (10 events):
Event: 141.245 GC heap before
{Heap before GC invocations=16 (full 0):
 PSYoungGen      total 85504K, used 85258K [0x00000007d5500000, 0x00000007dbf80000, 0x0000000800000000)
  eden space 78336K, 100% used [0x00000007d5500000,0x00000007da180000,0x00000007da180000)
  from space 7168K, 96% used [0x00000007da300000,0x00000007da9c2b80,0x00000007daa00000)
  to   space 15360K, 0% used [0x00000007db080000,0x00000007db080000,0x00000007dbf80000)
 ParOldGen       total 261632K, used 12443K [0x0000000780000000, 0x000000078ff80000, 0x00000007d5500000)
  object space 261632K, 4% used [0x0000000780000000,0x0000000780c26cc8,0x000000078ff80000)
 PSPermGen       total 25088K, used 25028K [0x000000077ae00000, 0x000000077c680000, 0x0000000780000000)
  object space 25088K, 99% used [0x000000077ae00000,0x000000077c6711e0,0x000000077c680000)
Event: 141.260 GC heap after
Heap after GC invocations=16 (full 0):
 PSYoungGen      total 89088K, used 15359K [0x00000007d5500000, 0x00000007df680000, 0x0000000800000000)
  eden space 73728K, 0% used [0x00000007d5500000,0x00000007d5500000,0x00000007d9d00000)
  from space 15360K, 99% used [0x00000007db080000,0x00000007dbf7fe10,0x00000007dbf80000)
  to   space 19968K, 0% used [0x00000007d9d00000,0x00000007d9d00000,0x00000007db080000)
 ParOldGen       total 261632K, used 16361K [0x0000000780000000, 0x000000078ff80000, 0x00000007d5500000)
  object space 261632K, 6% used [0x0000000780000000,0x0000000780ffa6b8,0x000000078ff80000)
 PSPermGen       total 25088K, used 25028K [0x000000077ae00000, 0x000000077c680000, 0x0000000780000000)
  object space 25088K, 99% used [0x000000077ae00000,0x000000077c6711e0,0x000000077c680000)
}
Event: 174.275 GC heap before
{Heap before GC invocations=17 (full 0):
 PSYoungGen      total 89088K, used 88800K [0x00000007d5500000, 0x00000007df680000, 0x0000000800000000)
  eden space 73728K, 99% used [0x00000007d5500000,0x00000007d9cb83e0,0x00000007d9d00000)
  from space 15360K, 99% used [0x00000007db080000,0x00000007dbf7fe10,0x00000007dbf80000)
  to   space 19968K, 0% used [0x00000007d9d00000,0x00000007d9d00000,0x00000007db080000)
 ParOldGen       total 261632K, used 16361K [0x0000000780000000, 0x000000078ff80000, 0x00000007d5500000)
  object space 261632K, 6% used [0x0000000780000000,0x0000000780ffa6b8,0x000000078ff80000)
 PSPermGen       total 25600K, used 25371K [0x000000077ae00000, 0x000000077c700000, 0x0000000780000000)
  object space 25600K, 99% used [0x000000077ae00000,0x000000077c6c6c78,0x000000077c700000)
Event: 174.297 GC heap after
Heap after GC invocations=17 (full 0):
 PSYoungGen      total 78848K, used 6245K [0x00000007d5500000, 0x00000007dbf80000, 0x0000000800000000)
  eden space 72192K, 0% used [0x00000007d5500000,0x00000007d5500000,0x00000007d9b80000)
  from space 6656K, 93% used [0x00000007d9d00000,0x00000007da3194a0,0x00000007da380000)
  to   space 18432K, 0% used [0x00000007dad80000,0x00000007dad80000,0x00000007dbf80000)
 ParOldGen       total 261632K, used 31694K [0x0000000780000000, 0x000000078ff80000, 0x00000007d5500000)
  object space 261632K, 12% used [0x0000000780000000,0x0000000781ef3a20,0x000000078ff80000)
 PSPermGen       total 25600K, used 25371K [0x000000077ae00000, 0x000000077c700000, 0x0000000780000000)
  object space 25600K, 99% used [0x000000077ae00000,0x000000077c6c6c78,0x000000077c700000)
}
Event: 225.733 GC heap before
{Heap before GC invocations=18 (full 0):
 PSYoungGen      total 78848K, used 78437K [0x00000007d5500000, 0x00000007dbf80000, 0x0000000800000000)
  eden space 72192K, 100% used [0x00000007d5500000,0x00000007d9b80000,0x00000007d9b80000)
  from space 6656K, 93% used [0x00000007d9d00000,0x00000007da3194a0,0x00000007da380000)
  to   space 18432K, 0% used [0x00000007dad80000,0x00000007dad80000,0x00000007dbf80000)
 ParOldGen       total 261632K, used 31694K [0x0000000780000000, 0x000000078ff80000, 0x00000007d5500000)
  object space 261632K, 12% used [0x0000000780000000,0x0000000781ef3a20,0x000000078ff80000)
 PSPermGen       total 25600K, used 25433K [0x000000077ae00000, 0x000000077c700000, 0x0000000780000000)
  object space 25600K, 99% used [0x000000077ae00000,0x000000077c6d6568,0x000000077c700000)
Event: 225.744 GC heap after
Heap after GC invocations=18 (full 0):
 PSYoungGen      total 87552K, used 1524K [0x00000007d5500000, 0x00000007dbd80000, 0x0000000800000000)
  eden space 71168K, 0% used [0x00000007d5500000,0x00000007d5500000,0x00000007d9a80000)
  from space 16384K, 9% used [0x00000007dad80000,0x00000007daefd010,0x00000007dbd80000)
  to   space 17920K, 0% used [0x00000007d9a80000,0x00000007d9a80000,0x00000007dac00000)
 ParOldGen       total 261632K, used 36362K [0x0000000780000000, 0x000000078ff80000, 0x00000007d5500000)
  object space 261632K, 13% used [0x0000000780000000,0x0000000782382a20,0x000000078ff80000)
 PSPermGen       total 25600K, used 25433K [0x000000077ae00000, 0x000000077c700000, 0x0000000780000000)
  object space 25600K, 99% used [0x000000077ae00000,0x000000077c6d6568,0x000000077c700000)
}
Event: 246.044 GC heap before
{Heap before GC invocations=19 (full 0):
 PSYoungGen      total 87552K, used 72692K [0x00000007d5500000, 0x00000007dbd80000, 0x0000000800000000)
  eden space 71168K, 100% used [0x00000007d5500000,0x00000007d9a80000,0x00000007d9a80000)
  from space 16384K, 9% used [0x00000007dad80000,0x00000007daefd010,0x00000007dbd80000)
  to   space 17920K, 0% used [0x00000007d9a80000,0x00000007d9a80000,0x00000007dac00000)
 ParOldGen       total 261632K, used 36362K [0x0000000780000000, 0x000000078ff80000, 0x00000007d5500000)
  object space 261632K, 13% used [0x0000000780000000,0x0000000782382a20,0x000000078ff80000)
 PSPermGen       total 25600K, used 25453K [0x000000077ae00000, 0x000000077c700000, 0x0000000780000000)
  object space 25600K, 99% used [0x000000077ae00000,0x000000077c6db6d8,0x000000077c700000)
Event: 246.050 GC heap after
Heap after GC invocations=19 (full 0):
 PSYoungGen      total 72192K, used 1656K [0x00000007d5500000, 0x00000007dbb80000, 0x0000000800000000)
  eden space 70144K, 0% used [0x00000007d5500000,0x00000007d5500000,0x00000007d9980000)
  from space 2048K, 80% used [0x00000007d9a80000,0x00000007d9c1e070,0x00000007d9c80000)
  to   space 17408K, 0% used [0x00000007daa80000,0x00000007daa80000,0x00000007dbb80000)
 ParOldGen       total 261632K, used 36453K [0x0000000780000000, 0x000000078ff80000, 0x00000007d5500000)
  object space 261632K, 13% used [0x0000000780000000,0x00000007823997d8,0x000000078ff80000)
 PSPermGen       total 25600K, used 25453K [0x000000077ae00000, 0x000000077c700000, 0x0000000780000000)
  object space 25600K, 99% used [0x000000077ae00000,0x000000077c6db6d8,0x000000077c700000)
}
Event: 564.255 GC heap before
{Heap before GC invocations=20 (full 0):
 PSYoungGen      total 72192K, used 71800K [0x00000007d5500000, 0x00000007dbb80000, 0x0000000800000000)
  eden space 70144K, 100% used [0x00000007d5500000,0x00000007d9980000,0x00000007d9980000)
  from space 2048K, 80% used [0x00000007d9a80000,0x00000007d9c1e070,0x00000007d9c80000)
  to   space 17408K, 0% used [0x00000007daa80000,0x00000007daa80000,0x00000007dbb80000)
 ParOldGen       total 261632K, used 36453K [0x0000000780000000, 0x000000078ff80000, 0x00000007d5500000)
  object space 261632K, 13% used [0x0000000780000000,0x00000007823997d8,0x000000078ff80000)
 PSPermGen       total 25600K, used 25511K [0x000000077ae00000, 0x000000077c700000, 0x0000000780000000)
  object space 25600K, 99% used [0x000000077ae00000,0x000000077c6e9ee0,0x000000077c700000)
Event: 564.263 GC heap after
Heap after GC invocations=20 (full 0):
 PSYoungGen      total 84480K, used 2364K [0x00000007d5500000, 0x00000007db980000, 0x0000000800000000)
  eden space 69120K, 0% used [0x00000007d5500000,0x00000007d5500000,0x00000007d9880000)
  from space 15360K, 15% used [0x00000007daa80000,0x00000007daccf238,0x00000007db980000)
  to   space 16896K, 0% used [0x00000007d9880000,0x00000007d9880000,0x00000007da900000)
 ParOldGen       total 261632K, used 36549K [0x0000000780000000, 0x000000078ff80000, 0x00000007d5500000)
  object space 261632K, 13% used [0x0000000780000000,0x00000007823b17d8,0x000000078ff80000)
 PSPermGen       total 25600K, used 25511K [0x000000077ae00000, 0x000000077c700000, 0x0000000780000000)
  object space 25600K, 99% used [0x000000077ae00000,0x000000077c6e9ee0,0x000000077c700000)
}

