# JRE version: Java(TM) SE Runtime Environment (7.0_67-b01) (build 1.7.0_67-b01)
# Java VM: Java HotSpot(TM) 64-Bit Server VM (24.65-b04 mixed mode windows-amd64 compressed oops)
Heap
 PSYoungGen      total 436736K, used 228079K [0x00000007d5500000, 0x0000000800000000, 0x0000000800000000)
  eden space 368128K, 43% used [0x00000007d5500000,0x00000007df0c0980,0x00000007ebc80000)
  from space 68608K, 99% used [0x00000007ebc80000,0x00000007eff7b5a8,0x00000007eff80000)
  to   space 105472K, 0% used [0x00000007f9900000,0x00000007f9900000,0x0000000800000000)
 ParOldGen       total 261632K, used 105668K [0x0000000780000000, 0x000000078ff80000, 0x00000007d5500000)
  object space 261632K, 40% used [0x0000000780000000,0x0000000786731248,0x000000078ff80000)
 PSPermGen       total 23040K, used 22850K [0x000000077ae00000, 0x000000077c480000, 0x0000000780000000)
  object space 23040K, 99% used [0x000000077ae00000,0x000000077c450830,0x000000077c480000)
GC Heap History (10 events):
Event: 29.444 GC heap before
{Heap before GC invocations=3 (full 0):
 PSYoungGen      total 114688K, used 102264K [0x00000007d5500000, 0x00000007e3500000, 0x0000000800000000)
  eden space 98304K, 100% used [0x00000007d5500000,0x00000007db500000,0x00000007db500000)
  from space 16384K, 24% used [0x00000007dc500000,0x00000007dc8de010,0x00000007dd500000)
  to   space 16384K, 0% used [0x00000007db500000,0x00000007db500000,0x00000007dc500000)
 ParOldGen       total 261632K, used 16K [0x0000000780000000, 0x000000078ff80000, 0x00000007d5500000)
  object space 261632K, 0% used [0x0000000780000000,0x0000000780004000,0x000000078ff80000)
 PSPermGen       total 21504K, used 14778K [0x000000077ae00000, 0x000000077c300000, 0x0000000780000000)
  object space 21504K, 68% used [0x000000077ae00000,0x000000077bc6e8e0,0x000000077c300000)
Event: 29.453 GC heap after
Heap after GC invocations=3 (full 0):
 PSYoungGen      total 114688K, used 5317K [0x00000007d5500000, 0x00000007e3500000, 0x0000000800000000)
  eden space 98304K, 0% used [0x00000007d5500000,0x00000007d5500000,0x00000007db500000)
  from space 16384K, 32% used [0x00000007db500000,0x00000007dba315c0,0x00000007dc500000)
  to   space 16384K, 0% used [0x00000007e2500000,0x00000007e2500000,0x00000007e3500000)
 ParOldGen       total 261632K, used 24K [0x0000000780000000, 0x000000078ff80000, 0x00000007d5500000)
  object space 261632K, 0% used [0x0000000780000000,0x0000000780006000,0x000000078ff80000)
 PSPermGen       total 21504K, used 14778K [0x000000077ae00000, 0x000000077c300000, 0x0000000780000000)
  object space 21504K, 68% used [0x000000077ae00000,0x000000077bc6e8e0,0x000000077c300000)
}
Event: 52.881 GC heap before
{Heap before GC invocations=4 (full 0):
 PSYoungGen      total 114688K, used 103621K [0x00000007d5500000, 0x00000007e3500000, 0x0000000800000000)
  eden space 98304K, 100% used [0x00000007d5500000,0x00000007db500000,0x00000007db500000)
  from space 16384K, 32% used [0x00000007db500000,0x00000007dba315c0,0x00000007dc500000)
  to   space 16384K, 0% used [0x00000007e2500000,0x00000007e2500000,0x00000007e3500000)
 ParOldGen       total 261632K, used 24K [0x0000000780000000, 0x000000078ff80000, 0x00000007d5500000)
  object space 261632K, 0% used [0x0000000780000000,0x0000000780006000,0x000000078ff80000)
 PSPermGen       total 22016K, used 21892K [0x000000077ae00000, 0x000000077c380000, 0x0000000780000000)
  object space 22016K, 99% used [0x000000077ae00000,0x000000077c361200,0x000000077c380000)
Event: 52.892 GC heap after
Heap after GC invocations=4 (full 0):
 PSYoungGen      total 212992K, used 10013K [0x00000007d5500000, 0x00000007e3500000, 0x0000000800000000)
  eden space 196608K, 0% used [0x00000007d5500000,0x00000007d5500000,0x00000007e1500000)
  from space 16384K, 61% used [0x00000007e2500000,0x00000007e2ec7748,0x00000007e3500000)
  to   space 16384K, 0% used [0x00000007e1500000,0x00000007e1500000,0x00000007e2500000)
 ParOldGen       total 261632K, used 32K [0x0000000780000000, 0x000000078ff80000, 0x00000007d5500000)
  object space 261632K, 0% used [0x0000000780000000,0x0000000780008000,0x000000078ff80000)
 PSPermGen       total 22016K, used 21892K [0x000000077ae00000, 0x000000077c380000, 0x0000000780000000)
  object space 22016K, 99% used [0x000000077ae00000,0x000000077c361200,0x000000077c380000)
}
Event: 53.522 GC heap before
{Heap before GC invocations=5 (full 0):
 PSYoungGen      total 212992K, used 206621K [0x00000007d5500000, 0x00000007e3500000, 0x0000000800000000)
  eden space 196608K, 100% used [0x00000007d5500000,0x00000007e1500000,0x00000007e1500000)
  from space 16384K, 61% used [0x00000007e2500000,0x00000007e2ec7748,0x00000007e3500000)
  to   space 16384K, 0% used [0x00000007e1500000,0x00000007e1500000,0x00000007e2500000)
 ParOldGen       total 261632K, used 32K [0x0000000780000000, 0x000000078ff80000, 0x00000007d5500000)
  object space 261632K, 0% used [0x0000000780000000,0x0000000780008000,0x000000078ff80000)
 PSPermGen       total 22528K, used 22345K [0x000000077ae00000, 0x000000077c400000, 0x0000000780000000)
  object space 22528K, 99% used [0x000000077ae00000,0x000000077c3d26d8,0x000000077c400000)
Event: 53.588 GC heap after
Heap after GC invocations=5 (full 0):
 PSYoungGen      total 212992K, used 16368K [0x00000007d5500000, 0x00000007f2a00000, 0x0000000800000000)
  eden space 196608K, 0% used [0x00000007d5500000,0x00000007d5500000,0x00000007e1500000)
  from space 16384K, 99% used [0x00000007e1500000,0x00000007e24fc120,0x00000007e2500000)
  to   space 43520K, 0% used [0x00000007eff80000,0x00000007eff80000,0x00000007f2a00000)
 ParOldGen       total 261632K, used 39848K [0x0000000780000000, 0x000000078ff80000, 0x00000007d5500000)
  object space 261632K, 15% used [0x0000000780000000,0x00000007826ea000,0x000000078ff80000)
 PSPermGen       total 22528K, used 22345K [0x000000077ae00000, 0x000000077c400000, 0x0000000780000000)
  object space 22528K, 99% used [0x000000077ae00000,0x000000077c3d26d8,0x000000077c400000)
}
Event: 53.815 GC heap before
{Heap before GC invocations=6 (full 0):
 PSYoungGen      total 212992K, used 212976K [0x00000007d5500000, 0x00000007f2a00000, 0x0000000800000000)
  eden space 196608K, 100% used [0x00000007d5500000,0x00000007e1500000,0x00000007e1500000)
  from space 16384K, 99% used [0x00000007e1500000,0x00000007e24fc120,0x00000007e2500000)
  to   space 43520K, 0% used [0x00000007eff80000,0x00000007eff80000,0x00000007f2a00000)
 ParOldGen       total 261632K, used 39848K [0x0000000780000000, 0x000000078ff80000, 0x00000007d5500000)
  object space 261632K, 15% used [0x0000000780000000,0x00000007826ea000,0x000000078ff80000)
 PSPermGen       total 22528K, used 22349K [0x000000077ae00000, 0x000000077c400000, 0x0000000780000000)
  object space 22528K, 99% used [0x000000077ae00000,0x000000077c3d3638,0x000000077c400000)
Event: 53.879 GC heap after
Heap after GC invocations=6 (full 0):
 PSYoungGen      total 411648K, used 43488K [0x00000007d5500000, 0x00000007f5b00000, 0x0000000800000000)
  eden space 368128K, 0% used [0x00000007d5500000,0x00000007d5500000,0x00000007ebc80000)
  from space 43520K, 99% used [0x00000007eff80000,0x00000007f29f8290,0x00000007f2a00000)
  to   space 68608K, 0% used [0x00000007ebc80000,0x00000007ebc80000,0x00000007eff80000)
 ParOldGen       total 261632K, used 63960K [0x0000000780000000, 0x000000078ff80000, 0x00000007d5500000)
  object space 261632K, 24% used [0x0000000780000000,0x0000000783e76000,0x000000078ff80000)
 PSPermGen       total 22528K, used 22349K [0x000000077ae00000, 0x000000077c400000, 0x0000000780000000)
  object space 22528K, 99% used [0x000000077ae00000,0x000000077c3d3638,0x000000077c400000)
}
Event: 118.408 GC heap before
{Heap before GC invocations=7 (full 0):
 PSYoungGen      total 411648K, used 411616K [0x00000007d5500000, 0x00000007f5b00000, 0x0000000800000000)
  eden space 368128K, 100% used [0x00000007d5500000,0x00000007ebc80000,0x00000007ebc80000)
  from space 43520K, 99% used [0x00000007eff80000,0x00000007f29f8290,0x00000007f2a00000)
  to   space 68608K, 0% used [0x00000007ebc80000,0x00000007ebc80000,0x00000007eff80000)
 ParOldGen       total 261632K, used 63960K [0x0000000780000000, 0x000000078ff80000, 0x00000007d5500000)
  object space 261632K, 24% used [0x0000000780000000,0x0000000783e76000,0x000000078ff80000)
 PSPermGen       total 23040K, used 22712K [0x000000077ae00000, 0x000000077c480000, 0x0000000780000000)
  object space 23040K, 98% used [0x000000077ae00000,0x000000077c42e3e8,0x000000077c480000)
Event: 118.523 GC heap after
Heap after GC invocations=7 (full 0):
 PSYoungGen      total 436736K, used 68589K [0x00000007d5500000, 0x0000000800000000, 0x0000000800000000)
  eden space 368128K, 0% used [0x00000007d5500000,0x00000007d5500000,0x00000007ebc80000)
  from space 68608K, 99% used [0x00000007ebc80000,0x00000007eff7b5a8,0x00000007eff80000)
  to   space 105472K, 0% used [0x00000007f9900000,0x00000007f9900000,0x0000000800000000)
 ParOldGen       total 261632K, used 105668K [0x0000000780000000, 0x000000078ff80000, 0x00000007d5500000)
  object space 261632K, 40% used [0x0000000780000000,0x0000000786731248,0x000000078ff80000)
 PSPermGen       total 23040K, used 22712K [0x000000077ae00000, 0x000000077c480000, 0x0000000780000000)
  object space 23040K, 98% used [0x000000077ae00000,0x000000077c42e3e8,0x000000077c480000)
}

