# JRE version: Java(TM) SE Runtime Environment (7.0_67-b01) (build 1.7.0_67-b01)
# Java VM: Java HotSpot(TM) 64-Bit Server VM (24.65-b04 mixed mode windows-amd64 compressed oops)
Heap
 PSYoungGen      total 431616K, used 160539K [0x00000007d5500000, 0x00000007f8e00000, 0x0000000800000000)
  eden space 349696K, 22% used [0x00000007d5500000,0x00000007da1ccac8,0x00000007eaa80000)
  from space 81920K, 99% used [0x00000007f1100000,0x00000007f60fa428,0x00000007f6100000)
  to   space 104960K, 0% used [0x00000007eaa80000,0x00000007eaa80000,0x00000007f1100000)
 ParOldGen       total 261632K, used 80075K [0x0000000780000000, 0x000000078ff80000, 0x00000007d5500000)
  object space 261632K, 30% used [0x0000000780000000,0x0000000784e32c28,0x000000078ff80000)
 PSPermGen       total 22528K, used 22138K [0x000000077ae00000, 0x000000077c400000, 0x0000000780000000)
  object space 22528K, 98% used [0x000000077ae00000,0x000000077c39eaf8,0x000000077c400000)
GC Heap History (10 events):
Event: 19.814 GC heap before
{Heap before GC invocations=4 (full 0):
 PSYoungGen      total 114688K, used 111065K [0x00000007d5500000, 0x00000007dd500000, 0x0000000800000000)
  eden space 98304K, 100% used [0x00000007d5500000,0x00000007db500000,0x00000007db500000)
  from space 16384K, 77% used [0x00000007db500000,0x00000007dc176620,0x00000007dc500000)
  to   space 16384K, 0% used [0x00000007dc500000,0x00000007dc500000,0x00000007dd500000)
 ParOldGen       total 261632K, used 24K [0x0000000780000000, 0x000000078ff80000, 0x00000007d5500000)
  object space 261632K, 0% used [0x0000000780000000,0x0000000780006000,0x000000078ff80000)
 PSPermGen       total 22528K, used 22057K [0x000000077ae00000, 0x000000077c400000, 0x0000000780000000)
  object space 22528K, 97% used [0x000000077ae00000,0x000000077c38a530,0x000000077c400000)
Event: 19.830 GC heap after
Heap after GC invocations=4 (full 0):
 PSYoungGen      total 114688K, used 16373K [0x00000007d5500000, 0x00000007dd500000, 0x0000000800000000)
  eden space 98304K, 0% used [0x00000007d5500000,0x00000007d5500000,0x00000007db500000)
  from space 16384K, 99% used [0x00000007dc500000,0x00000007dd4fd6a0,0x00000007dd500000)
  to   space 16384K, 0% used [0x00000007db500000,0x00000007db500000,0x00000007dc500000)
 ParOldGen       total 261632K, used 2432K [0x0000000780000000, 0x000000078ff80000, 0x00000007d5500000)
  object space 261632K, 0% used [0x0000000780000000,0x0000000780260140,0x000000078ff80000)
 PSPermGen       total 22528K, used 22057K [0x000000077ae00000, 0x000000077c400000, 0x0000000780000000)
  object space 22528K, 97% used [0x000000077ae00000,0x000000077c38a530,0x000000077c400000)
}
Event: 19.950 GC heap before
{Heap before GC invocations=5 (full 0):
 PSYoungGen      total 114688K, used 114677K [0x00000007d5500000, 0x00000007dd500000, 0x0000000800000000)
  eden space 98304K, 100% used [0x00000007d5500000,0x00000007db500000,0x00000007db500000)
  from space 16384K, 99% used [0x00000007dc500000,0x00000007dd4fd6a0,0x00000007dd500000)
  to   space 16384K, 0% used [0x00000007db500000,0x00000007db500000,0x00000007dc500000)
 ParOldGen       total 261632K, used 2432K [0x0000000780000000, 0x000000078ff80000, 0x00000007d5500000)
  object space 261632K, 0% used [0x0000000780000000,0x0000000780260140,0x000000078ff80000)
 PSPermGen       total 22528K, used 22070K [0x000000077ae00000, 0x000000077c400000, 0x0000000780000000)
  object space 22528K, 97% used [0x000000077ae00000,0x000000077c38db90,0x000000077c400000)
Event: 19.995 GC heap after
Heap after GC invocations=5 (full 0):
 PSYoungGen      total 114688K, used 16378K [0x00000007d5500000, 0x00000007e6700000, 0x0000000800000000)
  eden space 98304K, 0% used [0x00000007d5500000,0x00000007d5500000,0x00000007db500000)
  from space 16384K, 99% used [0x00000007db500000,0x00000007dc4fe8e8,0x00000007dc500000)
  to   space 41984K, 0% used [0x00000007e3e00000,0x00000007e3e00000,0x00000007e6700000)
 ParOldGen       total 261632K, used 28858K [0x0000000780000000, 0x000000078ff80000, 0x00000007d5500000)
  object space 261632K, 11% used [0x0000000780000000,0x0000000781c2eb50,0x000000078ff80000)
 PSPermGen       total 22528K, used 22070K [0x000000077ae00000, 0x000000077c400000, 0x0000000780000000)
  object space 22528K, 97% used [0x000000077ae00000,0x000000077c38db90,0x000000077c400000)
}
Event: 20.116 GC heap before
{Heap before GC invocations=6 (full 0):
 PSYoungGen      total 114688K, used 114682K [0x00000007d5500000, 0x00000007e6700000, 0x0000000800000000)
  eden space 98304K, 100% used [0x00000007d5500000,0x00000007db500000,0x00000007db500000)
  from space 16384K, 99% used [0x00000007db500000,0x00000007dc4fe8e8,0x00000007dc500000)
  to   space 41984K, 0% used [0x00000007e3e00000,0x00000007e3e00000,0x00000007e6700000)
 ParOldGen       total 261632K, used 28858K [0x0000000780000000, 0x000000078ff80000, 0x00000007d5500000)
  object space 261632K, 11% used [0x0000000780000000,0x0000000781c2eb50,0x000000078ff80000)
 PSPermGen       total 22528K, used 22072K [0x000000077ae00000, 0x000000077c400000, 0x0000000780000000)
  object space 22528K, 97% used [0x000000077ae00000,0x000000077c38e118,0x000000077c400000)
Event: 20.150 GC heap after
Heap after GC invocations=6 (full 0):
 PSYoungGen      total 228352K, used 41973K [0x00000007d5500000, 0x00000007e7b00000, 0x0000000800000000)
  eden space 186368K, 0% used [0x00000007d5500000,0x00000007d5500000,0x00000007e0b00000)
  from space 41984K, 99% used [0x00000007e3e00000,0x00000007e66fd558,0x00000007e6700000)
  to   space 52224K, 0% used [0x00000007e0b00000,0x00000007e0b00000,0x00000007e3e00000)
 ParOldGen       total 261632K, used 28882K [0x0000000780000000, 0x000000078ff80000, 0x00000007d5500000)
  object space 261632K, 11% used [0x0000000780000000,0x0000000781c34b50,0x000000078ff80000)
 PSPermGen       total 22528K, used 22072K [0x000000077ae00000, 0x000000077c400000, 0x0000000780000000)
  object space 22528K, 97% used [0x000000077ae00000,0x000000077c38e118,0x000000077c400000)
}
Event: 20.392 GC heap before
{Heap before GC invocations=7 (full 0):
 PSYoungGen      total 228352K, used 228341K [0x00000007d5500000, 0x00000007e7b00000, 0x0000000800000000)
  eden space 186368K, 100% used [0x00000007d5500000,0x00000007e0b00000,0x00000007e0b00000)
  from space 41984K, 99% used [0x00000007e3e00000,0x00000007e66fd558,0x00000007e6700000)
  to   space 52224K, 0% used [0x00000007e0b00000,0x00000007e0b00000,0x00000007e3e00000)
 ParOldGen       total 261632K, used 28882K [0x0000000780000000, 0x000000078ff80000, 0x00000007d5500000)
  object space 261632K, 11% used [0x0000000780000000,0x0000000781c34b50,0x000000078ff80000)
 PSPermGen       total 22528K, used 22079K [0x000000077ae00000, 0x000000077c400000, 0x0000000780000000)
  object space 22528K, 98% used [0x000000077ae00000,0x000000077c38fd40,0x000000077c400000)
Event: 20.483 GC heap after
Heap after GC invocations=7 (full 0):
 PSYoungGen      total 238592K, used 52199K [0x00000007d5500000, 0x00000007f6100000, 0x0000000800000000)
  eden space 186368K, 0% used [0x00000007d5500000,0x00000007d5500000,0x00000007e0b00000)
  from space 52224K, 99% used [0x00000007e0b00000,0x00000007e3df9f48,0x00000007e3e00000)
  to   space 81920K, 0% used [0x00000007f1100000,0x00000007f1100000,0x00000007f6100000)
 ParOldGen       total 261632K, used 65370K [0x0000000780000000, 0x000000078ff80000, 0x00000007d5500000)
  object space 261632K, 24% used [0x0000000780000000,0x0000000783fd6908,0x000000078ff80000)
 PSPermGen       total 22528K, used 22079K [0x000000077ae00000, 0x000000077c400000, 0x0000000780000000)
  object space 22528K, 98% used [0x000000077ae00000,0x000000077c38fd40,0x000000077c400000)
}
Event: 20.828 GC heap before
{Heap before GC invocations=8 (full 0):
 PSYoungGen      total 238592K, used 238567K [0x00000007d5500000, 0x00000007f6100000, 0x0000000800000000)
  eden space 186368K, 100% used [0x00000007d5500000,0x00000007e0b00000,0x00000007e0b00000)
  from space 52224K, 99% used [0x00000007e0b00000,0x00000007e3df9f48,0x00000007e3e00000)
  to   space 81920K, 0% used [0x00000007f1100000,0x00000007f1100000,0x00000007f6100000)
 ParOldGen       total 261632K, used 65370K [0x0000000780000000, 0x000000078ff80000, 0x00000007d5500000)
  object space 261632K, 24% used [0x0000000780000000,0x0000000783fd6908,0x000000078ff80000)
 PSPermGen       total 22528K, used 22132K [0x000000077ae00000, 0x000000077c400000, 0x0000000780000000)
  object space 22528K, 98% used [0x000000077ae00000,0x000000077c39d1e8,0x000000077c400000)
Event: 20.948 GC heap after
Heap after GC invocations=8 (full 0):
 PSYoungGen      total 431616K, used 81897K [0x00000007d5500000, 0x00000007f8e00000, 0x0000000800000000)
  eden space 349696K, 0% used [0x00000007d5500000,0x00000007d5500000,0x00000007eaa80000)
  from space 81920K, 99% used [0x00000007f1100000,0x00000007f60fa428,0x00000007f6100000)
  to   space 104960K, 0% used [0x00000007eaa80000,0x00000007eaa80000,0x00000007f1100000)
 ParOldGen       total 261632K, used 80075K [0x0000000780000000, 0x000000078ff80000, 0x00000007d5500000)
  object space 261632K, 30% used [0x0000000780000000,0x0000000784e32c28,0x000000078ff80000)
 PSPermGen       total 22528K, used 22132K [0x000000077ae00000, 0x000000077c400000, 0x0000000780000000)
  object space 22528K, 98% used [0x000000077ae00000,0x000000077c39d1e8,0x000000077c400000)
}

