# JRE version: Java(TM) SE Runtime Environment (7.0_67-b01) (build 1.7.0_67-b01)
# Java VM: Java HotSpot(TM) 64-Bit Server VM (24.65-b04 mixed mode windows-amd64 compressed oops)
Heap
 PSYoungGen      total 421376K, used 187581K [0x00000007d5500000, 0x00000007f8400000, 0x0000000800000000)
  eden space 344064K, 32% used [0x00000007d5500000,0x00000007dc0b51c8,0x00000007ea500000)
  from space 77312K, 99% used [0x00000007f0880000,0x00000007f53fa428,0x00000007f5400000)
  to   space 101888K, 0% used [0x00000007ea500000,0x00000007ea500000,0x00000007f0880000)
 ParOldGen       total 261632K, used 81880K [0x0000000780000000, 0x000000078ff80000, 0x00000007d5500000)
  object space 261632K, 31% used [0x0000000780000000,0x0000000784ff63f0,0x000000078ff80000)
 PSPermGen       total 22528K, used 22476K [0x000000077ae00000, 0x000000077c400000, 0x0000000780000000)
  object space 22528K, 99% used [0x000000077ae00000,0x000000077c3f31c0,0x000000077c400000)
GC Heap History (10 events):
Event: 21.452 GC heap before
{Heap before GC invocations=4 (full 0):
 PSYoungGen      total 114688K, used 107282K [0x00000007d5500000, 0x00000007dd500000, 0x0000000800000000)
  eden space 98304K, 100% used [0x00000007d5500000,0x00000007db500000,0x00000007db500000)
  from space 16384K, 54% used [0x00000007db500000,0x00000007dbdc4940,0x00000007dc500000)
  to   space 16384K, 0% used [0x00000007dc500000,0x00000007dc500000,0x00000007dd500000)
 ParOldGen       total 261632K, used 16K [0x0000000780000000, 0x000000078ff80000, 0x00000007d5500000)
  object space 261632K, 0% used [0x0000000780000000,0x0000000780004000,0x000000078ff80000)
 PSPermGen       total 22528K, used 22167K [0x000000077ae00000, 0x000000077c400000, 0x0000000780000000)
  object space 22528K, 98% used [0x000000077ae00000,0x000000077c3a5e70,0x000000077c400000)
Event: 21.464 GC heap after
Heap after GC invocations=4 (full 0):
 PSYoungGen      total 114688K, used 16140K [0x00000007d5500000, 0x00000007dd500000, 0x0000000800000000)
  eden space 98304K, 0% used [0x00000007d5500000,0x00000007d5500000,0x00000007db500000)
  from space 16384K, 98% used [0x00000007dc500000,0x00000007dd4c3030,0x00000007dd500000)
  to   space 16384K, 0% used [0x00000007db500000,0x00000007db500000,0x00000007dc500000)
 ParOldGen       total 261632K, used 24K [0x0000000780000000, 0x000000078ff80000, 0x00000007d5500000)
  object space 261632K, 0% used [0x0000000780000000,0x0000000780006000,0x000000078ff80000)
 PSPermGen       total 22528K, used 22167K [0x000000077ae00000, 0x000000077c400000, 0x0000000780000000)
  object space 22528K, 98% used [0x000000077ae00000,0x000000077c3a5e70,0x000000077c400000)
}
Event: 21.573 GC heap before
{Heap before GC invocations=5 (full 0):
 PSYoungGen      total 114688K, used 114444K [0x00000007d5500000, 0x00000007dd500000, 0x0000000800000000)
  eden space 98304K, 100% used [0x00000007d5500000,0x00000007db500000,0x00000007db500000)
  from space 16384K, 98% used [0x00000007dc500000,0x00000007dd4c3030,0x00000007dd500000)
  to   space 16384K, 0% used [0x00000007db500000,0x00000007db500000,0x00000007dc500000)
 ParOldGen       total 261632K, used 24K [0x0000000780000000, 0x000000078ff80000, 0x00000007d5500000)
  object space 261632K, 0% used [0x0000000780000000,0x0000000780006000,0x000000078ff80000)
 PSPermGen       total 22528K, used 22176K [0x000000077ae00000, 0x000000077c400000, 0x0000000780000000)
  object space 22528K, 98% used [0x000000077ae00000,0x000000077c3a8228,0x000000077c400000)
Event: 21.614 GC heap after
Heap after GC invocations=5 (full 0):
 PSYoungGen      total 114688K, used 16363K [0x00000007d5500000, 0x00000007e5e00000, 0x0000000800000000)
  eden space 98304K, 0% used [0x00000007d5500000,0x00000007d5500000,0x00000007db500000)
  from space 16384K, 99% used [0x00000007db500000,0x00000007dc4faea0,0x00000007dc500000)
  to   space 37376K, 0% used [0x00000007e3980000,0x00000007e3980000,0x00000007e5e00000)
 ParOldGen       total 261632K, used 23864K [0x0000000780000000, 0x000000078ff80000, 0x00000007d5500000)
  object space 261632K, 9% used [0x0000000780000000,0x000000078174e000,0x000000078ff80000)
 PSPermGen       total 22528K, used 22176K [0x000000077ae00000, 0x000000077c400000, 0x0000000780000000)
  object space 22528K, 98% used [0x000000077ae00000,0x000000077c3a8228,0x000000077c400000)
}
Event: 21.725 GC heap before
{Heap before GC invocations=6 (full 0):
 PSYoungGen      total 114688K, used 114667K [0x00000007d5500000, 0x00000007e5e00000, 0x0000000800000000)
  eden space 98304K, 100% used [0x00000007d5500000,0x00000007db500000,0x00000007db500000)
  from space 16384K, 99% used [0x00000007db500000,0x00000007dc4faea0,0x00000007dc500000)
  to   space 37376K, 0% used [0x00000007e3980000,0x00000007e3980000,0x00000007e5e00000)
 ParOldGen       total 261632K, used 23864K [0x0000000780000000, 0x000000078ff80000, 0x00000007d5500000)
  object space 261632K, 9% used [0x0000000780000000,0x000000078174e000,0x000000078ff80000)
 PSPermGen       total 22528K, used 22177K [0x000000077ae00000, 0x000000077c400000, 0x0000000780000000)
  object space 22528K, 98% used [0x000000077ae00000,0x000000077c3a8500,0x000000077c400000)
Event: 21.766 GC heap after
Heap after GC invocations=6 (full 0):
 PSYoungGen      total 221696K, used 37358K [0x00000007d5500000, 0x00000007e7600000, 0x0000000800000000)
  eden space 184320K, 0% used [0x00000007d5500000,0x00000007d5500000,0x00000007e0900000)
  from space 37376K, 99% used [0x00000007e3980000,0x00000007e5dfbb40,0x00000007e5e00000)
  to   space 49664K, 0% used [0x00000007e0900000,0x00000007e0900000,0x00000007e3980000)
 ParOldGen       total 261632K, used 29248K [0x0000000780000000, 0x000000078ff80000, 0x00000007d5500000)
  object space 261632K, 11% used [0x0000000780000000,0x0000000781c90000,0x000000078ff80000)
 PSPermGen       total 22528K, used 22177K [0x000000077ae00000, 0x000000077c400000, 0x0000000780000000)
  object space 22528K, 98% used [0x000000077ae00000,0x000000077c3a8500,0x000000077c400000)
}
Event: 22.001 GC heap before
{Heap before GC invocations=7 (full 0):
 PSYoungGen      total 221696K, used 221678K [0x00000007d5500000, 0x00000007e7600000, 0x0000000800000000)
  eden space 184320K, 100% used [0x00000007d5500000,0x00000007e0900000,0x00000007e0900000)
  from space 37376K, 99% used [0x00000007e3980000,0x00000007e5dfbb40,0x00000007e5e00000)
  to   space 49664K, 0% used [0x00000007e0900000,0x00000007e0900000,0x00000007e3980000)
 ParOldGen       total 261632K, used 29248K [0x0000000780000000, 0x000000078ff80000, 0x00000007d5500000)
  object space 261632K, 11% used [0x0000000780000000,0x0000000781c90000,0x000000078ff80000)
 PSPermGen       total 22528K, used 22179K [0x000000077ae00000, 0x000000077c400000, 0x0000000780000000)
  object space 22528K, 98% used [0x000000077ae00000,0x000000077c3a8d20,0x000000077c400000)
Event: 22.080 GC heap after
Heap after GC invocations=7 (full 0):
 PSYoungGen      total 233984K, used 49659K [0x00000007d5500000, 0x00000007f5400000, 0x0000000800000000)
  eden space 184320K, 0% used [0x00000007d5500000,0x00000007d5500000,0x00000007e0900000)
  from space 49664K, 99% used [0x00000007e0900000,0x00000007e397ee30,0x00000007e3980000)
  to   space 77312K, 0% used [0x00000007f0880000,0x00000007f0880000,0x00000007f5400000)
 ParOldGen       total 261632K, used 62345K [0x0000000780000000, 0x000000078ff80000, 0x00000007d5500000)
  object space 261632K, 23% used [0x0000000780000000,0x0000000783ce25b8,0x000000078ff80000)
 PSPermGen       total 22528K, used 22179K [0x000000077ae00000, 0x000000077c400000, 0x0000000780000000)
  object space 22528K, 98% used [0x000000077ae00000,0x000000077c3a8d20,0x000000077c400000)
}
Event: 22.331 GC heap before
{Heap before GC invocations=8 (full 0):
 PSYoungGen      total 233984K, used 233979K [0x00000007d5500000, 0x00000007f5400000, 0x0000000800000000)
  eden space 184320K, 100% used [0x00000007d5500000,0x00000007e0900000,0x00000007e0900000)
  from space 49664K, 99% used [0x00000007e0900000,0x00000007e397ee30,0x00000007e3980000)
  to   space 77312K, 0% used [0x00000007f0880000,0x00000007f0880000,0x00000007f5400000)
 ParOldGen       total 261632K, used 62345K [0x0000000780000000, 0x000000078ff80000, 0x00000007d5500000)
  object space 261632K, 23% used [0x0000000780000000,0x0000000783ce25b8,0x000000078ff80000)
 PSPermGen       total 22528K, used 22186K [0x000000077ae00000, 0x000000077c400000, 0x0000000780000000)
  object space 22528K, 98% used [0x000000077ae00000,0x000000077c3aab78,0x000000077c400000)
Event: 22.406 GC heap after
Heap after GC invocations=8 (full 0):
 PSYoungGen      total 421376K, used 77289K [0x00000007d5500000, 0x00000007f8400000, 0x0000000800000000)
  eden space 344064K, 0% used [0x00000007d5500000,0x00000007d5500000,0x00000007ea500000)
  from space 77312K, 99% used [0x00000007f0880000,0x00000007f53fa428,0x00000007f5400000)
  to   space 101888K, 0% used [0x00000007ea500000,0x00000007ea500000,0x00000007f0880000)
 ParOldGen       total 261632K, used 81880K [0x0000000780000000, 0x000000078ff80000, 0x00000007d5500000)
  object space 261632K, 31% used [0x0000000780000000,0x0000000784ff63f0,0x000000078ff80000)
 PSPermGen       total 22528K, used 22186K [0x000000077ae00000, 0x000000077c400000, 0x0000000780000000)
  object space 22528K, 98% used [0x000000077ae00000,0x000000077c3aab78,0x000000077c400000)
}

