# JRE version: Java(TM) SE Runtime Environment (8.0_31-b13) (build 1.8.0_31-b13)
# Java VM: Java HotSpot(TM) 64-Bit Server VM (25.31-b07 mixed mode windows-amd64 compressed oops)
Heap:
 PSYoungGen      total 415744K, used 52620K [0x0000000740000000, 0x0000000761e00000, 0x00000007c0000000)
  eden space 369152K, 1% used [0x0000000740000000,0x0000000740638f98,0x0000000756880000)
  from space 46592K, 99% used [0x000000075f080000,0x0000000761daa090,0x0000000761e00000)
  to   space 90624K, 0% used [0x0000000756d00000,0x0000000756d00000,0x000000075c580000)
 ParOldGen       total 518656K, used 320432K [0x0000000640000000, 0x000000065fa80000, 0x0000000740000000)
  object space 518656K, 61% used [0x0000000640000000,0x00000006538ec100,0x000000065fa80000)
 Metaspace       used 24032K, capacity 24403K, committed 24704K, reserved 1071104K
  class space    used 2730K, capacity 2819K, committed 2944K, reserved 1048576K
GC Heap History (10 events):
Event: 20.687 GC heap before
{Heap before GC invocations=13 (full 2):
 PSYoungGen      total 291840K, used 275361K [0x0000000740000000, 0x0000000758580000, 0x00000007c0000000)
  eden space 233984K, 100% used [0x0000000740000000,0x000000074e480000,0x000000074e480000)
  from space 57856K, 71% used [0x0000000752d00000,0x0000000755568760,0x0000000756580000)
  to   space 74240K, 0% used [0x000000074e480000,0x000000074e480000,0x0000000752d00000)
 ParOldGen       total 268800K, used 104525K [0x0000000640000000, 0x0000000650680000, 0x0000000740000000)
  object space 268800K, 38% used [0x0000000640000000,0x0000000646613580,0x0000000650680000)
 Metaspace       used 23772K, capacity 24083K, committed 24320K, reserved 1071104K
  class space    used 2703K, capacity 2755K, committed 2816K, reserved 1048576K
Event: 20.780 GC heap after
Heap after GC invocations=13 (full 2):
 PSYoungGen      total 308224K, used 52329K [0x0000000740000000, 0x000000075c980000, 0x00000007c0000000)
  eden space 233984K, 0% used [0x0000000740000000,0x0000000740000000,0x000000074e480000)
  from space 74240K, 70% used [0x000000074e480000,0x000000075179a798,0x0000000752d00000)
  to   space 78848K, 0% used [0x0000000757c80000,0x0000000757c80000,0x000000075c980000)
 ParOldGen       total 268800K, used 146221K [0x0000000640000000, 0x0000000650680000, 0x0000000740000000)
  object space 268800K, 54% used [0x0000000640000000,0x0000000648ecb580,0x0000000650680000)
 Metaspace       used 23772K, capacity 24083K, committed 24320K, reserved 1071104K
  class space    used 2703K, capacity 2755K, committed 2816K, reserved 1048576K
}
Event: 21.081 GC heap before
{Heap before GC invocations=14 (full 2):
 PSYoungGen      total 308224K, used 286313K [0x0000000740000000, 0x000000075c980000, 0x00000007c0000000)
  eden space 233984K, 100% used [0x0000000740000000,0x000000074e480000,0x000000074e480000)
  from space 74240K, 70% used [0x000000074e480000,0x000000075179a798,0x0000000752d00000)
  to   space 78848K, 0% used [0x0000000757c80000,0x0000000757c80000,0x000000075c980000)
 ParOldGen       total 268800K, used 146221K [0x0000000640000000, 0x0000000650680000, 0x0000000740000000)
  object space 268800K, 54% used [0x0000000640000000,0x0000000648ecb580,0x0000000650680000)
 Metaspace       used 23775K, capacity 24083K, committed 24320K, reserved 1071104K
  class space    used 2703K, capacity 2755K, committed 2816K, reserved 1048576K
Event: 21.167 GC heap after
Heap after GC invocations=14 (full 2):
 PSYoungGen      total 385536K, used 52894K [0x0000000740000000, 0x000000075d600000, 0x00000007c0000000)
  eden space 306688K, 0% used [0x0000000740000000,0x0000000740000000,0x0000000752b80000)
  from space 78848K, 67% used [0x0000000757c80000,0x000000075b027b58,0x000000075c980000)
  to   space 82944K, 0% used [0x0000000752b80000,0x0000000752b80000,0x0000000757c80000)
 ParOldGen       total 268800K, used 197821K [0x0000000640000000, 0x0000000650680000, 0x0000000740000000)
  object space 268800K, 73% used [0x0000000640000000,0x000000064c12f580,0x0000000650680000)
 Metaspace       used 23775K, capacity 24083K, committed 24320K, reserved 1071104K
  class space    used 2703K, capacity 2755K, committed 2816K, reserved 1048576K
}
Event: 21.560 GC heap before
{Heap before GC invocations=15 (full 2):
 PSYoungGen      total 385536K, used 359582K [0x0000000740000000, 0x000000075d600000, 0x00000007c0000000)
  eden space 306688K, 100% used [0x0000000740000000,0x0000000752b80000,0x0000000752b80000)
  from space 78848K, 67% used [0x0000000757c80000,0x000000075b027b58,0x000000075c980000)
  to   space 82944K, 0% used [0x0000000752b80000,0x0000000752b80000,0x0000000757c80000)
 ParOldGen       total 268800K, used 197821K [0x0000000640000000, 0x0000000650680000, 0x0000000740000000)
  object space 268800K, 73% used [0x0000000640000000,0x000000064c12f580,0x0000000650680000)
 Metaspace       used 23780K, capacity 24083K, committed 24320K, reserved 1071104K
  class space    used 2703K, capacity 2755K, committed 2816K, reserved 1048576K
Event: 21.661 GC heap after
Heap after GC invocations=15 (full 2):
 PSYoungGen      total 389632K, used 71232K [0x0000000740000000, 0x0000000764a80000, 0x00000007c0000000)
  eden space 306688K, 0% used [0x0000000740000000,0x0000000740000000,0x0000000752b80000)
  from space 82944K, 85% used [0x0000000752b80000,0x0000000757110000,0x0000000757c80000)
  to   space 92160K, 0% used [0x000000075f080000,0x000000075f080000,0x0000000764a80000)
 ParOldGen       total 268800K, used 250932K [0x0000000640000000, 0x0000000650680000, 0x0000000740000000)
  object space 268800K, 93% used [0x0000000640000000,0x000000064f50d0d8,0x0000000650680000)
 Metaspace       used 23780K, capacity 24083K, committed 24320K, reserved 1071104K
  class space    used 2703K, capacity 2755K, committed 2816K, reserved 1048576K
}
Event: 21.661 GC heap before
{Heap before GC invocations=16 (full 3):
 PSYoungGen      total 389632K, used 71232K [0x0000000740000000, 0x0000000764a80000, 0x00000007c0000000)
  eden space 306688K, 0% used [0x0000000740000000,0x0000000740000000,0x0000000752b80000)
  from space 82944K, 85% used [0x0000000752b80000,0x0000000757110000,0x0000000757c80000)
  to   space 92160K, 0% used [0x000000075f080000,0x000000075f080000,0x0000000764a80000)
 ParOldGen       total 268800K, used 250932K [0x0000000640000000, 0x0000000650680000, 0x0000000740000000)
  object space 268800K, 93% used [0x0000000640000000,0x000000064f50d0d8,0x0000000650680000)
 Metaspace       used 23780K, capacity 24083K, committed 24320K, reserved 1071104K
  class space    used 2703K, capacity 2755K, committed 2816K, reserved 1048576K
Event: 23.683 GC heap after
Heap after GC invocations=16 (full 3):
 PSYoungGen      total 389632K, used 51607K [0x0000000740000000, 0x0000000764a80000, 0x00000007c0000000)
  eden space 306688K, 0% used [0x0000000740000000,0x0000000740000000,0x0000000752b80000)
  from space 82944K, 62% used [0x0000000752b80000,0x0000000755de5cb0,0x0000000757c80000)
  to   space 92160K, 0% used [0x000000075f080000,0x000000075f080000,0x0000000764a80000)
 ParOldGen       total 518656K, used 268584K [0x0000000640000000, 0x000000065fa80000, 0x0000000740000000)
  object space 518656K, 51% used [0x0000000640000000,0x000000065064a100,0x000000065fa80000)
 Metaspace       used 23780K, capacity 24083K, committed 24320K, reserved 1071104K
  class space    used 2703K, capacity 2755K, committed 2816K, reserved 1048576K
}
Event: 24.449 GC heap before
{Heap before GC invocations=17 (full 3):
 PSYoungGen      total 389632K, used 357748K [0x0000000740000000, 0x0000000764a80000, 0x00000007c0000000)
  eden space 306688K, 99% used [0x0000000740000000,0x0000000752af75d8,0x0000000752b80000)
  from space 82944K, 62% used [0x0000000752b80000,0x0000000755de5cb0,0x0000000757c80000)
  to   space 92160K, 0% used [0x000000075f080000,0x000000075f080000,0x0000000764a80000)
 ParOldGen       total 518656K, used 268584K [0x0000000640000000, 0x000000065fa80000, 0x0000000740000000)
  object space 518656K, 51% used [0x0000000640000000,0x000000065064a100,0x000000065fa80000)
 Metaspace       used 24023K, capacity 24275K, committed 24704K, reserved 1071104K
  class space    used 2730K, capacity 2819K, committed 2944K, reserved 1048576K
Event: 24.611 GC heap after
Heap after GC invocations=17 (full 3):
 PSYoungGen      total 415744K, used 46248K [0x0000000740000000, 0x0000000761e00000, 0x00000007c0000000)
  eden space 369152K, 0% used [0x0000000740000000,0x0000000740000000,0x0000000756880000)
  from space 46592K, 99% used [0x000000075f080000,0x0000000761daa090,0x0000000761e00000)
  to   space 90624K, 0% used [0x0000000756d00000,0x0000000756d00000,0x000000075c580000)
 ParOldGen       total 518656K, used 320432K [0x0000000640000000, 0x000000065fa80000, 0x0000000740000000)
  object space 518656K, 61% used [0x0000000640000000,0x00000006538ec100,0x000000065fa80000)
 Metaspace       used 24023K, capacity 24275K, committed 24704K, reserved 1071104K
  class space    used 2730K, capacity 2819K, committed 2944K, reserved 1048576K
}

