# JRE version: Java(TM) SE Runtime Environment (7.0_67-b01) (build 1.7.0_67-b01)
# Java VM: Java HotSpot(TM) 64-Bit Server VM (24.65-b04 mixed mode windows-amd64 compressed oops)
Heap
 PSYoungGen      total 425984K, used 183063K [0x00000007d5500000, 0x00000007f8700000, 0x0000000800000000)
  eden space 347136K, 30% used [0x00000007d5500000,0x00000007dbacb8a8,0x00000007ea800000)
  from space 78848K, 99% used [0x00000007f0c00000,0x00000007f58fa428,0x00000007f5900000)
  to   space 102400K, 0% used [0x00000007ea800000,0x00000007ea800000,0x00000007f0c00000)
 ParOldGen       total 261632K, used 81178K [0x0000000780000000, 0x000000078ff80000, 0x00000007d5500000)
  object space 261632K, 31% used [0x0000000780000000,0x0000000784f468b0,0x000000078ff80000)
 PSPermGen       total 22528K, used 22459K [0x000000077ae00000, 0x000000077c400000, 0x0000000780000000)
  object space 22528K, 99% used [0x000000077ae00000,0x000000077c3eeeb0,0x000000077c400000)
GC Heap History (10 events):
Event: 17.802 GC heap before
{Heap before GC invocations=4 (full 0):
 PSYoungGen      total 114688K, used 107792K [0x00000007d5500000, 0x00000007dd500000, 0x0000000800000000)
  eden space 98304K, 100% used [0x00000007d5500000,0x00000007db500000,0x00000007db500000)
  from space 16384K, 57% used [0x00000007db500000,0x00000007dbe442b8,0x00000007dc500000)
  to   space 16384K, 0% used [0x00000007dc500000,0x00000007dc500000,0x00000007dd500000)
 ParOldGen       total 261632K, used 16K [0x0000000780000000, 0x000000078ff80000, 0x00000007d5500000)
  object space 261632K, 0% used [0x0000000780000000,0x0000000780004000,0x000000078ff80000)
 PSPermGen       total 22528K, used 22144K [0x000000077ae00000, 0x000000077c400000, 0x0000000780000000)
  object space 22528K, 98% used [0x000000077ae00000,0x000000077c3a0160,0x000000077c400000)
Event: 17.816 GC heap after
Heap after GC invocations=4 (full 0):
 PSYoungGen      total 114688K, used 16366K [0x00000007d5500000, 0x00000007dd500000, 0x0000000800000000)
  eden space 98304K, 0% used [0x00000007d5500000,0x00000007d5500000,0x00000007db500000)
  from space 16384K, 99% used [0x00000007dc500000,0x00000007dd4fb8e0,0x00000007dd500000)
  to   space 16384K, 0% used [0x00000007db500000,0x00000007db500000,0x00000007dc500000)
 ParOldGen       total 261632K, used 1014K [0x0000000780000000, 0x000000078ff80000, 0x00000007d5500000)
  object space 261632K, 0% used [0x0000000780000000,0x00000007800fdb18,0x000000078ff80000)
 PSPermGen       total 22528K, used 22144K [0x000000077ae00000, 0x000000077c400000, 0x0000000780000000)
  object space 22528K, 98% used [0x000000077ae00000,0x000000077c3a0160,0x000000077c400000)
}
Event: 17.934 GC heap before
{Heap before GC invocations=5 (full 0):
 PSYoungGen      total 114688K, used 114670K [0x00000007d5500000, 0x00000007dd500000, 0x0000000800000000)
  eden space 98304K, 100% used [0x00000007d5500000,0x00000007db500000,0x00000007db500000)
  from space 16384K, 99% used [0x00000007dc500000,0x00000007dd4fb8e0,0x00000007dd500000)
  to   space 16384K, 0% used [0x00000007db500000,0x00000007db500000,0x00000007dc500000)
 ParOldGen       total 261632K, used 1014K [0x0000000780000000, 0x000000078ff80000, 0x00000007d5500000)
  object space 261632K, 0% used [0x0000000780000000,0x00000007800fdb18,0x000000078ff80000)
 PSPermGen       total 22528K, used 22153K [0x000000077ae00000, 0x000000077c400000, 0x0000000780000000)
  object space 22528K, 98% used [0x000000077ae00000,0x000000077c3a27e0,0x000000077c400000)
Event: 17.983 GC heap after
Heap after GC invocations=5 (full 0):
 PSYoungGen      total 114688K, used 16367K [0x00000007d5500000, 0x00000007e6100000, 0x0000000800000000)
  eden space 98304K, 0% used [0x00000007d5500000,0x00000007d5500000,0x00000007db500000)
  from space 16384K, 99% used [0x00000007db500000,0x00000007dc4fbfe8,0x00000007dc500000)
  to   space 38912K, 0% used [0x00000007e3b00000,0x00000007e3b00000,0x00000007e6100000)
 ParOldGen       total 261632K, used 26150K [0x0000000780000000, 0x000000078ff80000, 0x00000007d5500000)
  object space 261632K, 9% used [0x0000000780000000,0x0000000781989b18,0x000000078ff80000)
 PSPermGen       total 22528K, used 22153K [0x000000077ae00000, 0x000000077c400000, 0x0000000780000000)
  object space 22528K, 98% used [0x000000077ae00000,0x000000077c3a27e0,0x000000077c400000)
}
Event: 18.094 GC heap before
{Heap before GC invocations=6 (full 0):
 PSYoungGen      total 114688K, used 114671K [0x00000007d5500000, 0x00000007e6100000, 0x0000000800000000)
  eden space 98304K, 100% used [0x00000007d5500000,0x00000007db500000,0x00000007db500000)
  from space 16384K, 99% used [0x00000007db500000,0x00000007dc4fbfe8,0x00000007dc500000)
  to   space 38912K, 0% used [0x00000007e3b00000,0x00000007e3b00000,0x00000007e6100000)
 ParOldGen       total 261632K, used 26150K [0x0000000780000000, 0x000000078ff80000, 0x00000007d5500000)
  object space 261632K, 9% used [0x0000000780000000,0x0000000781989b18,0x000000078ff80000)
 PSPermGen       total 22528K, used 22154K [0x000000077ae00000, 0x000000077c400000, 0x0000000780000000)
  object space 22528K, 98% used [0x000000077ae00000,0x000000077c3a2888,0x000000077c400000)
Event: 18.131 GC heap after
Heap after GC invocations=6 (full 0):
 PSYoungGen      total 224256K, used 38884K [0x00000007d5500000, 0x00000007e7700000, 0x0000000800000000)
  eden space 185344K, 0% used [0x00000007d5500000,0x00000007d5500000,0x00000007e0a00000)
  from space 38912K, 99% used [0x00000007e3b00000,0x00000007e60f9370,0x00000007e6100000)
  to   space 50176K, 0% used [0x00000007e0a00000,0x00000007e0a00000,0x00000007e3b00000)
 ParOldGen       total 261632K, used 29214K [0x0000000780000000, 0x000000078ff80000, 0x00000007d5500000)
  object space 261632K, 11% used [0x0000000780000000,0x0000000781c87b18,0x000000078ff80000)
 PSPermGen       total 22528K, used 22154K [0x000000077ae00000, 0x000000077c400000, 0x0000000780000000)
  object space 22528K, 98% used [0x000000077ae00000,0x000000077c3a2888,0x000000077c400000)
}
Event: 18.365 GC heap before
{Heap before GC invocations=7 (full 0):
 PSYoungGen      total 224256K, used 224228K [0x00000007d5500000, 0x00000007e7700000, 0x0000000800000000)
  eden space 185344K, 100% used [0x00000007d5500000,0x00000007e0a00000,0x00000007e0a00000)
  from space 38912K, 99% used [0x00000007e3b00000,0x00000007e60f9370,0x00000007e6100000)
  to   space 50176K, 0% used [0x00000007e0a00000,0x00000007e0a00000,0x00000007e3b00000)
 ParOldGen       total 261632K, used 29214K [0x0000000780000000, 0x000000078ff80000, 0x00000007d5500000)
  object space 261632K, 11% used [0x0000000780000000,0x0000000781c87b18,0x000000078ff80000)
 PSPermGen       total 22528K, used 22161K [0x000000077ae00000, 0x000000077c400000, 0x0000000780000000)
  object space 22528K, 98% used [0x000000077ae00000,0x000000077c3a4638,0x000000077c400000)
Event: 18.459 GC heap after
Heap after GC invocations=7 (full 0):
 PSYoungGen      total 235520K, used 50173K [0x00000007d5500000, 0x00000007f5900000, 0x0000000800000000)
  eden space 185344K, 0% used [0x00000007d5500000,0x00000007d5500000,0x00000007e0a00000)
  from space 50176K, 99% used [0x00000007e0a00000,0x00000007e3aff4f8,0x00000007e3b00000)
  to   space 78848K, 0% used [0x00000007f0c00000,0x00000007f0c00000,0x00000007f5900000)
 ParOldGen       total 261632K, used 63860K [0x0000000780000000, 0x000000078ff80000, 0x00000007d5500000)
  object space 261632K, 24% used [0x0000000780000000,0x0000000783e5d288,0x000000078ff80000)
 PSPermGen       total 22528K, used 22161K [0x000000077ae00000, 0x000000077c400000, 0x0000000780000000)
  object space 22528K, 98% used [0x000000077ae00000,0x000000077c3a4638,0x000000077c400000)
}
Event: 18.758 GC heap before
{Heap before GC invocations=8 (full 0):
 PSYoungGen      total 235520K, used 235517K [0x00000007d5500000, 0x00000007f5900000, 0x0000000800000000)
  eden space 185344K, 100% used [0x00000007d5500000,0x00000007e0a00000,0x00000007e0a00000)
  from space 50176K, 99% used [0x00000007e0a00000,0x00000007e3aff4f8,0x00000007e3b00000)
  to   space 78848K, 0% used [0x00000007f0c00000,0x00000007f0c00000,0x00000007f5900000)
 ParOldGen       total 261632K, used 63860K [0x0000000780000000, 0x000000078ff80000, 0x00000007d5500000)
  object space 261632K, 24% used [0x0000000780000000,0x0000000783e5d288,0x000000078ff80000)
 PSPermGen       total 22528K, used 22180K [0x000000077ae00000, 0x000000077c400000, 0x0000000780000000)
  object space 22528K, 98% used [0x000000077ae00000,0x000000077c3a91f0,0x000000077c400000)
Event: 18.836 GC heap after
Heap after GC invocations=8 (full 0):
 PSYoungGen      total 425984K, used 78825K [0x00000007d5500000, 0x00000007f8700000, 0x0000000800000000)
  eden space 347136K, 0% used [0x00000007d5500000,0x00000007d5500000,0x00000007ea800000)
  from space 78848K, 99% used [0x00000007f0c00000,0x00000007f58fa428,0x00000007f5900000)
  to   space 102400K, 0% used [0x00000007ea800000,0x00000007ea800000,0x00000007f0c00000)
 ParOldGen       total 261632K, used 81178K [0x0000000780000000, 0x000000078ff80000, 0x00000007d5500000)
  object space 261632K, 31% used [0x0000000780000000,0x0000000784f468b0,0x000000078ff80000)
 PSPermGen       total 22528K, used 22180K [0x000000077ae00000, 0x000000077c400000, 0x0000000780000000)
  object space 22528K, 98% used [0x000000077ae00000,0x000000077c3a91f0,0x000000077c400000)
}

