# JRE version: Java(TM) SE Runtime Environment (7.0_67-b01) (build 1.7.0_67-b01)
# Java VM: Java HotSpot(TM) 64-Bit Server VM (24.65-b04 mixed mode windows-amd64 compressed oops)
Heap
 PSYoungGen      total 431616K, used 173705K [0x00000007d5500000, 0x00000007f8b00000, 0x0000000800000000)
  eden space 351232K, 26% used [0x00000007d5500000,0x00000007db0281f0,0x00000007eac00000)
  from space 80384K, 99% used [0x00000007f1080000,0x00000007f5efa428,0x00000007f5f00000)
  to   space 102912K, 0% used [0x00000007eac00000,0x00000007eac00000,0x00000007f1080000)
 ParOldGen       total 261632K, used 79959K [0x0000000780000000, 0x000000078ff80000, 0x00000007d5500000)
  object space 261632K, 30% used [0x0000000780000000,0x0000000784e15c98,0x000000078ff80000)
 PSPermGen       total 22528K, used 22368K [0x000000077ae00000, 0x000000077c400000, 0x0000000780000000)
  object space 22528K, 99% used [0x000000077ae00000,0x000000077c3d8110,0x000000077c400000)
GC Heap History (10 events):
Event: 15.923 GC heap before
{Heap before GC invocations=4 (full 0):
 PSYoungGen      total 114688K, used 108747K [0x00000007d5500000, 0x00000007dd500000, 0x0000000800000000)
  eden space 98304K, 100% used [0x00000007d5500000,0x00000007db500000,0x00000007db500000)
  from space 16384K, 63% used [0x00000007db500000,0x00000007dbf32d28,0x00000007dc500000)
  to   space 16384K, 0% used [0x00000007dc500000,0x00000007dc500000,0x00000007dd500000)
 ParOldGen       total 261632K, used 16K [0x0000000780000000, 0x000000078ff80000, 0x00000007d5500000)
  object space 261632K, 0% used [0x0000000780000000,0x0000000780004000,0x000000078ff80000)
 PSPermGen       total 22528K, used 22076K [0x000000077ae00000, 0x000000077c400000, 0x0000000780000000)
  object space 22528K, 97% used [0x000000077ae00000,0x000000077c38f298,0x000000077c400000)
Event: 15.939 GC heap after
Heap after GC invocations=4 (full 0):
 PSYoungGen      total 114688K, used 16376K [0x00000007d5500000, 0x00000007dd500000, 0x0000000800000000)
  eden space 98304K, 0% used [0x00000007d5500000,0x00000007d5500000,0x00000007db500000)
  from space 16384K, 99% used [0x00000007dc500000,0x00000007dd4fe1a0,0x00000007dd500000)
  to   space 16384K, 0% used [0x00000007db500000,0x00000007db500000,0x00000007dc500000)
 ParOldGen       total 261632K, used 2435K [0x0000000780000000, 0x000000078ff80000, 0x00000007d5500000)
  object space 261632K, 0% used [0x0000000780000000,0x0000000780260e88,0x000000078ff80000)
 PSPermGen       total 22528K, used 22076K [0x000000077ae00000, 0x000000077c400000, 0x0000000780000000)
  object space 22528K, 97% used [0x000000077ae00000,0x000000077c38f298,0x000000077c400000)
}
Event: 16.048 GC heap before
{Heap before GC invocations=5 (full 0):
 PSYoungGen      total 114688K, used 114680K [0x00000007d5500000, 0x00000007dd500000, 0x0000000800000000)
  eden space 98304K, 100% used [0x00000007d5500000,0x00000007db500000,0x00000007db500000)
  from space 16384K, 99% used [0x00000007dc500000,0x00000007dd4fe1a0,0x00000007dd500000)
  to   space 16384K, 0% used [0x00000007db500000,0x00000007db500000,0x00000007dc500000)
 ParOldGen       total 261632K, used 2435K [0x0000000780000000, 0x000000078ff80000, 0x00000007d5500000)
  object space 261632K, 0% used [0x0000000780000000,0x0000000780260e88,0x000000078ff80000)
 PSPermGen       total 22528K, used 22085K [0x000000077ae00000, 0x000000077c400000, 0x0000000780000000)
  object space 22528K, 98% used [0x000000077ae00000,0x000000077c391610,0x000000077c400000)
Event: 16.096 GC heap after
Heap after GC invocations=5 (full 0):
 PSYoungGen      total 114688K, used 16383K [0x00000007d5500000, 0x00000007e6400000, 0x0000000800000000)
  eden space 98304K, 0% used [0x00000007d5500000,0x00000007d5500000,0x00000007db500000)
  from space 16384K, 99% used [0x00000007db500000,0x00000007dc4ffea0,0x00000007dc500000)
  to   space 40448K, 0% used [0x00000007e3c80000,0x00000007e3c80000,0x00000007e6400000)
 ParOldGen       total 261632K, used 28051K [0x0000000780000000, 0x000000078ff80000, 0x00000007d5500000)
  object space 261632K, 10% used [0x0000000780000000,0x0000000781b64e88,0x000000078ff80000)
 PSPermGen       total 22528K, used 22085K [0x000000077ae00000, 0x000000077c400000, 0x0000000780000000)
  object space 22528K, 98% used [0x000000077ae00000,0x000000077c391610,0x000000077c400000)
}
Event: 16.212 GC heap before
{Heap before GC invocations=6 (full 0):
 PSYoungGen      total 114688K, used 114687K [0x00000007d5500000, 0x00000007e6400000, 0x0000000800000000)
  eden space 98304K, 100% used [0x00000007d5500000,0x00000007db500000,0x00000007db500000)
  from space 16384K, 99% used [0x00000007db500000,0x00000007dc4ffea0,0x00000007dc500000)
  to   space 40448K, 0% used [0x00000007e3c80000,0x00000007e3c80000,0x00000007e6400000)
 ParOldGen       total 261632K, used 28051K [0x0000000780000000, 0x000000078ff80000, 0x00000007d5500000)
  object space 261632K, 10% used [0x0000000780000000,0x0000000781b64e88,0x000000078ff80000)
 PSPermGen       total 22528K, used 22085K [0x000000077ae00000, 0x000000077c400000, 0x0000000780000000)
  object space 22528K, 98% used [0x000000077ae00000,0x000000077c3917d8,0x000000077c400000)
Event: 16.258 GC heap after
Heap after GC invocations=6 (full 0):
 PSYoungGen      total 227328K, used 40049K [0x00000007d5500000, 0x00000007e7700000, 0x0000000800000000)
  eden space 186880K, 0% used [0x00000007d5500000,0x00000007d5500000,0x00000007e0b80000)
  from space 40448K, 99% used [0x00000007e3c80000,0x00000007e639c4c0,0x00000007e6400000)
  to   space 50176K, 0% used [0x00000007e0b80000,0x00000007e0b80000,0x00000007e3c80000)
 ParOldGen       total 261632K, used 28051K [0x0000000780000000, 0x000000078ff80000, 0x00000007d5500000)
  object space 261632K, 10% used [0x0000000780000000,0x0000000781b64e88,0x000000078ff80000)
 PSPermGen       total 22528K, used 22085K [0x000000077ae00000, 0x000000077c400000, 0x0000000780000000)
  object space 22528K, 98% used [0x000000077ae00000,0x000000077c3917d8,0x000000077c400000)
}
Event: 16.487 GC heap before
{Heap before GC invocations=7 (full 0):
 PSYoungGen      total 227328K, used 226929K [0x00000007d5500000, 0x00000007e7700000, 0x0000000800000000)
  eden space 186880K, 100% used [0x00000007d5500000,0x00000007e0b80000,0x00000007e0b80000)
  from space 40448K, 99% used [0x00000007e3c80000,0x00000007e639c4c0,0x00000007e6400000)
  to   space 50176K, 0% used [0x00000007e0b80000,0x00000007e0b80000,0x00000007e3c80000)
 ParOldGen       total 261632K, used 28051K [0x0000000780000000, 0x000000078ff80000, 0x00000007d5500000)
  object space 261632K, 10% used [0x0000000780000000,0x0000000781b64e88,0x000000078ff80000)
 PSPermGen       total 22528K, used 22090K [0x000000077ae00000, 0x000000077c400000, 0x0000000780000000)
  object space 22528K, 98% used [0x000000077ae00000,0x000000077c392b88,0x000000077c400000)
Event: 16.574 GC heap after
Heap after GC invocations=7 (full 0):
 PSYoungGen      total 237056K, used 50148K [0x00000007d5500000, 0x00000007f5f00000, 0x0000000800000000)
  eden space 186880K, 0% used [0x00000007d5500000,0x00000007d5500000,0x00000007e0b80000)
  from space 50176K, 99% used [0x00000007e0b80000,0x00000007e3c792f0,0x00000007e3c80000)
  to   space 80384K, 0% used [0x00000007f1080000,0x00000007f1080000,0x00000007f5f00000)
 ParOldGen       total 261632K, used 66003K [0x0000000780000000, 0x000000078ff80000, 0x00000007d5500000)
  object space 261632K, 25% used [0x0000000780000000,0x0000000784074c50,0x000000078ff80000)
 PSPermGen       total 22528K, used 22090K [0x000000077ae00000, 0x000000077c400000, 0x0000000780000000)
  object space 22528K, 98% used [0x000000077ae00000,0x000000077c392b88,0x000000077c400000)
}
Event: 16.881 GC heap before
{Heap before GC invocations=8 (full 0):
 PSYoungGen      total 237056K, used 237028K [0x00000007d5500000, 0x00000007f5f00000, 0x0000000800000000)
  eden space 186880K, 100% used [0x00000007d5500000,0x00000007e0b80000,0x00000007e0b80000)
  from space 50176K, 99% used [0x00000007e0b80000,0x00000007e3c792f0,0x00000007e3c80000)
  to   space 80384K, 0% used [0x00000007f1080000,0x00000007f1080000,0x00000007f5f00000)
 ParOldGen       total 261632K, used 66003K [0x0000000780000000, 0x000000078ff80000, 0x00000007d5500000)
  object space 261632K, 25% used [0x0000000780000000,0x0000000784074c50,0x000000078ff80000)
 PSPermGen       total 22528K, used 22108K [0x000000077ae00000, 0x000000077c400000, 0x0000000780000000)
  object space 22528K, 98% used [0x000000077ae00000,0x000000077c397068,0x000000077c400000)
Event: 16.955 GC heap after
Heap after GC invocations=8 (full 0):
 PSYoungGen      total 431616K, used 80361K [0x00000007d5500000, 0x00000007f8b00000, 0x0000000800000000)
  eden space 351232K, 0% used [0x00000007d5500000,0x00000007d5500000,0x00000007eac00000)
  from space 80384K, 99% used [0x00000007f1080000,0x00000007f5efa428,0x00000007f5f00000)
  to   space 102912K, 0% used [0x00000007eac00000,0x00000007eac00000,0x00000007f1080000)
 ParOldGen       total 261632K, used 79959K [0x0000000780000000, 0x000000078ff80000, 0x00000007d5500000)
  object space 261632K, 30% used [0x0000000780000000,0x0000000784e15c98,0x000000078ff80000)
 PSPermGen       total 22528K, used 22108K [0x000000077ae00000, 0x000000077c400000, 0x0000000780000000)
  object space 22528K, 98% used [0x000000077ae00000,0x000000077c397068,0x000000077c400000)
}

