# JRE version: Java(TM) SE Runtime Environment (7.0_67-b01) (build 1.7.0_67-b01)
# Java VM: Java HotSpot(TM) 64-Bit Server VM (24.65-b04 mixed mode windows-amd64 compressed oops)
Heap
 PSYoungGen      total 645632K, used 415624K [0x0000000755500000, 0x000000078c180000, 0x0000000800000000)
  eden space 512000K, 55% used [0x0000000755500000,0x0000000766862748,0x0000000774900000)
  from space 133632K, 99% used [0x000000077f200000,0x000000078747fb58,0x0000000787480000)
  to   space 173056K, 0% used [0x0000000774900000,0x0000000774900000,0x000000077f200000)
 ParOldGen       total 261632K, used 181899K [0x0000000600000000, 0x000000060ff80000, 0x0000000755500000)
  object space 261632K, 69% used [0x0000000600000000,0x000000060b1a2fa8,0x000000060ff80000)
 PSPermGen       total 23552K, used 23313K [0x00000005fae00000, 0x00000005fc500000, 0x0000000600000000)
  object space 23552K, 98% used [0x00000005fae00000,0x00000005fc4c4540,0x00000005fc500000)
GC Heap History (10 events):
Event: 26.438 GC heap before
{Heap before GC invocations=6 (full 0):
 PSYoungGen      total 114688K, used 114675K [0x0000000755500000, 0x0000000765000000, 0x0000000800000000)
  eden space 98304K, 100% used [0x0000000755500000,0x000000075b500000,0x000000075b500000)
  from space 16384K, 99% used [0x000000075b500000,0x000000075c4fcf88,0x000000075c500000)
  to   space 30208K, 0% used [0x0000000763280000,0x0000000763280000,0x0000000765000000)
 ParOldGen       total 261632K, used 15596K [0x0000000600000000, 0x000000060ff80000, 0x0000000755500000)
  object space 261632K, 5% used [0x0000000600000000,0x0000000600f3b308,0x000000060ff80000)
 PSPermGen       total 23040K, used 22982K [0x00000005fae00000, 0x00000005fc480000, 0x0000000600000000)
  object space 23040K, 99% used [0x00000005fae00000,0x00000005fc471aa0,0x00000005fc480000)
Event: 26.478 GC heap after
Heap after GC invocations=6 (full 0):
 PSYoungGen      total 213504K, used 30196K [0x0000000755500000, 0x0000000766a00000, 0x0000000800000000)
  eden space 183296K, 0% used [0x0000000755500000,0x0000000755500000,0x0000000760800000)
  from space 30208K, 99% used [0x0000000763280000,0x0000000764ffd1e0,0x0000000765000000)
  to   space 43520K, 0% used [0x0000000760800000,0x0000000760800000,0x0000000763280000)
 ParOldGen       total 261632K, used 26228K [0x0000000600000000, 0x000000060ff80000, 0x0000000755500000)
  object space 261632K, 10% used [0x0000000600000000,0x000000060199d308,0x000000060ff80000)
 PSPermGen       total 23040K, used 22982K [0x00000005fae00000, 0x00000005fc480000, 0x0000000600000000)
  object space 23040K, 99% used [0x00000005fae00000,0x00000005fc471aa0,0x00000005fc480000)
}
Event: 26.731 GC heap before
{Heap before GC invocations=7 (full 0):
 PSYoungGen      total 213504K, used 213492K [0x0000000755500000, 0x0000000766a00000, 0x0000000800000000)
  eden space 183296K, 100% used [0x0000000755500000,0x0000000760800000,0x0000000760800000)
  from space 30208K, 99% used [0x0000000763280000,0x0000000764ffd1e0,0x0000000765000000)
  to   space 43520K, 0% used [0x0000000760800000,0x0000000760800000,0x0000000763280000)
 ParOldGen       total 261632K, used 26228K [0x0000000600000000, 0x000000060ff80000, 0x0000000755500000)
  object space 261632K, 10% used [0x0000000600000000,0x000000060199d308,0x000000060ff80000)
 PSPermGen       total 23040K, used 23003K [0x00000005fae00000, 0x00000005fc480000, 0x0000000600000000)
  object space 23040K, 99% used [0x00000005fae00000,0x00000005fc476cb8,0x00000005fc480000)
Event: 26.804 GC heap after
Heap after GC invocations=7 (full 0):
 PSYoungGen      total 226816K, used 43510K [0x0000000755500000, 0x0000000774200000, 0x0000000800000000)
  eden space 183296K, 0% used [0x0000000755500000,0x0000000755500000,0x0000000760800000)
  from space 43520K, 99% used [0x0000000760800000,0x000000076327d8b0,0x0000000763280000)
  to   space 69120K, 0% used [0x000000076fe80000,0x000000076fe80000,0x0000000774200000)
 ParOldGen       total 261632K, used 58575K [0x0000000600000000, 0x000000060ff80000, 0x0000000755500000)
  object space 261632K, 22% used [0x0000000600000000,0x0000000603933d90,0x000000060ff80000)
 PSPermGen       total 23040K, used 23003K [0x00000005fae00000, 0x00000005fc480000, 0x0000000600000000)
  object space 23040K, 99% used [0x00000005fae00000,0x00000005fc476cb8,0x00000005fc480000)
}
Event: 27.041 GC heap before
{Heap before GC invocations=8 (full 0):
 PSYoungGen      total 226816K, used 226806K [0x0000000755500000, 0x0000000774200000, 0x0000000800000000)
  eden space 183296K, 100% used [0x0000000755500000,0x0000000760800000,0x0000000760800000)
  from space 43520K, 99% used [0x0000000760800000,0x000000076327d8b0,0x0000000763280000)
  to   space 69120K, 0% used [0x000000076fe80000,0x000000076fe80000,0x0000000774200000)
 ParOldGen       total 261632K, used 58575K [0x0000000600000000, 0x000000060ff80000, 0x0000000755500000)
  object space 261632K, 22% used [0x0000000600000000,0x0000000603933d90,0x000000060ff80000)
 PSPermGen       total 23040K, used 23010K [0x00000005fae00000, 0x00000005fc480000, 0x0000000600000000)
  object space 23040K, 99% used [0x00000005fae00000,0x00000005fc478940,0x00000005fc480000)
Event: 27.113 GC heap after
Heap after GC invocations=8 (full 0):
 PSYoungGen      total 413696K, used 69119K [0x0000000755500000, 0x0000000776d00000, 0x0000000800000000)
  eden space 344576K, 0% used [0x0000000755500000,0x0000000755500000,0x000000076a580000)
  from space 69120K, 99% used [0x000000076fe80000,0x00000007741fff48,0x0000000774200000)
  to   space 91136K, 0% used [0x000000076a580000,0x000000076a580000,0x000000076fe80000)
 ParOldGen       total 261632K, used 76818K [0x0000000600000000, 0x000000060ff80000, 0x0000000755500000)
  object space 261632K, 29% used [0x0000000600000000,0x0000000604b04940,0x000000060ff80000)
 PSPermGen       total 23040K, used 23010K [0x00000005fae00000, 0x00000005fc480000, 0x0000000600000000)
  object space 23040K, 99% used [0x00000005fae00000,0x00000005fc478940,0x00000005fc480000)
}
Event: 27.612 GC heap before
{Heap before GC invocations=9 (full 0):
 PSYoungGen      total 413696K, used 413695K [0x0000000755500000, 0x0000000776d00000, 0x0000000800000000)
  eden space 344576K, 100% used [0x0000000755500000,0x000000076a580000,0x000000076a580000)
  from space 69120K, 99% used [0x000000076fe80000,0x00000007741fff48,0x0000000774200000)
  to   space 91136K, 0% used [0x000000076a580000,0x000000076a580000,0x000000076fe80000)
 ParOldGen       total 261632K, used 76818K [0x0000000600000000, 0x000000060ff80000, 0x0000000755500000)
  object space 261632K, 29% used [0x0000000600000000,0x0000000604b04940,0x000000060ff80000)
 PSPermGen       total 23040K, used 23017K [0x00000005fae00000, 0x00000005fc480000, 0x0000000600000000)
  object space 23040K, 99% used [0x00000005fae00000,0x00000005fc47a4a8,0x00000005fc480000)
Event: 27.751 GC heap after
Heap after GC invocations=9 (full 0):
 PSYoungGen      total 435712K, used 91134K [0x0000000755500000, 0x0000000787480000, 0x0000000800000000)
  eden space 344576K, 0% used [0x0000000755500000,0x0000000755500000,0x000000076a580000)
  from space 91136K, 99% used [0x000000076a580000,0x000000076fe7fb58,0x000000076fe80000)
  to   space 133632K, 0% used [0x000000077f200000,0x000000077f200000,0x0000000787480000)
 ParOldGen       total 261632K, used 139635K [0x0000000600000000, 0x000000060ff80000, 0x0000000755500000)
  object space 261632K, 53% used [0x0000000600000000,0x000000060885cfa8,0x000000060ff80000)
 PSPermGen       total 23040K, used 23017K [0x00000005fae00000, 0x00000005fc480000, 0x0000000600000000)
  object space 23040K, 99% used [0x00000005fae00000,0x00000005fc47a4a8,0x00000005fc480000)
}
Event: 28.184 GC heap before
{Heap before GC invocations=10 (full 0):
 PSYoungGen      total 435712K, used 435710K [0x0000000755500000, 0x0000000787480000, 0x0000000800000000)
  eden space 344576K, 100% used [0x0000000755500000,0x000000076a580000,0x000000076a580000)
  from space 91136K, 99% used [0x000000076a580000,0x000000076fe7fb58,0x000000076fe80000)
  to   space 133632K, 0% used [0x000000077f200000,0x000000077f200000,0x0000000787480000)
 ParOldGen       total 261632K, used 139635K [0x0000000600000000, 0x000000060ff80000, 0x0000000755500000)
  object space 261632K, 53% used [0x0000000600000000,0x000000060885cfa8,0x000000060ff80000)
 PSPermGen       total 23040K, used 23019K [0x00000005fae00000, 0x00000005fc480000, 0x0000000600000000)
  object space 23040K, 99% used [0x00000005fae00000,0x00000005fc47afa0,0x00000005fc480000)
Event: 28.317 GC heap after
Heap after GC invocations=10 (full 0):
 PSYoungGen      total 645632K, used 133630K [0x0000000755500000, 0x000000078c180000, 0x0000000800000000)
  eden space 512000K, 0% used [0x0000000755500000,0x0000000755500000,0x0000000774900000)
  from space 133632K, 99% used [0x000000077f200000,0x000000078747fb58,0x0000000787480000)
  to   space 173056K, 0% used [0x0000000774900000,0x0000000774900000,0x000000077f200000)
 ParOldGen       total 261632K, used 181899K [0x0000000600000000, 0x000000060ff80000, 0x0000000755500000)
  object space 261632K, 69% used [0x0000000600000000,0x000000060b1a2fa8,0x000000060ff80000)
 PSPermGen       total 23040K, used 23019K [0x00000005fae00000, 0x00000005fc480000, 0x0000000600000000)
  object space 23040K, 99% used [0x00000005fae00000,0x00000005fc47afa0,0x00000005fc480000)
}

