# JRE version: Java(TM) SE Runtime Environment (7.0_67-b01) (build 1.7.0_67-b01)
# Java VM: Java HotSpot(TM) 64-Bit Server VM (24.65-b04 mixed mode windows-amd64 compressed oops)
Heap
 PSYoungGen      total 434176K, used 155865K [0x00000007d5500000, 0x00000007f8e00000, 0x0000000800000000)
  eden space 351744K, 20% used [0x00000007d5500000,0x00000007d9cbc1b8,0x00000007eac80000)
  from space 82432K, 99% used [0x00000007f1280000,0x00000007f62fa428,0x00000007f6300000)
  to   space 104448K, 0% used [0x00000007eac80000,0x00000007eac80000,0x00000007f1280000)
 ParOldGen       total 261632K, used 79247K [0x0000000780000000, 0x000000078ff80000, 0x00000007d5500000)
  object space 261632K, 30% used [0x0000000780000000,0x0000000784d63d20,0x000000078ff80000)
 PSPermGen       total 22528K, used 22361K [0x000000077ae00000, 0x000000077c400000, 0x0000000780000000)
  object space 22528K, 99% used [0x000000077ae00000,0x000000077c3d6638,0x000000077c400000)
GC Heap History (10 events):
Event: 14.100 GC heap before
{Heap before GC invocations=4 (full 0):
 PSYoungGen      total 114688K, used 114683K [0x00000007d5500000, 0x00000007dd500000, 0x0000000800000000)
  eden space 98304K, 100% used [0x00000007d5500000,0x00000007db500000,0x00000007db500000)
  from space 16384K, 99% used [0x00000007db500000,0x00000007dc4feea8,0x00000007dc500000)
  to   space 16384K, 0% used [0x00000007dc500000,0x00000007dc500000,0x00000007dd500000)
 ParOldGen       total 261632K, used 328K [0x0000000780000000, 0x000000078ff80000, 0x00000007d5500000)
  object space 261632K, 0% used [0x0000000780000000,0x0000000780052300,0x000000078ff80000)
 PSPermGen       total 22528K, used 22067K [0x000000077ae00000, 0x000000077c400000, 0x0000000780000000)
  object space 22528K, 97% used [0x000000077ae00000,0x000000077c38cc08,0x000000077c400000)
Event: 14.121 GC heap after
Heap after GC invocations=4 (full 0):
 PSYoungGen      total 114688K, used 16357K [0x00000007d5500000, 0x00000007e3500000, 0x0000000800000000)
  eden space 98304K, 0% used [0x00000007d5500000,0x00000007d5500000,0x00000007db500000)
  from space 16384K, 99% used [0x00000007dc500000,0x00000007dd4f9788,0x00000007dd500000)
  to   space 16384K, 0% used [0x00000007db500000,0x00000007db500000,0x00000007dc500000)
 ParOldGen       total 261632K, used 5160K [0x0000000780000000, 0x000000078ff80000, 0x00000007d5500000)
  object space 261632K, 1% used [0x0000000780000000,0x000000078050a300,0x000000078ff80000)
 PSPermGen       total 22528K, used 22067K [0x000000077ae00000, 0x000000077c400000, 0x0000000780000000)
  object space 22528K, 97% used [0x000000077ae00000,0x000000077c38cc08,0x000000077c400000)
}
Event: 14.229 GC heap before
{Heap before GC invocations=5 (full 0):
 PSYoungGen      total 114688K, used 114661K [0x00000007d5500000, 0x00000007e3500000, 0x0000000800000000)
  eden space 98304K, 100% used [0x00000007d5500000,0x00000007db500000,0x00000007db500000)
  from space 16384K, 99% used [0x00000007dc500000,0x00000007dd4f9788,0x00000007dd500000)
  to   space 16384K, 0% used [0x00000007db500000,0x00000007db500000,0x00000007dc500000)
 ParOldGen       total 261632K, used 5160K [0x0000000780000000, 0x000000078ff80000, 0x00000007d5500000)
  object space 261632K, 1% used [0x0000000780000000,0x000000078050a300,0x000000078ff80000)
 PSPermGen       total 22528K, used 22074K [0x000000077ae00000, 0x000000077c400000, 0x0000000780000000)
  object space 22528K, 97% used [0x000000077ae00000,0x000000077c38eb50,0x000000077c400000)
Event: 14.279 GC heap after
Heap after GC invocations=5 (full 0):
 PSYoungGen      total 114688K, used 16357K [0x00000007d5500000, 0x00000007e6900000, 0x0000000800000000)
  eden space 98304K, 0% used [0x00000007d5500000,0x00000007d5500000,0x00000007db500000)
  from space 16384K, 99% used [0x00000007db500000,0x00000007dc4f9650,0x00000007dc500000)
  to   space 43008K, 0% used [0x00000007e3f00000,0x00000007e3f00000,0x00000007e6900000)
 ParOldGen       total 261632K, used 29880K [0x0000000780000000, 0x000000078ff80000, 0x00000007d5500000)
  object space 261632K, 11% used [0x0000000780000000,0x0000000781d2e300,0x000000078ff80000)
 PSPermGen       total 22528K, used 22074K [0x000000077ae00000, 0x000000077c400000, 0x0000000780000000)
  object space 22528K, 97% used [0x000000077ae00000,0x000000077c38eb50,0x000000077c400000)
}
Event: 14.389 GC heap before
{Heap before GC invocations=6 (full 0):
 PSYoungGen      total 114688K, used 114661K [0x00000007d5500000, 0x00000007e6900000, 0x0000000800000000)
  eden space 98304K, 100% used [0x00000007d5500000,0x00000007db500000,0x00000007db500000)
  from space 16384K, 99% used [0x00000007db500000,0x00000007dc4f9650,0x00000007dc500000)
  to   space 43008K, 0% used [0x00000007e3f00000,0x00000007e3f00000,0x00000007e6900000)
 ParOldGen       total 261632K, used 29880K [0x0000000780000000, 0x000000078ff80000, 0x00000007d5500000)
  object space 261632K, 11% used [0x0000000780000000,0x0000000781d2e300,0x000000078ff80000)
 PSPermGen       total 22528K, used 22076K [0x000000077ae00000, 0x000000077c400000, 0x0000000780000000)
  object space 22528K, 97% used [0x000000077ae00000,0x000000077c38f170,0x000000077c400000)
Event: 14.430 GC heap after
Heap after GC invocations=6 (full 0):
 PSYoungGen      total 229888K, used 41134K [0x00000007d5500000, 0x00000007e7c00000, 0x0000000800000000)
  eden space 186880K, 0% used [0x00000007d5500000,0x00000007d5500000,0x00000007e0b80000)
  from space 43008K, 95% used [0x00000007e3f00000,0x00000007e672ba58,0x00000007e6900000)
  to   space 52736K, 0% used [0x00000007e0b80000,0x00000007e0b80000,0x00000007e3f00000)
 ParOldGen       total 261632K, used 29888K [0x0000000780000000, 0x000000078ff80000, 0x00000007d5500000)
  object space 261632K, 11% used [0x0000000780000000,0x0000000781d30300,0x000000078ff80000)
 PSPermGen       total 22528K, used 22076K [0x000000077ae00000, 0x000000077c400000, 0x0000000780000000)
  object space 22528K, 97% used [0x000000077ae00000,0x000000077c38f170,0x000000077c400000)
}
Event: 14.679 GC heap before
{Heap before GC invocations=7 (full 0):
 PSYoungGen      total 229888K, used 228014K [0x00000007d5500000, 0x00000007e7c00000, 0x0000000800000000)
  eden space 186880K, 100% used [0x00000007d5500000,0x00000007e0b80000,0x00000007e0b80000)
  from space 43008K, 95% used [0x00000007e3f00000,0x00000007e672ba58,0x00000007e6900000)
  to   space 52736K, 0% used [0x00000007e0b80000,0x00000007e0b80000,0x00000007e3f00000)
 ParOldGen       total 261632K, used 29888K [0x0000000780000000, 0x000000078ff80000, 0x00000007d5500000)
  object space 261632K, 11% used [0x0000000780000000,0x0000000781d30300,0x000000078ff80000)
 PSPermGen       total 22528K, used 22078K [0x000000077ae00000, 0x000000077c400000, 0x0000000780000000)
  object space 22528K, 98% used [0x000000077ae00000,0x000000077c38fa60,0x000000077c400000)
Event: 14.766 GC heap after
Heap after GC invocations=7 (full 0):
 PSYoungGen      total 239616K, used 52723K [0x00000007d5500000, 0x00000007f6300000, 0x0000000800000000)
  eden space 186880K, 0% used [0x00000007d5500000,0x00000007d5500000,0x00000007e0b80000)
  from space 52736K, 99% used [0x00000007e0b80000,0x00000007e3efcd10,0x00000007e3f00000)
  to   space 82432K, 0% used [0x00000007f1280000,0x00000007f1280000,0x00000007f6300000)
 ParOldGen       total 261632K, used 66404K [0x0000000780000000, 0x000000078ff80000, 0x00000007d5500000)
  object space 261632K, 25% used [0x0000000780000000,0x00000007840d90b8,0x000000078ff80000)
 PSPermGen       total 22528K, used 22078K [0x000000077ae00000, 0x000000077c400000, 0x0000000780000000)
  object space 22528K, 98% used [0x000000077ae00000,0x000000077c38fa60,0x000000077c400000)
}
Event: 15.119 GC heap before
{Heap before GC invocations=8 (full 0):
 PSYoungGen      total 239616K, used 239603K [0x00000007d5500000, 0x00000007f6300000, 0x0000000800000000)
  eden space 186880K, 100% used [0x00000007d5500000,0x00000007e0b80000,0x00000007e0b80000)
  from space 52736K, 99% used [0x00000007e0b80000,0x00000007e3efcd10,0x00000007e3f00000)
  to   space 82432K, 0% used [0x00000007f1280000,0x00000007f1280000,0x00000007f6300000)
 ParOldGen       total 261632K, used 66404K [0x0000000780000000, 0x000000078ff80000, 0x00000007d5500000)
  object space 261632K, 25% used [0x0000000780000000,0x00000007840d90b8,0x000000078ff80000)
 PSPermGen       total 22528K, used 22096K [0x000000077ae00000, 0x000000077c400000, 0x0000000780000000)
  object space 22528K, 98% used [0x000000077ae00000,0x000000077c394168,0x000000077c400000)
Event: 15.196 GC heap after
Heap after GC invocations=8 (full 0):
 PSYoungGen      total 434176K, used 82409K [0x00000007d5500000, 0x00000007f8e00000, 0x0000000800000000)
  eden space 351744K, 0% used [0x00000007d5500000,0x00000007d5500000,0x00000007eac80000)
  from space 82432K, 99% used [0x00000007f1280000,0x00000007f62fa428,0x00000007f6300000)
  to   space 104448K, 0% used [0x00000007eac80000,0x00000007eac80000,0x00000007f1280000)
 ParOldGen       total 261632K, used 79247K [0x0000000780000000, 0x000000078ff80000, 0x00000007d5500000)
  object space 261632K, 30% used [0x0000000780000000,0x0000000784d63d20,0x000000078ff80000)
 PSPermGen       total 22528K, used 22096K [0x000000077ae00000, 0x000000077c400000, 0x0000000780000000)
  object space 22528K, 98% used [0x000000077ae00000,0x000000077c394168,0x000000077c400000)
}

