# JRE version: Java(TM) SE Runtime Environment (7.0_67-b01) (build 1.7.0_67-b01)
# Java VM: Java HotSpot(TM) 64-Bit Server VM (24.65-b04 mixed mode windows-amd64 compressed oops)
Heap
 PSYoungGen      total 429056K, used 177801K [0x00000007d5500000, 0x00000007f8800000, 0x0000000800000000)
  eden space 349184K, 28% used [0x00000007d5500000,0x00000007db4a8030,0x00000007eaa00000)
  from space 79872K, 99% used [0x00000007f0e00000,0x00000007f5bfa428,0x00000007f5c00000)
  to   space 102400K, 0% used [0x00000007eaa00000,0x00000007eaa00000,0x00000007f0e00000)
 ParOldGen       total 261632K, used 80149K [0x0000000780000000, 0x000000078ff80000, 0x00000007d5500000)
  object space 261632K, 30% used [0x0000000780000000,0x0000000784e45418,0x000000078ff80000)
 PSPermGen       total 22528K, used 22396K [0x000000077ae00000, 0x000000077c400000, 0x0000000780000000)
  object space 22528K, 99% used [0x000000077ae00000,0x000000077c3df3d0,0x000000077c400000)
GC Heap History (10 events):
Event: 14.640 GC heap before
{Heap before GC invocations=4 (full 0):
 PSYoungGen      total 114688K, used 108053K [0x00000007d5500000, 0x00000007dd500000, 0x0000000800000000)
  eden space 98304K, 100% used [0x00000007d5500000,0x00000007db500000,0x00000007db500000)
  from space 16384K, 59% used [0x00000007db500000,0x00000007dbe85468,0x00000007dc500000)
  to   space 16384K, 0% used [0x00000007dc500000,0x00000007dc500000,0x00000007dd500000)
 ParOldGen       total 261632K, used 16K [0x0000000780000000, 0x000000078ff80000, 0x00000007d5500000)
  object space 261632K, 0% used [0x0000000780000000,0x0000000780004000,0x000000078ff80000)
 PSPermGen       total 22528K, used 22086K [0x000000077ae00000, 0x000000077c400000, 0x0000000780000000)
  object space 22528K, 98% used [0x000000077ae00000,0x000000077c391bf8,0x000000077c400000)
Event: 14.655 GC heap after
Heap after GC invocations=4 (full 0):
 PSYoungGen      total 114688K, used 16357K [0x00000007d5500000, 0x00000007dd500000, 0x0000000800000000)
  eden space 98304K, 0% used [0x00000007d5500000,0x00000007d5500000,0x00000007db500000)
  from space 16384K, 99% used [0x00000007dc500000,0x00000007dd4f96b0,0x00000007dd500000)
  to   space 16384K, 0% used [0x00000007db500000,0x00000007db500000,0x00000007dc500000)
 ParOldGen       total 261632K, used 1440K [0x0000000780000000, 0x000000078ff80000, 0x00000007d5500000)
  object space 261632K, 0% used [0x0000000780000000,0x0000000780168228,0x000000078ff80000)
 PSPermGen       total 22528K, used 22086K [0x000000077ae00000, 0x000000077c400000, 0x0000000780000000)
  object space 22528K, 98% used [0x000000077ae00000,0x000000077c391bf8,0x000000077c400000)
}
Event: 14.762 GC heap before
{Heap before GC invocations=5 (full 0):
 PSYoungGen      total 114688K, used 114661K [0x00000007d5500000, 0x00000007dd500000, 0x0000000800000000)
  eden space 98304K, 100% used [0x00000007d5500000,0x00000007db500000,0x00000007db500000)
  from space 16384K, 99% used [0x00000007dc500000,0x00000007dd4f96b0,0x00000007dd500000)
  to   space 16384K, 0% used [0x00000007db500000,0x00000007db500000,0x00000007dc500000)
 ParOldGen       total 261632K, used 1440K [0x0000000780000000, 0x000000078ff80000, 0x00000007d5500000)
  object space 261632K, 0% used [0x0000000780000000,0x0000000780168228,0x000000078ff80000)
 PSPermGen       total 22528K, used 22090K [0x000000077ae00000, 0x000000077c400000, 0x0000000780000000)
  object space 22528K, 98% used [0x000000077ae00000,0x000000077c392930,0x000000077c400000)
Event: 14.808 GC heap after
Heap after GC invocations=5 (full 0):
 PSYoungGen      total 114688K, used 16364K [0x00000007d5500000, 0x00000007e6200000, 0x0000000800000000)
  eden space 98304K, 0% used [0x00000007d5500000,0x00000007d5500000,0x00000007db500000)
  from space 16384K, 99% used [0x00000007db500000,0x00000007dc4fb0f8,0x00000007dc500000)
  to   space 39424K, 0% used [0x00000007e3b80000,0x00000007e3b80000,0x00000007e6200000)
 ParOldGen       total 261632K, used 26600K [0x0000000780000000, 0x000000078ff80000, 0x00000007d5500000)
  object space 261632K, 10% used [0x0000000780000000,0x00000007819fa228,0x000000078ff80000)
 PSPermGen       total 22528K, used 22090K [0x000000077ae00000, 0x000000077c400000, 0x0000000780000000)
  object space 22528K, 98% used [0x000000077ae00000,0x000000077c392930,0x000000077c400000)
}
Event: 14.915 GC heap before
{Heap before GC invocations=6 (full 0):
 PSYoungGen      total 114688K, used 114668K [0x00000007d5500000, 0x00000007e6200000, 0x0000000800000000)
  eden space 98304K, 100% used [0x00000007d5500000,0x00000007db500000,0x00000007db500000)
  from space 16384K, 99% used [0x00000007db500000,0x00000007dc4fb0f8,0x00000007dc500000)
  to   space 39424K, 0% used [0x00000007e3b80000,0x00000007e3b80000,0x00000007e6200000)
 ParOldGen       total 261632K, used 26600K [0x0000000780000000, 0x000000078ff80000, 0x00000007d5500000)
  object space 261632K, 10% used [0x0000000780000000,0x00000007819fa228,0x000000078ff80000)
 PSPermGen       total 22528K, used 22100K [0x000000077ae00000, 0x000000077c400000, 0x0000000780000000)
  object space 22528K, 98% used [0x000000077ae00000,0x000000077c395050,0x000000077c400000)
Event: 14.948 GC heap after
Heap after GC invocations=6 (full 0):
 PSYoungGen      total 225280K, used 39420K [0x00000007d5500000, 0x00000007e7700000, 0x0000000800000000)
  eden space 185856K, 0% used [0x00000007d5500000,0x00000007d5500000,0x00000007e0a80000)
  from space 39424K, 99% used [0x00000007e3b80000,0x00000007e61ff0e0,0x00000007e6200000)
  to   space 50176K, 0% used [0x00000007e0a80000,0x00000007e0a80000,0x00000007e3b80000)
 ParOldGen       total 261632K, used 28744K [0x0000000780000000, 0x000000078ff80000, 0x00000007d5500000)
  object space 261632K, 10% used [0x0000000780000000,0x0000000781c12228,0x000000078ff80000)
 PSPermGen       total 22528K, used 22100K [0x000000077ae00000, 0x000000077c400000, 0x0000000780000000)
  object space 22528K, 98% used [0x000000077ae00000,0x000000077c395050,0x000000077c400000)
}
Event: 15.183 GC heap before
{Heap before GC invocations=7 (full 0):
 PSYoungGen      total 225280K, used 225276K [0x00000007d5500000, 0x00000007e7700000, 0x0000000800000000)
  eden space 185856K, 100% used [0x00000007d5500000,0x00000007e0a80000,0x00000007e0a80000)
  from space 39424K, 99% used [0x00000007e3b80000,0x00000007e61ff0e0,0x00000007e6200000)
  to   space 50176K, 0% used [0x00000007e0a80000,0x00000007e0a80000,0x00000007e3b80000)
 ParOldGen       total 261632K, used 28744K [0x0000000780000000, 0x000000078ff80000, 0x00000007d5500000)
  object space 261632K, 10% used [0x0000000780000000,0x0000000781c12228,0x000000078ff80000)
 PSPermGen       total 22528K, used 22103K [0x000000077ae00000, 0x000000077c400000, 0x0000000780000000)
  object space 22528K, 98% used [0x000000077ae00000,0x000000077c395ef0,0x000000077c400000)
Event: 15.275 GC heap after
Heap after GC invocations=7 (full 0):
 PSYoungGen      total 236032K, used 50153K [0x00000007d5500000, 0x00000007f5c00000, 0x0000000800000000)
  eden space 185856K, 0% used [0x00000007d5500000,0x00000007d5500000,0x00000007e0a80000)
  from space 50176K, 99% used [0x00000007e0a80000,0x00000007e3b7a710,0x00000007e3b80000)
  to   space 79872K, 0% used [0x00000007f0e00000,0x00000007f0e00000,0x00000007f5c00000)
 ParOldGen       total 261632K, used 65499K [0x0000000780000000, 0x000000078ff80000, 0x00000007d5500000)
  object space 261632K, 25% used [0x0000000780000000,0x0000000783ff6fe0,0x000000078ff80000)
 PSPermGen       total 22528K, used 22103K [0x000000077ae00000, 0x000000077c400000, 0x0000000780000000)
  object space 22528K, 98% used [0x000000077ae00000,0x000000077c395ef0,0x000000077c400000)
}
Event: 15.586 GC heap before
{Heap before GC invocations=8 (full 0):
 PSYoungGen      total 236032K, used 236009K [0x00000007d5500000, 0x00000007f5c00000, 0x0000000800000000)
  eden space 185856K, 100% used [0x00000007d5500000,0x00000007e0a80000,0x00000007e0a80000)
  from space 50176K, 99% used [0x00000007e0a80000,0x00000007e3b7a710,0x00000007e3b80000)
  to   space 79872K, 0% used [0x00000007f0e00000,0x00000007f0e00000,0x00000007f5c00000)
 ParOldGen       total 261632K, used 65499K [0x0000000780000000, 0x000000078ff80000, 0x00000007d5500000)
  object space 261632K, 25% used [0x0000000780000000,0x0000000783ff6fe0,0x000000078ff80000)
 PSPermGen       total 22528K, used 22121K [0x000000077ae00000, 0x000000077c400000, 0x0000000780000000)
  object space 22528K, 98% used [0x000000077ae00000,0x000000077c39a518,0x000000077c400000)
Event: 15.662 GC heap after
Heap after GC invocations=8 (full 0):
 PSYoungGen      total 429056K, used 79849K [0x00000007d5500000, 0x00000007f8800000, 0x0000000800000000)
  eden space 349184K, 0% used [0x00000007d5500000,0x00000007d5500000,0x00000007eaa00000)
  from space 79872K, 99% used [0x00000007f0e00000,0x00000007f5bfa428,0x00000007f5c00000)
  to   space 102400K, 0% used [0x00000007eaa00000,0x00000007eaa00000,0x00000007f0e00000)
 ParOldGen       total 261632K, used 80149K [0x0000000780000000, 0x000000078ff80000, 0x00000007d5500000)
  object space 261632K, 30% used [0x0000000780000000,0x0000000784e45418,0x000000078ff80000)
 PSPermGen       total 22528K, used 22121K [0x000000077ae00000, 0x000000077c400000, 0x0000000780000000)
  object space 22528K, 98% used [0x000000077ae00000,0x000000077c39a518,0x000000077c400000)
}

