# JRE version: Java(TM) SE Runtime Environment (7.0_67-b01) (build 1.7.0_67-b01)
# Java VM: Java HotSpot(TM) 64-Bit Server VM (24.65-b04 mixed mode windows-amd64 compressed oops)
Heap
 PSYoungGen      total 939520K, used 130365K [0x0000000755500000, 0x00000007a9f80000, 0x0000000800000000)
  eden space 749056K, 17% used [0x0000000755500000,0x000000075d44f5f0,0x0000000783080000)
  from space 190464K, 0% used [0x0000000783080000,0x0000000783080000,0x000000078ea80000)
  to   space 210432K, 0% used [0x000000079d200000,0x000000079d200000,0x00000007a9f80000)
 ParOldGen       total 692736K, used 336097K [0x0000000600000000, 0x000000062a480000, 0x0000000755500000)
  object space 692736K, 48% used [0x0000000600000000,0x0000000614838600,0x000000062a480000)
 PSPermGen       total 52736K, used 23319K [0x00000005fae00000, 0x00000005fe180000, 0x0000000600000000)
  object space 52736K, 44% used [0x00000005fae00000,0x00000005fc4c5c58,0x00000005fe180000)
GC Heap History (10 events):
Event: 26.011 GC heap before
{Heap before GC invocations=11 (full 0):
 PSYoungGen      total 655360K, used 655358K [0x0000000755500000, 0x000000078d480000, 0x0000000800000000)
  eden space 515072K, 100% used [0x0000000755500000,0x0000000774c00000,0x0000000774c00000)
  from space 140288K, 99% used [0x000000077fc80000,0x000000078857fb58,0x0000000788580000)
  to   space 180736K, 0% used [0x0000000774c00000,0x0000000774c00000,0x000000077fc80000)
 ParOldGen       total 261632K, used 182340K [0x0000000600000000, 0x000000060ff80000, 0x0000000755500000)
  object space 261632K, 69% used [0x0000000600000000,0x000000060b2110f8,0x000000060ff80000)
 PSPermGen       total 23552K, used 23284K [0x00000005fae00000, 0x00000005fc500000, 0x0000000600000000)
  object space 23552K, 98% used [0x00000005fae00000,0x00000005fc4bd040,0x00000005fc500000)
Event: 26.250 GC heap after
Heap after GC invocations=11 (full 0):
 PSYoungGen      total 695808K, used 89554K [0x0000000755500000, 0x000000079d800000, 0x0000000800000000)
  eden space 515072K, 0% used [0x0000000755500000,0x0000000755500000,0x0000000774c00000)
  from space 180736K, 49% used [0x0000000774c00000,0x000000077a374880,0x000000077fc80000)
  to   space 179200K, 0% used [0x0000000792900000,0x0000000792900000,0x000000079d800000)
 ParOldGen       total 323072K, used 322971K [0x0000000600000000, 0x0000000613b80000, 0x0000000755500000)
  object space 323072K, 99% used [0x0000000600000000,0x0000000613b66c50,0x0000000613b80000)
 PSPermGen       total 23552K, used 23284K [0x00000005fae00000, 0x00000005fc500000, 0x0000000600000000)
  object space 23552K, 98% used [0x00000005fae00000,0x00000005fc4bd040,0x00000005fc500000)
}
Event: 26.250 GC heap before
{Heap before GC invocations=12 (full 1):
 PSYoungGen      total 695808K, used 89554K [0x0000000755500000, 0x000000079d800000, 0x0000000800000000)
  eden space 515072K, 0% used [0x0000000755500000,0x0000000755500000,0x0000000774c00000)
  from space 180736K, 49% used [0x0000000774c00000,0x000000077a374880,0x000000077fc80000)
  to   space 179200K, 0% used [0x0000000792900000,0x0000000792900000,0x000000079d800000)
 ParOldGen       total 323072K, used 322971K [0x0000000600000000, 0x0000000613b80000, 0x0000000755500000)
  object space 323072K, 99% used [0x0000000600000000,0x0000000613b66c50,0x0000000613b80000)
 PSPermGen       total 23552K, used 23284K [0x00000005fae00000, 0x00000005fc500000, 0x0000000600000000)
  object space 23552K, 98% used [0x00000005fae00000,0x00000005fc4bd040,0x00000005fc500000)
Event: 28.616 GC heap after
Heap after GC invocations=12 (full 1):
 PSYoungGen      total 695808K, used 79095K [0x0000000755500000, 0x000000079d800000, 0x0000000800000000)
  eden space 515072K, 0% used [0x0000000755500000,0x0000000755500000,0x0000000774c00000)
  from space 180736K, 43% used [0x0000000774c00000,0x000000077993dd48,0x000000077fc80000)
  to   space 179200K, 0% used [0x0000000792900000,0x0000000792900000,0x000000079d800000)
 ParOldGen       total 551936K, used 322568K [0x0000000600000000, 0x0000000621b00000, 0x0000000755500000)
  object space 551936K, 58% used [0x0000000600000000,0x0000000613b02380,0x0000000621b00000)
 PSPermGen       total 46592K, used 23274K [0x00000005fae00000, 0x00000005fdb80000, 0x0000000600000000)
  object space 46592K, 49% used [0x00000005fae00000,0x00000005fc4babf0,0x00000005fdb80000)
}
Event: 29.299 GC heap before
{Heap before GC invocations=13 (full 1):
 PSYoungGen      total 695808K, used 594167K [0x0000000755500000, 0x000000079d800000, 0x0000000800000000)
  eden space 515072K, 100% used [0x0000000755500000,0x0000000774c00000,0x0000000774c00000)
  from space 180736K, 43% used [0x0000000774c00000,0x000000077993dd48,0x000000077fc80000)
  to   space 179200K, 0% used [0x0000000792900000,0x0000000792900000,0x000000079d800000)
 ParOldGen       total 551936K, used 322568K [0x0000000600000000, 0x0000000621b00000, 0x0000000755500000)
  object space 551936K, 58% used [0x0000000600000000,0x0000000613b02380,0x0000000621b00000)
 PSPermGen       total 46592K, used 23276K [0x00000005fae00000, 0x00000005fdb80000, 0x0000000600000000)
  object space 46592K, 49% used [0x00000005fae00000,0x00000005fc4bb2f8,0x00000005fdb80000)
Event: 29.493 GC heap after
Heap after GC invocations=13 (full 1):
 PSYoungGen      total 828928K, used 126153K [0x0000000755500000, 0x000000079a480000, 0x0000000800000000)
  eden space 702464K, 0% used [0x0000000755500000,0x0000000755500000,0x0000000780300000)
  from space 126464K, 99% used [0x0000000792900000,0x000000079a432798,0x000000079a480000)
  to   space 190464K, 0% used [0x0000000783080000,0x0000000783080000,0x000000078ea80000)
 ParOldGen       total 551936K, used 401822K [0x0000000600000000, 0x0000000621b00000, 0x0000000755500000)
  object space 551936K, 72% used [0x0000000600000000,0x0000000618867b00,0x0000000621b00000)
 PSPermGen       total 46592K, used 23276K [0x00000005fae00000, 0x00000005fdb80000, 0x0000000600000000)
  object space 46592K, 49% used [0x00000005fae00000,0x00000005fc4bb2f8,0x00000005fdb80000)
}
Event: 30.595 GC heap before
{Heap before GC invocations=14 (full 1):
 PSYoungGen      total 828928K, used 828617K [0x0000000755500000, 0x000000079a480000, 0x0000000800000000)
  eden space 702464K, 100% used [0x0000000755500000,0x0000000780300000,0x0000000780300000)
  from space 126464K, 99% used [0x0000000792900000,0x000000079a432798,0x000000079a480000)
  to   space 190464K, 0% used [0x0000000783080000,0x0000000783080000,0x000000078ea80000)
 ParOldGen       total 551936K, used 401822K [0x0000000600000000, 0x0000000621b00000, 0x0000000755500000)
  object space 551936K, 72% used [0x0000000600000000,0x0000000618867b00,0x0000000621b00000)
 PSPermGen       total 46592K, used 23279K [0x00000005fae00000, 0x00000005fdb80000, 0x0000000600000000)
  object space 46592K, 49% used [0x00000005fae00000,0x00000005fc4bbfc8,0x00000005fdb80000)
Event: 30.825 GC heap after
Heap after GC invocations=14 (full 1):
 PSYoungGen      total 939520K, used 157804K [0x0000000755500000, 0x00000007a9f80000, 0x0000000800000000)
  eden space 749056K, 0% used [0x0000000755500000,0x0000000755500000,0x0000000783080000)
  from space 190464K, 82% used [0x0000000783080000,0x000000078ca9b0e8,0x000000078ea80000)
  to   space 210432K, 0% used [0x000000079d200000,0x000000079d200000,0x00000007a9f80000)
 ParOldGen       total 551936K, used 527254K [0x0000000600000000, 0x0000000621b00000, 0x0000000755500000)
  object space 551936K, 95% used [0x0000000600000000,0x00000006202e5b00,0x0000000621b00000)
 PSPermGen       total 46592K, used 23279K [0x00000005fae00000, 0x00000005fdb80000, 0x0000000600000000)
  object space 46592K, 49% used [0x00000005fae00000,0x00000005fc4bbfc8,0x00000005fdb80000)
}
Event: 30.825 GC heap before
{Heap before GC invocations=15 (full 2):
 PSYoungGen      total 939520K, used 157804K [0x0000000755500000, 0x00000007a9f80000, 0x0000000800000000)
  eden space 749056K, 0% used [0x0000000755500000,0x0000000755500000,0x0000000783080000)
  from space 190464K, 82% used [0x0000000783080000,0x000000078ca9b0e8,0x000000078ea80000)
  to   space 210432K, 0% used [0x000000079d200000,0x000000079d200000,0x00000007a9f80000)
 ParOldGen       total 551936K, used 527254K [0x0000000600000000, 0x0000000621b00000, 0x0000000755500000)
  object space 551936K, 95% used [0x0000000600000000,0x00000006202e5b00,0x0000000621b00000)
 PSPermGen       total 46592K, used 23279K [0x00000005fae00000, 0x00000005fdb80000, 0x0000000600000000)
  object space 46592K, 49% used [0x00000005fae00000,0x00000005fc4bbfc8,0x00000005fdb80000)
Event: 32.834 GC heap after
Heap after GC invocations=15 (full 2):
 PSYoungGen      total 939520K, used 0K [0x0000000755500000, 0x00000007a9f80000, 0x0000000800000000)
  eden space 749056K, 0% used [0x0000000755500000,0x0000000755500000,0x0000000783080000)
  from space 190464K, 0% used [0x0000000783080000,0x0000000783080000,0x000000078ea80000)
  to   space 210432K, 0% used [0x000000079d200000,0x000000079d200000,0x00000007a9f80000)
 ParOldGen       total 692736K, used 336097K [0x0000000600000000, 0x000000062a480000, 0x0000000755500000)
  object space 692736K, 48% used [0x0000000600000000,0x0000000614838600,0x000000062a480000)
 PSPermGen       total 52736K, used 23279K [0x00000005fae00000, 0x00000005fe180000, 0x0000000600000000)
  object space 52736K, 44% used [0x00000005fae00000,0x00000005fc4bbfa8,0x00000005fe180000)
}

