# JRE version: Java(TM) SE Runtime Environment (7.0_67-b01) (build 1.7.0_67-b01)
# Java VM: Java HotSpot(TM) 64-Bit Server VM (24.65-b04 mixed mode windows-amd64 compressed oops)
Heap
 PSYoungGen      total 429056K, used 173857K [0x00000007d5500000, 0x00000007f8a00000, 0x0000000800000000)
  eden space 348672K, 26% used [0x00000007d5500000,0x00000007db04e1b0,0x00000007ea980000)
  from space 80384K, 99% used [0x00000007f0e80000,0x00000007f5cfa428,0x00000007f5d00000)
  to   space 103424K, 0% used [0x00000007ea980000,0x00000007ea980000,0x00000007f0e80000)
 ParOldGen       total 261632K, used 80239K [0x0000000780000000, 0x000000078ff80000, 0x00000007d5500000)
  object space 261632K, 30% used [0x0000000780000000,0x0000000784e5be60,0x000000078ff80000)
 PSPermGen       total 22528K, used 22375K [0x000000077ae00000, 0x000000077c400000, 0x0000000780000000)
  object space 22528K, 99% used [0x000000077ae00000,0x000000077c3d9ec0,0x000000077c400000)
GC Heap History (10 events):
Event: 13.509 GC heap before
{Heap before GC invocations=4 (full 0):
 PSYoungGen      total 114688K, used 108822K [0x00000007d5500000, 0x00000007dd500000, 0x0000000800000000)
  eden space 98304K, 100% used [0x00000007d5500000,0x00000007db500000,0x00000007db500000)
  from space 16384K, 64% used [0x00000007db500000,0x00000007dbf45a08,0x00000007dc500000)
  to   space 16384K, 0% used [0x00000007dc500000,0x00000007dc500000,0x00000007dd500000)
 ParOldGen       total 261632K, used 16K [0x0000000780000000, 0x000000078ff80000, 0x00000007d5500000)
  object space 261632K, 0% used [0x0000000780000000,0x0000000780004000,0x000000078ff80000)
 PSPermGen       total 22528K, used 22067K [0x000000077ae00000, 0x000000077c400000, 0x0000000780000000)
  object space 22528K, 97% used [0x000000077ae00000,0x000000077c38cee0,0x000000077c400000)
Event: 13.525 GC heap after
Heap after GC invocations=4 (full 0):
 PSYoungGen      total 114688K, used 16378K [0x00000007d5500000, 0x00000007dd500000, 0x0000000800000000)
  eden space 98304K, 0% used [0x00000007d5500000,0x00000007d5500000,0x00000007db500000)
  from space 16384K, 99% used [0x00000007dc500000,0x00000007dd4fe800,0x00000007dd500000)
  to   space 16384K, 0% used [0x00000007db500000,0x00000007db500000,0x00000007dc500000)
 ParOldGen       total 261632K, used 2982K [0x0000000780000000, 0x000000078ff80000, 0x00000007d5500000)
  object space 261632K, 1% used [0x0000000780000000,0x00000007802e9ae8,0x000000078ff80000)
 PSPermGen       total 22528K, used 22067K [0x000000077ae00000, 0x000000077c400000, 0x0000000780000000)
  object space 22528K, 97% used [0x000000077ae00000,0x000000077c38cee0,0x000000077c400000)
}
Event: 13.630 GC heap before
{Heap before GC invocations=5 (full 0):
 PSYoungGen      total 114688K, used 114682K [0x00000007d5500000, 0x00000007dd500000, 0x0000000800000000)
  eden space 98304K, 100% used [0x00000007d5500000,0x00000007db500000,0x00000007db500000)
  from space 16384K, 99% used [0x00000007dc500000,0x00000007dd4fe800,0x00000007dd500000)
  to   space 16384K, 0% used [0x00000007db500000,0x00000007db500000,0x00000007dc500000)
 ParOldGen       total 261632K, used 2982K [0x0000000780000000, 0x000000078ff80000, 0x00000007d5500000)
  object space 261632K, 1% used [0x0000000780000000,0x00000007802e9ae8,0x000000078ff80000)
 PSPermGen       total 22528K, used 22076K [0x000000077ae00000, 0x000000077c400000, 0x0000000780000000)
  object space 22528K, 97% used [0x000000077ae00000,0x000000077c38f288,0x000000077c400000)
Event: 13.672 GC heap after
Heap after GC invocations=5 (full 0):
 PSYoungGen      total 114688K, used 16370K [0x00000007d5500000, 0x00000007e6400000, 0x0000000800000000)
  eden space 98304K, 0% used [0x00000007d5500000,0x00000007d5500000,0x00000007db500000)
  from space 16384K, 99% used [0x00000007db500000,0x00000007dc4fcad8,0x00000007dc500000)
  to   space 40448K, 0% used [0x00000007e3c80000,0x00000007e3c80000,0x00000007e6400000)
 ParOldGen       total 261632K, used 27904K [0x0000000780000000, 0x000000078ff80000, 0x00000007d5500000)
  object space 261632K, 10% used [0x0000000780000000,0x0000000781b402b8,0x000000078ff80000)
 PSPermGen       total 22528K, used 22076K [0x000000077ae00000, 0x000000077c400000, 0x0000000780000000)
  object space 22528K, 97% used [0x000000077ae00000,0x000000077c38f288,0x000000077c400000)
}
Event: 13.780 GC heap before
{Heap before GC invocations=6 (full 0):
 PSYoungGen      total 114688K, used 114674K [0x00000007d5500000, 0x00000007e6400000, 0x0000000800000000)
  eden space 98304K, 100% used [0x00000007d5500000,0x00000007db500000,0x00000007db500000)
  from space 16384K, 99% used [0x00000007db500000,0x00000007dc4fcad8,0x00000007dc500000)
  to   space 40448K, 0% used [0x00000007e3c80000,0x00000007e3c80000,0x00000007e6400000)
 ParOldGen       total 261632K, used 27904K [0x0000000780000000, 0x000000078ff80000, 0x00000007d5500000)
  object space 261632K, 10% used [0x0000000780000000,0x0000000781b402b8,0x000000078ff80000)
 PSPermGen       total 22528K, used 22076K [0x000000077ae00000, 0x000000077c400000, 0x0000000780000000)
  object space 22528K, 97% used [0x000000077ae00000,0x000000077c38f330,0x000000077c400000)
Event: 13.825 GC heap after
Heap after GC invocations=6 (full 0):
 PSYoungGen      total 226304K, used 40420K [0x00000007d5500000, 0x00000007e7900000, 0x0000000800000000)
  eden space 185856K, 0% used [0x00000007d5500000,0x00000007d5500000,0x00000007e0a80000)
  from space 40448K, 99% used [0x00000007e3c80000,0x00000007e63f90b8,0x00000007e6400000)
  to   space 51200K, 0% used [0x00000007e0a80000,0x00000007e0a80000,0x00000007e3c80000)
 ParOldGen       total 261632K, used 29128K [0x0000000780000000, 0x000000078ff80000, 0x00000007d5500000)
  object space 261632K, 11% used [0x0000000780000000,0x0000000781c722b8,0x000000078ff80000)
 PSPermGen       total 22528K, used 22076K [0x000000077ae00000, 0x000000077c400000, 0x0000000780000000)
  object space 22528K, 97% used [0x000000077ae00000,0x000000077c38f330,0x000000077c400000)
}
Event: 14.045 GC heap before
{Heap before GC invocations=7 (full 0):
 PSYoungGen      total 226304K, used 226276K [0x00000007d5500000, 0x00000007e7900000, 0x0000000800000000)
  eden space 185856K, 100% used [0x00000007d5500000,0x00000007e0a80000,0x00000007e0a80000)
  from space 40448K, 99% used [0x00000007e3c80000,0x00000007e63f90b8,0x00000007e6400000)
  to   space 51200K, 0% used [0x00000007e0a80000,0x00000007e0a80000,0x00000007e3c80000)
 ParOldGen       total 261632K, used 29128K [0x0000000780000000, 0x000000078ff80000, 0x00000007d5500000)
  object space 261632K, 11% used [0x0000000780000000,0x0000000781c722b8,0x000000078ff80000)
 PSPermGen       total 22528K, used 22082K [0x000000077ae00000, 0x000000077c400000, 0x0000000780000000)
  object space 22528K, 98% used [0x000000077ae00000,0x000000077c390870,0x000000077c400000)
Event: 14.125 GC heap after
Heap after GC invocations=7 (full 0):
 PSYoungGen      total 237056K, used 51186K [0x00000007d5500000, 0x00000007f5d00000, 0x0000000800000000)
  eden space 185856K, 0% used [0x00000007d5500000,0x00000007d5500000,0x00000007e0a80000)
  from space 51200K, 99% used [0x00000007e0a80000,0x00000007e3c7c8d0,0x00000007e3c80000)
  to   space 80384K, 0% used [0x00000007f0e80000,0x00000007f0e80000,0x00000007f5d00000)
 ParOldGen       total 261632K, used 64340K [0x0000000780000000, 0x000000078ff80000, 0x00000007d5500000)
  object space 261632K, 24% used [0x0000000780000000,0x0000000783ed5080,0x000000078ff80000)
 PSPermGen       total 22528K, used 22082K [0x000000077ae00000, 0x000000077c400000, 0x0000000780000000)
  object space 22528K, 98% used [0x000000077ae00000,0x000000077c390870,0x000000077c400000)
}
Event: 14.436 GC heap before
{Heap before GC invocations=8 (full 0):
 PSYoungGen      total 237056K, used 237042K [0x00000007d5500000, 0x00000007f5d00000, 0x0000000800000000)
  eden space 185856K, 100% used [0x00000007d5500000,0x00000007e0a80000,0x00000007e0a80000)
  from space 51200K, 99% used [0x00000007e0a80000,0x00000007e3c7c8d0,0x00000007e3c80000)
  to   space 80384K, 0% used [0x00000007f0e80000,0x00000007f0e80000,0x00000007f5d00000)
 ParOldGen       total 261632K, used 64340K [0x0000000780000000, 0x000000078ff80000, 0x00000007d5500000)
  object space 261632K, 24% used [0x0000000780000000,0x0000000783ed5080,0x000000078ff80000)
 PSPermGen       total 22528K, used 22097K [0x000000077ae00000, 0x000000077c400000, 0x0000000780000000)
  object space 22528K, 98% used [0x000000077ae00000,0x000000077c394710,0x000000077c400000)
Event: 14.506 GC heap after
Heap after GC invocations=8 (full 0):
 PSYoungGen      total 429056K, used 80361K [0x00000007d5500000, 0x00000007f8a00000, 0x0000000800000000)
  eden space 348672K, 0% used [0x00000007d5500000,0x00000007d5500000,0x00000007ea980000)
  from space 80384K, 99% used [0x00000007f0e80000,0x00000007f5cfa428,0x00000007f5d00000)
  to   space 103424K, 0% used [0x00000007ea980000,0x00000007ea980000,0x00000007f0e80000)
 ParOldGen       total 261632K, used 80239K [0x0000000780000000, 0x000000078ff80000, 0x00000007d5500000)
  object space 261632K, 30% used [0x0000000780000000,0x0000000784e5be60,0x000000078ff80000)
 PSPermGen       total 22528K, used 22097K [0x000000077ae00000, 0x000000077c400000, 0x0000000780000000)
  object space 22528K, 98% used [0x000000077ae00000,0x000000077c394710,0x000000077c400000)
}

