# JRE version: Java(TM) SE Runtime Environment (7.0_67-b01) (build 1.7.0_67-b01)
# Java VM: Java HotSpot(TM) 64-Bit Server VM (24.65-b04 mixed mode windows-amd64 compressed oops)
Heap
 PSYoungGen      total 429568K, used 161027K [0x00000007d5500000, 0x00000007f8900000, 0x0000000800000000)
  eden space 349184K, 23% used [0x00000007d5500000,0x00000007da3c69f0,0x00000007eaa00000)
  from space 80384K, 99% used [0x00000007f0e80000,0x00000007f5cfa428,0x00000007f5d00000)
  to   space 102912K, 0% used [0x00000007eaa00000,0x00000007eaa00000,0x00000007f0e80000)
 ParOldGen       total 261632K, used 79482K [0x0000000780000000, 0x000000078ff80000, 0x00000007d5500000)
  object space 261632K, 30% used [0x0000000780000000,0x0000000784d9eb38,0x000000078ff80000)
 PSPermGen       total 22528K, used 22195K [0x000000077ae00000, 0x000000077c400000, 0x0000000780000000)
  object space 22528K, 98% used [0x000000077ae00000,0x000000077c3acd28,0x000000077c400000)
GC Heap History (10 events):
Event: 14.811 GC heap before
{Heap before GC invocations=4 (full 0):
 PSYoungGen      total 114688K, used 107629K [0x00000007d5500000, 0x00000007dd500000, 0x0000000800000000)
  eden space 98304K, 100% used [0x00000007d5500000,0x00000007db500000,0x00000007db500000)
  from space 16384K, 56% used [0x00000007db500000,0x00000007dbe1b590,0x00000007dc500000)
  to   space 16384K, 0% used [0x00000007dc500000,0x00000007dc500000,0x00000007dd500000)
 ParOldGen       total 261632K, used 16K [0x0000000780000000, 0x000000078ff80000, 0x00000007d5500000)
  object space 261632K, 0% used [0x0000000780000000,0x0000000780004000,0x000000078ff80000)
 PSPermGen       total 22528K, used 22120K [0x000000077ae00000, 0x000000077c400000, 0x0000000780000000)
  object space 22528K, 98% used [0x000000077ae00000,0x000000077c39a320,0x000000077c400000)
Event: 14.828 GC heap after
Heap after GC invocations=4 (full 0):
 PSYoungGen      total 114688K, used 16352K [0x00000007d5500000, 0x00000007dd500000, 0x0000000800000000)
  eden space 98304K, 0% used [0x00000007d5500000,0x00000007d5500000,0x00000007db500000)
  from space 16384K, 99% used [0x00000007dc500000,0x00000007dd4f8140,0x00000007dd500000)
  to   space 16384K, 0% used [0x00000007db500000,0x00000007db500000,0x00000007dc500000)
 ParOldGen       total 261632K, used 1293K [0x0000000780000000, 0x000000078ff80000, 0x00000007d5500000)
  object space 261632K, 0% used [0x0000000780000000,0x00000007801436b0,0x000000078ff80000)
 PSPermGen       total 22528K, used 22120K [0x000000077ae00000, 0x000000077c400000, 0x0000000780000000)
  object space 22528K, 98% used [0x000000077ae00000,0x000000077c39a320,0x000000077c400000)
}
Event: 14.935 GC heap before
{Heap before GC invocations=5 (full 0):
 PSYoungGen      total 114688K, used 114656K [0x00000007d5500000, 0x00000007dd500000, 0x0000000800000000)
  eden space 98304K, 100% used [0x00000007d5500000,0x00000007db500000,0x00000007db500000)
  from space 16384K, 99% used [0x00000007dc500000,0x00000007dd4f8140,0x00000007dd500000)
  to   space 16384K, 0% used [0x00000007db500000,0x00000007db500000,0x00000007dc500000)
 ParOldGen       total 261632K, used 1293K [0x0000000780000000, 0x000000078ff80000, 0x00000007d5500000)
  object space 261632K, 0% used [0x0000000780000000,0x00000007801436b0,0x000000078ff80000)
 PSPermGen       total 22528K, used 22125K [0x000000077ae00000, 0x000000077c400000, 0x0000000780000000)
  object space 22528K, 98% used [0x000000077ae00000,0x000000077c39b630,0x000000077c400000)
Event: 14.986 GC heap after
Heap after GC invocations=5 (full 0):
 PSYoungGen      total 114688K, used 16358K [0x00000007d5500000, 0x00000007e6300000, 0x0000000800000000)
  eden space 98304K, 0% used [0x00000007d5500000,0x00000007d5500000,0x00000007db500000)
  from space 16384K, 99% used [0x00000007db500000,0x00000007dc4f9978,0x00000007dc500000)
  to   space 39936K, 0% used [0x00000007e3c00000,0x00000007e3c00000,0x00000007e6300000)
 ParOldGen       total 261632K, used 27477K [0x0000000780000000, 0x000000078ff80000, 0x00000007d5500000)
  object space 261632K, 10% used [0x0000000780000000,0x0000000781ad56b0,0x000000078ff80000)
 PSPermGen       total 22528K, used 22125K [0x000000077ae00000, 0x000000077c400000, 0x0000000780000000)
  object space 22528K, 98% used [0x000000077ae00000,0x000000077c39b630,0x000000077c400000)
}
Event: 15.095 GC heap before
{Heap before GC invocations=6 (full 0):
 PSYoungGen      total 114688K, used 114662K [0x00000007d5500000, 0x00000007e6300000, 0x0000000800000000)
  eden space 98304K, 100% used [0x00000007d5500000,0x00000007db500000,0x00000007db500000)
  from space 16384K, 99% used [0x00000007db500000,0x00000007dc4f9978,0x00000007dc500000)
  to   space 39936K, 0% used [0x00000007e3c00000,0x00000007e3c00000,0x00000007e6300000)
 ParOldGen       total 261632K, used 27477K [0x0000000780000000, 0x000000078ff80000, 0x00000007d5500000)
  object space 261632K, 10% used [0x0000000780000000,0x0000000781ad56b0,0x000000078ff80000)
 PSPermGen       total 22528K, used 22132K [0x000000077ae00000, 0x000000077c400000, 0x0000000780000000)
  object space 22528K, 98% used [0x000000077ae00000,0x000000077c39d188,0x000000077c400000)
Event: 15.134 GC heap after
Heap after GC invocations=6 (full 0):
 PSYoungGen      total 225792K, used 39925K [0x00000007d5500000, 0x00000007e7800000, 0x0000000800000000)
  eden space 185856K, 0% used [0x00000007d5500000,0x00000007d5500000,0x00000007e0a80000)
  from space 39936K, 99% used [0x00000007e3c00000,0x00000007e62fd5e0,0x00000007e6300000)
  to   space 50688K, 0% used [0x00000007e0a80000,0x00000007e0a80000,0x00000007e3c00000)
 ParOldGen       total 261632K, used 28733K [0x0000000780000000, 0x000000078ff80000, 0x00000007d5500000)
  object space 261632K, 10% used [0x0000000780000000,0x0000000781c0f6b0,0x000000078ff80000)
 PSPermGen       total 22528K, used 22132K [0x000000077ae00000, 0x000000077c400000, 0x0000000780000000)
  object space 22528K, 98% used [0x000000077ae00000,0x000000077c39d188,0x000000077c400000)
}
Event: 15.365 GC heap before
{Heap before GC invocations=7 (full 0):
 PSYoungGen      total 225792K, used 225781K [0x00000007d5500000, 0x00000007e7800000, 0x0000000800000000)
  eden space 185856K, 100% used [0x00000007d5500000,0x00000007e0a80000,0x00000007e0a80000)
  from space 39936K, 99% used [0x00000007e3c00000,0x00000007e62fd5e0,0x00000007e6300000)
  to   space 50688K, 0% used [0x00000007e0a80000,0x00000007e0a80000,0x00000007e3c00000)
 ParOldGen       total 261632K, used 28733K [0x0000000780000000, 0x000000078ff80000, 0x00000007d5500000)
  object space 261632K, 10% used [0x0000000780000000,0x0000000781c0f6b0,0x000000078ff80000)
 PSPermGen       total 22528K, used 22135K [0x000000077ae00000, 0x000000077c400000, 0x0000000780000000)
  object space 22528K, 98% used [0x000000077ae00000,0x000000077c39dfa0,0x000000077c400000)
Event: 15.451 GC heap after
Heap after GC invocations=7 (full 0):
 PSYoungGen      total 236544K, used 50659K [0x00000007d5500000, 0x00000007f5d00000, 0x0000000800000000)
  eden space 185856K, 0% used [0x00000007d5500000,0x00000007d5500000,0x00000007e0a80000)
  from space 50688K, 99% used [0x00000007e0a80000,0x00000007e3bf8e18,0x00000007e3c00000)
  to   space 80384K, 0% used [0x00000007f0e80000,0x00000007f0e80000,0x00000007f5d00000)
 ParOldGen       total 261632K, used 65059K [0x0000000780000000, 0x000000078ff80000, 0x00000007d5500000)
  object space 261632K, 24% used [0x0000000780000000,0x0000000783f88e10,0x000000078ff80000)
 PSPermGen       total 22528K, used 22135K [0x000000077ae00000, 0x000000077c400000, 0x0000000780000000)
  object space 22528K, 98% used [0x000000077ae00000,0x000000077c39dfa0,0x000000077c400000)
}
Event: 15.772 GC heap before
{Heap before GC invocations=8 (full 0):
 PSYoungGen      total 236544K, used 236515K [0x00000007d5500000, 0x00000007f5d00000, 0x0000000800000000)
  eden space 185856K, 100% used [0x00000007d5500000,0x00000007e0a80000,0x00000007e0a80000)
  from space 50688K, 99% used [0x00000007e0a80000,0x00000007e3bf8e18,0x00000007e3c00000)
  to   space 80384K, 0% used [0x00000007f0e80000,0x00000007f0e80000,0x00000007f5d00000)
 ParOldGen       total 261632K, used 65059K [0x0000000780000000, 0x000000078ff80000, 0x00000007d5500000)
  object space 261632K, 24% used [0x0000000780000000,0x0000000783f88e10,0x000000078ff80000)
 PSPermGen       total 22528K, used 22152K [0x000000077ae00000, 0x000000077c400000, 0x0000000780000000)
  object space 22528K, 98% used [0x000000077ae00000,0x000000077c3a2130,0x000000077c400000)
Event: 15.848 GC heap after
Heap after GC invocations=8 (full 0):
 PSYoungGen      total 429568K, used 80361K [0x00000007d5500000, 0x00000007f8900000, 0x0000000800000000)
  eden space 349184K, 0% used [0x00000007d5500000,0x00000007d5500000,0x00000007eaa00000)
  from space 80384K, 99% used [0x00000007f0e80000,0x00000007f5cfa428,0x00000007f5d00000)
  to   space 102912K, 0% used [0x00000007eaa00000,0x00000007eaa00000,0x00000007f0e80000)
 ParOldGen       total 261632K, used 79482K [0x0000000780000000, 0x000000078ff80000, 0x00000007d5500000)
  object space 261632K, 30% used [0x0000000780000000,0x0000000784d9eb38,0x000000078ff80000)
 PSPermGen       total 22528K, used 22152K [0x000000077ae00000, 0x000000077c400000, 0x0000000780000000)
  object space 22528K, 98% used [0x000000077ae00000,0x000000077c3a2130,0x000000077c400000)
}

