# JRE version: Java(TM) SE Runtime Environment (7.0_67-b01) (build 1.7.0_67-b01)
# Java VM: Java HotSpot(TM) 64-Bit Server VM (24.65-b04 mixed mode windows-amd64 compressed oops)
Heap
 PSYoungGen      total 431104K, used 165542K [0x00000007d5500000, 0x00000007f8a00000, 0x0000000800000000)
  eden space 349696K, 24% used [0x00000007d5500000,0x00000007da72f700,0x00000007eaa80000)
  from space 81408K, 99% used [0x00000007f0f80000,0x00000007f5efa428,0x00000007f5f00000)
  to   space 103424K, 0% used [0x00000007eaa80000,0x00000007eaa80000,0x00000007f0f80000)
 ParOldGen       total 261632K, used 79187K [0x0000000780000000, 0x000000078ff80000, 0x00000007d5500000)
  object space 261632K, 30% used [0x0000000780000000,0x0000000784d54d08,0x000000078ff80000)
 PSPermGen       total 22528K, used 22371K [0x000000077ae00000, 0x000000077c400000, 0x0000000780000000)
  object space 22528K, 99% used [0x000000077ae00000,0x000000077c3d8ed0,0x000000077c400000)
GC Heap History (10 events):
Event: 15.222 GC heap before
{Heap before GC invocations=4 (full 0):
 PSYoungGen      total 114688K, used 108793K [0x00000007d5500000, 0x00000007dd500000, 0x0000000800000000)
  eden space 98304K, 100% used [0x00000007d5500000,0x00000007db500000,0x00000007db500000)
  from space 16384K, 64% used [0x00000007db500000,0x00000007dbf3e670,0x00000007dc500000)
  to   space 16384K, 0% used [0x00000007dc500000,0x00000007dc500000,0x00000007dd500000)
 ParOldGen       total 261632K, used 16K [0x0000000780000000, 0x000000078ff80000, 0x00000007d5500000)
  object space 261632K, 0% used [0x0000000780000000,0x0000000780004000,0x000000078ff80000)
 PSPermGen       total 22528K, used 22066K [0x000000077ae00000, 0x000000077c400000, 0x0000000780000000)
  object space 22528K, 97% used [0x000000077ae00000,0x000000077c38c8b8,0x000000077c400000)
Event: 15.237 GC heap after
Heap after GC invocations=4 (full 0):
 PSYoungGen      total 114688K, used 16368K [0x00000007d5500000, 0x00000007dd500000, 0x0000000800000000)
  eden space 98304K, 0% used [0x00000007d5500000,0x00000007d5500000,0x00000007db500000)
  from space 16384K, 99% used [0x00000007dc500000,0x00000007dd4fc070,0x00000007dd500000)
  to   space 16384K, 0% used [0x00000007db500000,0x00000007db500000,0x00000007dc500000)
 ParOldGen       total 261632K, used 2505K [0x0000000780000000, 0x000000078ff80000, 0x00000007d5500000)
  object space 261632K, 0% used [0x0000000780000000,0x00000007802726b0,0x000000078ff80000)
 PSPermGen       total 22528K, used 22066K [0x000000077ae00000, 0x000000077c400000, 0x0000000780000000)
  object space 22528K, 97% used [0x000000077ae00000,0x000000077c38c8b8,0x000000077c400000)
}
Event: 15.343 GC heap before
{Heap before GC invocations=5 (full 0):
 PSYoungGen      total 114688K, used 114672K [0x00000007d5500000, 0x00000007dd500000, 0x0000000800000000)
  eden space 98304K, 100% used [0x00000007d5500000,0x00000007db500000,0x00000007db500000)
  from space 16384K, 99% used [0x00000007dc500000,0x00000007dd4fc070,0x00000007dd500000)
  to   space 16384K, 0% used [0x00000007db500000,0x00000007db500000,0x00000007dc500000)
 ParOldGen       total 261632K, used 2505K [0x0000000780000000, 0x000000078ff80000, 0x00000007d5500000)
  object space 261632K, 0% used [0x0000000780000000,0x00000007802726b0,0x000000078ff80000)
 PSPermGen       total 22528K, used 22075K [0x000000077ae00000, 0x000000077c400000, 0x0000000780000000)
  object space 22528K, 97% used [0x000000077ae00000,0x000000077c38ef80,0x000000077c400000)
Event: 15.389 GC heap after
Heap after GC invocations=5 (full 0):
 PSYoungGen      total 114688K, used 16357K [0x00000007d5500000, 0x00000007e6400000, 0x0000000800000000)
  eden space 98304K, 0% used [0x00000007d5500000,0x00000007d5500000,0x00000007db500000)
  from space 16384K, 99% used [0x00000007db500000,0x00000007dc4f9578,0x00000007dc500000)
  to   space 40448K, 0% used [0x00000007e3c80000,0x00000007e3c80000,0x00000007e6400000)
 ParOldGen       total 261632K, used 27753K [0x0000000780000000, 0x000000078ff80000, 0x00000007d5500000)
  object space 261632K, 10% used [0x0000000780000000,0x0000000781b1a6b0,0x000000078ff80000)
 PSPermGen       total 22528K, used 22075K [0x000000077ae00000, 0x000000077c400000, 0x0000000780000000)
  object space 22528K, 97% used [0x000000077ae00000,0x000000077c38ef80,0x000000077c400000)
}
Event: 15.495 GC heap before
{Heap before GC invocations=6 (full 0):
 PSYoungGen      total 114688K, used 114661K [0x00000007d5500000, 0x00000007e6400000, 0x0000000800000000)
  eden space 98304K, 100% used [0x00000007d5500000,0x00000007db500000,0x00000007db500000)
  from space 16384K, 99% used [0x00000007db500000,0x00000007dc4f9578,0x00000007dc500000)
  to   space 40448K, 0% used [0x00000007e3c80000,0x00000007e3c80000,0x00000007e6400000)
 ParOldGen       total 261632K, used 27753K [0x0000000780000000, 0x000000078ff80000, 0x00000007d5500000)
  object space 261632K, 10% used [0x0000000780000000,0x0000000781b1a6b0,0x000000078ff80000)
 PSPermGen       total 22528K, used 22083K [0x000000077ae00000, 0x000000077c400000, 0x0000000780000000)
  object space 22528K, 98% used [0x000000077ae00000,0x000000077c390ea0,0x000000077c400000)
Event: 15.533 GC heap after
Heap after GC invocations=6 (full 0):
 PSYoungGen      total 226304K, used 40435K [0x00000007d5500000, 0x00000007e7900000, 0x0000000800000000)
  eden space 185856K, 0% used [0x00000007d5500000,0x00000007d5500000,0x00000007e0a80000)
  from space 40448K, 99% used [0x00000007e3c80000,0x00000007e63fce20,0x00000007e6400000)
  to   space 51200K, 0% used [0x00000007e0a80000,0x00000007e0a80000,0x00000007e3c80000)
 ParOldGen       total 261632K, used 29577K [0x0000000780000000, 0x000000078ff80000, 0x00000007d5500000)
  object space 261632K, 11% used [0x0000000780000000,0x0000000781ce26b0,0x000000078ff80000)
 PSPermGen       total 22528K, used 22083K [0x000000077ae00000, 0x000000077c400000, 0x0000000780000000)
  object space 22528K, 98% used [0x000000077ae00000,0x000000077c390ea0,0x000000077c400000)
}
Event: 15.755 GC heap before
{Heap before GC invocations=7 (full 0):
 PSYoungGen      total 226304K, used 226291K [0x00000007d5500000, 0x00000007e7900000, 0x0000000800000000)
  eden space 185856K, 100% used [0x00000007d5500000,0x00000007e0a80000,0x00000007e0a80000)
  from space 40448K, 99% used [0x00000007e3c80000,0x00000007e63fce20,0x00000007e6400000)
  to   space 51200K, 0% used [0x00000007e0a80000,0x00000007e0a80000,0x00000007e3c80000)
 ParOldGen       total 261632K, used 29577K [0x0000000780000000, 0x000000078ff80000, 0x00000007d5500000)
  object space 261632K, 11% used [0x0000000780000000,0x0000000781ce26b0,0x000000078ff80000)
 PSPermGen       total 22528K, used 22084K [0x000000077ae00000, 0x000000077c400000, 0x0000000780000000)
  object space 22528K, 98% used [0x000000077ae00000,0x000000077c3912d0,0x000000077c400000)
Event: 15.846 GC heap after
Heap after GC invocations=7 (full 0):
 PSYoungGen      total 237056K, used 51195K [0x00000007d5500000, 0x00000007f5f00000, 0x0000000800000000)
  eden space 185856K, 0% used [0x00000007d5500000,0x00000007d5500000,0x00000007e0a80000)
  from space 51200K, 99% used [0x00000007e0a80000,0x00000007e3c7ecd0,0x00000007e3c80000)
  to   space 81408K, 0% used [0x00000007f0f80000,0x00000007f0f80000,0x00000007f5f00000)
 ParOldGen       total 261632K, used 67172K [0x0000000780000000, 0x000000078ff80000, 0x00000007d5500000)
  object space 261632K, 25% used [0x0000000780000000,0x0000000784199130,0x000000078ff80000)
 PSPermGen       total 22528K, used 22084K [0x000000077ae00000, 0x000000077c400000, 0x0000000780000000)
  object space 22528K, 98% used [0x000000077ae00000,0x000000077c3912d0,0x000000077c400000)
}
Event: 16.171 GC heap before
{Heap before GC invocations=8 (full 0):
 PSYoungGen      total 237056K, used 237051K [0x00000007d5500000, 0x00000007f5f00000, 0x0000000800000000)
  eden space 185856K, 100% used [0x00000007d5500000,0x00000007e0a80000,0x00000007e0a80000)
  from space 51200K, 99% used [0x00000007e0a80000,0x00000007e3c7ecd0,0x00000007e3c80000)
  to   space 81408K, 0% used [0x00000007f0f80000,0x00000007f0f80000,0x00000007f5f00000)
 ParOldGen       total 261632K, used 67172K [0x0000000780000000, 0x000000078ff80000, 0x00000007d5500000)
  object space 261632K, 25% used [0x0000000780000000,0x0000000784199130,0x000000078ff80000)
 PSPermGen       total 22528K, used 22103K [0x000000077ae00000, 0x000000077c400000, 0x0000000780000000)
  object space 22528K, 98% used [0x000000077ae00000,0x000000077c395cd8,0x000000077c400000)
Event: 16.244 GC heap after
Heap after GC invocations=8 (full 0):
 PSYoungGen      total 431104K, used 81385K [0x00000007d5500000, 0x00000007f8a00000, 0x0000000800000000)
  eden space 349696K, 0% used [0x00000007d5500000,0x00000007d5500000,0x00000007eaa80000)
  from space 81408K, 99% used [0x00000007f0f80000,0x00000007f5efa428,0x00000007f5f00000)
  to   space 103424K, 0% used [0x00000007eaa80000,0x00000007eaa80000,0x00000007f0f80000)
 ParOldGen       total 261632K, used 79187K [0x0000000780000000, 0x000000078ff80000, 0x00000007d5500000)
  object space 261632K, 30% used [0x0000000780000000,0x0000000784d54d08,0x000000078ff80000)
 PSPermGen       total 22528K, used 22103K [0x000000077ae00000, 0x000000077c400000, 0x0000000780000000)
  object space 22528K, 98% used [0x000000077ae00000,0x000000077c395cd8,0x000000077c400000)
}

