# JRE version: Java(TM) SE Runtime Environment (8.0_31-b13) (build 1.8.0_31-b13)
# Java VM: Java HotSpot(TM) 64-Bit Server VM (25.31-b07 mixed mode windows-amd64 compressed oops)
Heap:
 PSYoungGen      total 391168K, used 356390K [0x0000000740000000, 0x0000000764e00000, 0x00000007c0000000)
  eden space 308224K, 98% used [0x0000000740000000,0x00000007528b4ef8,0x0000000752d00000)
  from space 82944K, 63% used [0x0000000752d00000,0x0000000756054cc0,0x0000000757e00000)
  to   space 92672K, 0% used [0x000000075f380000,0x000000075f380000,0x0000000764e00000)
 ParOldGen       total 520192K, used 269173K [0x0000000640000000, 0x000000065fc00000, 0x0000000740000000)
  object space 520192K, 51% used [0x0000000640000000,0x00000006506dd4e0,0x000000065fc00000)
 Metaspace       used 24064K, capacity 24411K, committed 24704K, reserved 1071104K
  class space    used 2730K, capacity 2819K, committed 2944K, reserved 1048576K
GC Heap History (10 events):
Event: 16.329 GC heap before
{Heap before GC invocations=12 (full 2):
 PSYoungGen      total 292864K, used 57329K [0x0000000740000000, 0x0000000758680000, 0x00000007c0000000)
  eden space 235520K, 0% used [0x0000000740000000,0x0000000740000000,0x000000074e600000)
  from space 57344K, 99% used [0x0000000752e00000,0x00000007565fc518,0x0000000756600000)
  to   space 73728K, 0% used [0x000000074e600000,0x000000074e600000,0x0000000752e00000)
 ParOldGen       total 104448K, used 91032K [0x0000000640000000, 0x0000000646600000, 0x0000000740000000)
  object space 104448K, 87% used [0x0000000640000000,0x00000006458e6390,0x0000000646600000)
 Metaspace       used 23782K, capacity 24091K, committed 24320K, reserved 1071104K
  class space    used 2702K, capacity 2755K, committed 2816K, reserved 1048576K
Event: 17.402 GC heap after
Heap after GC invocations=12 (full 2):
 PSYoungGen      total 292864K, used 42399K [0x0000000740000000, 0x0000000758680000, 0x00000007c0000000)
  eden space 235520K, 0% used [0x0000000740000000,0x0000000740000000,0x000000074e600000)
  from space 57344K, 73% used [0x0000000752e00000,0x0000000755767d00,0x0000000756600000)
  to   space 73728K, 0% used [0x000000074e600000,0x000000074e600000,0x0000000752e00000)
 ParOldGen       total 269312K, used 104140K [0x0000000640000000, 0x0000000650700000, 0x0000000740000000)
  object space 269312K, 38% used [0x0000000640000000,0x00000006465b31e8,0x0000000650700000)
 Metaspace       used 23782K, capacity 24091K, committed 24320K, reserved 1071104K
  class space    used 2702K, capacity 2755K, committed 2816K, reserved 1048576K
}
Event: 17.703 GC heap before
{Heap before GC invocations=13 (full 2):
 PSYoungGen      total 292864K, used 277919K [0x0000000740000000, 0x0000000758680000, 0x00000007c0000000)
  eden space 235520K, 100% used [0x0000000740000000,0x000000074e600000,0x000000074e600000)
  from space 57344K, 73% used [0x0000000752e00000,0x0000000755767d00,0x0000000756600000)
  to   space 73728K, 0% used [0x000000074e600000,0x000000074e600000,0x0000000752e00000)
 ParOldGen       total 269312K, used 104140K [0x0000000640000000, 0x0000000650700000, 0x0000000740000000)
  object space 269312K, 38% used [0x0000000640000000,0x00000006465b31e8,0x0000000650700000)
 Metaspace       used 23797K, capacity 24091K, committed 24320K, reserved 1071104K
  class space    used 2702K, capacity 2755K, committed 2816K, reserved 1048576K
Event: 17.805 GC heap after
Heap after GC invocations=13 (full 2):
 PSYoungGen      total 309248K, used 52489K [0x0000000740000000, 0x000000075cb00000, 0x00000007c0000000)
  eden space 235520K, 0% used [0x0000000740000000,0x0000000740000000,0x000000074e600000)
  from space 73728K, 71% used [0x000000074e600000,0x0000000751942798,0x0000000752e00000)
  to   space 78848K, 0% used [0x0000000757e00000,0x0000000757e00000,0x000000075cb00000)
 ParOldGen       total 269312K, used 146868K [0x0000000640000000, 0x0000000650700000, 0x0000000740000000)
  object space 269312K, 54% used [0x0000000640000000,0x0000000648f6d1e8,0x0000000650700000)
 Metaspace       used 23797K, capacity 24091K, committed 24320K, reserved 1071104K
  class space    used 2702K, capacity 2755K, committed 2816K, reserved 1048576K
}
Event: 18.111 GC heap before
{Heap before GC invocations=14 (full 2):
 PSYoungGen      total 309248K, used 288009K [0x0000000740000000, 0x000000075cb00000, 0x00000007c0000000)
  eden space 235520K, 100% used [0x0000000740000000,0x000000074e600000,0x000000074e600000)
  from space 73728K, 71% used [0x000000074e600000,0x0000000751942798,0x0000000752e00000)
  to   space 78848K, 0% used [0x0000000757e00000,0x0000000757e00000,0x000000075cb00000)
 ParOldGen       total 269312K, used 146868K [0x0000000640000000, 0x0000000650700000, 0x0000000740000000)
  object space 269312K, 54% used [0x0000000640000000,0x0000000648f6d1e8,0x0000000650700000)
 Metaspace       used 23800K, capacity 24091K, committed 24320K, reserved 1071104K
  class space    used 2702K, capacity 2755K, committed 2816K, reserved 1048576K
Event: 18.200 GC heap after
Heap after GC invocations=14 (full 2):
 PSYoungGen      total 387072K, used 53246K [0x0000000740000000, 0x000000075d780000, 0x00000007c0000000)
  eden space 308224K, 0% used [0x0000000740000000,0x0000000740000000,0x0000000752d00000)
  from space 78848K, 67% used [0x0000000757e00000,0x000000075b1ffb58,0x000000075cb00000)
  to   space 82944K, 0% used [0x0000000752d00000,0x0000000752d00000,0x0000000757e00000)
 ParOldGen       total 269312K, used 198588K [0x0000000640000000, 0x0000000650700000, 0x0000000740000000)
  object space 269312K, 73% used [0x0000000640000000,0x000000064c1ef1e8,0x0000000650700000)
 Metaspace       used 23800K, capacity 24091K, committed 24320K, reserved 1071104K
  class space    used 2702K, capacity 2755K, committed 2816K, reserved 1048576K
}
Event: 18.594 GC heap before
{Heap before GC invocations=15 (full 2):
 PSYoungGen      total 387072K, used 361470K [0x0000000740000000, 0x000000075d780000, 0x00000007c0000000)
  eden space 308224K, 100% used [0x0000000740000000,0x0000000752d00000,0x0000000752d00000)
  from space 78848K, 67% used [0x0000000757e00000,0x000000075b1ffb58,0x000000075cb00000)
  to   space 82944K, 0% used [0x0000000752d00000,0x0000000752d00000,0x0000000757e00000)
 ParOldGen       total 269312K, used 198588K [0x0000000640000000, 0x0000000650700000, 0x0000000740000000)
  object space 269312K, 73% used [0x0000000640000000,0x000000064c1ef1e8,0x0000000650700000)
 Metaspace       used 23807K, capacity 24091K, committed 24320K, reserved 1071104K
  class space    used 2702K, capacity 2755K, committed 2816K, reserved 1048576K
Event: 18.707 GC heap after
Heap after GC invocations=15 (full 2):
 PSYoungGen      total 391168K, used 71744K [0x0000000740000000, 0x0000000764e00000, 0x00000007c0000000)
  eden space 308224K, 0% used [0x0000000740000000,0x0000000740000000,0x0000000752d00000)
  from space 82944K, 86% used [0x0000000752d00000,0x0000000757310000,0x0000000757e00000)
  to   space 92672K, 0% used [0x000000075f380000,0x000000075f380000,0x0000000764e00000)
 ParOldGen       total 269312K, used 252019K [0x0000000640000000, 0x0000000650700000, 0x0000000740000000)
  object space 269312K, 93% used [0x0000000640000000,0x000000064f61cd40,0x0000000650700000)
 Metaspace       used 23807K, capacity 24091K, committed 24320K, reserved 1071104K
  class space    used 2702K, capacity 2755K, committed 2816K, reserved 1048576K
}
Event: 18.707 GC heap before
{Heap before GC invocations=16 (full 3):
 PSYoungGen      total 391168K, used 71744K [0x0000000740000000, 0x0000000764e00000, 0x00000007c0000000)
  eden space 308224K, 0% used [0x0000000740000000,0x0000000740000000,0x0000000752d00000)
  from space 82944K, 86% used [0x0000000752d00000,0x0000000757310000,0x0000000757e00000)
  to   space 92672K, 0% used [0x000000075f380000,0x000000075f380000,0x0000000764e00000)
 ParOldGen       total 269312K, used 252019K [0x0000000640000000, 0x0000000650700000, 0x0000000740000000)
  object space 269312K, 93% used [0x0000000640000000,0x000000064f61cd40,0x0000000650700000)
 Metaspace       used 23807K, capacity 24091K, committed 24320K, reserved 1071104K
  class space    used 2702K, capacity 2755K, committed 2816K, reserved 1048576K
Event: 20.716 GC heap after
Heap after GC invocations=16 (full 3):
 PSYoungGen      total 391168K, used 52563K [0x0000000740000000, 0x0000000764e00000, 0x00000007c0000000)
  eden space 308224K, 0% used [0x0000000740000000,0x0000000740000000,0x0000000752d00000)
  from space 82944K, 63% used [0x0000000752d00000,0x0000000756054cc0,0x0000000757e00000)
  to   space 92672K, 0% used [0x000000075f380000,0x000000075f380000,0x0000000764e00000)
 ParOldGen       total 520192K, used 269173K [0x0000000640000000, 0x000000065fc00000, 0x0000000740000000)
  object space 520192K, 51% used [0x0000000640000000,0x00000006506dd4e0,0x000000065fc00000)
 Metaspace       used 23807K, capacity 24091K, committed 24320K, reserved 1071104K
  class space    used 2702K, capacity 2755K, committed 2816K, reserved 1048576K
}

