# JRE version: Java(TM) SE Runtime Environment (8.0_31-b13) (build 1.8.0_31-b13)
# Java VM: Java HotSpot(TM) 64-Bit Server VM (25.31-b07 mixed mode windows-amd64 compressed oops)
Heap:
 PSYoungGen      total 112640K, used 25920K [0x0000000740000000, 0x000000074d600000, 0x00000007c0000000)
  eden space 96256K, 9% used [0x0000000740000000,0x0000000740958338,0x0000000745e00000)
  from space 16384K, 99% used [0x0000000746000000,0x0000000746ff8030,0x0000000747000000)
  to   space 61440K, 0% used [0x0000000749a00000,0x0000000749a00000,0x000000074d600000)
 ParOldGen       total 262144K, used 62325K [0x0000000640000000, 0x0000000650000000, 0x0000000740000000)
  object space 262144K, 23% used [0x0000000640000000,0x0000000643cdd7e8,0x0000000650000000)
 Metaspace       used 19727K, capacity 20028K, committed 20480K, reserved 1067008K
  class space    used 2387K, capacity 2445K, committed 2560K, reserved 1048576K
GC Heap History (10 events):
Event: 2.110 GC heap before
{Heap before GC invocations=1 (full 0):
 PSYoungGen      total 114688K, used 98304K [0x0000000740000000, 0x0000000748000000, 0x00000007c0000000)
  eden space 98304K, 100% used [0x0000000740000000,0x0000000746000000,0x0000000746000000)
  from space 16384K, 0% used [0x0000000747000000,0x0000000747000000,0x0000000748000000)
  to   space 16384K, 0% used [0x0000000746000000,0x0000000746000000,0x0000000747000000)
 ParOldGen       total 262144K, used 0K [0x0000000640000000, 0x0000000650000000, 0x0000000740000000)
  object space 262144K, 0% used [0x0000000640000000,0x0000000640000000,0x0000000650000000)
 Metaspace       used 12906K, capacity 13140K, committed 13312K, reserved 1060864K
  class space    used 1654K, capacity 1689K, committed 1792K, reserved 1048576K
Event: 2.117 GC heap after
Heap after GC invocations=1 (full 0):
 PSYoungGen      total 114688K, used 4001K [0x0000000740000000, 0x0000000748000000, 0x00000007c0000000)
  eden space 98304K, 0% used [0x0000000740000000,0x0000000740000000,0x0000000746000000)
  from space 16384K, 24% used [0x0000000746000000,0x00000007463e87c8,0x0000000747000000)
  to   space 16384K, 0% used [0x0000000747000000,0x0000000747000000,0x0000000748000000)
 ParOldGen       total 262144K, used 16K [0x0000000640000000, 0x0000000650000000, 0x0000000740000000)
  object space 262144K, 0% used [0x0000000640000000,0x0000000640004000,0x0000000650000000)
 Metaspace       used 12906K, capacity 13140K, committed 13312K, reserved 1060864K
  class space    used 1654K, capacity 1689K, committed 1792K, reserved 1048576K
}
Event: 2.778 GC heap before
{Heap before GC invocations=2 (full 0):
 PSYoungGen      total 114688K, used 102305K [0x0000000740000000, 0x0000000748000000, 0x00000007c0000000)
  eden space 98304K, 100% used [0x0000000740000000,0x0000000746000000,0x0000000746000000)
  from space 16384K, 24% used [0x0000000746000000,0x00000007463e87c8,0x0000000747000000)
  to   space 16384K, 0% used [0x0000000747000000,0x0000000747000000,0x0000000748000000)
 ParOldGen       total 262144K, used 16K [0x0000000640000000, 0x0000000650000000, 0x0000000740000000)
  object space 262144K, 0% used [0x0000000640000000,0x0000000640004000,0x0000000650000000)
 Metaspace       used 14095K, capacity 14356K, committed 14464K, reserved 1062912K
  class space    used 1802K, capacity 1861K, committed 1920K, reserved 1048576K
Event: 2.786 GC heap after
Heap after GC invocations=2 (full 0):
 PSYoungGen      total 114688K, used 5056K [0x0000000740000000, 0x0000000748000000, 0x00000007c0000000)
  eden space 98304K, 0% used [0x0000000740000000,0x0000000740000000,0x0000000746000000)
  from space 16384K, 30% used [0x0000000747000000,0x00000007474f0000,0x0000000748000000)
  to   space 16384K, 0% used [0x0000000746000000,0x0000000746000000,0x0000000747000000)
 ParOldGen       total 262144K, used 24K [0x0000000640000000, 0x0000000650000000, 0x0000000740000000)
  object space 262144K, 0% used [0x0000000640000000,0x0000000640006000,0x0000000650000000)
 Metaspace       used 14095K, capacity 14356K, committed 14464K, reserved 1062912K
  class space    used 1802K, capacity 1861K, committed 1920K, reserved 1048576K
}
Event: 6.944 GC heap before
{Heap before GC invocations=3 (full 0):
 PSYoungGen      total 114688K, used 103360K [0x0000000740000000, 0x0000000748000000, 0x00000007c0000000)
  eden space 98304K, 100% used [0x0000000740000000,0x0000000746000000,0x0000000746000000)
  from space 16384K, 30% used [0x0000000747000000,0x00000007474f0000,0x0000000748000000)
  to   space 16384K, 0% used [0x0000000746000000,0x0000000746000000,0x0000000747000000)
 ParOldGen       total 262144K, used 24K [0x0000000640000000, 0x0000000650000000, 0x0000000740000000)
  object space 262144K, 0% used [0x0000000640000000,0x0000000640006000,0x0000000650000000)
 Metaspace       used 16431K, capacity 16714K, committed 17024K, reserved 1064960K
  class space    used 2083K, capacity 2154K, committed 2176K, reserved 1048576K
Event: 6.952 GC heap after
Heap after GC invocations=3 (full 0):
 PSYoungGen      total 114688K, used 5000K [0x0000000740000000, 0x0000000748000000, 0x00000007c0000000)
  eden space 98304K, 0% used [0x0000000740000000,0x0000000740000000,0x0000000746000000)
  from space 16384K, 30% used [0x0000000746000000,0x00000007464e2040,0x0000000747000000)
  to   space 16384K, 0% used [0x0000000747000000,0x0000000747000000,0x0000000748000000)
 ParOldGen       total 262144K, used 32K [0x0000000640000000, 0x0000000650000000, 0x0000000740000000)
  object space 262144K, 0% used [0x0000000640000000,0x0000000640008000,0x0000000650000000)
 Metaspace       used 16431K, capacity 16714K, committed 17024K, reserved 1064960K
  class space    used 2083K, capacity 2154K, committed 2176K, reserved 1048576K
}
Event: 18.273 GC heap before
{Heap before GC invocations=4 (full 0):
 PSYoungGen      total 114688K, used 103304K [0x0000000740000000, 0x0000000748000000, 0x00000007c0000000)
  eden space 98304K, 100% used [0x0000000740000000,0x0000000746000000,0x0000000746000000)
  from space 16384K, 30% used [0x0000000746000000,0x00000007464e2040,0x0000000747000000)
  to   space 16384K, 0% used [0x0000000747000000,0x0000000747000000,0x0000000748000000)
 ParOldGen       total 262144K, used 32K [0x0000000640000000, 0x0000000650000000, 0x0000000740000000)
  object space 262144K, 0% used [0x0000000640000000,0x0000000640008000,0x0000000650000000)
 Metaspace       used 19198K, capacity 19452K, committed 19840K, reserved 1067008K
  class space    used 2333K, capacity 2381K, committed 2432K, reserved 1048576K
Event: 18.290 GC heap after
Heap after GC invocations=4 (full 0):
 PSYoungGen      total 114688K, used 16376K [0x0000000740000000, 0x0000000748000000, 0x00000007c0000000)
  eden space 98304K, 0% used [0x0000000740000000,0x0000000740000000,0x0000000746000000)
  from space 16384K, 99% used [0x0000000747000000,0x0000000747ffe060,0x0000000748000000)
  to   space 16384K, 0% used [0x0000000746000000,0x0000000746000000,0x0000000747000000)
 ParOldGen       total 262144K, used 2833K [0x0000000640000000, 0x0000000650000000, 0x0000000740000000)
  object space 262144K, 1% used [0x0000000640000000,0x00000006402c45c0,0x0000000650000000)
 Metaspace       used 19198K, capacity 19452K, committed 19840K, reserved 1067008K
  class space    used 2333K, capacity 2381K, committed 2432K, reserved 1048576K
}
Event: 22.998 GC heap before
{Heap before GC invocations=5 (full 0):
 PSYoungGen      total 114688K, used 114680K [0x0000000740000000, 0x0000000748000000, 0x00000007c0000000)
  eden space 98304K, 100% used [0x0000000740000000,0x0000000746000000,0x0000000746000000)
  from space 16384K, 99% used [0x0000000747000000,0x0000000747ffe060,0x0000000748000000)
  to   space 16384K, 0% used [0x0000000746000000,0x0000000746000000,0x0000000747000000)
 ParOldGen       total 262144K, used 2833K [0x0000000640000000, 0x0000000650000000, 0x0000000740000000)
  object space 262144K, 1% used [0x0000000640000000,0x00000006402c45c0,0x0000000650000000)
 Metaspace       used 19660K, capacity 19964K, committed 20224K, reserved 1067008K
  class space    used 2377K, capacity 2445K, committed 2560K, reserved 1048576K
Event: 23.064 GC heap after
Heap after GC invocations=5 (full 0):
 PSYoungGen      total 112640K, used 16352K [0x0000000740000000, 0x000000074d600000, 0x00000007c0000000)
  eden space 96256K, 0% used [0x0000000740000000,0x0000000740000000,0x0000000745e00000)
  from space 16384K, 99% used [0x0000000746000000,0x0000000746ff8030,0x0000000747000000)
  to   space 61440K, 0% used [0x0000000749a00000,0x0000000749a00000,0x000000074d600000)
 ParOldGen       total 262144K, used 62325K [0x0000000640000000, 0x0000000650000000, 0x0000000740000000)
  object space 262144K, 23% used [0x0000000640000000,0x0000000643cdd7e8,0x0000000650000000)
 Metaspace       used 19660K, capacity 19964K, committed 20224K, reserved 1067008K
  class space    used 2377K, capacity 2445K, committed 2560K, reserved 1048576K
}

