# JRE version: Java(TM) SE Runtime Environment (7.0_67-b01) (build 1.7.0_67-b01)
# Java VM: Java HotSpot(TM) 64-Bit Server VM (24.65-b04 mixed mode windows-amd64 compressed oops)
Heap
 PSYoungGen      total 430080K, used 173262K [0x00000007d5500000, 0x00000007f8b00000, 0x0000000800000000)
  eden space 349696K, 26% used [0x00000007d5500000,0x00000007dafb95c8,0x00000007eaa80000)
  from space 80384K, 99% used [0x00000007f0f80000,0x00000007f5dfa428,0x00000007f5e00000)
  to   space 103424K, 0% used [0x00000007eaa80000,0x00000007eaa80000,0x00000007f0f80000)
 ParOldGen       total 261632K, used 80259K [0x0000000780000000, 0x000000078ff80000, 0x00000007d5500000)
  object space 261632K, 30% used [0x0000000780000000,0x0000000784e60e68,0x000000078ff80000)
 PSPermGen       total 22528K, used 22448K [0x000000077ae00000, 0x000000077c400000, 0x0000000780000000)
  object space 22528K, 99% used [0x000000077ae00000,0x000000077c3ec0e8,0x000000077c400000)
GC Heap History (10 events):
Event: 14.971 GC heap before
{Heap before GC invocations=4 (full 0):
 PSYoungGen      total 114688K, used 108842K [0x00000007d5500000, 0x00000007dd500000, 0x0000000800000000)
  eden space 98304K, 100% used [0x00000007d5500000,0x00000007db500000,0x00000007db500000)
  from space 16384K, 64% used [0x00000007db500000,0x00000007dbf4aae0,0x00000007dc500000)
  to   space 16384K, 0% used [0x00000007dc500000,0x00000007dc500000,0x00000007dd500000)
 ParOldGen       total 261632K, used 16K [0x0000000780000000, 0x000000078ff80000, 0x00000007d5500000)
  object space 261632K, 0% used [0x0000000780000000,0x0000000780004000,0x000000078ff80000)
 PSPermGen       total 22528K, used 22130K [0x000000077ae00000, 0x000000077c400000, 0x0000000780000000)
  object space 22528K, 98% used [0x000000077ae00000,0x000000077c39c888,0x000000077c400000)
Event: 14.985 GC heap after
Heap after GC invocations=4 (full 0):
 PSYoungGen      total 114688K, used 16381K [0x00000007d5500000, 0x00000007dd500000, 0x0000000800000000)
  eden space 98304K, 0% used [0x00000007d5500000,0x00000007d5500000,0x00000007db500000)
  from space 16384K, 99% used [0x00000007dc500000,0x00000007dd4ff788,0x00000007dd500000)
  to   space 16384K, 0% used [0x00000007db500000,0x00000007db500000,0x00000007dc500000)
 ParOldGen       total 261632K, used 1795K [0x0000000780000000, 0x000000078ff80000, 0x00000007d5500000)
  object space 261632K, 0% used [0x0000000780000000,0x00000007801c0e70,0x000000078ff80000)
 PSPermGen       total 22528K, used 22130K [0x000000077ae00000, 0x000000077c400000, 0x0000000780000000)
  object space 22528K, 98% used [0x000000077ae00000,0x000000077c39c888,0x000000077c400000)
}
Event: 15.093 GC heap before
{Heap before GC invocations=5 (full 0):
 PSYoungGen      total 114688K, used 114685K [0x00000007d5500000, 0x00000007dd500000, 0x0000000800000000)
  eden space 98304K, 100% used [0x00000007d5500000,0x00000007db500000,0x00000007db500000)
  from space 16384K, 99% used [0x00000007dc500000,0x00000007dd4ff788,0x00000007dd500000)
  to   space 16384K, 0% used [0x00000007db500000,0x00000007db500000,0x00000007dc500000)
 ParOldGen       total 261632K, used 1795K [0x0000000780000000, 0x000000078ff80000, 0x00000007d5500000)
  object space 261632K, 0% used [0x0000000780000000,0x00000007801c0e70,0x000000078ff80000)
 PSPermGen       total 22528K, used 22138K [0x000000077ae00000, 0x000000077c400000, 0x0000000780000000)
  object space 22528K, 98% used [0x000000077ae00000,0x000000077c39eb58,0x000000077c400000)
Event: 15.141 GC heap after
Heap after GC invocations=5 (full 0):
 PSYoungGen      total 114688K, used 16365K [0x00000007d5500000, 0x00000007e6400000, 0x0000000800000000)
  eden space 98304K, 0% used [0x00000007d5500000,0x00000007d5500000,0x00000007db500000)
  from space 16384K, 99% used [0x00000007db500000,0x00000007dc4fb6d0,0x00000007dc500000)
  to   space 40448K, 0% used [0x00000007e3c80000,0x00000007e3c80000,0x00000007e6400000)
 ParOldGen       total 261632K, used 27590K [0x0000000780000000, 0x000000078ff80000, 0x00000007d5500000)
  object space 261632K, 10% used [0x0000000780000000,0x0000000781af1a68,0x000000078ff80000)
 PSPermGen       total 22528K, used 22138K [0x000000077ae00000, 0x000000077c400000, 0x0000000780000000)
  object space 22528K, 98% used [0x000000077ae00000,0x000000077c39eb58,0x000000077c400000)
}
Event: 15.250 GC heap before
{Heap before GC invocations=6 (full 0):
 PSYoungGen      total 114688K, used 114669K [0x00000007d5500000, 0x00000007e6400000, 0x0000000800000000)
  eden space 98304K, 100% used [0x00000007d5500000,0x00000007db500000,0x00000007db500000)
  from space 16384K, 99% used [0x00000007db500000,0x00000007dc4fb6d0,0x00000007dc500000)
  to   space 40448K, 0% used [0x00000007e3c80000,0x00000007e3c80000,0x00000007e6400000)
 ParOldGen       total 261632K, used 27590K [0x0000000780000000, 0x000000078ff80000, 0x00000007d5500000)
  object space 261632K, 10% used [0x0000000780000000,0x0000000781af1a68,0x000000078ff80000)
 PSPermGen       total 22528K, used 22139K [0x000000077ae00000, 0x000000077c400000, 0x0000000780000000)
  object space 22528K, 98% used [0x000000077ae00000,0x000000077c39ece8,0x000000077c400000)
Event: 15.284 GC heap after
Heap after GC invocations=6 (full 0):
 PSYoungGen      total 226816K, used 40438K [0x00000007d5500000, 0x00000007e7800000, 0x0000000800000000)
  eden space 186368K, 0% used [0x00000007d5500000,0x00000007d5500000,0x00000007e0b00000)
  from space 40448K, 99% used [0x00000007e3c80000,0x00000007e63fd888,0x00000007e6400000)
  to   space 50688K, 0% used [0x00000007e0b00000,0x00000007e0b00000,0x00000007e3c80000)
 ParOldGen       total 261632K, used 28246K [0x0000000780000000, 0x000000078ff80000, 0x00000007d5500000)
  object space 261632K, 10% used [0x0000000780000000,0x0000000781b95a68,0x000000078ff80000)
 PSPermGen       total 22528K, used 22139K [0x000000077ae00000, 0x000000077c400000, 0x0000000780000000)
  object space 22528K, 98% used [0x000000077ae00000,0x000000077c39ece8,0x000000077c400000)
}
Event: 15.515 GC heap before
{Heap before GC invocations=7 (full 0):
 PSYoungGen      total 226816K, used 226806K [0x00000007d5500000, 0x00000007e7800000, 0x0000000800000000)
  eden space 186368K, 100% used [0x00000007d5500000,0x00000007e0b00000,0x00000007e0b00000)
  from space 40448K, 99% used [0x00000007e3c80000,0x00000007e63fd888,0x00000007e6400000)
  to   space 50688K, 0% used [0x00000007e0b00000,0x00000007e0b00000,0x00000007e3c80000)
 ParOldGen       total 261632K, used 28246K [0x0000000780000000, 0x000000078ff80000, 0x00000007d5500000)
  object space 261632K, 10% used [0x0000000780000000,0x0000000781b95a68,0x000000078ff80000)
 PSPermGen       total 22528K, used 22145K [0x000000077ae00000, 0x000000077c400000, 0x0000000780000000)
  object space 22528K, 98% used [0x000000077ae00000,0x000000077c3a0598,0x000000077c400000)
Event: 15.597 GC heap after
Heap after GC invocations=7 (full 0):
 PSYoungGen      total 237056K, used 50658K [0x00000007d5500000, 0x00000007f5e00000, 0x0000000800000000)
  eden space 186368K, 0% used [0x00000007d5500000,0x00000007d5500000,0x00000007e0b00000)
  from space 50688K, 99% used [0x00000007e0b00000,0x00000007e3c788e0,0x00000007e3c80000)
  to   space 80384K, 0% used [0x00000007f0f80000,0x00000007f0f80000,0x00000007f5e00000)
 ParOldGen       total 261632K, used 64832K [0x0000000780000000, 0x000000078ff80000, 0x00000007d5500000)
  object space 261632K, 24% used [0x0000000780000000,0x0000000783f50358,0x000000078ff80000)
 PSPermGen       total 22528K, used 22145K [0x000000077ae00000, 0x000000077c400000, 0x0000000780000000)
  object space 22528K, 98% used [0x000000077ae00000,0x000000077c3a0598,0x000000077c400000)
}
Event: 15.906 GC heap before
{Heap before GC invocations=8 (full 0):
 PSYoungGen      total 237056K, used 237026K [0x00000007d5500000, 0x00000007f5e00000, 0x0000000800000000)
  eden space 186368K, 100% used [0x00000007d5500000,0x00000007e0b00000,0x00000007e0b00000)
  from space 50688K, 99% used [0x00000007e0b00000,0x00000007e3c788e0,0x00000007e3c80000)
  to   space 80384K, 0% used [0x00000007f0f80000,0x00000007f0f80000,0x00000007f5e00000)
 ParOldGen       total 261632K, used 64832K [0x0000000780000000, 0x000000078ff80000, 0x00000007d5500000)
  object space 261632K, 24% used [0x0000000780000000,0x0000000783f50358,0x000000078ff80000)
 PSPermGen       total 22528K, used 22162K [0x000000077ae00000, 0x000000077c400000, 0x0000000780000000)
  object space 22528K, 98% used [0x000000077ae00000,0x000000077c3a4ba0,0x000000077c400000)
Event: 15.976 GC heap after
Heap after GC invocations=8 (full 0):
 PSYoungGen      total 430080K, used 80361K [0x00000007d5500000, 0x00000007f8b00000, 0x0000000800000000)
  eden space 349696K, 0% used [0x00000007d5500000,0x00000007d5500000,0x00000007eaa80000)
  from space 80384K, 99% used [0x00000007f0f80000,0x00000007f5dfa428,0x00000007f5e00000)
  to   space 103424K, 0% used [0x00000007eaa80000,0x00000007eaa80000,0x00000007f0f80000)
 ParOldGen       total 261632K, used 80259K [0x0000000780000000, 0x000000078ff80000, 0x00000007d5500000)
  object space 261632K, 30% used [0x0000000780000000,0x0000000784e60e68,0x000000078ff80000)
 PSPermGen       total 22528K, used 22162K [0x000000077ae00000, 0x000000077c400000, 0x0000000780000000)
  object space 22528K, 98% used [0x000000077ae00000,0x000000077c3a4ba0,0x000000077c400000)
}

