# JRE version: Java(TM) SE Runtime Environment (7.0_67-b01) (build 1.7.0_67-b01)
# Java VM: Java HotSpot(TM) 64-Bit Server VM (24.65-b04 mixed mode windows-amd64 compressed oops)
Heap
 PSYoungGen      total 482816K, used 94649K [0x0000000755500000, 0x0000000781e00000, 0x0000000800000000)
  eden space 378880K, 7% used [0x0000000755500000,0x0000000757254768,0x000000076c700000)
  from space 103936K, 62% used [0x000000076c700000,0x000000077061a090,0x0000000772c80000)
  to   space 105984K, 0% used [0x000000077b680000,0x000000077b680000,0x0000000781e00000)
 ParOldGen       total 456192K, used 286318K [0x0000000600000000, 0x000000061bd80000, 0x0000000755500000)
  object space 456192K, 62% used [0x0000000600000000,0x000000061179b8f0,0x000000061bd80000)
 PSPermGen       total 46080K, used 23284K [0x00000005fae00000, 0x00000005fdb00000, 0x0000000600000000)
  object space 46080K, 50% used [0x00000005fae00000,0x00000005fc4bd188,0x00000005fdb00000)
GC Heap History (10 events):
Event: 22.319 GC heap before
{Heap before GC invocations=10 (full 0):
 PSYoungGen      total 224256K, used 224241K [0x0000000755500000, 0x000000076fb00000, 0x0000000800000000)
  eden space 154112K, 100% used [0x0000000755500000,0x000000075eb80000,0x000000075eb80000)
  from space 70144K, 99% used [0x000000075eb80000,0x0000000762ffc518,0x0000000763000000)
  to   space 92672K, 0% used [0x000000076a080000,0x000000076a080000,0x000000076fb00000)
 ParOldGen       total 261632K, used 64400K [0x0000000600000000, 0x000000060ff80000, 0x0000000755500000)
  object space 261632K, 24% used [0x0000000600000000,0x0000000603ee41c0,0x000000060ff80000)
 PSPermGen       total 23040K, used 22992K [0x00000005fae00000, 0x00000005fc480000, 0x0000000600000000)
  object space 23040K, 99% used [0x00000005fae00000,0x00000005fc474110,0x00000005fc480000)
Event: 22.400 GC heap after
Heap after GC invocations=10 (full 0):
 PSYoungGen      total 329728K, used 75593K [0x0000000755500000, 0x0000000770e00000, 0x0000000800000000)
  eden space 237056K, 0% used [0x0000000755500000,0x0000000755500000,0x0000000763c80000)
  from space 92672K, 81% used [0x000000076a080000,0x000000076ea52798,0x000000076fb00000)
  to   space 102400K, 0% used [0x0000000763c80000,0x0000000763c80000,0x000000076a080000)
 ParOldGen       total 261632K, used 96664K [0x0000000600000000, 0x000000060ff80000, 0x0000000755500000)
  object space 261632K, 36% used [0x0000000600000000,0x0000000605e661c0,0x000000060ff80000)
 PSPermGen       total 23040K, used 22992K [0x00000005fae00000, 0x00000005fc480000, 0x0000000600000000)
  object space 23040K, 99% used [0x00000005fae00000,0x00000005fc474110,0x00000005fc480000)
}
Event: 22.708 GC heap before
{Heap before GC invocations=11 (full 0):
 PSYoungGen      total 329728K, used 312649K [0x0000000755500000, 0x0000000770e00000, 0x0000000800000000)
  eden space 237056K, 100% used [0x0000000755500000,0x0000000763c80000,0x0000000763c80000)
  from space 92672K, 81% used [0x000000076a080000,0x000000076ea52798,0x000000076fb00000)
  to   space 102400K, 0% used [0x0000000763c80000,0x0000000763c80000,0x000000076a080000)
 ParOldGen       total 261632K, used 96664K [0x0000000600000000, 0x000000060ff80000, 0x0000000755500000)
  object space 261632K, 36% used [0x0000000600000000,0x0000000605e661c0,0x000000060ff80000)
 PSPermGen       total 23040K, used 22995K [0x00000005fae00000, 0x00000005fc480000, 0x0000000600000000)
  object space 23040K, 99% used [0x00000005fae00000,0x00000005fc474ed0,0x00000005fc480000)
Event: 22.824 GC heap after
Heap after GC invocations=11 (full 0):
 PSYoungGen      total 339456K, used 58750K [0x0000000755500000, 0x0000000779180000, 0x0000000800000000)
  eden space 237056K, 0% used [0x0000000755500000,0x0000000755500000,0x0000000763c80000)
  from space 102400K, 57% used [0x0000000763c80000,0x00000007675dfb58,0x000000076a080000)
  to   space 103424K, 0% used [0x0000000772c80000,0x0000000772c80000,0x0000000779180000)
 ParOldGen       total 261632K, used 171416K [0x0000000600000000, 0x000000060ff80000, 0x0000000755500000)
  object space 261632K, 65% used [0x0000000600000000,0x000000060a7661c0,0x000000060ff80000)
 PSPermGen       total 23040K, used 22995K [0x00000005fae00000, 0x00000005fc480000, 0x0000000600000000)
  object space 23040K, 99% used [0x00000005fae00000,0x00000005fc474ed0,0x00000005fc480000)
}
Event: 23.134 GC heap before
{Heap before GC invocations=12 (full 0):
 PSYoungGen      total 339456K, used 295806K [0x0000000755500000, 0x0000000779180000, 0x0000000800000000)
  eden space 237056K, 100% used [0x0000000755500000,0x0000000763c80000,0x0000000763c80000)
  from space 102400K, 57% used [0x0000000763c80000,0x00000007675dfb58,0x000000076a080000)
  to   space 103424K, 0% used [0x0000000772c80000,0x0000000772c80000,0x0000000779180000)
 ParOldGen       total 261632K, used 171416K [0x0000000600000000, 0x000000060ff80000, 0x0000000755500000)
  object space 261632K, 65% used [0x0000000600000000,0x000000060a7661c0,0x000000060ff80000)
 PSPermGen       total 23040K, used 22998K [0x00000005fae00000, 0x00000005fc480000, 0x0000000600000000)
  object space 23040K, 99% used [0x00000005fae00000,0x00000005fc475980,0x00000005fc480000)
Event: 23.239 GC heap after
Heap after GC invocations=12 (full 0):
 PSYoungGen      total 482304K, used 58016K [0x0000000755500000, 0x0000000779280000, 0x0000000800000000)
  eden space 378880K, 0% used [0x0000000755500000,0x0000000755500000,0x000000076c700000)
  from space 103424K, 56% used [0x0000000772c80000,0x0000000776528000,0x0000000779180000)
  to   space 103936K, 0% used [0x000000076c700000,0x000000076c700000,0x0000000772c80000)
 ParOldGen       total 261632K, used 230199K [0x0000000600000000, 0x000000060ff80000, 0x0000000755500000)
  object space 261632K, 87% used [0x0000000600000000,0x000000060e0cdd18,0x000000060ff80000)
 PSPermGen       total 23040K, used 22998K [0x00000005fae00000, 0x00000005fc480000, 0x0000000600000000)
  object space 23040K, 99% used [0x00000005fae00000,0x00000005fc475980,0x00000005fc480000)
}
Event: 23.239 GC heap before
{Heap before GC invocations=13 (full 1):
 PSYoungGen      total 482304K, used 58016K [0x0000000755500000, 0x0000000779280000, 0x0000000800000000)
  eden space 378880K, 0% used [0x0000000755500000,0x0000000755500000,0x000000076c700000)
  from space 103424K, 56% used [0x0000000772c80000,0x0000000776528000,0x0000000779180000)
  to   space 103936K, 0% used [0x000000076c700000,0x000000076c700000,0x0000000772c80000)
 ParOldGen       total 261632K, used 230199K [0x0000000600000000, 0x000000060ff80000, 0x0000000755500000)
  object space 261632K, 87% used [0x0000000600000000,0x000000060e0cdd18,0x000000060ff80000)
 PSPermGen       total 23040K, used 22998K [0x00000005fae00000, 0x00000005fc480000, 0x0000000600000000)
  object space 23040K, 99% used [0x00000005fae00000,0x00000005fc475980,0x00000005fc480000)
Event: 26.244 GC heap after
Heap after GC invocations=13 (full 1):
 PSYoungGen      total 482304K, used 24566K [0x0000000755500000, 0x0000000779280000, 0x0000000800000000)
  eden space 378880K, 0% used [0x0000000755500000,0x0000000755500000,0x000000076c700000)
  from space 103424K, 23% used [0x0000000772c80000,0x000000077447d860,0x0000000779180000)
  to   space 103936K, 0% used [0x000000076c700000,0x000000076c700000,0x0000000772c80000)
 ParOldGen       total 456192K, used 261622K [0x0000000600000000, 0x000000061bd80000, 0x0000000755500000)
  object space 456192K, 57% used [0x0000000600000000,0x000000060ff7d8f0,0x000000061bd80000)
 PSPermGen       total 46080K, used 22989K [0x00000005fae00000, 0x00000005fdb00000, 0x0000000600000000)
  object space 46080K, 49% used [0x00000005fae00000,0x00000005fc473690,0x00000005fdb00000)
}
Event: 30.000 GC heap before
{Heap before GC invocations=14 (full 1):
 PSYoungGen      total 482304K, used 398050K [0x0000000755500000, 0x0000000779280000, 0x0000000800000000)
  eden space 378880K, 98% used [0x0000000755500000,0x000000076c1bb2e0,0x000000076c700000)
  from space 103424K, 23% used [0x0000000772c80000,0x000000077447d860,0x0000000779180000)
  to   space 103936K, 0% used [0x000000076c700000,0x000000076c700000,0x0000000772c80000)
 ParOldGen       total 456192K, used 261622K [0x0000000600000000, 0x000000061bd80000, 0x0000000755500000)
  object space 456192K, 57% used [0x0000000600000000,0x000000060ff7d8f0,0x000000061bd80000)
 PSPermGen       total 46080K, used 23234K [0x00000005fae00000, 0x00000005fdb00000, 0x0000000600000000)
  object space 46080K, 50% used [0x00000005fae00000,0x00000005fc4b0bc8,0x00000005fdb00000)
Event: 30.151 GC heap after
Heap after GC invocations=14 (full 1):
 PSYoungGen      total 482816K, used 64616K [0x0000000755500000, 0x0000000781e00000, 0x0000000800000000)
  eden space 378880K, 0% used [0x0000000755500000,0x0000000755500000,0x000000076c700000)
  from space 103936K, 62% used [0x000000076c700000,0x000000077061a090,0x0000000772c80000)
  to   space 105984K, 0% used [0x000000077b680000,0x000000077b680000,0x0000000781e00000)
 ParOldGen       total 456192K, used 286318K [0x0000000600000000, 0x000000061bd80000, 0x0000000755500000)
  object space 456192K, 62% used [0x0000000600000000,0x000000061179b8f0,0x000000061bd80000)
 PSPermGen       total 46080K, used 23234K [0x00000005fae00000, 0x00000005fdb00000, 0x0000000600000000)
  object space 46080K, 50% used [0x00000005fae00000,0x00000005fc4b0bc8,0x00000005fdb00000)
}

