# JRE version: Java(TM) SE Runtime Environment (8.0_31-b13) (build 1.8.0_31-b13)
# Java VM: Java HotSpot(TM) 64-Bit Server VM (25.31-b07 mixed mode windows-amd64 compressed oops)
Heap:
 PSYoungGen      total 488448K, used 460297K [0x0000000740000000, 0x000000076a580000, 0x00000007c0000000)
  eden space 383488K, 98% used [0x0000000740000000,0x00000007572b2a20,0x0000000757680000)
  from space 104960K, 76% used [0x0000000757680000,0x000000075c54fb58,0x000000075dd00000)
  to   space 114688K, 0% used [0x0000000763580000,0x0000000763580000,0x000000076a580000)
 ParOldGen       total 301056K, used 225403K [0x0000000640000000, 0x0000000652600000, 0x0000000740000000)
  object space 301056K, 74% used [0x0000000640000000,0x000000064dc1ee30,0x0000000652600000)
 Metaspace       used 23993K, capacity 24347K, committed 24704K, reserved 1071104K
  class space    used 2730K, capacity 2819K, committed 2944K, reserved 1048576K
GC Heap History (10 events):
Event: 15.260 GC heap before
{Heap before GC invocations=9 (full 1):
 PSYoungGen      total 169472K, used 169447K [0x0000000740000000, 0x0000000756180000, 0x00000007c0000000)
  eden space 147968K, 100% used [0x0000000740000000,0x0000000749080000,0x0000000749080000)
  from space 21504K, 99% used [0x0000000749080000,0x000000074a579ed0,0x000000074a580000)
  to   space 36864K, 0% used [0x0000000753d80000,0x0000000753d80000,0x0000000756180000)
 ParOldGen       total 104960K, used 50528K [0x0000000640000000, 0x0000000646680000, 0x0000000740000000)
  object space 104960K, 48% used [0x0000000640000000,0x0000000643158270,0x0000000646680000)
 Metaspace       used 23721K, capacity 24027K, committed 24320K, reserved 1071104K
  class space    used 2703K, capacity 2755K, committed 2816K, reserved 1048576K
Event: 15.323 GC heap after
Heap after GC invocations=9 (full 1):
 PSYoungGen      total 310272K, used 36834K [0x0000000740000000, 0x0000000758180000, 0x00000007c0000000)
  eden space 273408K, 0% used [0x0000000740000000,0x0000000740000000,0x0000000750b00000)
  from space 36864K, 99% used [0x0000000753d80000,0x0000000756178aa8,0x0000000756180000)
  to   space 51712K, 0% used [0x0000000750b00000,0x0000000750b00000,0x0000000753d80000)
 ParOldGen       total 104960K, used 68768K [0x0000000640000000, 0x0000000646680000, 0x0000000740000000)
  object space 104960K, 65% used [0x0000000640000000,0x0000000644328270,0x0000000646680000)
 Metaspace       used 23721K, capacity 24027K, committed 24320K, reserved 1071104K
  class space    used 2703K, capacity 2755K, committed 2816K, reserved 1048576K
}
Event: 15.694 GC heap before
{Heap before GC invocations=10 (full 1):
 PSYoungGen      total 310272K, used 310242K [0x0000000740000000, 0x0000000758180000, 0x00000007c0000000)
  eden space 273408K, 100% used [0x0000000740000000,0x0000000750b00000,0x0000000750b00000)
  from space 36864K, 99% used [0x0000000753d80000,0x0000000756178aa8,0x0000000756180000)
  to   space 51712K, 0% used [0x0000000750b00000,0x0000000750b00000,0x0000000753d80000)
 ParOldGen       total 104960K, used 68768K [0x0000000640000000, 0x0000000646680000, 0x0000000740000000)
  object space 104960K, 65% used [0x0000000640000000,0x0000000644328270,0x0000000646680000)
 Metaspace       used 23726K, capacity 24027K, committed 24320K, reserved 1071104K
  class space    used 2703K, capacity 2755K, committed 2816K, reserved 1048576K
Event: 15.799 GC heap after
Heap after GC invocations=10 (full 1):
 PSYoungGen      total 325120K, used 51689K [0x0000000740000000, 0x0000000764380000, 0x00000007c0000000)
  eden space 273408K, 0% used [0x0000000740000000,0x0000000740000000,0x0000000750b00000)
  from space 51712K, 99% used [0x0000000750b00000,0x0000000753d7a798,0x0000000753d80000)
  to   space 79872K, 0% used [0x000000075f580000,0x000000075f580000,0x0000000764380000)
 ParOldGen       total 115712K, used 114846K [0x0000000640000000, 0x0000000647100000, 0x0000000740000000)
  object space 115712K, 99% used [0x0000000640000000,0x0000000647027968,0x0000000647100000)
 Metaspace       used 23726K, capacity 24027K, committed 24320K, reserved 1071104K
  class space    used 2703K, capacity 2755K, committed 2816K, reserved 1048576K
}
Event: 15.799 GC heap before
{Heap before GC invocations=11 (full 2):
 PSYoungGen      total 325120K, used 51689K [0x0000000740000000, 0x0000000764380000, 0x00000007c0000000)
  eden space 273408K, 0% used [0x0000000740000000,0x0000000740000000,0x0000000750b00000)
  from space 51712K, 99% used [0x0000000750b00000,0x0000000753d7a798,0x0000000753d80000)
  to   space 79872K, 0% used [0x000000075f580000,0x000000075f580000,0x0000000764380000)
 ParOldGen       total 115712K, used 114846K [0x0000000640000000, 0x0000000647100000, 0x0000000740000000)
  object space 115712K, 99% used [0x0000000640000000,0x0000000647027968,0x0000000647100000)
 Metaspace       used 23726K, capacity 24027K, committed 24320K, reserved 1071104K
  class space    used 2703K, capacity 2755K, committed 2816K, reserved 1048576K
Event: 17.110 GC heap after
Heap after GC invocations=11 (full 2):
 PSYoungGen      total 325120K, used 49035K [0x0000000740000000, 0x0000000764380000, 0x00000007c0000000)
  eden space 273408K, 0% used [0x0000000740000000,0x0000000740000000,0x0000000750b00000)
  from space 51712K, 94% used [0x0000000750b00000,0x0000000753ae2f88,0x0000000753d80000)
  to   space 79872K, 0% used [0x000000075f580000,0x000000075f580000,0x0000000764380000)
 ParOldGen       total 301056K, used 115379K [0x0000000640000000, 0x0000000652600000, 0x0000000740000000)
  object space 301056K, 38% used [0x0000000640000000,0x00000006470ace30,0x0000000652600000)
 Metaspace       used 23726K, capacity 24027K, committed 24320K, reserved 1071104K
  class space    used 2703K, capacity 2755K, committed 2816K, reserved 1048576K
}
Event: 17.465 GC heap before
{Heap before GC invocations=12 (full 2):
 PSYoungGen      total 325120K, used 322443K [0x0000000740000000, 0x0000000764380000, 0x00000007c0000000)
  eden space 273408K, 100% used [0x0000000740000000,0x0000000750b00000,0x0000000750b00000)
  from space 51712K, 94% used [0x0000000750b00000,0x0000000753ae2f88,0x0000000753d80000)
  to   space 79872K, 0% used [0x000000075f580000,0x000000075f580000,0x0000000764380000)
 ParOldGen       total 301056K, used 115379K [0x0000000640000000, 0x0000000652600000, 0x0000000740000000)
  object space 301056K, 38% used [0x0000000640000000,0x00000006470ace30,0x0000000652600000)
 Metaspace       used 23732K, capacity 24027K, committed 24320K, reserved 1071104K
  class space    used 2703K, capacity 2755K, committed 2816K, reserved 1048576K
Event: 17.613 GC heap after
Heap after GC invocations=12 (full 2):
 PSYoungGen      total 431616K, used 79872K [0x0000000740000000, 0x0000000764380000, 0x00000007c0000000)
  eden space 351744K, 0% used [0x0000000740000000,0x0000000740000000,0x0000000755780000)
  from space 79872K, 100% used [0x000000075f580000,0x0000000764380000,0x0000000764380000)
  to   space 104960K, 0% used [0x0000000757680000,0x0000000757680000,0x000000075dd00000)
 ParOldGen       total 301056K, used 145035K [0x0000000640000000, 0x0000000652600000, 0x0000000740000000)
  object space 301056K, 48% used [0x0000000640000000,0x0000000648da2e30,0x0000000652600000)
 Metaspace       used 23732K, capacity 24027K, committed 24320K, reserved 1071104K
  class space    used 2703K, capacity 2755K, committed 2816K, reserved 1048576K
}
Event: 18.073 GC heap before
{Heap before GC invocations=13 (full 2):
 PSYoungGen      total 431616K, used 431616K [0x0000000740000000, 0x0000000764380000, 0x00000007c0000000)
  eden space 351744K, 100% used [0x0000000740000000,0x0000000755780000,0x0000000755780000)
  from space 79872K, 100% used [0x000000075f580000,0x0000000764380000,0x0000000764380000)
  to   space 104960K, 0% used [0x0000000757680000,0x0000000757680000,0x000000075dd00000)
 ParOldGen       total 301056K, used 145035K [0x0000000640000000, 0x0000000652600000, 0x0000000740000000)
  object space 301056K, 48% used [0x0000000640000000,0x0000000648da2e30,0x0000000652600000)
 Metaspace       used 23735K, capacity 24027K, committed 24320K, reserved 1071104K
  class space    used 2703K, capacity 2755K, committed 2816K, reserved 1048576K
Event: 18.223 GC heap after
Heap after GC invocations=13 (full 2):
 PSYoungGen      total 488448K, used 80702K [0x0000000740000000, 0x000000076a580000, 0x00000007c0000000)
  eden space 383488K, 0% used [0x0000000740000000,0x0000000740000000,0x0000000757680000)
  from space 104960K, 76% used [0x0000000757680000,0x000000075c54fb58,0x000000075dd00000)
  to   space 114688K, 0% used [0x0000000763580000,0x0000000763580000,0x000000076a580000)
 ParOldGen       total 301056K, used 225403K [0x0000000640000000, 0x0000000652600000, 0x0000000740000000)
  object space 301056K, 74% used [0x0000000640000000,0x000000064dc1ee30,0x0000000652600000)
 Metaspace       used 23735K, capacity 24027K, committed 24320K, reserved 1071104K
  class space    used 2703K, capacity 2755K, committed 2816K, reserved 1048576K
}

