# JRE version: Java(TM) SE Runtime Environment (7.0_67-b01) (build 1.7.0_67-b01)
# Java VM: Java HotSpot(TM) 64-Bit Server VM (24.65-b04 mixed mode windows-amd64 compressed oops)
Heap
 PSYoungGen      total 75776K, used 28500K [0x00000007d5500000, 0x00000007dbb80000, 0x0000000800000000)
  eden space 63488K, 25% used [0x00000007d5500000,0x00000007d64fd3d8,0x00000007d9300000)
  from space 12288K, 98% used [0x00000007d9300000,0x00000007d9ed8000,0x00000007d9f00000)
  to   space 14336K, 0% used [0x00000007dad80000,0x00000007dad80000,0x00000007dbb80000)
 ParOldGen       total 261632K, used 68798K [0x0000000780000000, 0x000000078ff80000, 0x00000007d5500000)
  object space 261632K, 26% used [0x0000000780000000,0x000000078432f8f0,0x000000078ff80000)
 PSPermGen       total 27136K, used 26896K [0x000000077ae00000, 0x000000077c880000, 0x0000000780000000)
  object space 27136K, 99% used [0x000000077ae00000,0x000000077c844030,0x000000077c880000)
GC Heap History (10 events):
Event: 880.875 GC heap before
{Heap before GC invocations=151 (full 0):
 PSYoungGen      total 54784K, used 54117K [0x00000007d5500000, 0x00000007d9580000, 0x0000000800000000)
  eden space 46592K, 100% used [0x00000007d5500000,0x00000007d8280000,0x00000007d8280000)
  from space 8192K, 91% used [0x00000007d8b80000,0x00000007d92d96b8,0x00000007d9380000)
  to   space 9216K, 0% used [0x00000007d8280000,0x00000007d8280000,0x00000007d8b80000)
 ParOldGen       total 261632K, used 44868K [0x0000000780000000, 0x000000078ff80000, 0x00000007d5500000)
  object space 261632K, 17% used [0x0000000780000000,0x0000000782bd1230,0x000000078ff80000)
 PSPermGen       total 27136K, used 26806K [0x000000077ae00000, 0x000000077c880000, 0x0000000780000000)
  object space 27136K, 98% used [0x000000077ae00000,0x000000077c82dab8,0x000000077c880000)
Event: 880.891 GC heap after
Heap after GC invocations=151 (full 0):
 PSYoungGen      total 55808K, used 2518K [0x00000007d5500000, 0x00000007d9d00000, 0x0000000800000000)
  eden space 46592K, 0% used [0x00000007d5500000,0x00000007d5500000,0x00000007d8280000)
  from space 9216K, 27% used [0x00000007d8280000,0x00000007d84f5ac0,0x00000007d8b80000)
  to   space 8704K, 0% used [0x00000007d9480000,0x00000007d9480000,0x00000007d9d00000)
 ParOldGen       total 261632K, used 52173K [0x0000000780000000, 0x000000078ff80000, 0x00000007d5500000)
  object space 261632K, 19% used [0x0000000780000000,0x00000007832f3750,0x000000078ff80000)
 PSPermGen       total 27136K, used 26806K [0x000000077ae00000, 0x000000077c880000, 0x0000000780000000)
  object space 27136K, 98% used [0x000000077ae00000,0x000000077c82dab8,0x000000077c880000)
}
Event: 901.992 GC heap before
{Heap before GC invocations=152 (full 0):
 PSYoungGen      total 55808K, used 49110K [0x00000007d5500000, 0x00000007d9d00000, 0x0000000800000000)
  eden space 46592K, 100% used [0x00000007d5500000,0x00000007d8280000,0x00000007d8280000)
  from space 9216K, 27% used [0x00000007d8280000,0x00000007d84f5ac0,0x00000007d8b80000)
  to   space 8704K, 0% used [0x00000007d9480000,0x00000007d9480000,0x00000007d9d00000)
 ParOldGen       total 261632K, used 52173K [0x0000000780000000, 0x000000078ff80000, 0x00000007d5500000)
  object space 261632K, 19% used [0x0000000780000000,0x00000007832f3750,0x000000078ff80000)
 PSPermGen       total 27136K, used 26827K [0x000000077ae00000, 0x000000077c880000, 0x0000000780000000)
  object space 27136K, 98% used [0x000000077ae00000,0x000000077c832e80,0x000000077c880000)
Event: 902.002 GC heap after
Heap after GC invocations=152 (full 0):
 PSYoungGen      total 65024K, used 1056K [0x00000007d5500000, 0x00000007d9d00000, 0x0000000800000000)
  eden space 56320K, 0% used [0x00000007d5500000,0x00000007d5500000,0x00000007d8c00000)
  from space 8704K, 12% used [0x00000007d9480000,0x00000007d9588000,0x00000007d9d00000)
  to   space 8704K, 0% used [0x00000007d8c00000,0x00000007d8c00000,0x00000007d9480000)
 ParOldGen       total 261632K, used 53564K [0x0000000780000000, 0x000000078ff80000, 0x00000007d5500000)
  object space 261632K, 20% used [0x0000000780000000,0x000000078344f210,0x000000078ff80000)
 PSPermGen       total 27136K, used 26827K [0x000000077ae00000, 0x000000077c880000, 0x0000000780000000)
  object space 27136K, 98% used [0x000000077ae00000,0x000000077c832e80,0x000000077c880000)
}
Event: 926.308 GC heap before
{Heap before GC invocations=153 (full 0):
 PSYoungGen      total 65024K, used 57376K [0x00000007d5500000, 0x00000007d9d00000, 0x0000000800000000)
  eden space 56320K, 100% used [0x00000007d5500000,0x00000007d8c00000,0x00000007d8c00000)
  from space 8704K, 12% used [0x00000007d9480000,0x00000007d9588000,0x00000007d9d00000)
  to   space 8704K, 0% used [0x00000007d8c00000,0x00000007d8c00000,0x00000007d9480000)
 ParOldGen       total 261632K, used 53564K [0x0000000780000000, 0x000000078ff80000, 0x00000007d5500000)
  object space 261632K, 20% used [0x0000000780000000,0x000000078344f210,0x000000078ff80000)
 PSPermGen       total 27136K, used 26841K [0x000000077ae00000, 0x000000077c880000, 0x0000000780000000)
  object space 27136K, 98% used [0x000000077ae00000,0x000000077c836668,0x000000077c880000)
Event: 926.316 GC heap after
Heap after GC invocations=153 (full 0):
 PSYoungGen      total 65024K, used 1041K [0x00000007d5500000, 0x00000007da700000, 0x0000000800000000)
  eden space 56320K, 0% used [0x00000007d5500000,0x00000007d5500000,0x00000007d8c00000)
  from space 8704K, 11% used [0x00000007d8c00000,0x00000007d8d04620,0x00000007d9480000)
  to   space 8192K, 0% used [0x00000007d9f00000,0x00000007d9f00000,0x00000007da700000)
 ParOldGen       total 261632K, used 54460K [0x0000000780000000, 0x000000078ff80000, 0x00000007d5500000)
  object space 261632K, 20% used [0x0000000780000000,0x000000078352f210,0x000000078ff80000)
 PSPermGen       total 27136K, used 26841K [0x000000077ae00000, 0x000000077c880000, 0x0000000780000000)
  object space 27136K, 98% used [0x000000077ae00000,0x000000077c836668,0x000000077c880000)
}
Event: 926.547 GC heap before
{Heap before GC invocations=154 (full 0):
 PSYoungGen      total 65024K, used 57361K [0x00000007d5500000, 0x00000007da700000, 0x0000000800000000)
  eden space 56320K, 100% used [0x00000007d5500000,0x00000007d8c00000,0x00000007d8c00000)
  from space 8704K, 11% used [0x00000007d8c00000,0x00000007d8d04620,0x00000007d9480000)
  to   space 8192K, 0% used [0x00000007d9f00000,0x00000007d9f00000,0x00000007da700000)
 ParOldGen       total 261632K, used 54460K [0x0000000780000000, 0x000000078ff80000, 0x00000007d5500000)
  object space 261632K, 20% used [0x0000000780000000,0x000000078352f210,0x000000078ff80000)
 PSPermGen       total 27136K, used 26843K [0x000000077ae00000, 0x000000077c880000, 0x0000000780000000)
  object space 27136K, 98% used [0x000000077ae00000,0x000000077c836c78,0x000000077c880000)
Event: 926.563 GC heap after
Heap after GC invocations=154 (full 0):
 PSYoungGen      total 71680K, used 8178K [0x00000007d5500000, 0x00000007daf00000, 0x0000000800000000)
  eden space 63488K, 0% used [0x00000007d5500000,0x00000007d5500000,0x00000007d9300000)
  from space 8192K, 99% used [0x00000007d9f00000,0x00000007da6fc970,0x00000007da700000)
  to   space 12288K, 0% used [0x00000007d9300000,0x00000007d9300000,0x00000007d9f00000)
 ParOldGen       total 261632K, used 60686K [0x0000000780000000, 0x000000078ff80000, 0x00000007d5500000)
  object space 261632K, 23% used [0x0000000780000000,0x0000000783b43830,0x000000078ff80000)
 PSPermGen       total 27136K, used 26843K [0x000000077ae00000, 0x000000077c880000, 0x0000000780000000)
  object space 27136K, 98% used [0x000000077ae00000,0x000000077c836c78,0x000000077c880000)
}
Event: 926.680 GC heap before
{Heap before GC invocations=155 (full 0):
 PSYoungGen      total 71680K, used 71666K [0x00000007d5500000, 0x00000007daf00000, 0x0000000800000000)
  eden space 63488K, 100% used [0x00000007d5500000,0x00000007d9300000,0x00000007d9300000)
  from space 8192K, 99% used [0x00000007d9f00000,0x00000007da6fc970,0x00000007da700000)
  to   space 12288K, 0% used [0x00000007d9300000,0x00000007d9300000,0x00000007d9f00000)
 ParOldGen       total 261632K, used 60686K [0x0000000780000000, 0x000000078ff80000, 0x00000007d5500000)
  object space 261632K, 23% used [0x0000000780000000,0x0000000783b43830,0x000000078ff80000)
 PSPermGen       total 27136K, used 26843K [0x000000077ae00000, 0x000000077c880000, 0x0000000780000000)
  object space 27136K, 98% used [0x000000077ae00000,0x000000077c836cd8,0x000000077c880000)
Event: 926.702 GC heap after
Heap after GC invocations=155 (full 0):
 PSYoungGen      total 75776K, used 12128K [0x00000007d5500000, 0x00000007dbb80000, 0x0000000800000000)
  eden space 63488K, 0% used [0x00000007d5500000,0x00000007d5500000,0x00000007d9300000)
  from space 12288K, 98% used [0x00000007d9300000,0x00000007d9ed8000,0x00000007d9f00000)
  to   space 14336K, 0% used [0x00000007dad80000,0x00000007dad80000,0x00000007dbb80000)
 ParOldGen       total 261632K, used 68798K [0x0000000780000000, 0x000000078ff80000, 0x00000007d5500000)
  object space 261632K, 26% used [0x0000000780000000,0x000000078432f8f0,0x000000078ff80000)
 PSPermGen       total 27136K, used 26843K [0x000000077ae00000, 0x000000077c880000, 0x0000000780000000)
  object space 27136K, 98% used [0x000000077ae00000,0x000000077c836cd8,0x000000077c880000)
}

