# JRE version: Java(TM) SE Runtime Environment (7.0_67-b01) (build 1.7.0_67-b01)
# Java VM: Java HotSpot(TM) 64-Bit Server VM (24.65-b04 mixed mode windows-amd64 compressed oops)
Heap
 PSYoungGen      total 114688K, used 68533K [0x0000000780000000, 0x0000000788000000, 0x0000000800000000)
  eden space 98304K, 53% used [0x0000000780000000,0x00000007832f56b8,0x0000000786000000)
  from space 16384K, 99% used [0x0000000787000000,0x0000000787ff8020,0x0000000788000000)
  to   space 16384K, 0% used [0x0000000786000000,0x0000000786000000,0x0000000787000000)
 ParOldGen       total 261632K, used 6040K [0x0000000680000000, 0x000000068ff80000, 0x0000000780000000)
  object space 261632K, 2% used [0x0000000680000000,0x00000006805e6050,0x000000068ff80000)
 PSPermGen       total 21504K, used 17307K [0x000000067ae00000, 0x000000067c300000, 0x0000000680000000)
  object space 21504K, 80% used [0x000000067ae00000,0x000000067bee6cf8,0x000000067c300000)
GC Heap History (8 events):
Event: 2.041 GC heap before
{Heap before GC invocations=1 (full 0):
 PSYoungGen      total 114688K, used 98304K [0x0000000780000000, 0x0000000788000000, 0x0000000800000000)
  eden space 98304K, 100% used [0x0000000780000000,0x0000000786000000,0x0000000786000000)
  from space 16384K, 0% used [0x0000000787000000,0x0000000787000000,0x0000000788000000)
  to   space 16384K, 0% used [0x0000000786000000,0x0000000786000000,0x0000000787000000)
 ParOldGen       total 261632K, used 0K [0x0000000680000000, 0x000000068ff80000, 0x0000000780000000)
  object space 261632K, 0% used [0x0000000680000000,0x0000000680000000,0x000000068ff80000)
 PSPermGen       total 21504K, used 12191K [0x000000067ae00000, 0x000000067c300000, 0x0000000680000000)
  object space 21504K, 56% used [0x000000067ae00000,0x000000067b9e7fa8,0x000000067c300000)
Event: 2.048 GC heap after
Heap after GC invocations=1 (full 0):
 PSYoungGen      total 114688K, used 3489K [0x0000000780000000, 0x0000000788000000, 0x0000000800000000)
  eden space 98304K, 0% used [0x0000000780000000,0x0000000780000000,0x0000000786000000)
  from space 16384K, 21% used [0x0000000786000000,0x00000007863687c8,0x0000000787000000)
  to   space 16384K, 0% used [0x0000000787000000,0x0000000787000000,0x0000000788000000)
 ParOldGen       total 261632K, used 8K [0x0000000680000000, 0x000000068ff80000, 0x0000000780000000)
  object space 261632K, 0% used [0x0000000680000000,0x0000000680002000,0x000000068ff80000)
 PSPermGen       total 21504K, used 12191K [0x000000067ae00000, 0x000000067c300000, 0x0000000680000000)
  object space 21504K, 56% used [0x000000067ae00000,0x000000067b9e7fa8,0x000000067c300000)
}
Event: 2.813 GC heap before
{Heap before GC invocations=2 (full 0):
 PSYoungGen      total 114688K, used 101793K [0x0000000780000000, 0x0000000788000000, 0x0000000800000000)
  eden space 98304K, 100% used [0x0000000780000000,0x0000000786000000,0x0000000786000000)
  from space 16384K, 21% used [0x0000000786000000,0x00000007863687c8,0x0000000787000000)
  to   space 16384K, 0% used [0x0000000787000000,0x0000000787000000,0x0000000788000000)
 ParOldGen       total 261632K, used 8K [0x0000000680000000, 0x000000068ff80000, 0x0000000780000000)
  object space 261632K, 0% used [0x0000000680000000,0x0000000680002000,0x000000068ff80000)
 PSPermGen       total 21504K, used 13275K [0x000000067ae00000, 0x000000067c300000, 0x0000000680000000)
  object space 21504K, 61% used [0x000000067ae00000,0x000000067baf6f80,0x000000067c300000)
Event: 2.823 GC heap after
Heap after GC invocations=2 (full 0):
 PSYoungGen      total 114688K, used 4640K [0x0000000780000000, 0x0000000788000000, 0x0000000800000000)
  eden space 98304K, 0% used [0x0000000780000000,0x0000000780000000,0x0000000786000000)
  from space 16384K, 28% used [0x0000000787000000,0x0000000787488000,0x0000000788000000)
  to   space 16384K, 0% used [0x0000000786000000,0x0000000786000000,0x0000000787000000)
 ParOldGen       total 261632K, used 16K [0x0000000680000000, 0x000000068ff80000, 0x0000000780000000)
  object space 261632K, 0% used [0x0000000680000000,0x0000000680004000,0x000000068ff80000)
 PSPermGen       total 21504K, used 13275K [0x000000067ae00000, 0x000000067c300000, 0x0000000680000000)
  object space 21504K, 61% used [0x000000067ae00000,0x000000067baf6f80,0x000000067c300000)
}
Event: 8.266 GC heap before
{Heap before GC invocations=3 (full 0):
 PSYoungGen      total 114688K, used 102944K [0x0000000780000000, 0x0000000788000000, 0x0000000800000000)
  eden space 98304K, 100% used [0x0000000780000000,0x0000000786000000,0x0000000786000000)
  from space 16384K, 28% used [0x0000000787000000,0x0000000787488000,0x0000000788000000)
  to   space 16384K, 0% used [0x0000000786000000,0x0000000786000000,0x0000000787000000)
 ParOldGen       total 261632K, used 16K [0x0000000680000000, 0x000000068ff80000, 0x0000000780000000)
  object space 261632K, 0% used [0x0000000680000000,0x0000000680004000,0x000000068ff80000)
 PSPermGen       total 21504K, used 15292K [0x000000067ae00000, 0x000000067c300000, 0x0000000680000000)
  object space 21504K, 71% used [0x000000067ae00000,0x000000067bcef040,0x000000067c300000)
Event: 8.273 GC heap after
Heap after GC invocations=3 (full 0):
 PSYoungGen      total 114688K, used 4584K [0x0000000780000000, 0x0000000788000000, 0x0000000800000000)
  eden space 98304K, 0% used [0x0000000780000000,0x0000000780000000,0x0000000786000000)
  from space 16384K, 27% used [0x0000000786000000,0x000000078647a040,0x0000000787000000)
  to   space 16384K, 0% used [0x0000000787000000,0x0000000787000000,0x0000000788000000)
 ParOldGen       total 261632K, used 24K [0x0000000680000000, 0x000000068ff80000, 0x0000000780000000)
  object space 261632K, 0% used [0x0000000680000000,0x0000000680006000,0x000000068ff80000)
 PSPermGen       total 21504K, used 15292K [0x000000067ae00000, 0x000000067c300000, 0x0000000680000000)
  object space 21504K, 71% used [0x000000067ae00000,0x000000067bcef040,0x000000067c300000)
}
Event: 14.671 GC heap before
{Heap before GC invocations=4 (full 0):
 PSYoungGen      total 114688K, used 102888K [0x0000000780000000, 0x0000000788000000, 0x0000000800000000)
  eden space 98304K, 100% used [0x0000000780000000,0x0000000786000000,0x0000000786000000)
  from space 16384K, 27% used [0x0000000786000000,0x000000078647a040,0x0000000787000000)
  to   space 16384K, 0% used [0x0000000787000000,0x0000000787000000,0x0000000788000000)
 ParOldGen       total 261632K, used 24K [0x0000000680000000, 0x000000068ff80000, 0x0000000780000000)
  object space 261632K, 0% used [0x0000000680000000,0x0000000680006000,0x000000068ff80000)
 PSPermGen       total 21504K, used 17239K [0x000000067ae00000, 0x000000067c300000, 0x0000000680000000)
  object space 21504K, 80% used [0x000000067ae00000,0x000000067bed5df8,0x000000067c300000)
Event: 14.685 GC heap after
Heap after GC invocations=4 (full 0):
 PSYoungGen      total 114688K, used 16352K [0x0000000780000000, 0x0000000788000000, 0x0000000800000000)
  eden space 98304K, 0% used [0x0000000780000000,0x0000000780000000,0x0000000786000000)
  from space 16384K, 99% used [0x0000000787000000,0x0000000787ff8020,0x0000000788000000)
  to   space 16384K, 0% used [0x0000000786000000,0x0000000786000000,0x0000000787000000)
 ParOldGen       total 261632K, used 6040K [0x0000000680000000, 0x000000068ff80000, 0x0000000780000000)
  object space 261632K, 2% used [0x0000000680000000,0x00000006805e6050,0x000000068ff80000)
 PSPermGen       total 21504K, used 17239K [0x000000067ae00000, 0x000000067c300000, 0x0000000680000000)
  object space 21504K, 80% used [0x000000067ae00000,0x000000067bed5df8,0x000000067c300000)
}

