# JRE version: Java(TM) SE Runtime Environment (8.0_31-b13) (build 1.8.0_31-b13)
# Java VM: Java HotSpot(TM) 64-Bit Server VM (25.31-b07 mixed mode windows-amd64 compressed oops)
Heap:
 PSYoungGen      total 112640K, used 79560K [0x0000000740000000, 0x000000074a400000, 0x00000007c0000000)
  eden space 96256K, 65% used [0x0000000740000000,0x0000000743db6360,0x0000000745e00000)
  from space 16384K, 99% used [0x0000000746000000,0x0000000746ffc030,0x0000000747000000)
  to   space 35840K, 0% used [0x0000000748100000,0x0000000748100000,0x000000074a400000)
 ParOldGen       total 262144K, used 32800K [0x0000000640000000, 0x0000000650000000, 0x0000000740000000)
  object space 262144K, 12% used [0x0000000640000000,0x00000006420083d8,0x0000000650000000)
 Metaspace       used 20598K, capacity 20898K, committed 21248K, reserved 1069056K
  class space    used 2476K, capacity 2542K, committed 2560K, reserved 1048576K
GC Heap History (10 events):
Event: 2.080 GC heap before
{Heap before GC invocations=1 (full 0):
 PSYoungGen      total 114688K, used 98304K [0x0000000740000000, 0x0000000748000000, 0x00000007c0000000)
  eden space 98304K, 100% used [0x0000000740000000,0x0000000746000000,0x0000000746000000)
  from space 16384K, 0% used [0x0000000747000000,0x0000000747000000,0x0000000748000000)
  to   space 16384K, 0% used [0x0000000746000000,0x0000000746000000,0x0000000747000000)
 ParOldGen       total 262144K, used 0K [0x0000000640000000, 0x0000000650000000, 0x0000000740000000)
  object space 262144K, 0% used [0x0000000640000000,0x0000000640000000,0x0000000650000000)
 Metaspace       used 12901K, capacity 13140K, committed 13312K, reserved 1060864K
  class space    used 1654K, capacity 1689K, committed 1792K, reserved 1048576K
Event: 2.087 GC heap after
Heap after GC invocations=1 (full 0):
 PSYoungGen      total 114688K, used 3953K [0x0000000740000000, 0x0000000748000000, 0x00000007c0000000)
  eden space 98304K, 0% used [0x0000000740000000,0x0000000740000000,0x0000000746000000)
  from space 16384K, 24% used [0x0000000746000000,0x00000007463dc7d8,0x0000000747000000)
  to   space 16384K, 0% used [0x0000000747000000,0x0000000747000000,0x0000000748000000)
 ParOldGen       total 262144K, used 16K [0x0000000640000000, 0x0000000650000000, 0x0000000740000000)
  object space 262144K, 0% used [0x0000000640000000,0x0000000640004000,0x0000000650000000)
 Metaspace       used 12901K, capacity 13140K, committed 13312K, reserved 1060864K
  class space    used 1654K, capacity 1689K, committed 1792K, reserved 1048576K
}
Event: 2.751 GC heap before
{Heap before GC invocations=2 (full 0):
 PSYoungGen      total 114688K, used 102257K [0x0000000740000000, 0x0000000748000000, 0x00000007c0000000)
  eden space 98304K, 100% used [0x0000000740000000,0x0000000746000000,0x0000000746000000)
  from space 16384K, 24% used [0x0000000746000000,0x00000007463dc7d8,0x0000000747000000)
  to   space 16384K, 0% used [0x0000000747000000,0x0000000747000000,0x0000000748000000)
 ParOldGen       total 262144K, used 16K [0x0000000640000000, 0x0000000650000000, 0x0000000740000000)
  object space 262144K, 0% used [0x0000000640000000,0x0000000640004000,0x0000000650000000)
 Metaspace       used 14106K, capacity 14356K, committed 14464K, reserved 1062912K
  class space    used 1802K, capacity 1861K, committed 1920K, reserved 1048576K
Event: 2.760 GC heap after
Heap after GC invocations=2 (full 0):
 PSYoungGen      total 114688K, used 5024K [0x0000000740000000, 0x0000000748000000, 0x00000007c0000000)
  eden space 98304K, 0% used [0x0000000740000000,0x0000000740000000,0x0000000746000000)
  from space 16384K, 30% used [0x0000000747000000,0x00000007474e8020,0x0000000748000000)
  to   space 16384K, 0% used [0x0000000746000000,0x0000000746000000,0x0000000747000000)
 ParOldGen       total 262144K, used 24K [0x0000000640000000, 0x0000000650000000, 0x0000000740000000)
  object space 262144K, 0% used [0x0000000640000000,0x0000000640006000,0x0000000650000000)
 Metaspace       used 14106K, capacity 14356K, committed 14464K, reserved 1062912K
  class space    used 1802K, capacity 1861K, committed 1920K, reserved 1048576K
}
Event: 10.224 GC heap before
{Heap before GC invocations=3 (full 0):
 PSYoungGen      total 114688K, used 103328K [0x0000000740000000, 0x0000000748000000, 0x00000007c0000000)
  eden space 98304K, 100% used [0x0000000740000000,0x0000000746000000,0x0000000746000000)
  from space 16384K, 30% used [0x0000000747000000,0x00000007474e8020,0x0000000748000000)
  to   space 16384K, 0% used [0x0000000746000000,0x0000000746000000,0x0000000747000000)
 ParOldGen       total 262144K, used 24K [0x0000000640000000, 0x0000000650000000, 0x0000000740000000)
  object space 262144K, 0% used [0x0000000640000000,0x0000000640006000,0x0000000650000000)
 Metaspace       used 16481K, capacity 16778K, committed 17024K, reserved 1064960K
  class space    used 2083K, capacity 2154K, committed 2176K, reserved 1048576K
Event: 10.236 GC heap after
Heap after GC invocations=3 (full 0):
 PSYoungGen      total 114688K, used 5072K [0x0000000740000000, 0x0000000748000000, 0x00000007c0000000)
  eden space 98304K, 0% used [0x0000000740000000,0x0000000740000000,0x0000000746000000)
  from space 16384K, 30% used [0x0000000746000000,0x00000007464f4010,0x0000000747000000)
  to   space 16384K, 0% used [0x0000000747000000,0x0000000747000000,0x0000000748000000)
 ParOldGen       total 262144K, used 40K [0x0000000640000000, 0x0000000650000000, 0x0000000740000000)
  object space 262144K, 0% used [0x0000000640000000,0x000000064000a000,0x0000000650000000)
 Metaspace       used 16481K, capacity 16778K, committed 17024K, reserved 1064960K
  class space    used 2083K, capacity 2154K, committed 2176K, reserved 1048576K
}
Event: 49.156 GC heap before
{Heap before GC invocations=4 (full 0):
 PSYoungGen      total 114688K, used 103376K [0x0000000740000000, 0x0000000748000000, 0x00000007c0000000)
  eden space 98304K, 100% used [0x0000000740000000,0x0000000746000000,0x0000000746000000)
  from space 16384K, 30% used [0x0000000746000000,0x00000007464f4010,0x0000000747000000)
  to   space 16384K, 0% used [0x0000000747000000,0x0000000747000000,0x0000000748000000)
 ParOldGen       total 262144K, used 40K [0x0000000640000000, 0x0000000650000000, 0x0000000740000000)
  object space 262144K, 0% used [0x0000000640000000,0x000000064000a000,0x0000000650000000)
 Metaspace       used 19295K, capacity 19554K, committed 19840K, reserved 1067008K
  class space    used 2367K, capacity 2414K, committed 2432K, reserved 1048576K
Event: 49.166 GC heap after
Heap after GC invocations=4 (full 0):
 PSYoungGen      total 114688K, used 5440K [0x0000000740000000, 0x0000000748000000, 0x00000007c0000000)
  eden space 98304K, 0% used [0x0000000740000000,0x0000000740000000,0x0000000746000000)
  from space 16384K, 33% used [0x0000000747000000,0x0000000747550020,0x0000000748000000)
  to   space 16384K, 0% used [0x0000000746000000,0x0000000746000000,0x0000000747000000)
 ParOldGen       total 262144K, used 112K [0x0000000640000000, 0x0000000650000000, 0x0000000740000000)
  object space 262144K, 0% used [0x0000000640000000,0x000000064001c010,0x0000000650000000)
 Metaspace       used 19295K, capacity 19554K, committed 19840K, reserved 1067008K
  class space    used 2367K, capacity 2414K, committed 2432K, reserved 1048576K
}
Event: 97.836 GC heap before
{Heap before GC invocations=5 (full 0):
 PSYoungGen      total 114688K, used 103744K [0x0000000740000000, 0x0000000748000000, 0x00000007c0000000)
  eden space 98304K, 100% used [0x0000000740000000,0x0000000746000000,0x0000000746000000)
  from space 16384K, 33% used [0x0000000747000000,0x0000000747550020,0x0000000748000000)
  to   space 16384K, 0% used [0x0000000746000000,0x0000000746000000,0x0000000747000000)
 ParOldGen       total 262144K, used 112K [0x0000000640000000, 0x0000000650000000, 0x0000000740000000)
  object space 262144K, 0% used [0x0000000640000000,0x000000064001c010,0x0000000650000000)
 Metaspace       used 20535K, capacity 20834K, committed 20992K, reserved 1067008K
  class space    used 2465K, capacity 2542K, committed 2560K, reserved 1048576K
Event: 97.882 GC heap after
Heap after GC invocations=5 (full 0):
 PSYoungGen      total 112640K, used 16368K [0x0000000740000000, 0x000000074a400000, 0x00000007c0000000)
  eden space 96256K, 0% used [0x0000000740000000,0x0000000740000000,0x0000000745e00000)
  from space 16384K, 99% used [0x0000000746000000,0x0000000746ffc030,0x0000000747000000)
  to   space 35840K, 0% used [0x0000000748100000,0x0000000748100000,0x000000074a400000)
 ParOldGen       total 262144K, used 32800K [0x0000000640000000, 0x0000000650000000, 0x0000000740000000)
  object space 262144K, 12% used [0x0000000640000000,0x00000006420083d8,0x0000000650000000)
 Metaspace       used 20535K, capacity 20834K, committed 20992K, reserved 1067008K
  class space    used 2465K, capacity 2542K, committed 2560K, reserved 1048576K
}

