# JRE version: Java(TM) SE Runtime Environment (7.0_67-b01) (build 1.7.0_67-b01)
# Java VM: Java HotSpot(TM) 64-Bit Server VM (24.65-b04 mixed mode windows-amd64 compressed oops)
Heap
 PSYoungGen      total 432128K, used 171443K [0x00000007d5500000, 0x00000007f8c00000, 0x0000000800000000)
  eden space 351232K, 25% used [0x00000007d5500000,0x00000007dad72ae0,0x00000007eac00000)
  from space 80896K, 99% used [0x00000007f1100000,0x00000007f5ffa428,0x00000007f6000000)
  to   space 103424K, 0% used [0x00000007eac00000,0x00000007eac00000,0x00000007f1100000)
 ParOldGen       total 261632K, used 79998K [0x0000000780000000, 0x000000078ff80000, 0x00000007d5500000)
  object space 261632K, 30% used [0x0000000780000000,0x0000000784e1f9e8,0x000000078ff80000)
 PSPermGen       total 22528K, used 22439K [0x000000077ae00000, 0x000000077c400000, 0x0000000780000000)
  object space 22528K, 99% used [0x000000077ae00000,0x000000077c3e9c28,0x000000077c400000)
GC Heap History (10 events):
Event: 17.829 GC heap before
{Heap before GC invocations=4 (full 0):
 PSYoungGen      total 114688K, used 108845K [0x00000007d5500000, 0x00000007dd500000, 0x0000000800000000)
  eden space 98304K, 100% used [0x00000007d5500000,0x00000007db500000,0x00000007db500000)
  from space 16384K, 64% used [0x00000007db500000,0x00000007dbf4b4f8,0x00000007dc500000)
  to   space 16384K, 0% used [0x00000007dc500000,0x00000007dc500000,0x00000007dd500000)
 ParOldGen       total 261632K, used 16K [0x0000000780000000, 0x000000078ff80000, 0x00000007d5500000)
  object space 261632K, 0% used [0x0000000780000000,0x0000000780004000,0x000000078ff80000)
 PSPermGen       total 22528K, used 22134K [0x000000077ae00000, 0x000000077c400000, 0x0000000780000000)
  object space 22528K, 98% used [0x000000077ae00000,0x000000077c39da08,0x000000077c400000)
Event: 17.847 GC heap after
Heap after GC invocations=4 (full 0):
 PSYoungGen      total 114688K, used 16352K [0x00000007d5500000, 0x00000007dd500000, 0x0000000800000000)
  eden space 98304K, 0% used [0x00000007d5500000,0x00000007d5500000,0x00000007db500000)
  from space 16384K, 99% used [0x00000007dc500000,0x00000007dd4f8238,0x00000007dd500000)
  to   space 16384K, 0% used [0x00000007db500000,0x00000007db500000,0x00000007dc500000)
 ParOldGen       total 261632K, used 2040K [0x0000000780000000, 0x000000078ff80000, 0x00000007d5500000)
  object space 261632K, 0% used [0x0000000780000000,0x00000007801fe088,0x000000078ff80000)
 PSPermGen       total 22528K, used 22134K [0x000000077ae00000, 0x000000077c400000, 0x0000000780000000)
  object space 22528K, 98% used [0x000000077ae00000,0x000000077c39da08,0x000000077c400000)
}
Event: 17.957 GC heap before
{Heap before GC invocations=5 (full 0):
 PSYoungGen      total 114688K, used 114656K [0x00000007d5500000, 0x00000007dd500000, 0x0000000800000000)
  eden space 98304K, 100% used [0x00000007d5500000,0x00000007db500000,0x00000007db500000)
  from space 16384K, 99% used [0x00000007dc500000,0x00000007dd4f8238,0x00000007dd500000)
  to   space 16384K, 0% used [0x00000007db500000,0x00000007db500000,0x00000007dc500000)
 ParOldGen       total 261632K, used 2040K [0x0000000780000000, 0x000000078ff80000, 0x00000007d5500000)
  object space 261632K, 0% used [0x0000000780000000,0x00000007801fe088,0x000000078ff80000)
 PSPermGen       total 22528K, used 22138K [0x000000077ae00000, 0x000000077c400000, 0x0000000780000000)
  object space 22528K, 98% used [0x000000077ae00000,0x000000077c39eaf8,0x000000077c400000)
Event: 18.013 GC heap after
Heap after GC invocations=5 (full 0):
 PSYoungGen      total 114688K, used 16380K [0x00000007d5500000, 0x00000007e6400000, 0x0000000800000000)
  eden space 98304K, 0% used [0x00000007d5500000,0x00000007d5500000,0x00000007db500000)
  from space 16384K, 99% used [0x00000007db500000,0x00000007dc4ff0f0,0x00000007dc500000)
  to   space 40448K, 0% used [0x00000007e3c80000,0x00000007e3c80000,0x00000007e6400000)
 ParOldGen       total 261632K, used 27496K [0x0000000780000000, 0x000000078ff80000, 0x00000007d5500000)
  object space 261632K, 10% used [0x0000000780000000,0x0000000781ada088,0x000000078ff80000)
 PSPermGen       total 22528K, used 22138K [0x000000077ae00000, 0x000000077c400000, 0x0000000780000000)
  object space 22528K, 98% used [0x000000077ae00000,0x000000077c39eaf8,0x000000077c400000)
}
Event: 18.136 GC heap before
{Heap before GC invocations=6 (full 0):
 PSYoungGen      total 114688K, used 114684K [0x00000007d5500000, 0x00000007e6400000, 0x0000000800000000)
  eden space 98304K, 100% used [0x00000007d5500000,0x00000007db500000,0x00000007db500000)
  from space 16384K, 99% used [0x00000007db500000,0x00000007dc4ff0f0,0x00000007dc500000)
  to   space 40448K, 0% used [0x00000007e3c80000,0x00000007e3c80000,0x00000007e6400000)
 ParOldGen       total 261632K, used 27496K [0x0000000780000000, 0x000000078ff80000, 0x00000007d5500000)
  object space 261632K, 10% used [0x0000000780000000,0x0000000781ada088,0x000000078ff80000)
 PSPermGen       total 22528K, used 22145K [0x000000077ae00000, 0x000000077c400000, 0x0000000780000000)
  object space 22528K, 98% used [0x000000077ae00000,0x000000077c3a0458,0x000000077c400000)
Event: 18.172 GC heap after
Heap after GC invocations=6 (full 0):
 PSYoungGen      total 227328K, used 40376K [0x00000007d5500000, 0x00000007e7700000, 0x0000000800000000)
  eden space 186880K, 0% used [0x00000007d5500000,0x00000007d5500000,0x00000007e0b80000)
  from space 40448K, 99% used [0x00000007e3c80000,0x00000007e63ee130,0x00000007e6400000)
  to   space 50176K, 0% used [0x00000007e0b80000,0x00000007e0b80000,0x00000007e3c80000)
 ParOldGen       total 261632K, used 27496K [0x0000000780000000, 0x000000078ff80000, 0x00000007d5500000)
  object space 261632K, 10% used [0x0000000780000000,0x0000000781ada088,0x000000078ff80000)
 PSPermGen       total 22528K, used 22145K [0x000000077ae00000, 0x000000077c400000, 0x0000000780000000)
  object space 22528K, 98% used [0x000000077ae00000,0x000000077c3a0458,0x000000077c400000)
}
Event: 18.414 GC heap before
{Heap before GC invocations=7 (full 0):
 PSYoungGen      total 227328K, used 227256K [0x00000007d5500000, 0x00000007e7700000, 0x0000000800000000)
  eden space 186880K, 100% used [0x00000007d5500000,0x00000007e0b80000,0x00000007e0b80000)
  from space 40448K, 99% used [0x00000007e3c80000,0x00000007e63ee130,0x00000007e6400000)
  to   space 50176K, 0% used [0x00000007e0b80000,0x00000007e0b80000,0x00000007e3c80000)
 ParOldGen       total 261632K, used 27496K [0x0000000780000000, 0x000000078ff80000, 0x00000007d5500000)
  object space 261632K, 10% used [0x0000000780000000,0x0000000781ada088,0x000000078ff80000)
 PSPermGen       total 22528K, used 22149K [0x000000077ae00000, 0x000000077c400000, 0x0000000780000000)
  object space 22528K, 98% used [0x000000077ae00000,0x000000077c3a1630,0x000000077c400000)
Event: 18.510 GC heap after
Heap after GC invocations=7 (full 0):
 PSYoungGen      total 237056K, used 50145K [0x00000007d5500000, 0x00000007f6000000, 0x0000000800000000)
  eden space 186880K, 0% used [0x00000007d5500000,0x00000007d5500000,0x00000007e0b80000)
  from space 50176K, 99% used [0x00000007e0b80000,0x00000007e3c786f0,0x00000007e3c80000)
  to   space 80896K, 0% used [0x00000007f1100000,0x00000007f1100000,0x00000007f6000000)
 ParOldGen       total 261632K, used 66243K [0x0000000780000000, 0x000000078ff80000, 0x00000007d5500000)
  object space 261632K, 25% used [0x0000000780000000,0x00000007840b0fd0,0x000000078ff80000)
 PSPermGen       total 22528K, used 22149K [0x000000077ae00000, 0x000000077c400000, 0x0000000780000000)
  object space 22528K, 98% used [0x000000077ae00000,0x000000077c3a1630,0x000000077c400000)
}
Event: 18.835 GC heap before
{Heap before GC invocations=8 (full 0):
 PSYoungGen      total 237056K, used 237025K [0x00000007d5500000, 0x00000007f6000000, 0x0000000800000000)
  eden space 186880K, 100% used [0x00000007d5500000,0x00000007e0b80000,0x00000007e0b80000)
  from space 50176K, 99% used [0x00000007e0b80000,0x00000007e3c786f0,0x00000007e3c80000)
  to   space 80896K, 0% used [0x00000007f1100000,0x00000007f1100000,0x00000007f6000000)
 ParOldGen       total 261632K, used 66243K [0x0000000780000000, 0x000000078ff80000, 0x00000007d5500000)
  object space 261632K, 25% used [0x0000000780000000,0x00000007840b0fd0,0x000000078ff80000)
 PSPermGen       total 22528K, used 22166K [0x000000077ae00000, 0x000000077c400000, 0x0000000780000000)
  object space 22528K, 98% used [0x000000077ae00000,0x000000077c3a5b30,0x000000077c400000)
Event: 18.912 GC heap after
Heap after GC invocations=8 (full 0):
 PSYoungGen      total 432128K, used 80873K [0x00000007d5500000, 0x00000007f8c00000, 0x0000000800000000)
  eden space 351232K, 0% used [0x00000007d5500000,0x00000007d5500000,0x00000007eac00000)
  from space 80896K, 99% used [0x00000007f1100000,0x00000007f5ffa428,0x00000007f6000000)
  to   space 103424K, 0% used [0x00000007eac00000,0x00000007eac00000,0x00000007f1100000)
 ParOldGen       total 261632K, used 79998K [0x0000000780000000, 0x000000078ff80000, 0x00000007d5500000)
  object space 261632K, 30% used [0x0000000780000000,0x0000000784e1f9e8,0x000000078ff80000)
 PSPermGen       total 22528K, used 22166K [0x000000077ae00000, 0x000000077c400000, 0x0000000780000000)
  object space 22528K, 98% used [0x000000077ae00000,0x000000077c3a5b30,0x000000077c400000)
}

