# JRE version: Java(TM) SE Runtime Environment (7.0_67-b01) (build 1.7.0_67-b01)
# Java VM: Java HotSpot(TM) 64-Bit Server VM (24.65-b04 mixed mode windows-amd64 compressed oops)
Heap
 PSYoungGen      total 425984K, used 179147K [0x00000007d5500000, 0x00000007f8700000, 0x0000000800000000)
  eden space 347136K, 28% used [0x00000007d5500000,0x00000007db6f8aa0,0x00000007ea800000)
  from space 78848K, 99% used [0x00000007f0c00000,0x00000007f58fa428,0x00000007f5900000)
  to   space 102400K, 0% used [0x00000007ea800000,0x00000007ea800000,0x00000007f0c00000)
 ParOldGen       total 261632K, used 80779K [0x0000000780000000, 0x000000078ff80000, 0x00000007d5500000)
  object space 261632K, 30% used [0x0000000780000000,0x0000000784ee2e38,0x000000078ff80000)
 PSPermGen       total 22528K, used 22272K [0x000000077ae00000, 0x000000077c400000, 0x0000000780000000)
  object space 22528K, 98% used [0x000000077ae00000,0x000000077c3c0040,0x000000077c400000)
GC Heap History (10 events):
Event: 27.018 GC heap before
{Heap before GC invocations=4 (full 0):
 PSYoungGen      total 114688K, used 109623K [0x00000007d5500000, 0x00000007dd500000, 0x0000000800000000)
  eden space 98304K, 100% used [0x00000007d5500000,0x00000007db500000,0x00000007db500000)
  from space 16384K, 69% used [0x00000007db500000,0x00000007dc00dce0,0x00000007dc500000)
  to   space 16384K, 0% used [0x00000007dc500000,0x00000007dc500000,0x00000007dd500000)
 ParOldGen       total 261632K, used 24K [0x0000000780000000, 0x000000078ff80000, 0x00000007d5500000)
  object space 261632K, 0% used [0x0000000780000000,0x0000000780006000,0x000000078ff80000)
 PSPermGen       total 22528K, used 22202K [0x000000077ae00000, 0x000000077c400000, 0x0000000780000000)
  object space 22528K, 98% used [0x000000077ae00000,0x000000077c3ae8a0,0x000000077c400000)
Event: 27.034 GC heap after
Heap after GC invocations=4 (full 0):
 PSYoungGen      total 114688K, used 16382K [0x00000007d5500000, 0x00000007dd500000, 0x0000000800000000)
  eden space 98304K, 0% used [0x00000007d5500000,0x00000007d5500000,0x00000007db500000)
  from space 16384K, 99% used [0x00000007dc500000,0x00000007dd4ffa88,0x00000007dd500000)
  to   space 16384K, 0% used [0x00000007db500000,0x00000007db500000,0x00000007dc500000)
 ParOldGen       total 261632K, used 711K [0x0000000780000000, 0x000000078ff80000, 0x00000007d5500000)
  object space 261632K, 0% used [0x0000000780000000,0x00000007800b1d58,0x000000078ff80000)
 PSPermGen       total 22528K, used 22202K [0x000000077ae00000, 0x000000077c400000, 0x0000000780000000)
  object space 22528K, 98% used [0x000000077ae00000,0x000000077c3ae8a0,0x000000077c400000)
}
Event: 27.160 GC heap before
{Heap before GC invocations=5 (full 0):
 PSYoungGen      total 114688K, used 114686K [0x00000007d5500000, 0x00000007dd500000, 0x0000000800000000)
  eden space 98304K, 100% used [0x00000007d5500000,0x00000007db500000,0x00000007db500000)
  from space 16384K, 99% used [0x00000007dc500000,0x00000007dd4ffa88,0x00000007dd500000)
  to   space 16384K, 0% used [0x00000007db500000,0x00000007db500000,0x00000007dc500000)
 ParOldGen       total 261632K, used 711K [0x0000000780000000, 0x000000078ff80000, 0x00000007d5500000)
  object space 261632K, 0% used [0x0000000780000000,0x00000007800b1d58,0x000000078ff80000)
 PSPermGen       total 22528K, used 22206K [0x000000077ae00000, 0x000000077c400000, 0x0000000780000000)
  object space 22528K, 98% used [0x000000077ae00000,0x000000077c3af980,0x000000077c400000)
Event: 27.203 GC heap after
Heap after GC invocations=5 (full 0):
 PSYoungGen      total 114688K, used 16369K [0x00000007d5500000, 0x00000007e6000000, 0x0000000800000000)
  eden space 98304K, 0% used [0x00000007d5500000,0x00000007d5500000,0x00000007db500000)
  from space 16384K, 99% used [0x00000007db500000,0x00000007dc4fc480,0x00000007dc500000)
  to   space 38400K, 0% used [0x00000007e3a80000,0x00000007e3a80000,0x00000007e6000000)
 ParOldGen       total 261632K, used 24335K [0x0000000780000000, 0x000000078ff80000, 0x00000007d5500000)
  object space 261632K, 9% used [0x0000000780000000,0x00000007817c3d58,0x000000078ff80000)
 PSPermGen       total 22528K, used 22206K [0x000000077ae00000, 0x000000077c400000, 0x0000000780000000)
  object space 22528K, 98% used [0x000000077ae00000,0x000000077c3af980,0x000000077c400000)
}
Event: 27.313 GC heap before
{Heap before GC invocations=6 (full 0):
 PSYoungGen      total 114688K, used 114673K [0x00000007d5500000, 0x00000007e6000000, 0x0000000800000000)
  eden space 98304K, 100% used [0x00000007d5500000,0x00000007db500000,0x00000007db500000)
  from space 16384K, 99% used [0x00000007db500000,0x00000007dc4fc480,0x00000007dc500000)
  to   space 38400K, 0% used [0x00000007e3a80000,0x00000007e3a80000,0x00000007e6000000)
 ParOldGen       total 261632K, used 24335K [0x0000000780000000, 0x000000078ff80000, 0x00000007d5500000)
  object space 261632K, 9% used [0x0000000780000000,0x00000007817c3d58,0x000000078ff80000)
 PSPermGen       total 22528K, used 22213K [0x000000077ae00000, 0x000000077c400000, 0x0000000780000000)
  object space 22528K, 98% used [0x000000077ae00000,0x000000077c3b16d0,0x000000077c400000)
Event: 27.353 GC heap after
Heap after GC invocations=6 (full 0):
 PSYoungGen      total 223744K, used 38378K [0x00000007d5500000, 0x00000007e7600000, 0x0000000800000000)
  eden space 185344K, 0% used [0x00000007d5500000,0x00000007d5500000,0x00000007e0a00000)
  from space 38400K, 99% used [0x00000007e3a80000,0x00000007e5ffa9a0,0x00000007e6000000)
  to   space 49664K, 0% used [0x00000007e0a00000,0x00000007e0a00000,0x00000007e3a80000)
 ParOldGen       total 261632K, used 26999K [0x0000000780000000, 0x000000078ff80000, 0x00000007d5500000)
  object space 261632K, 10% used [0x0000000780000000,0x0000000781a5dd58,0x000000078ff80000)
 PSPermGen       total 22528K, used 22213K [0x000000077ae00000, 0x000000077c400000, 0x0000000780000000)
  object space 22528K, 98% used [0x000000077ae00000,0x000000077c3b16d0,0x000000077c400000)
}
Event: 27.584 GC heap before
{Heap before GC invocations=7 (full 0):
 PSYoungGen      total 223744K, used 223722K [0x00000007d5500000, 0x00000007e7600000, 0x0000000800000000)
  eden space 185344K, 100% used [0x00000007d5500000,0x00000007e0a00000,0x00000007e0a00000)
  from space 38400K, 99% used [0x00000007e3a80000,0x00000007e5ffa9a0,0x00000007e6000000)
  to   space 49664K, 0% used [0x00000007e0a00000,0x00000007e0a00000,0x00000007e3a80000)
 ParOldGen       total 261632K, used 26999K [0x0000000780000000, 0x000000078ff80000, 0x00000007d5500000)
  object space 261632K, 10% used [0x0000000780000000,0x0000000781a5dd58,0x000000078ff80000)
 PSPermGen       total 22528K, used 22215K [0x000000077ae00000, 0x000000077c400000, 0x0000000780000000)
  object space 22528K, 98% used [0x000000077ae00000,0x000000077c3b1f30,0x000000077c400000)
Event: 27.669 GC heap after
Heap after GC invocations=7 (full 0):
 PSYoungGen      total 235008K, used 49653K [0x00000007d5500000, 0x00000007f5900000, 0x0000000800000000)
  eden space 185344K, 0% used [0x00000007d5500000,0x00000007d5500000,0x00000007e0a00000)
  from space 49664K, 99% used [0x00000007e0a00000,0x00000007e3a7d688,0x00000007e3a80000)
  to   space 78848K, 0% used [0x00000007f0c00000,0x00000007f0c00000,0x00000007f5900000)
 ParOldGen       total 261632K, used 63195K [0x0000000780000000, 0x000000078ff80000, 0x00000007d5500000)
  object space 261632K, 24% used [0x0000000780000000,0x0000000783db6e38,0x000000078ff80000)
 PSPermGen       total 22528K, used 22215K [0x000000077ae00000, 0x000000077c400000, 0x0000000780000000)
  object space 22528K, 98% used [0x000000077ae00000,0x000000077c3b1f30,0x000000077c400000)
}
Event: 27.941 GC heap before
{Heap before GC invocations=8 (full 0):
 PSYoungGen      total 235008K, used 234997K [0x00000007d5500000, 0x00000007f5900000, 0x0000000800000000)
  eden space 185344K, 100% used [0x00000007d5500000,0x00000007e0a00000,0x00000007e0a00000)
  from space 49664K, 99% used [0x00000007e0a00000,0x00000007e3a7d688,0x00000007e3a80000)
  to   space 78848K, 0% used [0x00000007f0c00000,0x00000007f0c00000,0x00000007f5900000)
 ParOldGen       total 261632K, used 63195K [0x0000000780000000, 0x000000078ff80000, 0x00000007d5500000)
  object space 261632K, 24% used [0x0000000780000000,0x0000000783db6e38,0x000000078ff80000)
 PSPermGen       total 22528K, used 22231K [0x000000077ae00000, 0x000000077c400000, 0x0000000780000000)
  object space 22528K, 98% used [0x000000077ae00000,0x000000077c3b5db8,0x000000077c400000)
Event: 28.048 GC heap after
Heap after GC invocations=8 (full 0):
 PSYoungGen      total 425984K, used 78825K [0x00000007d5500000, 0x00000007f8700000, 0x0000000800000000)
  eden space 347136K, 0% used [0x00000007d5500000,0x00000007d5500000,0x00000007ea800000)
  from space 78848K, 99% used [0x00000007f0c00000,0x00000007f58fa428,0x00000007f5900000)
  to   space 102400K, 0% used [0x00000007ea800000,0x00000007ea800000,0x00000007f0c00000)
 ParOldGen       total 261632K, used 80779K [0x0000000780000000, 0x000000078ff80000, 0x00000007d5500000)
  object space 261632K, 30% used [0x0000000780000000,0x0000000784ee2e38,0x000000078ff80000)
 PSPermGen       total 22528K, used 22231K [0x000000077ae00000, 0x000000077c400000, 0x0000000780000000)
  object space 22528K, 98% used [0x000000077ae00000,0x000000077c3b5db8,0x000000077c400000)
}

