# JRE version: Java(TM) SE Runtime Environment (8.0_66-b17) (build 1.8.0_66-b17)
# Java VM: Java HotSpot(TM) 64-Bit Server VM (25.66-b17 mixed mode linux-amd64 compressed oops)
Heap:
 PSYoungGen      total 4996096K, used 2764392K [0x0000000680000000, 0x00000007c0000000, 0x00000007c0000000)
  eden space 4749312K, 58% used [0x0000000680000000,0x0000000728b9a1b8,0x00000007a1e00000)
  from space 246784K, 0% used [0x00000007a1e00000,0x00000007a1e00000,0x00000007b0f00000)
  to   space 241152K, 0% used [0x00000007b1480000,0x00000007b1480000,0x00000007c0000000)
 ParOldGen       total 1143808K, used 338865K [0x0000000400000000, 0x0000000445d00000, 0x0000000680000000)
  object space 1143808K, 29% used [0x0000000400000000,0x0000000414aec758,0x0000000445d00000)
 Metaspace       used 29635K, capacity 31787K, committed 32000K, reserved 1077248K
  class space    used 4087K, capacity 4485K, committed 4608K, reserved 1048576K
GC Heap History (10 events):
Event: 272,394 GC heap before
{Heap before GC invocations=22 (full 2):
 PSYoungGen      total 3591680K, used 3591661K [0x0000000680000000, 0x00000007b0e80000, 0x00000007c0000000)
  eden space 3416576K, 100% used [0x0000000680000000,0x0000000750880000,0x0000000750880000)
  from space 175104K, 99% used [0x0000000750880000,0x000000075b37b410,0x000000075b380000)
  to   space 223232K, 0% used [0x00000007a3480000,0x00000007a3480000,0x00000007b0e80000)
 ParOldGen       total 730112K, used 160602K [0x0000000400000000, 0x000000042c900000, 0x0000000680000000)
  object space 730112K, 21% used [0x0000000400000000,0x0000000409cd6aa8,0x000000042c900000)
 Metaspace       used 29220K, capacity 31359K, committed 31360K, reserved 1077248K
  class space    used 4059K, capacity 4479K, committed 4480K, reserved 1048576K
Event: 272,522 GC heap after
Heap after GC invocations=22 (full 2):
 PSYoungGen      total 4653568K, used 4256K [0x0000000680000000, 0x00000007ad280000, 0x00000007c0000000)
  eden space 4491776K, 0% used [0x0000000680000000,0x0000000680000000,0x0000000792280000)
  from space 161792K, 2% used [0x00000007a3480000,0x00000007a38a8000,0x00000007ad280000)
  to   space 221184K, 0% used [0x0000000792280000,0x0000000792280000,0x000000079fa80000)
 ParOldGen       total 730112K, used 336271K [0x0000000400000000, 0x000000042c900000, 0x0000000680000000)
  object space 730112K, 46% used [0x0000000400000000,0x0000000414863eb8,0x000000042c900000)
 Metaspace       used 29220K, capacity 31359K, committed 31360K, reserved 1077248K
  class space    used 4059K, capacity 4479K, committed 4480K, reserved 1048576K
}
Event: 343,263 GC heap before
{Heap before GC invocations=23 (full 2):
 PSYoungGen      total 4653568K, used 4496032K [0x0000000680000000, 0x00000007ad280000, 0x00000007c0000000)
  eden space 4491776K, 100% used [0x0000000680000000,0x0000000792280000,0x0000000792280000)
  from space 161792K, 2% used [0x00000007a3480000,0x00000007a38a8000,0x00000007ad280000)
  to   space 221184K, 0% used [0x0000000792280000,0x0000000792280000,0x000000079fa80000)
 ParOldGen       total 730112K, used 336271K [0x0000000400000000, 0x000000042c900000, 0x0000000680000000)
  object space 730112K, 46% used [0x0000000400000000,0x0000000414863eb8,0x000000042c900000)
 Metaspace       used 29343K, capacity 31461K, committed 31744K, reserved 1077248K
  class space    used 4065K, capacity 4484K, committed 4608K, reserved 1048576K
Event: 343,287 GC heap after
Heap after GC invocations=23 (full 2):
 PSYoungGen      total 4712960K, used 79515K [0x0000000680000000, 0x00000007c0000000, 0x00000007c0000000)
  eden space 4491776K, 0% used [0x0000000680000000,0x0000000680000000,0x0000000792280000)
  from space 221184K, 35% used [0x0000000792280000,0x0000000797026c28,0x000000079fa80000)
  to   space 209408K, 0% used [0x00000007b3380000,0x00000007b3380000,0x00000007c0000000)
 ParOldGen       total 730112K, used 340391K [0x0000000400000000, 0x000000042c900000, 0x0000000680000000)
  object space 730112K, 46% used [0x0000000400000000,0x0000000414c69eb8,0x000000042c900000)
 Metaspace       used 29343K, capacity 31461K, committed 31744K, reserved 1077248K
  class space    used 4065K, capacity 4484K, committed 4608K, reserved 1048576K
}
Event: 366,060 GC heap before
{Heap before GC invocations=24 (full 2):
 PSYoungGen      total 4712960K, used 4571291K [0x0000000680000000, 0x00000007c0000000, 0x00000007c0000000)
  eden space 4491776K, 100% used [0x0000000680000000,0x0000000792280000,0x0000000792280000)
  from space 221184K, 35% used [0x0000000792280000,0x0000000797026c28,0x000000079fa80000)
  to   space 209408K, 0% used [0x00000007b3380000,0x00000007b3380000,0x00000007c0000000)
 ParOldGen       total 730112K, used 340391K [0x0000000400000000, 0x000000042c900000, 0x0000000680000000)
  object space 730112K, 46% used [0x0000000400000000,0x0000000414c69eb8,0x000000042c900000)
 Metaspace       used 29347K, capacity 31461K, committed 31744K, reserved 1077248K
  class space    used 4065K, capacity 4484K, committed 4608K, reserved 1048576K
Event: 366,220 GC heap after
Heap after GC invocations=24 (full 2):
 PSYoungGen      total 4958720K, used 208756K [0x0000000680000000, 0x00000007c0000000, 0x00000007c0000000)
  eden space 4749312K, 0% used [0x0000000680000000,0x0000000680000000,0x00000007a1e00000)
  from space 209408K, 99% used [0x00000007b3380000,0x00000007bff5d020,0x00000007c0000000)
  to   space 246784K, 0% used [0x00000007a1e00000,0x00000007a1e00000,0x00000007b0f00000)
 ParOldGen       total 730112K, used 419700K [0x0000000400000000, 0x000000042c900000, 0x0000000680000000)
  object space 730112K, 57% used [0x0000000400000000,0x00000004199dd208,0x000000042c900000)
 Metaspace       used 29347K, capacity 31461K, committed 31744K, reserved 1077248K
  class space    used 4065K, capacity 4484K, committed 4608K, reserved 1048576K
}
Event: 393,205 GC heap before
{Heap before GC invocations=25 (full 2):
 PSYoungGen      total 4958720K, used 4958068K [0x0000000680000000, 0x00000007c0000000, 0x00000007c0000000)
  eden space 4749312K, 100% used [0x0000000680000000,0x00000007a1e00000,0x00000007a1e00000)
  from space 209408K, 99% used [0x00000007b3380000,0x00000007bff5d020,0x00000007c0000000)
  to   space 246784K, 0% used [0x00000007a1e00000,0x00000007a1e00000,0x00000007b0f00000)
 ParOldGen       total 730112K, used 419700K [0x0000000400000000, 0x000000042c900000, 0x0000000680000000)
  object space 730112K, 57% used [0x0000000400000000,0x00000004199dd208,0x000000042c900000)
 Metaspace       used 29347K, capacity 31461K, committed 31744K, reserved 1077248K
  class space    used 4065K, capacity 4484K, committed 4608K, reserved 1048576K
Event: 393,386 GC heap after
Heap after GC invocations=25 (full 2):
 PSYoungGen      total 4996096K, used 23835K [0x0000000680000000, 0x00000007c0000000, 0x00000007c0000000)
  eden space 4749312K, 0% used [0x0000000680000000,0x0000000680000000,0x00000007a1e00000)
  from space 246784K, 9% used [0x00000007a1e00000,0x00000007a3546c08,0x00000007b0f00000)
  to   space 241152K, 0% used [0x00000007b1480000,0x00000007b1480000,0x00000007c0000000)
 ParOldGen       total 730112K, used 621894K [0x0000000400000000, 0x000000042c900000, 0x0000000680000000)
  object space 730112K, 85% used [0x0000000400000000,0x0000000425f51a10,0x000000042c900000)
 Metaspace       used 29347K, capacity 31461K, committed 31744K, reserved 1077248K
  class space    used 4065K, capacity 4484K, committed 4608K, reserved 1048576K
}
Event: 393,386 GC heap before
{Heap before GC invocations=26 (full 3):
 PSYoungGen      total 4996096K, used 23835K [0x0000000680000000, 0x00000007c0000000, 0x00000007c0000000)
  eden space 4749312K, 0% used [0x0000000680000000,0x0000000680000000,0x00000007a1e00000)
  from space 246784K, 9% used [0x00000007a1e00000,0x00000007a3546c08,0x00000007b0f00000)
  to   space 241152K, 0% used [0x00000007b1480000,0x00000007b1480000,0x00000007c0000000)
 ParOldGen       total 730112K, used 621894K [0x0000000400000000, 0x000000042c900000, 0x0000000680000000)
  object space 730112K, 85% used [0x0000000400000000,0x0000000425f51a10,0x000000042c900000)
 Metaspace       used 29347K, capacity 31461K, committed 31744K, reserved 1077248K
  class space    used 4065K, capacity 4484K, committed 4608K, reserved 1048576K
Event: 394,195 GC heap after
Heap after GC invocations=26 (full 3):
 PSYoungGen      total 4996096K, used 0K [0x0000000680000000, 0x00000007c0000000, 0x00000007c0000000)
  eden space 4749312K, 0% used [0x0000000680000000,0x0000000680000000,0x00000007a1e00000)
  from space 246784K, 0% used [0x00000007a1e00000,0x00000007a1e00000,0x00000007b0f00000)
  to   space 241152K, 0% used [0x00000007b1480000,0x00000007b1480000,0x00000007c0000000)
 ParOldGen       total 1143808K, used 338865K [0x0000000400000000, 0x0000000445d00000, 0x0000000680000000)
  object space 1143808K, 29% used [0x0000000400000000,0x0000000414aec758,0x0000000445d00000)
 Metaspace       used 29347K, capacity 31461K, committed 31744K, reserved 1077248K
  class space    used 4065K, capacity 4484K, committed 4608K, reserved 1048576K
}

