# JRE version: Java(TM) SE Runtime Environment (8.0_45-b14) (build 1.8.0_45-b14)
# Java VM: Java HotSpot(TM) 64-Bit Server VM (25.45-b02 mixed mode linux-amd64 compressed oops)
Heap:
 PSYoungGen      total 300544K, used 84128K [0x00000006eab00000, 0x00000006ffa00000, 0x00000007c0000000)
  eden space 258048K, 32% used [0x00000006eab00000,0x00000006efd28108,0x00000006fa700000)
  from space 42496K, 0% used [0x00000006fa700000,0x00000006fa700000,0x00000006fd080000)
  to   space 42496K, 0% used [0x00000006fd080000,0x00000006fd080000,0x00000006ffa00000)
 ParOldGen       total 463360K, used 11399K [0x0000000540000000, 0x000000055c480000, 0x00000006eab00000)
  object space 463360K, 2% used [0x0000000540000000,0x0000000540b21c30,0x000000055c480000)
 Metaspace       used 25295K, capacity 27080K, committed 27264K, reserved 1073152K
  class space    used 3624K, capacity 3967K, committed 3968K, reserved 1048576K
GC Heap History (4 events):
Event: 4,324 GC heap before
{Heap before GC invocations=1 (full 0):
 PSYoungGen      total 300544K, used 139347K [0x00000006eab00000, 0x00000006ffa00000, 0x00000007c0000000)
  eden space 258048K, 54% used [0x00000006eab00000,0x00000006f3314d78,0x00000006fa700000)
  from space 42496K, 0% used [0x00000006fd080000,0x00000006fd080000,0x00000006ffa00000)
  to   space 42496K, 0% used [0x00000006fa700000,0x00000006fa700000,0x00000006fd080000)
 ParOldGen       total 687104K, used 0K [0x0000000540000000, 0x0000000569f00000, 0x00000006eab00000)
  object space 687104K, 0% used [0x0000000540000000,0x0000000540000000,0x0000000569f00000)
 Metaspace       used 19892K, capacity 21124K, committed 21296K, reserved 1067008K
  class space    used 2967K, capacity 3185K, committed 3200K, reserved 1048576K
Event: 4,341 GC heap after
Heap after GC invocations=1 (full 0):
 PSYoungGen      total 300544K, used 11574K [0x00000006eab00000, 0x00000006ffa00000, 0x00000007c0000000)
  eden space 258048K, 0% used [0x00000006eab00000,0x00000006eab00000,0x00000006fa700000)
  from space 42496K, 27% used [0x00000006fa700000,0x00000006fb24d9a8,0x00000006fd080000)
  to   space 42496K, 0% used [0x00000006fd080000,0x00000006fd080000,0x00000006ffa00000)
 ParOldGen       total 687104K, used 96K [0x0000000540000000, 0x0000000569f00000, 0x00000006eab00000)
  object space 687104K, 0% used [0x0000000540000000,0x0000000540018010,0x0000000569f00000)
 Metaspace       used 19892K, capacity 21124K, committed 21296K, reserved 1067008K
  class space    used 2967K, capacity 3185K, committed 3200K, reserved 1048576K
}
Event: 4,341 GC heap before
{Heap before GC invocations=2 (full 1):
 PSYoungGen      total 300544K, used 11574K [0x00000006eab00000, 0x00000006ffa00000, 0x00000007c0000000)
  eden space 258048K, 0% used [0x00000006eab00000,0x00000006eab00000,0x00000006fa700000)
  from space 42496K, 27% used [0x00000006fa700000,0x00000006fb24d9a8,0x00000006fd080000)
  to   space 42496K, 0% used [0x00000006fd080000,0x00000006fd080000,0x00000006ffa00000)
 ParOldGen       total 687104K, used 96K [0x0000000540000000, 0x0000000569f00000, 0x00000006eab00000)
  object space 687104K, 0% used [0x0000000540000000,0x0000000540018010,0x0000000569f00000)
 Metaspace       used 19892K, capacity 21124K, committed 21296K, reserved 1067008K
  class space    used 2967K, capacity 3185K, committed 3200K, reserved 1048576K
Event: 4,389 GC heap after
Heap after GC invocations=2 (full 1):
 PSYoungGen      total 300544K, used 0K [0x00000006eab00000, 0x00000006ffa00000, 0x00000007c0000000)
  eden space 258048K, 0% used [0x00000006eab00000,0x00000006eab00000,0x00000006fa700000)
  from space 42496K, 0% used [0x00000006fa700000,0x00000006fa700000,0x00000006fd080000)
  to   space 42496K, 0% used [0x00000006fd080000,0x00000006fd080000,0x00000006ffa00000)
 ParOldGen       total 463360K, used 11399K [0x0000000540000000, 0x000000055c480000, 0x00000006eab00000)
  object space 463360K, 2% used [0x0000000540000000,0x0000000540b21c30,0x000000055c480000)
 Metaspace       used 19892K, capacity 21124K, committed 21296K, reserved 1067008K
  class space    used 2967K, capacity 3185K, committed 3200K, reserved 1048576K
}

