# JRE version: Java(TM) SE Runtime Environment (8.0_102-b14) (build 1.8.0_102-b14)
# Java VM: Java HotSpot(TM) 64-Bit Server VM (25.102-b14 mixed mode linux-amd64 compressed oops)
Heap:
 PSYoungGen      total 139264K, used 111189K [0x0000000615580000, 0x0000000624e00000, 0x00000007c0000000)
  eden space 129024K, 86% used [0x0000000615580000,0x000000061c215658,0x000000061d380000)
  from space 10240K, 0% used [0x000000061d380000,0x000000061d380000,0x000000061dd80000)
  to   space 40960K, 0% used [0x0000000622600000,0x0000000622600000,0x0000000624e00000)
 ParOldGen       total 587776K, used 414535K [0x00000002c0000000, 0x00000002e3e00000, 0x0000000615580000)
  object space 587776K, 70% used [0x00000002c0000000,0x00000002d94d1fe0,0x00000002e3e00000)
 Metaspace       used 37870K, capacity 40078K, committed 40448K, reserved 1085440K
  class space    used 4891K, capacity 5305K, committed 5376K, reserved 1048576K
GC Heap History (10 events):
Event: 2,901 GC heap before
{Heap before GC invocations=3 (full 0):
 PSYoungGen      total 74752K, used 13849K [0x0000000615580000, 0x000000061e780000, 0x00000007c0000000)
  eden space 64512K, 5% used [0x0000000615580000,0x000000061590e5c0,0x0000000619480000)
  from space 10240K, 99% used [0x0000000619e80000,0x000000061a878030,0x000000061a880000)
  to   space 10240K, 0% used [0x0000000619480000,0x0000000619480000,0x0000000619e80000)
 ParOldGen       total 171008K, used 1336K [0x00000002c0000000, 0x00000002ca700000, 0x0000000615580000)
  object space 171008K, 0% used [0x00000002c0000000,0x00000002c014e1c0,0x00000002ca700000)
 Metaspace       used 20151K, capacity 21112K, committed 21248K, reserved 1067008K
  class space    used 2977K, capacity 3227K, committed 3328K, reserved 1048576K
Event: 2,918 GC heap after
Heap after GC invocations=3 (full 0):
 PSYoungGen      total 74752K, used 10208K [0x0000000615580000, 0x000000061e780000, 0x00000007c0000000)
  eden space 64512K, 0% used [0x0000000615580000,0x0000000615580000,0x0000000619480000)
  from space 10240K, 99% used [0x0000000619480000,0x0000000619e78070,0x0000000619e80000)
  to   space 10240K, 0% used [0x000000061dd80000,0x000000061dd80000,0x000000061e780000)
 ParOldGen       total 171008K, used 2031K [0x00000002c0000000, 0x00000002ca700000, 0x0000000615580000)
  object space 171008K, 1% used [0x00000002c0000000,0x00000002c01fbc28,0x00000002ca700000)
 Metaspace       used 20151K, capacity 21112K, committed 21248K, reserved 1067008K
  class space    used 2977K, capacity 3227K, committed 3328K, reserved 1048576K
}
Event: 2,918 GC heap before
{Heap before GC invocations=4 (full 1):
 PSYoungGen      total 74752K, used 10208K [0x0000000615580000, 0x000000061e780000, 0x00000007c0000000)
  eden space 64512K, 0% used [0x0000000615580000,0x0000000615580000,0x0000000619480000)
  from space 10240K, 99% used [0x0000000619480000,0x0000000619e78070,0x0000000619e80000)
  to   space 10240K, 0% used [0x000000061dd80000,0x000000061dd80000,0x000000061e780000)
 ParOldGen       total 171008K, used 2031K [0x00000002c0000000, 0x00000002ca700000, 0x0000000615580000)
  object space 171008K, 1% used [0x00000002c0000000,0x00000002c01fbc28,0x00000002ca700000)
 Metaspace       used 20151K, capacity 21112K, committed 21248K, reserved 1067008K
  class space    used 2977K, capacity 3227K, committed 3328K, reserved 1048576K
Event: 3,004 GC heap after
Heap after GC invocations=4 (full 1):
 PSYoungGen      total 74752K, used 0K [0x0000000615580000, 0x000000061e780000, 0x00000007c0000000)
  eden space 64512K, 0% used [0x0000000615580000,0x0000000615580000,0x0000000619480000)
  from space 10240K, 0% used [0x0000000619480000,0x0000000619480000,0x0000000619e80000)
  to   space 10240K, 0% used [0x000000061dd80000,0x000000061dd80000,0x000000061e780000)
 ParOldGen       total 96256K, used 11331K [0x00000002c0000000, 0x00000002c5e00000, 0x0000000615580000)
  object space 96256K, 11% used [0x00000002c0000000,0x00000002c0b10fc8,0x00000002c5e00000)
 Metaspace       used 20151K, capacity 21112K, committed 21248K, reserved 1067008K
  class space    used 2977K, capacity 3227K, committed 3328K, reserved 1048576K
}
Event: 4,702 GC heap before
{Heap before GC invocations=5 (full 1):
 PSYoungGen      total 74752K, used 64512K [0x0000000615580000, 0x000000061e780000, 0x00000007c0000000)
  eden space 64512K, 100% used [0x0000000615580000,0x0000000619480000,0x0000000619480000)
  from space 10240K, 0% used [0x0000000619480000,0x0000000619480000,0x0000000619e80000)
  to   space 10240K, 0% used [0x000000061dd80000,0x000000061dd80000,0x000000061e780000)
 ParOldGen       total 96256K, used 11331K [0x00000002c0000000, 0x00000002c5e00000, 0x0000000615580000)
  object space 96256K, 11% used [0x00000002c0000000,0x00000002c0b10fc8,0x00000002c5e00000)
 Metaspace       used 23974K, capacity 25924K, committed 25984K, reserved 1071104K
  class space    used 3612K, capacity 3957K, committed 3968K, reserved 1048576K
Event: 4,737 GC heap after
Heap after GC invocations=5 (full 1):
 PSYoungGen      total 117760K, used 10226K [0x0000000615580000, 0x000000061e780000, 0x00000007c0000000)
  eden space 107520K, 0% used [0x0000000615580000,0x0000000615580000,0x000000061be80000)
  from space 10240K, 99% used [0x000000061dd80000,0x000000061e77ca80,0x000000061e780000)
  to   space 10240K, 0% used [0x000000061d380000,0x000000061d380000,0x000000061dd80000)
 ParOldGen       total 96256K, used 16723K [0x00000002c0000000, 0x00000002c5e00000, 0x0000000615580000)
  object space 96256K, 17% used [0x00000002c0000000,0x00000002c1054ff8,0x00000002c5e00000)
 Metaspace       used 23974K, capacity 25924K, committed 25984K, reserved 1071104K
  class space    used 3612K, capacity 3957K, committed 3968K, reserved 1048576K
}
Event: 29,199 GC heap before
{Heap before GC invocations=6 (full 1):
 PSYoungGen      total 117760K, used 117746K [0x0000000615580000, 0x000000061e780000, 0x00000007c0000000)
  eden space 107520K, 100% used [0x0000000615580000,0x000000061be80000,0x000000061be80000)
  from space 10240K, 99% used [0x000000061dd80000,0x000000061e77ca80,0x000000061e780000)
  to   space 10240K, 0% used [0x000000061d380000,0x000000061d380000,0x000000061dd80000)
 ParOldGen       total 448000K, used 368309K [0x00000002c0000000, 0x00000002db580000, 0x0000000615580000)
  object space 448000K, 82% used [0x00000002c0000000,0x00000002d67ad7c8,0x00000002db580000)
 Metaspace       used 28414K, capacity 30634K, committed 30848K, reserved 1075200K
  class space    used 4068K, capacity 4458K, committed 4480K, reserved 1048576K
Event: 29,275 GC heap after
Heap after GC invocations=6 (full 1):
 PSYoungGen      total 139264K, used 10208K [0x0000000615580000, 0x0000000624e00000, 0x00000007c0000000)
  eden space 129024K, 0% used [0x0000000615580000,0x0000000615580000,0x000000061d380000)
  from space 10240K, 99% used [0x000000061d380000,0x000000061dd78020,0x000000061dd80000)
  to   space 40960K, 0% used [0x0000000622600000,0x0000000622600000,0x0000000624e00000)
 ParOldGen       total 448000K, used 407981K [0x00000002c0000000, 0x00000002db580000, 0x0000000615580000)
  object space 448000K, 91% used [0x00000002c0000000,0x00000002d8e6b720,0x00000002db580000)
 Metaspace       used 28414K, capacity 30634K, committed 30848K, reserved 1075200K
  class space    used 4068K, capacity 4458K, committed 4480K, reserved 1048576K
}
Event: 29,275 GC heap before
{Heap before GC invocations=7 (full 2):
 PSYoungGen      total 139264K, used 10208K [0x0000000615580000, 0x0000000624e00000, 0x00000007c0000000)
  eden space 129024K, 0% used [0x0000000615580000,0x0000000615580000,0x000000061d380000)
  from space 10240K, 99% used [0x000000061d380000,0x000000061dd78020,0x000000061dd80000)
  to   space 40960K, 0% used [0x0000000622600000,0x0000000622600000,0x0000000624e00000)
 ParOldGen       total 448000K, used 407981K [0x00000002c0000000, 0x00000002db580000, 0x0000000615580000)
  object space 448000K, 91% used [0x00000002c0000000,0x00000002d8e6b720,0x00000002db580000)
 Metaspace       used 28414K, capacity 30634K, committed 30848K, reserved 1075200K
  class space    used 4068K, capacity 4458K, committed 4480K, reserved 1048576K
Event: 29,766 GC heap after
Heap after GC invocations=7 (full 2):
 PSYoungGen      total 139264K, used 0K [0x0000000615580000, 0x0000000624e00000, 0x00000007c0000000)
  eden space 129024K, 0% used [0x0000000615580000,0x0000000615580000,0x000000061d380000)
  from space 10240K, 0% used [0x000000061d380000,0x000000061d380000,0x000000061dd80000)
  to   space 40960K, 0% used [0x0000000622600000,0x0000000622600000,0x0000000624e00000)
 ParOldGen       total 587776K, used 414535K [0x00000002c0000000, 0x00000002e3e00000, 0x0000000615580000)
  object space 587776K, 70% used [0x00000002c0000000,0x00000002d94d1fe0,0x00000002e3e00000)
 Metaspace       used 28414K, capacity 30634K, committed 30848K, reserved 1075200K
  class space    used 4068K, capacity 4458K, committed 4480K, reserved 1048576K
}

