# JRE version: Java(TM) SE Runtime Environment (8.0_66-b17) (build 1.8.0_66-b17)
# Java VM: Java HotSpot(TM) 64-Bit Server VM (25.66-b17 mixed mode linux-amd64 compressed oops)
Heap:
 PSYoungGen      total 300544K, used 119113K [0x000000076ab00000, 0x0000000782800000, 0x00000007c0000000)
  eden space 258048K, 46% used [0x000000076ab00000,0x0000000771f52738,0x000000077a700000)
  from space 42496K, 0% used [0x000000077d080000,0x000000077d080000,0x000000077fa00000)
  to   space 42496K, 0% used [0x000000077a700000,0x000000077a700000,0x000000077d080000)
 ParOldGen       total 822272K, used 40225K [0x00000006c0000000, 0x00000006f2300000, 0x000000076ab00000)
  object space 822272K, 4% used [0x00000006c0000000,0x00000006c2748650,0x00000006f2300000)
 Metaspace       used 36006K, capacity 38034K, committed 38232K, reserved 1083392K
  class space    used 4576K, capacity 4961K, committed 4992K, reserved 1048576K
GC Heap History (8 events):
Event: 4,843 GC heap before
{Heap before GC invocations=1 (full 0):
 PSYoungGen      total 300544K, used 170313K [0x000000076ab00000, 0x000000077fa00000, 0x00000007c0000000)
  eden space 258048K, 66% used [0x000000076ab00000,0x0000000775152560,0x000000077a700000)
  from space 42496K, 0% used [0x000000077d080000,0x000000077d080000,0x000000077fa00000)
  to   space 42496K, 0% used [0x000000077a700000,0x000000077a700000,0x000000077d080000)
 ParOldGen       total 687104K, used 0K [0x00000006c0000000, 0x00000006e9f00000, 0x000000076ab00000)
  object space 687104K, 0% used [0x00000006c0000000,0x00000006c0000000,0x00000006e9f00000)
 Metaspace       used 20000K, capacity 21064K, committed 21248K, reserved 1067008K
  class space    used 2982K, capacity 3207K, committed 3328K, reserved 1048576K
Event: 4,865 GC heap after
Heap after GC invocations=1 (full 0):
 PSYoungGen      total 300544K, used 12678K [0x000000076ab00000, 0x000000077fa00000, 0x00000007c0000000)
  eden space 258048K, 0% used [0x000000076ab00000,0x000000076ab00000,0x000000077a700000)
  from space 42496K, 29% used [0x000000077a700000,0x000000077b3618f0,0x000000077d080000)
  to   space 42496K, 0% used [0x000000077d080000,0x000000077d080000,0x000000077fa00000)
 ParOldGen       total 687104K, used 88K [0x00000006c0000000, 0x00000006e9f00000, 0x000000076ab00000)
  object space 687104K, 0% used [0x00000006c0000000,0x00000006c0016010,0x00000006e9f00000)
 Metaspace       used 20000K, capacity 21064K, committed 21248K, reserved 1067008K
  class space    used 2982K, capacity 3207K, committed 3328K, reserved 1048576K
}
Event: 4,865 GC heap before
{Heap before GC invocations=2 (full 1):
 PSYoungGen      total 300544K, used 12678K [0x000000076ab00000, 0x000000077fa00000, 0x00000007c0000000)
  eden space 258048K, 0% used [0x000000076ab00000,0x000000076ab00000,0x000000077a700000)
  from space 42496K, 29% used [0x000000077a700000,0x000000077b3618f0,0x000000077d080000)
  to   space 42496K, 0% used [0x000000077d080000,0x000000077d080000,0x000000077fa00000)
 ParOldGen       total 687104K, used 88K [0x00000006c0000000, 0x00000006e9f00000, 0x000000076ab00000)
  object space 687104K, 0% used [0x00000006c0000000,0x00000006c0016010,0x00000006e9f00000)
 Metaspace       used 20000K, capacity 21064K, committed 21248K, reserved 1067008K
  class space    used 2982K, capacity 3207K, committed 3328K, reserved 1048576K
Event: 4,923 GC heap after
Heap after GC invocations=2 (full 1):
 PSYoungGen      total 300544K, used 0K [0x000000076ab00000, 0x000000077fa00000, 0x00000007c0000000)
  eden space 258048K, 0% used [0x000000076ab00000,0x000000076ab00000,0x000000077a700000)
  from space 42496K, 0% used [0x000000077a700000,0x000000077a700000,0x000000077d080000)
  to   space 42496K, 0% used [0x000000077d080000,0x000000077d080000,0x000000077fa00000)
 ParOldGen       total 460800K, used 12495K [0x00000006c0000000, 0x00000006dc200000, 0x000000076ab00000)
  object space 460800K, 2% used [0x00000006c0000000,0x00000006c0c33c48,0x00000006dc200000)
 Metaspace       used 20000K, capacity 21064K, committed 21248K, reserved 1067008K
  class space    used 2982K, capacity 3207K, committed 3328K, reserved 1048576K
}
Event: 30,767 GC heap before
{Heap before GC invocations=3 (full 1):
 PSYoungGen      total 300544K, used 163126K [0x000000076ab00000, 0x000000077fa00000, 0x00000007c0000000)
  eden space 258048K, 63% used [0x000000076ab00000,0x0000000774a4db80,0x000000077a700000)
  from space 42496K, 0% used [0x000000077a700000,0x000000077a700000,0x000000077d080000)
  to   space 42496K, 0% used [0x000000077d080000,0x000000077d080000,0x000000077fa00000)
 ParOldGen       total 460800K, used 12495K [0x00000006c0000000, 0x00000006dc200000, 0x000000076ab00000)
  object space 460800K, 2% used [0x00000006c0000000,0x00000006c0c33c48,0x00000006dc200000)
 Metaspace       used 33327K, capacity 35308K, committed 35416K, reserved 1079296K
  class space    used 4358K, capacity 4728K, committed 4736K, reserved 1048576K
Event: 30,793 GC heap after
Heap after GC invocations=3 (full 1):
 PSYoungGen      total 300544K, used 29407K [0x000000076ab00000, 0x0000000782800000, 0x00000007c0000000)
  eden space 258048K, 0% used [0x000000076ab00000,0x000000076ab00000,0x000000077a700000)
  from space 42496K, 69% used [0x000000077d080000,0x000000077ed37f18,0x000000077fa00000)
  to   space 42496K, 0% used [0x000000077a700000,0x000000077a700000,0x000000077d080000)
 ParOldGen       total 460800K, used 12503K [0x00000006c0000000, 0x00000006dc200000, 0x000000076ab00000)
  object space 460800K, 2% used [0x00000006c0000000,0x00000006c0c35c48,0x00000006dc200000)
 Metaspace       used 33327K, capacity 35308K, committed 35416K, reserved 1079296K
  class space    used 4358K, capacity 4728K, committed 4736K, reserved 1048576K
}
Event: 30,793 GC heap before
{Heap before GC invocations=4 (full 2):
 PSYoungGen      total 300544K, used 29407K [0x000000076ab00000, 0x0000000782800000, 0x00000007c0000000)
  eden space 258048K, 0% used [0x000000076ab00000,0x000000076ab00000,0x000000077a700000)
  from space 42496K, 69% used [0x000000077d080000,0x000000077ed37f18,0x000000077fa00000)
  to   space 42496K, 0% used [0x000000077a700000,0x000000077a700000,0x000000077d080000)
 ParOldGen       total 460800K, used 12503K [0x00000006c0000000, 0x00000006dc200000, 0x000000076ab00000)
  object space 460800K, 2% used [0x00000006c0000000,0x00000006c0c35c48,0x00000006dc200000)
 Metaspace       used 33327K, capacity 35308K, committed 35416K, reserved 1079296K
  class space    used 4358K, capacity 4728K, committed 4736K, reserved 1048576K
Event: 30,882 GC heap after
Heap after GC invocations=4 (full 2):
 PSYoungGen      total 300544K, used 0K [0x000000076ab00000, 0x0000000782800000, 0x00000007c0000000)
  eden space 258048K, 0% used [0x000000076ab00000,0x000000076ab00000,0x000000077a700000)
  from space 42496K, 0% used [0x000000077d080000,0x000000077d080000,0x000000077fa00000)
  to   space 42496K, 0% used [0x000000077a700000,0x000000077a700000,0x000000077d080000)
 ParOldGen       total 822272K, used 40225K [0x00000006c0000000, 0x00000006f2300000, 0x000000076ab00000)
  object space 822272K, 4% used [0x00000006c0000000,0x00000006c2748650,0x00000006f2300000)
 Metaspace       used 33327K, capacity 35308K, committed 35416K, reserved 1079296K
  class space    used 4358K, capacity 4728K, committed 4736K, reserved 1048576K
}

