# JRE version: Java(TM) SE Runtime Environment (8.0_102-b14) (build 1.8.0_102-b14)
# Java VM: Java HotSpot(TM) 64-Bit Server VM (25.102-b14 mixed mode linux-amd64 compressed oops)
Heap:
 PSYoungGen      total 1430016K, used 781539K [0x0000000615580000, 0x000000066fb80000, 0x00000007c0000000)
  eden space 1429504K, 55% used [0x0000000615580000,0x000000064555fe58,0x000000066c980000)
  from space 512K, 18% used [0x000000066fb00000,0x000000066fb18000,0x000000066fb80000)
  to   space 22016K, 0% used [0x000000066d080000,0x000000066d080000,0x000000066e600000)
 ParOldGen       total 91648K, used 35624K [0x00000002c0000000, 0x00000002c5980000, 0x0000000615580000)
  object space 91648K, 38% used [0x00000002c0000000,0x00000002c22ca3a8,0x00000002c5980000)
 Metaspace       used 28496K, capacity 30704K, committed 30976K, reserved 1075200K
  class space    used 4076K, capacity 4485K, committed 4608K, reserved 1048576K
GC Heap History (10 events):
Event: 13,726 GC heap before
{Heap before GC invocations=11 (full 1):
 PSYoungGen      total 687616K, used 665696K [0x0000000615580000, 0x0000000650d80000, 0x00000007c0000000)
  eden space 665600K, 100% used [0x0000000615580000,0x000000063df80000,0x000000063df80000)
  from space 22016K, 0% used [0x000000063df80000,0x000000063df98000,0x000000063f500000)
  to   space 23040K, 0% used [0x000000064f700000,0x000000064f700000,0x0000000650d80000)
 ParOldGen       total 91648K, used 35560K [0x00000002c0000000, 0x00000002c5980000, 0x0000000615580000)
  object space 91648K, 38% used [0x00000002c0000000,0x00000002c22ba3a8,0x00000002c5980000)
 Metaspace       used 28323K, capacity 30512K, committed 30720K, reserved 1075200K
  class space    used 4076K, capacity 4485K, committed 4608K, reserved 1048576K
Event: 13,728 GC heap after
Heap after GC invocations=11 (full 1):
 PSYoungGen      total 905216K, used 64K [0x0000000615580000, 0x000000064f780000, 0x00000007c0000000)
  eden space 904704K, 0% used [0x0000000615580000,0x0000000615580000,0x000000064c900000)
  from space 512K, 12% used [0x000000064f700000,0x000000064f710000,0x000000064f780000)
  to   space 23040K, 0% used [0x000000064ca80000,0x000000064ca80000,0x000000064e100000)
 ParOldGen       total 91648K, used 35576K [0x00000002c0000000, 0x00000002c5980000, 0x0000000615580000)
  object space 91648K, 38% used [0x00000002c0000000,0x00000002c22be3a8,0x00000002c5980000)
 Metaspace       used 28323K, capacity 30512K, committed 30720K, reserved 1075200K
  class space    used 4076K, capacity 4485K, committed 4608K, reserved 1048576K
}
Event: 14,516 GC heap before
{Heap before GC invocations=12 (full 1):
 PSYoungGen      total 905216K, used 904768K [0x0000000615580000, 0x000000064f780000, 0x00000007c0000000)
  eden space 904704K, 100% used [0x0000000615580000,0x000000064c900000,0x000000064c900000)
  from space 512K, 12% used [0x000000064f700000,0x000000064f710000,0x000000064f780000)
  to   space 23040K, 0% used [0x000000064ca80000,0x000000064ca80000,0x000000064e100000)
 ParOldGen       total 91648K, used 35576K [0x00000002c0000000, 0x00000002c5980000, 0x0000000615580000)
  object space 91648K, 38% used [0x00000002c0000000,0x00000002c22be3a8,0x00000002c5980000)
 Metaspace       used 28361K, capacity 30512K, committed 30720K, reserved 1075200K
  class space    used 4076K, capacity 4485K, committed 4608K, reserved 1048576K
Event: 14,520 GC heap after
Heap after GC invocations=12 (full 1):
 PSYoungGen      total 929280K, used 64K [0x0000000615580000, 0x0000000661480000, 0x00000007c0000000)
  eden space 906240K, 0% used [0x0000000615580000,0x0000000615580000,0x000000064ca80000)
  from space 23040K, 0% used [0x000000064ca80000,0x000000064ca90000,0x000000064e100000)
  to   space 23552K, 0% used [0x000000065fd80000,0x000000065fd80000,0x0000000661480000)
 ParOldGen       total 91648K, used 35592K [0x00000002c0000000, 0x00000002c5980000, 0x0000000615580000)
  object space 91648K, 38% used [0x00000002c0000000,0x00000002c22c23a8,0x00000002c5980000)
 Metaspace       used 28361K, capacity 30512K, committed 30720K, reserved 1075200K
  class space    used 4076K, capacity 4485K, committed 4608K, reserved 1048576K
}
Event: 15,492 GC heap before
{Heap before GC invocations=13 (full 1):
 PSYoungGen      total 929280K, used 906304K [0x0000000615580000, 0x0000000661480000, 0x00000007c0000000)
  eden space 906240K, 100% used [0x0000000615580000,0x000000064ca80000,0x000000064ca80000)
  from space 23040K, 0% used [0x000000064ca80000,0x000000064ca90000,0x000000064e100000)
  to   space 23552K, 0% used [0x000000065fd80000,0x000000065fd80000,0x0000000661480000)
 ParOldGen       total 91648K, used 35592K [0x00000002c0000000, 0x00000002c5980000, 0x0000000615580000)
  object space 91648K, 38% used [0x00000002c0000000,0x00000002c22c23a8,0x00000002c5980000)
 Metaspace       used 28443K, capacity 30640K, committed 30976K, reserved 1075200K
  class space    used 4076K, capacity 4485K, committed 4608K, reserved 1048576K
Event: 15,497 GC heap after
Heap after GC invocations=13 (full 1):
 PSYoungGen      total 1166848K, used 64K [0x0000000615580000, 0x000000065fe00000, 0x00000007c0000000)
  eden space 1166336K, 0% used [0x0000000615580000,0x0000000615580000,0x000000065c880000)
  from space 512K, 12% used [0x000000065fd80000,0x000000065fd90000,0x000000065fe00000)
  to   space 23040K, 0% used [0x000000065d100000,0x000000065d100000,0x000000065e780000)
 ParOldGen       total 91648K, used 35600K [0x00000002c0000000, 0x00000002c5980000, 0x0000000615580000)
  object space 91648K, 38% used [0x00000002c0000000,0x00000002c22c43a8,0x00000002c5980000)
 Metaspace       used 28443K, capacity 30640K, committed 30976K, reserved 1075200K
  class space    used 4076K, capacity 4485K, committed 4608K, reserved 1048576K
}
Event: 16,659 GC heap before
{Heap before GC invocations=14 (full 1):
 PSYoungGen      total 1166848K, used 1166400K [0x0000000615580000, 0x000000065fe00000, 0x00000007c0000000)
  eden space 1166336K, 100% used [0x0000000615580000,0x000000065c880000,0x000000065c880000)
  from space 512K, 12% used [0x000000065fd80000,0x000000065fd90000,0x000000065fe00000)
  to   space 23040K, 0% used [0x000000065d100000,0x000000065d100000,0x000000065e780000)
 ParOldGen       total 91648K, used 35600K [0x00000002c0000000, 0x00000002c5980000, 0x0000000615580000)
  object space 91648K, 38% used [0x00000002c0000000,0x00000002c22c43a8,0x00000002c5980000)
 Metaspace       used 28450K, capacity 30640K, committed 30976K, reserved 1075200K
  class space    used 4076K, capacity 4485K, committed 4608K, reserved 1048576K
Event: 16,662 GC heap after
Heap after GC invocations=14 (full 1):
 PSYoungGen      total 1198080K, used 128K [0x0000000615580000, 0x0000000671100000, 0x00000007c0000000)
  eden space 1175040K, 0% used [0x0000000615580000,0x0000000615580000,0x000000065d100000)
  from space 23040K, 0% used [0x000000065d100000,0x000000065d120000,0x000000065e780000)
  to   space 22528K, 0% used [0x000000066fb00000,0x000000066fb00000,0x0000000671100000)
 ParOldGen       total 91648K, used 35616K [0x00000002c0000000, 0x00000002c5980000, 0x0000000615580000)
  object space 91648K, 38% used [0x00000002c0000000,0x00000002c22c83a8,0x00000002c5980000)
 Metaspace       used 28450K, capacity 30640K, committed 30976K, reserved 1075200K
  class space    used 4076K, capacity 4485K, committed 4608K, reserved 1048576K
}
Event: 17,890 GC heap before
{Heap before GC invocations=15 (full 1):
 PSYoungGen      total 1198080K, used 1175168K [0x0000000615580000, 0x0000000671100000, 0x00000007c0000000)
  eden space 1175040K, 100% used [0x0000000615580000,0x000000065d100000,0x000000065d100000)
  from space 23040K, 0% used [0x000000065d100000,0x000000065d120000,0x000000065e780000)
  to   space 22528K, 0% used [0x000000066fb00000,0x000000066fb00000,0x0000000671100000)
 ParOldGen       total 91648K, used 35616K [0x00000002c0000000, 0x00000002c5980000, 0x0000000615580000)
  object space 91648K, 38% used [0x00000002c0000000,0x00000002c22c83a8,0x00000002c5980000)
 Metaspace       used 28493K, capacity 30704K, committed 30976K, reserved 1075200K
  class space    used 4076K, capacity 4485K, committed 4608K, reserved 1048576K
Event: 17,893 GC heap after
Heap after GC invocations=15 (full 1):
 PSYoungGen      total 1430016K, used 96K [0x0000000615580000, 0x000000066fb80000, 0x00000007c0000000)
  eden space 1429504K, 0% used [0x0000000615580000,0x0000000615580000,0x000000066c980000)
  from space 512K, 18% used [0x000000066fb00000,0x000000066fb18000,0x000000066fb80000)
  to   space 22016K, 0% used [0x000000066d080000,0x000000066d080000,0x000000066e600000)
 ParOldGen       total 91648K, used 35624K [0x00000002c0000000, 0x00000002c5980000, 0x0000000615580000)
  object space 91648K, 38% used [0x00000002c0000000,0x00000002c22ca3a8,0x00000002c5980000)
 Metaspace       used 28493K, capacity 30704K, committed 30976K, reserved 1075200K
  class space    used 4076K, capacity 4485K, committed 4608K, reserved 1048576K
}

