# JRE version: Java(TM) SE Runtime Environment (8.0_60-b27) (build 1.8.0_60-b27)
# Java VM: Java HotSpot(TM) 64-Bit Server VM (25.60-b23 mixed mode linux-amd64 compressed oops)
Heap:
 PSYoungGen      total 2001408K, used 1350525K [0x0000000615580000, 0x0000000695300000, 0x00000007c0000000)
  eden space 2000896K, 67% used [0x0000000615580000,0x0000000667c377d0,0x000000068f780000)
  from space 512K, 31% used [0x0000000695280000,0x00000006952a8000,0x0000000695300000)
  to   space 40448K, 0% used [0x0000000690400000,0x0000000690400000,0x0000000692b80000)
 ParOldGen       total 1775104K, used 683907K [0x00000002c0000000, 0x000000032c580000, 0x0000000615580000)
  object space 1775104K, 38% used [0x00000002c0000000,0x00000002e9be0d98,0x000000032c580000)
 Metaspace       used 26421K, capacity 28250K, committed 28416K, reserved 1073152K
  class space    used 3714K, capacity 4052K, committed 4096K, reserved 1048576K
GC Heap History (10 events):
Event: 92,174 GC heap before
{Heap before GC invocations=15 (full 2):
 PSYoungGen      total 1193472K, used 1151072K [0x0000000615580000, 0x0000000663380000, 0x00000007c0000000)
  eden space 1150976K, 100% used [0x0000000615580000,0x000000065b980000,0x000000065b980000)
  from space 42496K, 0% used [0x000000065e380000,0x000000065e398000,0x0000000660d00000)
  to   space 43008K, 0% used [0x000000065b980000,0x000000065b980000,0x000000065e380000)
 ParOldGen       total 1176064K, used 684175K [0x00000002c0000000, 0x0000000307c80000, 0x0000000615580000)
  object space 1176064K, 58% used [0x00000002c0000000,0x00000002e9c23ff0,0x0000000307c80000)
 Metaspace       used 26421K, capacity 28250K, committed 28416K, reserved 1073152K
  class space    used 3714K, capacity 4052K, committed 4096K, reserved 1048576K
Event: 92,355 GC heap after
Heap after GC invocations=15 (full 2):
 PSYoungGen      total 1193984K, used 96K [0x0000000615580000, 0x000000067b080000, 0x00000007c0000000)
  eden space 1150976K, 0% used [0x0000000615580000,0x0000000615580000,0x000000065b980000)
  from space 43008K, 0% used [0x000000065b980000,0x000000065b998000,0x000000065e380000)
  to   space 43008K, 0% used [0x0000000678680000,0x0000000678680000,0x000000067b080000)
 ParOldGen       total 1176064K, used 1011856K [0x00000002c0000000, 0x0000000307c80000, 0x0000000615580000)
  object space 1176064K, 86% used [0x00000002c0000000,0x00000002fdc24000,0x0000000307c80000)
 Metaspace       used 26421K, capacity 28250K, committed 28416K, reserved 1073152K
  class space    used 3714K, capacity 4052K, committed 4096K, reserved 1048576K
}
Event: 92,355 GC heap before
{Heap before GC invocations=16 (full 3):
 PSYoungGen      total 1193984K, used 96K [0x0000000615580000, 0x000000067b080000, 0x00000007c0000000)
  eden space 1150976K, 0% used [0x0000000615580000,0x0000000615580000,0x000000065b980000)
  from space 43008K, 0% used [0x000000065b980000,0x000000065b998000,0x000000065e380000)
  to   space 43008K, 0% used [0x0000000678680000,0x0000000678680000,0x000000067b080000)
 ParOldGen       total 1176064K, used 1011856K [0x00000002c0000000, 0x0000000307c80000, 0x0000000615580000)
  object space 1176064K, 86% used [0x00000002c0000000,0x00000002fdc24000,0x0000000307c80000)
 Metaspace       used 26421K, capacity 28250K, committed 28416K, reserved 1073152K
  class space    used 3714K, capacity 4052K, committed 4096K, reserved 1048576K
Event: 92,526 GC heap after
Heap after GC invocations=16 (full 3):
 PSYoungGen      total 1193984K, used 0K [0x0000000615580000, 0x000000067b080000, 0x00000007c0000000)
  eden space 1150976K, 0% used [0x0000000615580000,0x0000000615580000,0x000000065b980000)
  from space 43008K, 0% used [0x000000065b980000,0x000000065b980000,0x000000065e380000)
  to   space 43008K, 0% used [0x0000000678680000,0x0000000678680000,0x000000067b080000)
 ParOldGen       total 1775104K, used 683907K [0x00000002c0000000, 0x000000032c580000, 0x0000000615580000)
  object space 1775104K, 38% used [0x00000002c0000000,0x00000002e9be0d98,0x000000032c580000)
 Metaspace       used 26421K, capacity 28250K, committed 28416K, reserved 1073152K
  class space    used 3714K, capacity 4052K, committed 4096K, reserved 1048576K
}
Event: 110,270 GC heap before
{Heap before GC invocations=17 (full 3):
 PSYoungGen      total 1193984K, used 1150976K [0x0000000615580000, 0x000000067b080000, 0x00000007c0000000)
  eden space 1150976K, 100% used [0x0000000615580000,0x000000065b980000,0x000000065b980000)
  from space 43008K, 0% used [0x000000065b980000,0x000000065b980000,0x000000065e380000)
  to   space 43008K, 0% used [0x0000000678680000,0x0000000678680000,0x000000067b080000)
 ParOldGen       total 1775104K, used 683907K [0x00000002c0000000, 0x000000032c580000, 0x0000000615580000)
  object space 1775104K, 38% used [0x00000002c0000000,0x00000002e9be0d98,0x000000032c580000)
 Metaspace       used 26421K, capacity 28250K, committed 28416K, reserved 1073152K
  class space    used 3714K, capacity 4052K, committed 4096K, reserved 1048576K
Event: 110,280 GC heap after
Heap after GC invocations=17 (full 3):
 PSYoungGen      total 1582080K, used 64K [0x0000000615580000, 0x0000000679c00000, 0x00000007c0000000)
  eden space 1560064K, 0% used [0x0000000615580000,0x0000000615580000,0x0000000674900000)
  from space 22016K, 0% used [0x0000000678680000,0x0000000678690000,0x0000000679c00000)
  to   space 42496K, 0% used [0x0000000674900000,0x0000000674900000,0x0000000677280000)
 ParOldGen       total 1775104K, used 683907K [0x00000002c0000000, 0x000000032c580000, 0x0000000615580000)
  object space 1775104K, 38% used [0x00000002c0000000,0x00000002e9be0d98,0x000000032c580000)
 Metaspace       used 26421K, capacity 28250K, committed 28416K, reserved 1073152K
  class space    used 3714K, capacity 4052K, committed 4096K, reserved 1048576K
}
Event: 134,384 GC heap before
{Heap before GC invocations=18 (full 3):
 PSYoungGen      total 1582080K, used 1560128K [0x0000000615580000, 0x0000000679c00000, 0x00000007c0000000)
  eden space 1560064K, 100% used [0x0000000615580000,0x0000000674900000,0x0000000674900000)
  from space 22016K, 0% used [0x0000000678680000,0x0000000678690000,0x0000000679c00000)
  to   space 42496K, 0% used [0x0000000674900000,0x0000000674900000,0x0000000677280000)
 ParOldGen       total 1775104K, used 683907K [0x00000002c0000000, 0x000000032c580000, 0x0000000615580000)
  object space 1775104K, 38% used [0x00000002c0000000,0x00000002e9be0d98,0x000000032c580000)
 Metaspace       used 26421K, capacity 28250K, committed 28416K, reserved 1073152K
  class space    used 3714K, capacity 4052K, committed 4096K, reserved 1048576K
Event: 134,396 GC heap after
Heap after GC invocations=18 (full 3):
 PSYoungGen      total 1602560K, used 160K [0x0000000615580000, 0x0000000697b00000, 0x00000007c0000000)
  eden space 1560064K, 0% used [0x0000000615580000,0x0000000615580000,0x0000000674900000)
  from space 42496K, 0% used [0x0000000674900000,0x0000000674928000,0x0000000677280000)
  to   space 41472K, 0% used [0x0000000695280000,0x0000000695280000,0x0000000697b00000)
 ParOldGen       total 1775104K, used 683907K [0x00000002c0000000, 0x000000032c580000, 0x0000000615580000)
  object space 1775104K, 38% used [0x00000002c0000000,0x00000002e9be0d98,0x000000032c580000)
 Metaspace       used 26421K, capacity 28250K, committed 28416K, reserved 1073152K
  class space    used 3714K, capacity 4052K, committed 4096K, reserved 1048576K
}
Event: 147,172 GC heap before
{Heap before GC invocations=19 (full 3):
 PSYoungGen      total 1602560K, used 991445K [0x0000000615580000, 0x0000000697b00000, 0x00000007c0000000)
  eden space 1560064K, 63% used [0x0000000615580000,0x0000000651d8d568,0x0000000674900000)
  from space 42496K, 0% used [0x0000000674900000,0x0000000674928000,0x0000000677280000)
  to   space 41472K, 0% used [0x0000000695280000,0x0000000695280000,0x0000000697b00000)
 ParOldGen       total 1775104K, used 683907K [0x00000002c0000000, 0x000000032c580000, 0x0000000615580000)
  object space 1775104K, 38% used [0x00000002c0000000,0x00000002e9be0d98,0x000000032c580000)
 Metaspace       used 26421K, capacity 28250K, committed 28416K, reserved 1073152K
  class space    used 3714K, capacity 4052K, committed 4096K, reserved 1048576K
Event: 147,191 GC heap after
Heap after GC invocations=19 (full 3):
 PSYoungGen      total 2001408K, used 160K [0x0000000615580000, 0x0000000695300000, 0x00000007c0000000)
  eden space 2000896K, 0% used [0x0000000615580000,0x0000000615580000,0x000000068f780000)
  from space 512K, 31% used [0x0000000695280000,0x00000006952a8000,0x0000000695300000)
  to   space 40448K, 0% used [0x0000000690400000,0x0000000690400000,0x0000000692b80000)
 ParOldGen       total 1775104K, used 683907K [0x00000002c0000000, 0x000000032c580000, 0x0000000615580000)
  object space 1775104K, 38% used [0x00000002c0000000,0x00000002e9be0d98,0x000000032c580000)
 Metaspace       used 26421K, capacity 28250K, committed 28416K, reserved 1073152K
  class space    used 3714K, capacity 4052K, committed 4096K, reserved 1048576K
}

