# JRE version: Java(TM) SE Runtime Environment (8.0_66-b17) (build 1.8.0_66-b17)
# Java VM: Java HotSpot(TM) 64-Bit Server VM (25.66-b17 mixed mode linux-amd64 compressed oops)
Heap:
 PSYoungGen      total 395264K, used 384713K [0x0000000680000000, 0x000000069f480000, 0x00000007c0000000)
  eden space 352768K, 99% used [0x0000000680000000,0x0000000695623f18,0x0000000695880000)
  from space 42496K, 80% used [0x0000000698200000,0x000000069a38e7a8,0x000000069ab80000)
  to   space 42496K, 0% used [0x0000000695880000,0x0000000695880000,0x0000000698200000)
 ParOldGen       total 822784K, used 35134K [0x0000000400000000, 0x0000000432380000, 0x0000000680000000)
  object space 822784K, 4% used [0x0000000400000000,0x000000040224f938,0x0000000432380000)
 Metaspace       used 37353K, capacity 39498K, committed 39936K, reserved 1083392K
  class space    used 4856K, capacity 5273K, committed 5376K, reserved 1048576K
GC Heap History (10 events):
Event: 3,415 GC heap before
{Heap before GC invocations=2 (full 1):
 PSYoungGen      total 300544K, used 13434K [0x0000000680000000, 0x0000000694f00000, 0x00000007c0000000)
  eden space 258048K, 0% used [0x0000000680000000,0x0000000680000000,0x000000068fc00000)
  from space 42496K, 31% used [0x000000068fc00000,0x000000069091e990,0x0000000692580000)
  to   space 42496K, 0% used [0x0000000692580000,0x0000000692580000,0x0000000694f00000)
 ParOldGen       total 687104K, used 88K [0x0000000400000000, 0x0000000429f00000, 0x0000000680000000)
  object space 687104K, 0% used [0x0000000400000000,0x0000000400016010,0x0000000429f00000)
 Metaspace       used 20023K, capacity 21112K, committed 21248K, reserved 1067008K
  class space    used 2964K, capacity 3221K, committed 3328K, reserved 1048576K
Event: 3,465 GC heap after
Heap after GC invocations=2 (full 1):
 PSYoungGen      total 300544K, used 0K [0x0000000680000000, 0x0000000694f00000, 0x00000007c0000000)
  eden space 258048K, 0% used [0x0000000680000000,0x0000000680000000,0x000000068fc00000)
  from space 42496K, 0% used [0x000000068fc00000,0x000000068fc00000,0x0000000692580000)
  to   space 42496K, 0% used [0x0000000692580000,0x0000000692580000,0x0000000694f00000)
 ParOldGen       total 463360K, used 13258K [0x0000000400000000, 0x000000041c480000, 0x0000000680000000)
  object space 463360K, 2% used [0x0000000400000000,0x0000000400cf2ab0,0x000000041c480000)
 Metaspace       used 20023K, capacity 21112K, committed 21248K, reserved 1067008K
  class space    used 2964K, capacity 3221K, committed 3328K, reserved 1048576K
}
Event: 14,263 GC heap before
{Heap before GC invocations=3 (full 1):
 PSYoungGen      total 300544K, used 128170K [0x0000000680000000, 0x0000000694f00000, 0x00000007c0000000)
  eden space 258048K, 49% used [0x0000000680000000,0x0000000687d2a8d0,0x000000068fc00000)
  from space 42496K, 0% used [0x000000068fc00000,0x000000068fc00000,0x0000000692580000)
  to   space 42496K, 0% used [0x0000000692580000,0x0000000692580000,0x0000000694f00000)
 ParOldGen       total 463360K, used 13258K [0x0000000400000000, 0x000000041c480000, 0x0000000680000000)
  object space 463360K, 2% used [0x0000000400000000,0x0000000400cf2ab0,0x000000041c480000)
 Metaspace       used 33155K, capacity 35178K, committed 35416K, reserved 1079296K
  class space    used 4410K, capacity 4811K, committed 4864K, reserved 1048576K
Event: 14,294 GC heap after
Heap after GC invocations=3 (full 1):
 PSYoungGen      total 300544K, used 23844K [0x0000000680000000, 0x0000000698480000, 0x00000007c0000000)
  eden space 258048K, 0% used [0x0000000680000000,0x0000000680000000,0x000000068fc00000)
  from space 42496K, 56% used [0x0000000692580000,0x0000000693cc90c8,0x0000000694f00000)
  to   space 42496K, 0% used [0x000000068fc00000,0x000000068fc00000,0x0000000692580000)
 ParOldGen       total 463360K, used 13266K [0x0000000400000000, 0x000000041c480000, 0x0000000680000000)
  object space 463360K, 2% used [0x0000000400000000,0x0000000400cf4ab0,0x000000041c480000)
 Metaspace       used 33155K, capacity 35178K, committed 35416K, reserved 1079296K
  class space    used 4410K, capacity 4811K, committed 4864K, reserved 1048576K
}
Event: 14,294 GC heap before
{Heap before GC invocations=4 (full 2):
 PSYoungGen      total 300544K, used 23844K [0x0000000680000000, 0x0000000698480000, 0x00000007c0000000)
  eden space 258048K, 0% used [0x0000000680000000,0x0000000680000000,0x000000068fc00000)
  from space 42496K, 56% used [0x0000000692580000,0x0000000693cc90c8,0x0000000694f00000)
  to   space 42496K, 0% used [0x000000068fc00000,0x000000068fc00000,0x0000000692580000)
 ParOldGen       total 463360K, used 13266K [0x0000000400000000, 0x000000041c480000, 0x0000000680000000)
  object space 463360K, 2% used [0x0000000400000000,0x0000000400cf4ab0,0x000000041c480000)
 Metaspace       used 33155K, capacity 35178K, committed 35416K, reserved 1079296K
  class space    used 4410K, capacity 4811K, committed 4864K, reserved 1048576K
Event: 14,393 GC heap after
Heap after GC invocations=4 (full 2):
 PSYoungGen      total 300544K, used 0K [0x0000000680000000, 0x0000000698480000, 0x00000007c0000000)
  eden space 258048K, 0% used [0x0000000680000000,0x0000000680000000,0x000000068fc00000)
  from space 42496K, 0% used [0x0000000692580000,0x0000000692580000,0x0000000694f00000)
  to   space 42496K, 0% used [0x000000068fc00000,0x000000068fc00000,0x0000000692580000)
 ParOldGen       total 822784K, used 35118K [0x0000000400000000, 0x0000000432380000, 0x0000000680000000)
  object space 822784K, 4% used [0x0000000400000000,0x000000040224b938,0x0000000432380000)
 Metaspace       used 33155K, capacity 35178K, committed 35416K, reserved 1079296K
  class space    used 4410K, capacity 4811K, committed 4864K, reserved 1048576K
}
Event: 15,439 GC heap before
{Heap before GC invocations=5 (full 2):
 PSYoungGen      total 300544K, used 258048K [0x0000000680000000, 0x0000000698480000, 0x00000007c0000000)
  eden space 258048K, 100% used [0x0000000680000000,0x000000068fc00000,0x000000068fc00000)
  from space 42496K, 0% used [0x0000000692580000,0x0000000692580000,0x0000000694f00000)
  to   space 42496K, 0% used [0x000000068fc00000,0x000000068fc00000,0x0000000692580000)
 ParOldGen       total 822784K, used 35118K [0x0000000400000000, 0x0000000432380000, 0x0000000680000000)
  object space 822784K, 4% used [0x0000000400000000,0x000000040224b938,0x0000000432380000)
 Metaspace       used 35391K, capacity 37392K, committed 37888K, reserved 1081344K
  class space    used 4648K, capacity 5036K, committed 5120K, reserved 1048576K
Event: 15,454 GC heap after
Heap after GC invocations=5 (full 2):
 PSYoungGen      total 300544K, used 18984K [0x0000000680000000, 0x000000069ab80000, 0x00000007c0000000)
  eden space 258048K, 0% used [0x0000000680000000,0x0000000680000000,0x000000068fc00000)
  from space 42496K, 44% used [0x000000068fc00000,0x0000000690e8a178,0x0000000692580000)
  to   space 42496K, 0% used [0x0000000698200000,0x0000000698200000,0x000000069ab80000)
 ParOldGen       total 822784K, used 35126K [0x0000000400000000, 0x0000000432380000, 0x0000000680000000)
  object space 822784K, 4% used [0x0000000400000000,0x000000040224d938,0x0000000432380000)
 Metaspace       used 35391K, capacity 37392K, committed 37888K, reserved 1081344K
  class space    used 4648K, capacity 5036K, committed 5120K, reserved 1048576K
}
Event: 15,741 GC heap before
{Heap before GC invocations=6 (full 2):
 PSYoungGen      total 300544K, used 277032K [0x0000000680000000, 0x000000069ab80000, 0x00000007c0000000)
  eden space 258048K, 100% used [0x0000000680000000,0x000000068fc00000,0x000000068fc00000)
  from space 42496K, 44% used [0x000000068fc00000,0x0000000690e8a178,0x0000000692580000)
  to   space 42496K, 0% used [0x0000000698200000,0x0000000698200000,0x000000069ab80000)
 ParOldGen       total 822784K, used 35126K [0x0000000400000000, 0x0000000432380000, 0x0000000680000000)
  object space 822784K, 4% used [0x0000000400000000,0x000000040224d938,0x0000000432380000)
 Metaspace       used 35421K, capacity 37460K, committed 37888K, reserved 1081344K
  class space    used 4649K, capacity 5036K, committed 5120K, reserved 1048576K
Event: 15,763 GC heap after
Heap after GC invocations=6 (full 2):
 PSYoungGen      total 395264K, used 34361K [0x0000000680000000, 0x000000069f480000, 0x00000007c0000000)
  eden space 352768K, 0% used [0x0000000680000000,0x0000000680000000,0x0000000695880000)
  from space 42496K, 80% used [0x0000000698200000,0x000000069a38e7a8,0x000000069ab80000)
  to   space 42496K, 0% used [0x0000000695880000,0x0000000695880000,0x0000000698200000)
 ParOldGen       total 822784K, used 35134K [0x0000000400000000, 0x0000000432380000, 0x0000000680000000)
  object space 822784K, 4% used [0x0000000400000000,0x000000040224f938,0x0000000432380000)
 Metaspace       used 35421K, capacity 37460K, committed 37888K, reserved 1081344K
  class space    used 4649K, capacity 5036K, committed 5120K, reserved 1048576K
}

