# JRE version: Java(TM) SE Runtime Environment (8.0_66-b17) (build 1.8.0_66-b17)
# Java VM: Java HotSpot(TM) 64-Bit Server VM (25.66-b17 mixed mode linux-amd64 compressed oops)
Heap:
 PSYoungGen      total 956416K, used 506003K [0x0000000680000000, 0x00000006c1c00000, 0x00000007c0000000)
  eden space 877568K, 48% used [0x0000000680000000,0x000000069a12bbe8,0x00000006b5900000)
  from space 78848K, 99% used [0x00000006bc680000,0x00000006c1379170,0x00000006c1380000)
  to   space 99840K, 0% used [0x00000006b5900000,0x00000006b5900000,0x00000006bba80000)
 ParOldGen       total 742912K, used 74996K [0x0000000400000000, 0x000000042d580000, 0x0000000680000000)
  object space 742912K, 10% used [0x0000000400000000,0x000000040493d3d0,0x000000042d580000)
 Metaspace       used 38732K, capacity 40952K, committed 41216K, reserved 1085440K
  class space    used 4909K, capacity 5320K, committed 5376K, reserved 1048576K
GC Heap History (10 events):
Event: 11,674 GC heap before
{Heap before GC invocations=6 (full 2):
 PSYoungGen      total 300544K, used 277195K [0x0000000680000000, 0x000000069b000000, 0x00000007c0000000)
  eden space 258048K, 100% used [0x0000000680000000,0x000000068fc00000,0x000000068fc00000)
  from space 42496K, 45% used [0x000000068fc00000,0x0000000690eb2cf0,0x0000000692580000)
  to   space 42496K, 0% used [0x0000000698680000,0x0000000698680000,0x000000069b000000)
 ParOldGen       total 742912K, used 35123K [0x0000000400000000, 0x000000042d580000, 0x0000000680000000)
  object space 742912K, 4% used [0x0000000400000000,0x000000040224cec0,0x000000042d580000)
 Metaspace       used 35472K, capacity 37524K, committed 37888K, reserved 1081344K
  class space    used 4648K, capacity 5036K, committed 5120K, reserved 1048576K
Event: 11,698 GC heap after
Heap after GC invocations=6 (full 2):
 PSYoungGen      total 399872K, used 34589K [0x0000000680000000, 0x000000069f380000, 0x00000007c0000000)
  eden space 357376K, 0% used [0x0000000680000000,0x0000000680000000,0x0000000695d00000)
  from space 42496K, 81% used [0x0000000698680000,0x000000069a8474e0,0x000000069b000000)
  to   space 42496K, 0% used [0x0000000695d00000,0x0000000695d00000,0x0000000698680000)
 ParOldGen       total 742912K, used 35131K [0x0000000400000000, 0x000000042d580000, 0x0000000680000000)
  object space 742912K, 4% used [0x0000000400000000,0x000000040224eec0,0x000000042d580000)
 Metaspace       used 35472K, capacity 37524K, committed 37888K, reserved 1081344K
  class space    used 4648K, capacity 5036K, committed 5120K, reserved 1048576K
}
Event: 20,021 GC heap before
{Heap before GC invocations=7 (full 2):
 PSYoungGen      total 399872K, used 391965K [0x0000000680000000, 0x000000069f380000, 0x00000007c0000000)
  eden space 357376K, 100% used [0x0000000680000000,0x0000000695d00000,0x0000000695d00000)
  from space 42496K, 81% used [0x0000000698680000,0x000000069a8474e0,0x000000069b000000)
  to   space 42496K, 0% used [0x0000000695d00000,0x0000000695d00000,0x0000000698680000)
 ParOldGen       total 742912K, used 35131K [0x0000000400000000, 0x000000042d580000, 0x0000000680000000)
  object space 742912K, 4% used [0x0000000400000000,0x000000040224eec0,0x000000042d580000)
 Metaspace       used 37760K, capacity 39888K, committed 40192K, reserved 1083392K
  class space    used 4875K, capacity 5274K, committed 5376K, reserved 1048576K
Event: 20,057 GC heap after
Heap after GC invocations=7 (full 2):
 PSYoungGen      total 399872K, used 42492K [0x0000000680000000, 0x00000006a8c80000, 0x00000007c0000000)
  eden space 357376K, 0% used [0x0000000680000000,0x0000000680000000,0x0000000695d00000)
  from space 42496K, 99% used [0x0000000695d00000,0x000000069867f1f0,0x0000000698680000)
  to   space 48640K, 0% used [0x00000006a5d00000,0x00000006a5d00000,0x00000006a8c80000)
 ParOldGen       total 742912K, used 37695K [0x0000000400000000, 0x000000042d580000, 0x0000000680000000)
  object space 742912K, 5% used [0x0000000400000000,0x00000004024cfea8,0x000000042d580000)
 Metaspace       used 37760K, capacity 39888K, committed 40192K, reserved 1083392K
  class space    used 4875K, capacity 5274K, committed 5376K, reserved 1048576K
}
Event: 116,189 GC heap before
{Heap before GC invocations=8 (full 2):
 PSYoungGen      total 399872K, used 399868K [0x0000000680000000, 0x00000006a8c80000, 0x00000007c0000000)
  eden space 357376K, 100% used [0x0000000680000000,0x0000000695d00000,0x0000000695d00000)
  from space 42496K, 99% used [0x0000000695d00000,0x000000069867f1f0,0x0000000698680000)
  to   space 48640K, 0% used [0x00000006a5d00000,0x00000006a5d00000,0x00000006a8c80000)
 ParOldGen       total 742912K, used 37695K [0x0000000400000000, 0x000000042d580000, 0x0000000680000000)
  object space 742912K, 5% used [0x0000000400000000,0x00000004024cfea8,0x000000042d580000)
 Metaspace       used 38478K, capacity 40612K, committed 40960K, reserved 1085440K
  class space    used 4907K, capacity 5318K, committed 5376K, reserved 1048576K
Event: 116,232 GC heap after
Heap after GC invocations=8 (full 2):
 PSYoungGen      total 594944K, used 48628K [0x0000000680000000, 0x00000006a9180000, 0x00000007c0000000)
  eden space 546304K, 0% used [0x0000000680000000,0x0000000680000000,0x00000006a1580000)
  from space 48640K, 99% used [0x00000006a5d00000,0x00000006a8c7d2b0,0x00000006a8c80000)
  to   space 63488K, 0% used [0x00000006a1580000,0x00000006a1580000,0x00000006a5380000)
 ParOldGen       total 742912K, used 48822K [0x0000000400000000, 0x000000042d580000, 0x0000000680000000)
  object space 742912K, 6% used [0x0000000400000000,0x0000000402fad998,0x000000042d580000)
 Metaspace       used 38478K, capacity 40612K, committed 40960K, reserved 1085440K
  class space    used 4907K, capacity 5318K, committed 5376K, reserved 1048576K
}
Event: 116,933 GC heap before
{Heap before GC invocations=9 (full 2):
 PSYoungGen      total 594944K, used 594932K [0x0000000680000000, 0x00000006a9180000, 0x00000007c0000000)
  eden space 546304K, 100% used [0x0000000680000000,0x00000006a1580000,0x00000006a1580000)
  from space 48640K, 99% used [0x00000006a5d00000,0x00000006a8c7d2b0,0x00000006a8c80000)
  to   space 63488K, 0% used [0x00000006a1580000,0x00000006a1580000,0x00000006a5380000)
 ParOldGen       total 742912K, used 48822K [0x0000000400000000, 0x000000042d580000, 0x0000000680000000)
  object space 742912K, 6% used [0x0000000400000000,0x0000000402fad998,0x000000042d580000)
 Metaspace       used 38504K, capacity 40612K, committed 40960K, reserved 1085440K
  class space    used 4907K, capacity 5318K, committed 5376K, reserved 1048576K
Event: 116,980 GC heap after
Heap after GC invocations=9 (full 2):
 PSYoungGen      total 609792K, used 63469K [0x0000000680000000, 0x00000006c1380000, 0x00000007c0000000)
  eden space 546304K, 0% used [0x0000000680000000,0x0000000680000000,0x00000006a1580000)
  from space 63488K, 99% used [0x00000006a1580000,0x00000006a537b6f0,0x00000006a5380000)
  to   space 78848K, 0% used [0x00000006bc680000,0x00000006bc680000,0x00000006c1380000)
 ParOldGen       total 742912K, used 57454K [0x0000000400000000, 0x000000042d580000, 0x0000000680000000)
  object space 742912K, 7% used [0x0000000400000000,0x000000040381b998,0x000000042d580000)
 Metaspace       used 38504K, capacity 40612K, committed 40960K, reserved 1085440K
  class space    used 4907K, capacity 5318K, committed 5376K, reserved 1048576K
}
Event: 142,849 GC heap before
{Heap before GC invocations=10 (full 2):
 PSYoungGen      total 609792K, used 609773K [0x0000000680000000, 0x00000006c1380000, 0x00000007c0000000)
  eden space 546304K, 100% used [0x0000000680000000,0x00000006a1580000,0x00000006a1580000)
  from space 63488K, 99% used [0x00000006a1580000,0x00000006a537b6f0,0x00000006a5380000)
  to   space 78848K, 0% used [0x00000006bc680000,0x00000006bc680000,0x00000006c1380000)
 ParOldGen       total 742912K, used 57454K [0x0000000400000000, 0x000000042d580000, 0x0000000680000000)
  object space 742912K, 7% used [0x0000000400000000,0x000000040381b998,0x000000042d580000)
 Metaspace       used 38626K, capacity 40820K, committed 41216K, reserved 1085440K
  class space    used 4909K, capacity 5320K, committed 5376K, reserved 1048576K
Event: 142,902 GC heap after
Heap after GC invocations=10 (full 2):
 PSYoungGen      total 956416K, used 78820K [0x0000000680000000, 0x00000006c1c00000, 0x00000007c0000000)
  eden space 877568K, 0% used [0x0000000680000000,0x0000000680000000,0x00000006b5900000)
  from space 78848K, 99% used [0x00000006bc680000,0x00000006c1379170,0x00000006c1380000)
  to   space 99840K, 0% used [0x00000006b5900000,0x00000006b5900000,0x00000006bba80000)
 ParOldGen       total 742912K, used 74996K [0x0000000400000000, 0x000000042d580000, 0x0000000680000000)
  object space 742912K, 10% used [0x0000000400000000,0x000000040493d3d0,0x000000042d580000)
 Metaspace       used 38626K, capacity 40820K, committed 41216K, reserved 1085440K
  class space    used 4909K, capacity 5320K, committed 5376K, reserved 1048576K
}

