# JRE version: Java(TM) SE Runtime Environment (8.0_60-b27) (build 1.8.0_60-b27)
# Java VM: Java HotSpot(TM) 64-Bit Server VM (25.60-b23 mixed mode linux-amd64 compressed oops)
Heap:
 PSYoungGen      total 1985024K, used 1862693K [0x0000000615580000, 0x0000000697300000, 0x00000007c0000000)
  eden space 1858560K, 98% used [0x0000000615580000,0x00000006850954b8,0x0000000686c80000)
  from space 126464K, 25% used [0x000000068e480000,0x00000006904740e8,0x0000000696000000)
  to   space 122880K, 0% used [0x0000000686c80000,0x0000000686c80000,0x000000068e480000)
 ParOldGen       total 823808K, used 156536K [0x00000002c0000000, 0x00000002f2480000, 0x0000000615580000)
  object space 823808K, 19% used [0x00000002c0000000,0x00000002c98de268,0x00000002f2480000)
 Metaspace       used 37439K, capacity 39482K, committed 39808K, reserved 1083392K
  class space    used 4813K, capacity 5147K, committed 5248K, reserved 1048576K
GC Heap History (10 events):
Event: 18,587 GC heap before
{Heap before GC invocations=8 (full 2):
 PSYoungGen      total 420352K, used 420334K [0x0000000615580000, 0x0000000645f00000, 0x00000007c0000000)
  eden space 377856K, 100% used [0x0000000615580000,0x000000062c680000,0x000000062c680000)
  from space 42496K, 99% used [0x000000062c680000,0x000000062effbb68,0x000000062f000000)
  to   space 55808K, 0% used [0x0000000642880000,0x0000000642880000,0x0000000645f00000)
 ParOldGen       total 823808K, used 48624K [0x00000002c0000000, 0x00000002f2480000, 0x0000000615580000)
  object space 823808K, 5% used [0x00000002c0000000,0x00000002c2f7c2f0,0x00000002f2480000)
 Metaspace       used 34753K, capacity 36700K, committed 36992K, reserved 1081344K
  class space    used 4543K, capacity 4908K, committed 4992K, reserved 1048576K
Event: 18,633 GC heap after
Heap after GC invocations=8 (full 2):
 PSYoungGen      total 722944K, used 55806K [0x0000000615580000, 0x0000000649200000, 0x00000007c0000000)
  eden space 667136K, 0% used [0x0000000615580000,0x0000000615580000,0x000000063e100000)
  from space 55808K, 99% used [0x0000000642880000,0x0000000645eff8f8,0x0000000645f00000)
  to   space 73216K, 0% used [0x000000063e100000,0x000000063e100000,0x0000000642880000)
 ParOldGen       total 823808K, used 59560K [0x00000002c0000000, 0x00000002f2480000, 0x0000000615580000)
  object space 823808K, 7% used [0x00000002c0000000,0x00000002c3a2a2f0,0x00000002f2480000)
 Metaspace       used 34753K, capacity 36700K, committed 36992K, reserved 1081344K
  class space    used 4543K, capacity 4908K, committed 4992K, reserved 1048576K
}
Event: 19,440 GC heap before
{Heap before GC invocations=9 (full 2):
 PSYoungGen      total 722944K, used 722942K [0x0000000615580000, 0x0000000649200000, 0x00000007c0000000)
  eden space 667136K, 100% used [0x0000000615580000,0x000000063e100000,0x000000063e100000)
  from space 55808K, 99% used [0x0000000642880000,0x0000000645eff8f8,0x0000000645f00000)
  to   space 73216K, 0% used [0x000000063e100000,0x000000063e100000,0x0000000642880000)
 ParOldGen       total 823808K, used 59560K [0x00000002c0000000, 0x00000002f2480000, 0x0000000615580000)
  object space 823808K, 7% used [0x00000002c0000000,0x00000002c3a2a2f0,0x00000002f2480000)
 Metaspace       used 34777K, capacity 36704K, committed 36992K, reserved 1081344K
  class space    used 4543K, capacity 4908K, committed 4992K, reserved 1048576K
Event: 19,509 GC heap after
Heap after GC invocations=9 (full 2):
 PSYoungGen      total 740352K, used 73213K [0x0000000615580000, 0x000000066db80000, 0x00000007c0000000)
  eden space 667136K, 0% used [0x0000000615580000,0x0000000615580000,0x000000063e100000)
  from space 73216K, 99% used [0x000000063e100000,0x000000064287f568,0x0000000642880000)
  to   space 99840K, 0% used [0x0000000667a00000,0x0000000667a00000,0x000000066db80000)
 ParOldGen       total 823808K, used 84824K [0x00000002c0000000, 0x00000002f2480000, 0x0000000615580000)
  object space 823808K, 10% used [0x00000002c0000000,0x00000002c52d62f0,0x00000002f2480000)
 Metaspace       used 34777K, capacity 36704K, committed 36992K, reserved 1081344K
  class space    used 4543K, capacity 4908K, committed 4992K, reserved 1048576K
}
Event: 20,289 GC heap before
{Heap before GC invocations=10 (full 2):
 PSYoungGen      total 740352K, used 740349K [0x0000000615580000, 0x000000066db80000, 0x00000007c0000000)
  eden space 667136K, 100% used [0x0000000615580000,0x000000063e100000,0x000000063e100000)
  from space 73216K, 99% used [0x000000063e100000,0x000000064287f568,0x0000000642880000)
  to   space 99840K, 0% used [0x0000000667a00000,0x0000000667a00000,0x000000066db80000)
 ParOldGen       total 823808K, used 84824K [0x00000002c0000000, 0x00000002f2480000, 0x0000000615580000)
  object space 823808K, 10% used [0x00000002c0000000,0x00000002c52d62f0,0x00000002f2480000)
 Metaspace       used 34921K, capacity 36832K, committed 37248K, reserved 1081344K
  class space    used 4556K, capacity 4908K, committed 4992K, reserved 1048576K
Event: 20,362 GC heap after
Heap after GC invocations=10 (full 2):
 PSYoungGen      total 1327104K, used 99837K [0x0000000615580000, 0x0000000670c80000, 0x00000007c0000000)
  eden space 1227264K, 0% used [0x0000000615580000,0x0000000615580000,0x0000000660400000)
  from space 99840K, 99% used [0x0000000667a00000,0x000000066db7f568,0x000000066db80000)
  to   space 120832K, 0% used [0x0000000660400000,0x0000000660400000,0x0000000667a00000)
 ParOldGen       total 823808K, used 91475K [0x00000002c0000000, 0x00000002f2480000, 0x0000000615580000)
  object space 823808K, 11% used [0x00000002c0000000,0x00000002c5954d00,0x00000002f2480000)
 Metaspace       used 34921K, capacity 36832K, committed 37248K, reserved 1081344K
  class space    used 4556K, capacity 4908K, committed 4992K, reserved 1048576K
}
Event: 39,683 GC heap before
{Heap before GC invocations=11 (full 2):
 PSYoungGen      total 1327104K, used 1327101K [0x0000000615580000, 0x0000000670c80000, 0x00000007c0000000)
  eden space 1227264K, 100% used [0x0000000615580000,0x0000000660400000,0x0000000660400000)
  from space 99840K, 99% used [0x0000000667a00000,0x000000066db7f568,0x000000066db80000)
  to   space 120832K, 0% used [0x0000000660400000,0x0000000660400000,0x0000000667a00000)
 ParOldGen       total 823808K, used 91475K [0x00000002c0000000, 0x00000002f2480000, 0x0000000615580000)
  object space 823808K, 11% used [0x00000002c0000000,0x00000002c5954d00,0x00000002f2480000)
 Metaspace       used 36983K, capacity 38990K, committed 39168K, reserved 1083392K
  class space    used 4765K, capacity 5113K, committed 5120K, reserved 1048576K
Event: 39,757 GC heap after
Heap after GC invocations=11 (full 2):
 PSYoungGen      total 1348096K, used 84479K [0x0000000615580000, 0x0000000696000000, 0x00000007c0000000)
  eden space 1227264K, 0% used [0x0000000615580000,0x0000000615580000,0x0000000660400000)
  from space 120832K, 69% used [0x0000000660400000,0x000000066567fc00,0x0000000667a00000)
  to   space 126464K, 0% used [0x000000068e480000,0x000000068e480000,0x0000000696000000)
 ParOldGen       total 823808K, used 105411K [0x00000002c0000000, 0x00000002f2480000, 0x0000000615580000)
  object space 823808K, 12% used [0x00000002c0000000,0x00000002c66f0d00,0x00000002f2480000)
 Metaspace       used 36983K, capacity 38990K, committed 39168K, reserved 1083392K
  class space    used 4765K, capacity 5113K, committed 5120K, reserved 1048576K
}
Event: 40,278 GC heap before
{Heap before GC invocations=12 (full 2):
 PSYoungGen      total 1348096K, used 1311743K [0x0000000615580000, 0x0000000696000000, 0x00000007c0000000)
  eden space 1227264K, 100% used [0x0000000615580000,0x0000000660400000,0x0000000660400000)
  from space 120832K, 69% used [0x0000000660400000,0x000000066567fc00,0x0000000667a00000)
  to   space 126464K, 0% used [0x000000068e480000,0x000000068e480000,0x0000000696000000)
 ParOldGen       total 823808K, used 105411K [0x00000002c0000000, 0x00000002f2480000, 0x0000000615580000)
  object space 823808K, 12% used [0x00000002c0000000,0x00000002c66f0d00,0x00000002f2480000)
 Metaspace       used 36984K, capacity 38990K, committed 39168K, reserved 1083392K
  class space    used 4765K, capacity 5113K, committed 5120K, reserved 1048576K
Event: 40,353 GC heap after
Heap after GC invocations=12 (full 2):
 PSYoungGen      total 1985024K, used 32720K [0x0000000615580000, 0x0000000697300000, 0x00000007c0000000)
  eden space 1858560K, 0% used [0x0000000615580000,0x0000000615580000,0x0000000686c80000)
  from space 126464K, 25% used [0x000000068e480000,0x00000006904740e8,0x0000000696000000)
  to   space 122880K, 0% used [0x0000000686c80000,0x0000000686c80000,0x000000068e480000)
 ParOldGen       total 823808K, used 156536K [0x00000002c0000000, 0x00000002f2480000, 0x0000000615580000)
  object space 823808K, 19% used [0x00000002c0000000,0x00000002c98de268,0x00000002f2480000)
 Metaspace       used 36984K, capacity 38990K, committed 39168K, reserved 1083392K
  class space    used 4765K, capacity 5113K, committed 5120K, reserved 1048576K
}

