# JRE version: Java(TM) SE Runtime Environment (8.0_66-b17) (build 1.8.0_66-b17)
# Java VM: Java HotSpot(TM) 64-Bit Server VM (25.66-b17 mixed mode linux-amd64 compressed oops)
Heap:
 PSYoungGen      total 300544K, used 286032K [0x0000000680000000, 0x0000000699c00000, 0x00000007c0000000)
  eden space 258048K, 94% used [0x0000000680000000,0x000000068edd9fb0,0x000000068fc00000)
  from space 42496K, 99% used [0x000000068fc00000,0x000000069257a088,0x0000000692580000)
  to   space 42496K, 0% used [0x0000000697280000,0x0000000697280000,0x0000000699c00000)
 ParOldGen       total 466432K, used 63639K [0x0000000400000000, 0x000000041c780000, 0x0000000680000000)
  object space 466432K, 13% used [0x0000000400000000,0x0000000403e25d40,0x000000041c780000)
 Metaspace       used 27159K, capacity 29269K, committed 29440K, reserved 1075200K
  class space    used 3870K, capacity 4274K, committed 4352K, reserved 1048576K
GC Heap History (8 events):
Event: 3,096 GC heap before
{Heap before GC invocations=1 (full 0):
 PSYoungGen      total 300544K, used 175475K [0x0000000680000000, 0x0000000694f00000, 0x00000007c0000000)
  eden space 258048K, 68% used [0x0000000680000000,0x000000068ab5cc88,0x000000068fc00000)
  from space 42496K, 0% used [0x0000000692580000,0x0000000692580000,0x0000000694f00000)
  to   space 42496K, 0% used [0x000000068fc00000,0x000000068fc00000,0x0000000692580000)
 ParOldGen       total 687104K, used 0K [0x0000000400000000, 0x0000000429f00000, 0x0000000680000000)
  object space 687104K, 0% used [0x0000000400000000,0x0000000400000000,0x0000000429f00000)
 Metaspace       used 20202K, capacity 21179K, committed 21296K, reserved 1067008K
  class space    used 2977K, capacity 3200K, committed 3200K, reserved 1048576K
Event: 3,113 GC heap after
Heap after GC invocations=1 (full 0):
 PSYoungGen      total 300544K, used 14127K [0x0000000680000000, 0x0000000694f00000, 0x00000007c0000000)
  eden space 258048K, 0% used [0x0000000680000000,0x0000000680000000,0x000000068fc00000)
  from space 42496K, 33% used [0x000000068fc00000,0x00000006909cbd80,0x0000000692580000)
  to   space 42496K, 0% used [0x0000000692580000,0x0000000692580000,0x0000000694f00000)
 ParOldGen       total 687104K, used 96K [0x0000000400000000, 0x0000000429f00000, 0x0000000680000000)
  object space 687104K, 0% used [0x0000000400000000,0x0000000400018010,0x0000000429f00000)
 Metaspace       used 20202K, capacity 21179K, committed 21296K, reserved 1067008K
  class space    used 2977K, capacity 3200K, committed 3200K, reserved 1048576K
}
Event: 3,113 GC heap before
{Heap before GC invocations=2 (full 1):
 PSYoungGen      total 300544K, used 14127K [0x0000000680000000, 0x0000000694f00000, 0x00000007c0000000)
  eden space 258048K, 0% used [0x0000000680000000,0x0000000680000000,0x000000068fc00000)
  from space 42496K, 33% used [0x000000068fc00000,0x00000006909cbd80,0x0000000692580000)
  to   space 42496K, 0% used [0x0000000692580000,0x0000000692580000,0x0000000694f00000)
 ParOldGen       total 687104K, used 96K [0x0000000400000000, 0x0000000429f00000, 0x0000000680000000)
  object space 687104K, 0% used [0x0000000400000000,0x0000000400018010,0x0000000429f00000)
 Metaspace       used 20202K, capacity 21179K, committed 21296K, reserved 1067008K
  class space    used 2977K, capacity 3200K, committed 3200K, reserved 1048576K
Event: 3,162 GC heap after
Heap after GC invocations=2 (full 1):
 PSYoungGen      total 300544K, used 0K [0x0000000680000000, 0x0000000694f00000, 0x00000007c0000000)
  eden space 258048K, 0% used [0x0000000680000000,0x0000000680000000,0x000000068fc00000)
  from space 42496K, 0% used [0x000000068fc00000,0x000000068fc00000,0x0000000692580000)
  to   space 42496K, 0% used [0x0000000692580000,0x0000000692580000,0x0000000694f00000)
 ParOldGen       total 466432K, used 13943K [0x0000000400000000, 0x000000041c780000, 0x0000000680000000)
  object space 466432K, 2% used [0x0000000400000000,0x0000000400d9dce0,0x000000041c780000)
 Metaspace       used 20202K, capacity 21179K, committed 21296K, reserved 1067008K
  class space    used 2977K, capacity 3200K, committed 3200K, reserved 1048576K
}
Event: 12,591 GC heap before
{Heap before GC invocations=3 (full 1):
 PSYoungGen      total 300544K, used 254403K [0x0000000680000000, 0x0000000694f00000, 0x00000007c0000000)
  eden space 258048K, 98% used [0x0000000680000000,0x000000068f870fb8,0x000000068fc00000)
  from space 42496K, 0% used [0x000000068fc00000,0x000000068fc00000,0x0000000692580000)
  to   space 42496K, 0% used [0x0000000692580000,0x0000000692580000,0x0000000694f00000)
 ParOldGen       total 466432K, used 13943K [0x0000000400000000, 0x000000041c780000, 0x0000000680000000)
  object space 466432K, 2% used [0x0000000400000000,0x0000000400d9dce0,0x000000041c780000)
 Metaspace       used 26904K, capacity 28977K, committed 29184K, reserved 1075200K
  class space    used 3869K, capacity 4242K, committed 4352K, reserved 1048576K
Event: 12,617 GC heap after
Heap after GC invocations=3 (full 1):
 PSYoungGen      total 300544K, used 41549K [0x0000000680000000, 0x0000000698200000, 0x00000007c0000000)
  eden space 258048K, 0% used [0x0000000680000000,0x0000000680000000,0x000000068fc00000)
  from space 42496K, 97% used [0x0000000692580000,0x0000000694e13590,0x0000000694f00000)
  to   space 42496K, 0% used [0x000000068fc00000,0x000000068fc00000,0x0000000692580000)
 ParOldGen       total 466432K, used 13951K [0x0000000400000000, 0x000000041c780000, 0x0000000680000000)
  object space 466432K, 2% used [0x0000000400000000,0x0000000400d9fce0,0x000000041c780000)
 Metaspace       used 26904K, capacity 28977K, committed 29184K, reserved 1075200K
  class space    used 3869K, capacity 4242K, committed 4352K, reserved 1048576K
}
Event: 15,282 GC heap before
{Heap before GC invocations=4 (full 1):
 PSYoungGen      total 300544K, used 294852K [0x0000000680000000, 0x0000000698200000, 0x00000007c0000000)
  eden space 258048K, 98% used [0x0000000680000000,0x000000068f75dc18,0x000000068fc00000)
  from space 42496K, 97% used [0x0000000692580000,0x0000000694e13590,0x0000000694f00000)
  to   space 42496K, 0% used [0x000000068fc00000,0x000000068fc00000,0x0000000692580000)
 ParOldGen       total 466432K, used 13951K [0x0000000400000000, 0x000000041c780000, 0x0000000680000000)
  object space 466432K, 2% used [0x0000000400000000,0x0000000400d9fce0,0x000000041c780000)
 Metaspace       used 27070K, capacity 29205K, committed 29440K, reserved 1075200K
  class space    used 3870K, capacity 4274K, committed 4352K, reserved 1048576K
Event: 15,316 GC heap after
Heap after GC invocations=4 (full 1):
 PSYoungGen      total 300544K, used 42472K [0x0000000680000000, 0x0000000699c00000, 0x00000007c0000000)
  eden space 258048K, 0% used [0x0000000680000000,0x0000000680000000,0x000000068fc00000)
  from space 42496K, 99% used [0x000000068fc00000,0x000000069257a088,0x0000000692580000)
  to   space 42496K, 0% used [0x0000000697280000,0x0000000697280000,0x0000000699c00000)
 ParOldGen       total 466432K, used 63639K [0x0000000400000000, 0x000000041c780000, 0x0000000680000000)
  object space 466432K, 13% used [0x0000000400000000,0x0000000403e25d40,0x000000041c780000)
 Metaspace       used 27070K, capacity 29205K, committed 29440K, reserved 1075200K
  class space    used 3870K, capacity 4274K, committed 4352K, reserved 1048576K
}

