# JRE version: Java(TM) SE Runtime Environment (8.0_102-b14) (build 1.8.0_102-b14)
# Java VM: Java HotSpot(TM) 64-Bit Server VM (25.102-b14 mixed mode linux-amd64 compressed oops)
Heap:
 PSYoungGen      total 359424K, used 28889K [0x0000000615580000, 0x000000062e180000, 0x00000007c0000000)
  eden space 338944K, 7% used [0x0000000615580000,0x0000000616e06588,0x000000062a080000)
  from space 20480K, 18% used [0x000000062b500000,0x000000062b8b0038,0x000000062c900000)
  to   space 20992K, 0% used [0x000000062a080000,0x000000062a080000,0x000000062b500000)
 ParOldGen       total 91648K, used 33562K [0x00000002c0000000, 0x00000002c5980000, 0x0000000615580000)
  object space 91648K, 36% used [0x00000002c0000000,0x00000002c20c68c0,0x00000002c5980000)
 Metaspace       used 28108K, capacity 30252K, committed 30464K, reserved 1075200K
  class space    used 4075K, capacity 4485K, committed 4608K, reserved 1048576K
GC Heap History (10 events):
Event: 4,671 GC heap before
{Heap before GC invocations=5 (full 1):
 PSYoungGen      total 74752K, used 64512K [0x0000000615580000, 0x000000061e780000, 0x00000007c0000000)
  eden space 64512K, 100% used [0x0000000615580000,0x0000000619480000,0x0000000619480000)
  from space 10240K, 0% used [0x0000000619480000,0x0000000619480000,0x0000000619e80000)
  to   space 10240K, 0% used [0x000000061dd80000,0x000000061dd80000,0x000000061e780000)
 ParOldGen       total 91648K, used 11332K [0x00000002c0000000, 0x00000002c5980000, 0x0000000615580000)
  object space 91648K, 12% used [0x00000002c0000000,0x00000002c0b11250,0x00000002c5980000)
 Metaspace       used 23965K, capacity 25924K, committed 25984K, reserved 1071104K
  class space    used 3611K, capacity 3957K, committed 3968K, reserved 1048576K
Event: 4,701 GC heap after
Heap after GC invocations=5 (full 1):
 PSYoungGen      total 122880K, used 10240K [0x0000000615580000, 0x000000061e780000, 0x00000007c0000000)
  eden space 112640K, 0% used [0x0000000615580000,0x0000000615580000,0x000000061c380000)
  from space 10240K, 100% used [0x000000061dd80000,0x000000061e780000,0x000000061e780000)
  to   space 10240K, 0% used [0x000000061d380000,0x000000061d380000,0x000000061dd80000)
 ParOldGen       total 91648K, used 16319K [0x00000002c0000000, 0x00000002c5980000, 0x0000000615580000)
  object space 91648K, 17% used [0x00000002c0000000,0x00000002c0fefd00,0x00000002c5980000)
 Metaspace       used 23965K, capacity 25924K, committed 25984K, reserved 1071104K
  class space    used 3611K, capacity 3957K, committed 3968K, reserved 1048576K
}
Event: 14,197 GC heap before
{Heap before GC invocations=6 (full 1):
 PSYoungGen      total 122880K, used 122880K [0x0000000615580000, 0x000000061e780000, 0x00000007c0000000)
  eden space 112640K, 100% used [0x0000000615580000,0x000000061c380000,0x000000061c380000)
  from space 10240K, 100% used [0x000000061dd80000,0x000000061e780000,0x000000061e780000)
  to   space 10240K, 0% used [0x000000061d380000,0x000000061d380000,0x000000061dd80000)
 ParOldGen       total 91648K, used 16324K [0x00000002c0000000, 0x00000002c5980000, 0x0000000615580000)
  object space 91648K, 17% used [0x00000002c0000000,0x00000002c0ff12b8,0x00000002c5980000)
 Metaspace       used 28010K, capacity 30188K, committed 30464K, reserved 1075200K
  class space    used 4075K, capacity 4485K, committed 4608K, reserved 1048576K
Event: 14,228 GC heap after
Heap after GC invocations=6 (full 1):
 PSYoungGen      total 139264K, used 10224K [0x0000000615580000, 0x0000000623800000, 0x00000007c0000000)
  eden space 129024K, 0% used [0x0000000615580000,0x0000000615580000,0x000000061d380000)
  from space 10240K, 99% used [0x000000061d380000,0x000000061dd7c048,0x000000061dd80000)
  to   space 20992K, 0% used [0x0000000622380000,0x0000000622380000,0x0000000623800000)
 ParOldGen       total 91648K, used 26977K [0x00000002c0000000, 0x00000002c5980000, 0x0000000615580000)
  object space 91648K, 29% used [0x00000002c0000000,0x00000002c1a58590,0x00000002c5980000)
 Metaspace       used 28010K, capacity 30188K, committed 30464K, reserved 1075200K
  class space    used 4075K, capacity 4485K, committed 4608K, reserved 1048576K
}
Event: 14,399 GC heap before
{Heap before GC invocations=7 (full 1):
 PSYoungGen      total 139264K, used 139248K [0x0000000615580000, 0x0000000623800000, 0x00000007c0000000)
  eden space 129024K, 100% used [0x0000000615580000,0x000000061d380000,0x000000061d380000)
  from space 10240K, 99% used [0x000000061d380000,0x000000061dd7c048,0x000000061dd80000)
  to   space 20992K, 0% used [0x0000000622380000,0x0000000622380000,0x0000000623800000)
 ParOldGen       total 91648K, used 26979K [0x00000002c0000000, 0x00000002c5980000, 0x0000000615580000)
  object space 91648K, 29% used [0x00000002c0000000,0x00000002c1a58e60,0x00000002c5980000)
 Metaspace       used 28017K, capacity 30188K, committed 30464K, reserved 1075200K
  class space    used 4075K, capacity 4485K, committed 4608K, reserved 1048576K
Event: 14,425 GC heap after
Heap after GC invocations=7 (full 1):
 PSYoungGen      total 210944K, used 10336K [0x0000000615580000, 0x0000000625c00000, 0x00000007c0000000)
  eden space 189952K, 0% used [0x0000000615580000,0x0000000615580000,0x0000000620f00000)
  from space 20992K, 49% used [0x0000000622380000,0x0000000622d98038,0x0000000623800000)
  to   space 20992K, 0% used [0x0000000620f00000,0x0000000620f00000,0x0000000622380000)
 ParOldGen       total 91648K, used 26979K [0x00000002c0000000, 0x00000002c5980000, 0x0000000615580000)
  object space 91648K, 29% used [0x00000002c0000000,0x00000002c1a58e60,0x00000002c5980000)
 Metaspace       used 28017K, capacity 30188K, committed 30464K, reserved 1075200K
  class space    used 4075K, capacity 4485K, committed 4608K, reserved 1048576K
}
Event: 14,667 GC heap before
{Heap before GC invocations=8 (full 1):
 PSYoungGen      total 210944K, used 200288K [0x0000000615580000, 0x0000000625c00000, 0x00000007c0000000)
  eden space 189952K, 100% used [0x0000000615580000,0x0000000620f00000,0x0000000620f00000)
  from space 20992K, 49% used [0x0000000622380000,0x0000000622d98038,0x0000000623800000)
  to   space 20992K, 0% used [0x0000000620f00000,0x0000000620f00000,0x0000000622380000)
 ParOldGen       total 91648K, used 26981K [0x00000002c0000000, 0x00000002c5980000, 0x0000000615580000)
  object space 91648K, 29% used [0x00000002c0000000,0x00000002c1a597f8,0x00000002c5980000)
 Metaspace       used 28089K, capacity 30252K, committed 30464K, reserved 1075200K
  class space    used 4075K, capacity 4485K, committed 4608K, reserved 1048576K
Event: 14,701 GC heap after
Heap after GC invocations=8 (full 1):
 PSYoungGen      total 210944K, used 10352K [0x0000000615580000, 0x000000062c900000, 0x00000007c0000000)
  eden space 189952K, 0% used [0x0000000615580000,0x0000000615580000,0x0000000620f00000)
  from space 20992K, 49% used [0x0000000620f00000,0x000000062191c048,0x0000000622380000)
  to   space 20480K, 0% used [0x000000062b500000,0x000000062b500000,0x000000062c900000)
 ParOldGen       total 91648K, used 26981K [0x00000002c0000000, 0x00000002c5980000, 0x0000000615580000)
  object space 91648K, 29% used [0x00000002c0000000,0x00000002c1a597f8,0x00000002c5980000)
 Metaspace       used 28089K, capacity 30252K, committed 30464K, reserved 1075200K
  class space    used 4075K, capacity 4485K, committed 4608K, reserved 1048576K
}
Event: 14,710 GC heap before
{Heap before GC invocations=9 (full 1):
 PSYoungGen      total 210944K, used 19595K [0x0000000615580000, 0x000000062c900000, 0x00000007c0000000)
  eden space 189952K, 4% used [0x0000000615580000,0x0000000615e86c78,0x0000000620f00000)
  from space 20992K, 49% used [0x0000000620f00000,0x000000062191c048,0x0000000622380000)
  to   space 20480K, 0% used [0x000000062b500000,0x000000062b500000,0x000000062c900000)
 ParOldGen       total 91648K, used 26981K [0x00000002c0000000, 0x00000002c5980000, 0x0000000615580000)
  object space 91648K, 29% used [0x00000002c0000000,0x00000002c1a597f8,0x00000002c5980000)
 Metaspace       used 28102K, capacity 30252K, committed 30464K, reserved 1075200K
  class space    used 4075K, capacity 4485K, committed 4608K, reserved 1048576K
Event: 14,732 GC heap after
Heap after GC invocations=9 (full 1):
 PSYoungGen      total 359424K, used 3776K [0x0000000615580000, 0x000000062e180000, 0x00000007c0000000)
  eden space 338944K, 0% used [0x0000000615580000,0x0000000615580000,0x000000062a080000)
  from space 20480K, 18% used [0x000000062b500000,0x000000062b8b0038,0x000000062c900000)
  to   space 20992K, 0% used [0x000000062a080000,0x000000062a080000,0x000000062b500000)
 ParOldGen       total 91648K, used 33562K [0x00000002c0000000, 0x00000002c5980000, 0x0000000615580000)
  object space 91648K, 36% used [0x00000002c0000000,0x00000002c20c68c0,0x00000002c5980000)
 Metaspace       used 28102K, capacity 30252K, committed 30464K, reserved 1075200K
  class space    used 4075K, capacity 4485K, committed 4608K, reserved 1048576K
}

