# JRE version: Java(TM) SE Runtime Environment (8.0_102-b14) (build 1.8.0_102-b14)
# Java VM: Java HotSpot(TM) 64-Bit Server VM (25.102-b14 mixed mode linux-amd64 compressed oops)
Heap:
 PSYoungGen      total 791552K, used 730112K [0x0000000615580000, 0x000000064e180000, 0x00000007c0000000)
  eden space 730112K, 100% used [0x0000000615580000,0x0000000641e80000,0x0000000641e80000)
  from space 61440K, 0% used [0x0000000645800000,0x0000000645800000,0x0000000649400000)
  to   space 58880K, 26% used [0x0000000641e80000,0x0000000642dcfdb8,0x0000000645800000)
 ParOldGen       total 1718784K, used 962755K [0x00000002c0000000, 0x0000000328e80000, 0x0000000615580000)
  object space 1718784K, 56% used [0x00000002c0000000,0x00000002fac30c28,0x0000000328e80000)
 Metaspace       used 38179K, capacity 40386K, committed 40704K, reserved 1085440K
  class space    used 4895K, capacity 5297K, committed 5376K, reserved 1048576K
GC Heap History (10 events):
Event: 100,308 GC heap after
Heap after GC invocations=25 (full 6):
 PSYoungGen      total 704512K, used 128K [0x0000000615580000, 0x0000000647980000, 0x00000007c0000000)
  eden space 636928K, 0% used [0x0000000615580000,0x0000000615580000,0x000000063c380000)
  from space 67584K, 0% used [0x000000063c380000,0x000000063c3a0000,0x0000000640580000)
  to   space 65536K, 0% used [0x0000000643980000,0x0000000643980000,0x0000000647980000)
 ParOldGen       total 1297408K, used 716951K [0x00000002c0000000, 0x000000030f300000, 0x0000000615580000)
  object space 1297408K, 55% used [0x00000002c0000000,0x00000002ebc25c48,0x000000030f300000)
 Metaspace       used 28398K, capacity 30488K, committed 30592K, reserved 1075200K
  class space    used 4062K, capacity 4449K, committed 4480K, reserved 1048576K
}
Event: 106,903 GC heap before
{Heap before GC invocations=26 (full 6):
 PSYoungGen      total 704512K, used 637056K [0x0000000615580000, 0x0000000647980000, 0x00000007c0000000)
  eden space 636928K, 100% used [0x0000000615580000,0x000000063c380000,0x000000063c380000)
  from space 67584K, 0% used [0x000000063c380000,0x000000063c3a0000,0x0000000640580000)
  to   space 65536K, 0% used [0x0000000643980000,0x0000000643980000,0x0000000647980000)
 ParOldGen       total 1297408K, used 716951K [0x00000002c0000000, 0x000000030f300000, 0x0000000615580000)
  object space 1297408K, 55% used [0x00000002c0000000,0x00000002ebc25c48,0x000000030f300000)
 Metaspace       used 28398K, capacity 30488K, committed 30592K, reserved 1075200K
  class space    used 4062K, capacity 4449K, committed 4480K, reserved 1048576K
Event: 106,918 GC heap after
Heap after GC invocations=26 (full 6):
 PSYoungGen      total 738304K, used 128K [0x0000000615580000, 0x0000000646e00000, 0x00000007c0000000)
  eden space 684544K, 0% used [0x0000000615580000,0x0000000615580000,0x000000063f200000)
  from space 53760K, 0% used [0x0000000643980000,0x00000006439a0000,0x0000000646e00000)
  to   space 63488K, 0% used [0x000000063f200000,0x000000063f200000,0x0000000643000000)
 ParOldGen       total 1297408K, used 716951K [0x00000002c0000000, 0x000000030f300000, 0x0000000615580000)
  object space 1297408K, 55% used [0x00000002c0000000,0x00000002ebc25c48,0x000000030f300000)
 Metaspace       used 28398K, capacity 30488K, committed 30592K, reserved 1075200K
  class space    used 4062K, capacity 4449K, committed 4480K, reserved 1048576K
}
Event: 114,041 GC heap before
{Heap before GC invocations=27 (full 6):
 PSYoungGen      total 738304K, used 684672K [0x0000000615580000, 0x0000000646e00000, 0x00000007c0000000)
  eden space 684544K, 100% used [0x0000000615580000,0x000000063f200000,0x000000063f200000)
  from space 53760K, 0% used [0x0000000643980000,0x00000006439a0000,0x0000000646e00000)
  to   space 63488K, 0% used [0x000000063f200000,0x000000063f200000,0x0000000643000000)
 ParOldGen       total 1297408K, used 716951K [0x00000002c0000000, 0x000000030f300000, 0x0000000615580000)
  object space 1297408K, 55% used [0x00000002c0000000,0x00000002ebc25c48,0x000000030f300000)
 Metaspace       used 28398K, capacity 30488K, committed 30592K, reserved 1075200K
  class space    used 4062K, capacity 4449K, committed 4480K, reserved 1048576K
Event: 114,051 GC heap after
Heap after GC invocations=27 (full 6):
 PSYoungGen      total 748032K, used 96K [0x0000000615580000, 0x0000000649400000, 0x00000007c0000000)
  eden space 684544K, 0% used [0x0000000615580000,0x0000000615580000,0x000000063f200000)
  from space 63488K, 0% used [0x000000063f200000,0x000000063f218000,0x0000000643000000)
  to   space 61440K, 0% used [0x0000000645800000,0x0000000645800000,0x0000000649400000)
 ParOldGen       total 1297408K, used 716951K [0x00000002c0000000, 0x000000030f300000, 0x0000000615580000)
  object space 1297408K, 55% used [0x00000002c0000000,0x00000002ebc25c48,0x000000030f300000)
 Metaspace       used 28398K, capacity 30488K, committed 30592K, reserved 1075200K
  class space    used 4062K, capacity 4449K, committed 4480K, reserved 1048576K
}
Event: 115,403 GC heap before
{Heap before GC invocations=28 (full 6):
 PSYoungGen      total 748032K, used 614739K [0x0000000615580000, 0x0000000649400000, 0x00000007c0000000)
  eden space 684544K, 89% used [0x0000000615580000,0x000000063adbcdb0,0x000000063f200000)
  from space 63488K, 0% used [0x000000063f200000,0x000000063f218000,0x0000000643000000)
  to   space 61440K, 0% used [0x0000000645800000,0x0000000645800000,0x0000000649400000)
 ParOldGen       total 1297408K, used 716951K [0x00000002c0000000, 0x000000030f300000, 0x0000000615580000)
  object space 1297408K, 55% used [0x00000002c0000000,0x00000002ebc25c48,0x000000030f300000)
 Metaspace       used 28398K, capacity 30488K, committed 30592K, reserved 1075200K
  class space    used 4062K, capacity 4449K, committed 4480K, reserved 1048576K
Event: 115,511 GC heap after
Heap after GC invocations=28 (full 6):
 PSYoungGen      total 791552K, used 96K [0x0000000615580000, 0x000000064e180000, 0x00000007c0000000)
  eden space 730112K, 0% used [0x0000000615580000,0x0000000615580000,0x0000000641e80000)
  from space 61440K, 0% used [0x0000000645800000,0x0000000645818000,0x0000000649400000)
  to   space 58880K, 0% used [0x0000000641e80000,0x0000000641e80000,0x0000000645800000)
 ParOldGen       total 1297408K, used 1208471K [0x00000002c0000000, 0x000000030f300000, 0x0000000615580000)
  object space 1297408K, 93% used [0x00000002c0000000,0x0000000309c25c78,0x000000030f300000)
 Metaspace       used 28398K, capacity 30488K, committed 30592K, reserved 1075200K
  class space    used 4062K, capacity 4449K, committed 4480K, reserved 1048576K
}
Event: 115,511 GC heap before
{Heap before GC invocations=29 (full 7):
 PSYoungGen      total 791552K, used 96K [0x0000000615580000, 0x000000064e180000, 0x00000007c0000000)
  eden space 730112K, 0% used [0x0000000615580000,0x0000000615580000,0x0000000641e80000)
  from space 61440K, 0% used [0x0000000645800000,0x0000000645818000,0x0000000649400000)
  to   space 58880K, 0% used [0x0000000641e80000,0x0000000641e80000,0x0000000645800000)
 ParOldGen       total 1297408K, used 1208471K [0x00000002c0000000, 0x000000030f300000, 0x0000000615580000)
  object space 1297408K, 93% used [0x00000002c0000000,0x0000000309c25c78,0x000000030f300000)
 Metaspace       used 28398K, capacity 30488K, committed 30592K, reserved 1075200K
  class space    used 4062K, capacity 4449K, committed 4480K, reserved 1048576K
Event: 115,712 GC heap after
Heap after GC invocations=29 (full 7):
 PSYoungGen      total 791552K, used 0K [0x0000000615580000, 0x000000064e180000, 0x00000007c0000000)
  eden space 730112K, 0% used [0x0000000615580000,0x0000000615580000,0x0000000641e80000)
  from space 61440K, 0% used [0x0000000645800000,0x0000000645800000,0x0000000649400000)
  to   space 58880K, 0% used [0x0000000641e80000,0x0000000641e80000,0x0000000645800000)
 ParOldGen       total 1718784K, used 962696K [0x00000002c0000000, 0x0000000328e80000, 0x0000000615580000)
  object space 1718784K, 56% used [0x00000002c0000000,0x00000002fac22070,0x0000000328e80000)
 Metaspace       used 28398K, capacity 30488K, committed 30592K, reserved 1075200K
  class space    used 4062K, capacity 4449K, committed 4480K, reserved 1048576K
}
Event: 143,168 GC heap before
{Heap before GC invocations=30 (full 7):
 PSYoungGen      total 791552K, used 730112K [0x0000000615580000, 0x000000064e180000, 0x00000007c0000000)
  eden space 730112K, 100% used [0x0000000615580000,0x0000000641e80000,0x0000000641e80000)
  from space 61440K, 0% used [0x0000000645800000,0x0000000645800000,0x0000000649400000)
  to   space 58880K, 0% used [0x0000000641e80000,0x0000000641e80000,0x0000000645800000)
 ParOldGen       total 1718784K, used 962747K [0x00000002c0000000, 0x0000000328e80000, 0x0000000615580000)
  object space 1718784K, 56% used [0x00000002c0000000,0x00000002fac2ec28,0x0000000328e80000)
 Metaspace       used 38179K, capacity 40386K, committed 40704K, reserved 1085440K
  class space    used 4895K, capacity 5297K, committed 5376K, reserved 1048576K

