# JRE version: Java(TM) SE Runtime Environment (8.0_60-b27) (build 1.8.0_60-b27)
# Java VM: Java HotSpot(TM) 64-Bit Server VM (25.60-b23 mixed mode linux-amd64 compressed oops)
Heap:
 PSYoungGen      total 1071104K, used 997376K [0x0000000615580000, 0x0000000663780000, 0x00000007c0000000)
  eden space 997376K, 100% used [0x0000000615580000,0x0000000652380000,0x0000000652380000)
  from space 73728K, 0% used [0x0000000656980000,0x0000000656980000,0x000000065b180000)
  to   space 71680K, 0% used [0x0000000652380000,0x00000006523a8000,0x0000000656980000)
 ParOldGen       total 1737728K, used 920684K [0x00000002c0000000, 0x000000032a100000, 0x0000000615580000)
  object space 1737728K, 52% used [0x00000002c0000000,0x00000002f831b168,0x000000032a100000)
 Metaspace       used 36611K, capacity 38652K, committed 38872K, reserved 1083392K
  class space    used 4623K, capacity 4998K, committed 5120K, reserved 1048576K
GC Heap History (10 events):
Event: 154,535 GC heap after
Heap after GC invocations=13 (full 2):
 PSYoungGen      total 689152K, used 22561K [0x0000000615580000, 0x000000064fc00000, 0x00000007c0000000)
  eden space 609792K, 0% used [0x0000000615580000,0x0000000615580000,0x000000063a900000)
  from space 79360K, 28% used [0x000000063a900000,0x000000063bf08670,0x000000063f680000)
  to   space 77312K, 0% used [0x000000064b080000,0x000000064b080000,0x000000064fc00000)
 ParOldGen       total 846848K, used 614328K [0x00000002c0000000, 0x00000002f3b00000, 0x0000000615580000)
  object space 846848K, 72% used [0x00000002c0000000,0x00000002e57ee1d0,0x00000002f3b00000)
 Metaspace       used 36598K, capacity 38646K, committed 38872K, reserved 1083392K
  class space    used 4623K, capacity 4997K, committed 5120K, reserved 1048576K
}
Event: 162,432 GC heap before
{Heap before GC invocations=14 (full 2):
 PSYoungGen      total 689152K, used 632353K [0x0000000615580000, 0x000000064fc00000, 0x00000007c0000000)
  eden space 609792K, 100% used [0x0000000615580000,0x000000063a900000,0x000000063a900000)
  from space 79360K, 28% used [0x000000063a900000,0x000000063bf08670,0x000000063f680000)
  to   space 77312K, 0% used [0x000000064b080000,0x000000064b080000,0x000000064fc00000)
 ParOldGen       total 846848K, used 614328K [0x00000002c0000000, 0x00000002f3b00000, 0x0000000615580000)
  object space 846848K, 72% used [0x00000002c0000000,0x00000002e57ee1d0,0x00000002f3b00000)
 Metaspace       used 36602K, capacity 38646K, committed 38872K, reserved 1083392K
  class space    used 4623K, capacity 4997K, committed 5120K, reserved 1048576K
Event: 162,473 GC heap after
Heap after GC invocations=14 (full 2):
 PSYoungGen      total 851968K, used 22561K [0x0000000615580000, 0x000000064ed00000, 0x00000007c0000000)
  eden space 790016K, 0% used [0x0000000615580000,0x0000000615580000,0x0000000645900000)
  from space 61952K, 36% used [0x000000064b080000,0x000000064c688670,0x000000064ed00000)
  to   space 75776K, 0% used [0x0000000645900000,0x0000000645900000,0x000000064a300000)
 ParOldGen       total 846848K, used 614328K [0x00000002c0000000, 0x00000002f3b00000, 0x0000000615580000)
  object space 846848K, 72% used [0x00000002c0000000,0x00000002e57ee1d0,0x00000002f3b00000)
 Metaspace       used 36602K, capacity 38646K, committed 38872K, reserved 1083392K
  class space    used 4623K, capacity 4997K, committed 5120K, reserved 1048576K
}
Event: 172,628 GC heap before
{Heap before GC invocations=15 (full 2):
 PSYoungGen      total 851968K, used 812577K [0x0000000615580000, 0x000000064ed00000, 0x00000007c0000000)
  eden space 790016K, 100% used [0x0000000615580000,0x0000000645900000,0x0000000645900000)
  from space 61952K, 36% used [0x000000064b080000,0x000000064c688670,0x000000064ed00000)
  to   space 75776K, 0% used [0x0000000645900000,0x0000000645900000,0x000000064a300000)
 ParOldGen       total 846848K, used 614328K [0x00000002c0000000, 0x00000002f3b00000, 0x0000000615580000)
  object space 846848K, 72% used [0x00000002c0000000,0x00000002e57ee1d0,0x00000002f3b00000)
 Metaspace       used 36602K, capacity 38646K, committed 38872K, reserved 1083392K
  class space    used 4623K, capacity 4997K, committed 5120K, reserved 1048576K
Event: 172,644 GC heap after
Heap after GC invocations=15 (full 2):
 PSYoungGen      total 865792K, used 22561K [0x0000000615580000, 0x000000065b180000, 0x00000007c0000000)
  eden space 790016K, 0% used [0x0000000615580000,0x0000000615580000,0x0000000645900000)
  from space 75776K, 29% used [0x0000000645900000,0x0000000646f08670,0x000000064a300000)
  to   space 73728K, 0% used [0x0000000656980000,0x0000000656980000,0x000000065b180000)
 ParOldGen       total 846848K, used 614328K [0x00000002c0000000, 0x00000002f3b00000, 0x0000000615580000)
  object space 846848K, 72% used [0x00000002c0000000,0x00000002e57ee1d0,0x00000002f3b00000)
 Metaspace       used 36602K, capacity 38646K, committed 38872K, reserved 1083392K
  class space    used 4623K, capacity 4997K, committed 5120K, reserved 1048576K
}
Event: 174,799 GC heap before
{Heap before GC invocations=16 (full 2):
 PSYoungGen      total 865792K, used 521197K [0x0000000615580000, 0x000000065b180000, 0x00000007c0000000)
  eden space 790016K, 63% used [0x0000000615580000,0x0000000633c730a8,0x0000000645900000)
  from space 75776K, 29% used [0x0000000645900000,0x0000000646f08670,0x000000064a300000)
  to   space 73728K, 0% used [0x0000000656980000,0x0000000656980000,0x000000065b180000)
 ParOldGen       total 846848K, used 614328K [0x00000002c0000000, 0x00000002f3b00000, 0x0000000615580000)
  object space 846848K, 72% used [0x00000002c0000000,0x00000002e57ee1d0,0x00000002f3b00000)
 Metaspace       used 36602K, capacity 38646K, committed 38872K, reserved 1083392K
  class space    used 4623K, capacity 4997K, committed 5120K, reserved 1048576K
Event: 174,993 GC heap after
Heap after GC invocations=16 (full 2):
 PSYoungGen      total 1071104K, used 22529K [0x0000000615580000, 0x0000000663780000, 0x00000007c0000000)
  eden space 997376K, 0% used [0x0000000615580000,0x0000000615580000,0x0000000652380000)
  from space 73728K, 30% used [0x0000000656980000,0x0000000657f80670,0x000000065b180000)
  to   space 71680K, 0% used [0x0000000652380000,0x0000000652380000,0x0000000656980000)
 ParOldGen       total 1175040K, used 942008K [0x00000002c0000000, 0x0000000307b80000, 0x0000000615580000)
  object space 1175040K, 80% used [0x00000002c0000000,0x00000002f97ee1e0,0x0000000307b80000)
 Metaspace       used 36602K, capacity 38646K, committed 38872K, reserved 1083392K
  class space    used 4623K, capacity 4997K, committed 5120K, reserved 1048576K
}
Event: 174,993 GC heap before
{Heap before GC invocations=17 (full 3):
 PSYoungGen      total 1071104K, used 22529K [0x0000000615580000, 0x0000000663780000, 0x00000007c0000000)
  eden space 997376K, 0% used [0x0000000615580000,0x0000000615580000,0x0000000652380000)
  from space 73728K, 30% used [0x0000000656980000,0x0000000657f80670,0x000000065b180000)
  to   space 71680K, 0% used [0x0000000652380000,0x0000000652380000,0x0000000656980000)
 ParOldGen       total 1175040K, used 942008K [0x00000002c0000000, 0x0000000307b80000, 0x0000000615580000)
  object space 1175040K, 80% used [0x00000002c0000000,0x00000002f97ee1e0,0x0000000307b80000)
 Metaspace       used 36602K, capacity 38646K, committed 38872K, reserved 1083392K
  class space    used 4623K, capacity 4997K, committed 5120K, reserved 1048576K
Event: 175,213 GC heap after
Heap after GC invocations=17 (full 3):
 PSYoungGen      total 1071104K, used 0K [0x0000000615580000, 0x0000000663780000, 0x00000007c0000000)
  eden space 997376K, 0% used [0x0000000615580000,0x0000000615580000,0x0000000652380000)
  from space 73728K, 0% used [0x0000000656980000,0x0000000656980000,0x000000065b180000)
  to   space 71680K, 0% used [0x0000000652380000,0x0000000652380000,0x0000000656980000)
 ParOldGen       total 1737728K, used 593004K [0x00000002c0000000, 0x000000032a100000, 0x0000000615580000)
  object space 1737728K, 34% used [0x00000002c0000000,0x00000002e431b158,0x000000032a100000)
 Metaspace       used 36602K, capacity 38646K, committed 38872K, reserved 1083392K
  class space    used 4623K, capacity 4997K, committed 5120K, reserved 1048576K
}
Event: 898,741 GC heap before
{Heap before GC invocations=18 (full 3):
 PSYoungGen      total 1071104K, used 997376K [0x0000000615580000, 0x0000000663780000, 0x00000007c0000000)
  eden space 997376K, 100% used [0x0000000615580000,0x0000000652380000,0x0000000652380000)
  from space 73728K, 0% used [0x0000000656980000,0x0000000656980000,0x000000065b180000)
  to   space 71680K, 0% used [0x0000000652380000,0x0000000652380000,0x0000000656980000)
 ParOldGen       total 1737728K, used 593004K [0x00000002c0000000, 0x000000032a100000, 0x0000000615580000)
  object space 1737728K, 34% used [0x00000002c0000000,0x00000002e431b158,0x000000032a100000)
 Metaspace       used 36611K, capacity 38652K, committed 38872K, reserved 1083392K
  class space    used 4623K, capacity 4998K, committed 5120K, reserved 1048576K

