# JRE version: Java(TM) SE Runtime Environment (8.0_102-b14) (build 1.8.0_102-b14)
# Java VM: Java HotSpot(TM) 64-Bit Server VM (25.102-b14 mixed mode linux-amd64 compressed oops)
Heap:
 PSYoungGen      total 2336256K, used 1867813K [0x0000000615580000, 0x00000006cd280000, 0x00000007c0000000)
  eden space 2120192K, 77% used [0x0000000615580000,0x000000067a2896c0,0x0000000696c00000)
  from space 216064K, 100% used [0x0000000696c00000,0x00000006a3f00000,0x00000006a3f00000)
  to   space 286208K, 0% used [0x00000006bbb00000,0x00000006bbb00000,0x00000006cd280000)
 ParOldGen       total 1270272K, used 960186K [0x00000002c0000000, 0x000000030d880000, 0x0000000615580000)
  object space 1270272K, 75% used [0x00000002c0000000,0x00000002fa9aebd8,0x000000030d880000)
 Metaspace       used 43333K, capacity 45628K, committed 45952K, reserved 1089536K
  class space    used 5753K, capacity 6156K, committed 6272K, reserved 1048576K
GC Heap History (10 events):
Event: 70,655 GC heap before
{Heap before GC invocations=27 (full 5):
 PSYoungGen      total 1756160K, used 1684576K [0x0000000615580000, 0x0000000699f00000, 0x00000007c0000000)
  eden space 1598464K, 100% used [0x0000000615580000,0x0000000676e80000,0x0000000676e80000)
  from space 157696K, 54% used [0x0000000676e80000,0x000000067c298000,0x0000000680880000)
  to   space 157184K, 0% used [0x0000000690580000,0x0000000690580000,0x0000000699f00000)
 ParOldGen       total 863744K, used 611855K [0x00000002c0000000, 0x00000002f4b80000, 0x0000000615580000)
  object space 863744K, 70% used [0x00000002c0000000,0x00000002e5583cc8,0x00000002f4b80000)
 Metaspace       used 36292K, capacity 38466K, committed 38784K, reserved 1083392K
  class space    used 4766K, capacity 5151K, committed 5248K, reserved 1048576K
Event: 71,026 GC heap after
Heap after GC invocations=27 (full 5):
 PSYoungGen      total 1984512K, used 157184K [0x0000000615580000, 0x000000069f200000, 0x00000007c0000000)
  eden space 1827328K, 0% used [0x0000000615580000,0x0000000615580000,0x0000000684e00000)
  from space 157184K, 100% used [0x0000000690580000,0x0000000699f00000,0x0000000699f00000)
  to   space 187904K, 0% used [0x0000000684e00000,0x0000000684e00000,0x0000000690580000)
 ParOldGen       total 863744K, used 627255K [0x00000002c0000000, 0x00000002f4b80000, 0x0000000615580000)
  object space 863744K, 72% used [0x00000002c0000000,0x00000002e648dcc8,0x00000002f4b80000)
 Metaspace       used 36292K, capacity 38466K, committed 38784K, reserved 1083392K
  class space    used 4766K, capacity 5151K, committed 5248K, reserved 1048576K
}
Event: 74,946 GC heap before
{Heap before GC invocations=28 (full 5):
 PSYoungGen      total 1984512K, used 1984512K [0x0000000615580000, 0x000000069f200000, 0x00000007c0000000)
  eden space 1827328K, 100% used [0x0000000615580000,0x0000000684e00000,0x0000000684e00000)
  from space 157184K, 100% used [0x0000000690580000,0x0000000699f00000,0x0000000699f00000)
  to   space 187904K, 0% used [0x0000000684e00000,0x0000000684e00000,0x0000000690580000)
 ParOldGen       total 863744K, used 627255K [0x00000002c0000000, 0x00000002f4b80000, 0x0000000615580000)
  object space 863744K, 72% used [0x00000002c0000000,0x00000002e648dcc8,0x00000002f4b80000)
 Metaspace       used 36320K, capacity 38530K, committed 38784K, reserved 1083392K
  class space    used 4766K, capacity 5151K, committed 5248K, reserved 1048576K
Event: 75,271 GC heap after
Heap after GC invocations=28 (full 5):
 PSYoungGen      total 2015232K, used 124132K [0x0000000615580000, 0x00000006b0d00000, 0x00000007c0000000)
  eden space 1827328K, 0% used [0x0000000615580000,0x0000000615580000,0x0000000684e00000)
  from space 187904K, 66% used [0x0000000684e00000,0x000000068c7392f0,0x0000000690580000)
  to   space 194560K, 0% used [0x00000006a4f00000,0x00000006a4f00000,0x00000006b0d00000)
 ParOldGen       total 863744K, used 784927K [0x00000002c0000000, 0x00000002f4b80000, 0x0000000615580000)
  object space 863744K, 90% used [0x00000002c0000000,0x00000002efe87cc8,0x00000002f4b80000)
 Metaspace       used 36320K, capacity 38530K, committed 38784K, reserved 1083392K
  class space    used 4766K, capacity 5151K, committed 5248K, reserved 1048576K
}
Event: 75,271 GC heap before
{Heap before GC invocations=29 (full 6):
 PSYoungGen      total 2015232K, used 124132K [0x0000000615580000, 0x00000006b0d00000, 0x00000007c0000000)
  eden space 1827328K, 0% used [0x0000000615580000,0x0000000615580000,0x0000000684e00000)
  from space 187904K, 66% used [0x0000000684e00000,0x000000068c7392f0,0x0000000690580000)
  to   space 194560K, 0% used [0x00000006a4f00000,0x00000006a4f00000,0x00000006b0d00000)
 ParOldGen       total 863744K, used 784927K [0x00000002c0000000, 0x00000002f4b80000, 0x0000000615580000)
  object space 863744K, 90% used [0x00000002c0000000,0x00000002efe87cc8,0x00000002f4b80000)
 Metaspace       used 36320K, capacity 38530K, committed 38784K, reserved 1083392K
  class space    used 4766K, capacity 5151K, committed 5248K, reserved 1048576K
Event: 77,902 GC heap after
Heap after GC invocations=29 (full 6):
 PSYoungGen      total 2015232K, used 28302K [0x0000000615580000, 0x00000006b0d00000, 0x00000007c0000000)
  eden space 1827328K, 0% used [0x0000000615580000,0x0000000615580000,0x0000000684e00000)
  from space 187904K, 15% used [0x0000000684e00000,0x00000006869a3b80,0x0000000690580000)
  to   space 194560K, 0% used [0x00000006a4f00000,0x00000006a4f00000,0x00000006b0d00000)
 ParOldGen       total 1270272K, used 863567K [0x00000002c0000000, 0x000000030d880000, 0x0000000615580000)
  object space 1270272K, 67% used [0x00000002c0000000,0x00000002f4b53ed0,0x000000030d880000)
 Metaspace       used 36320K, capacity 38530K, committed 38784K, reserved 1083392K
  class space    used 4766K, capacity 5151K, committed 5248K, reserved 1048576K
}
Event: 81,117 GC heap before
{Heap before GC invocations=30 (full 6):
 PSYoungGen      total 2015232K, used 1855630K [0x0000000615580000, 0x00000006b0d00000, 0x00000007c0000000)
  eden space 1827328K, 100% used [0x0000000615580000,0x0000000684e00000,0x0000000684e00000)
  from space 187904K, 15% used [0x0000000684e00000,0x00000006869a3b80,0x0000000690580000)
  to   space 194560K, 0% used [0x00000006a4f00000,0x00000006a4f00000,0x00000006b0d00000)
 ParOldGen       total 1270272K, used 863567K [0x00000002c0000000, 0x000000030d880000, 0x0000000615580000)
  object space 1270272K, 67% used [0x00000002c0000000,0x00000002f4b53ed0,0x000000030d880000)
 Metaspace       used 36329K, capacity 38530K, committed 38784K, reserved 1083392K
  class space    used 4766K, capacity 5151K, committed 5248K, reserved 1048576K
Event: 81,627 GC heap after
Heap after GC invocations=30 (full 6):
 PSYoungGen      total 2314752K, used 168960K [0x0000000615580000, 0x00000006b1200000, 0x00000007c0000000)
  eden space 2120192K, 0% used [0x0000000615580000,0x0000000615580000,0x0000000696c00000)
  from space 194560K, 86% used [0x00000006a4f00000,0x00000006af400000,0x00000006b0d00000)
  to   space 216064K, 0% used [0x0000000696c00000,0x0000000696c00000,0x00000006a3f00000)
 ParOldGen       total 1270272K, used 863567K [0x00000002c0000000, 0x000000030d880000, 0x0000000615580000)
  object space 1270272K, 67% used [0x00000002c0000000,0x00000002f4b53ed0,0x000000030d880000)
 Metaspace       used 36329K, capacity 38530K, committed 38784K, reserved 1083392K
  class space    used 4766K, capacity 5151K, committed 5248K, reserved 1048576K
}
Event: 84,182 GC heap before
{Heap before GC invocations=31 (full 6):
 PSYoungGen      total 2314752K, used 2289152K [0x0000000615580000, 0x00000006b1200000, 0x00000007c0000000)
  eden space 2120192K, 100% used [0x0000000615580000,0x0000000696c00000,0x0000000696c00000)
  from space 194560K, 86% used [0x00000006a4f00000,0x00000006af400000,0x00000006b0d00000)
  to   space 216064K, 0% used [0x0000000696c00000,0x0000000696c00000,0x00000006a3f00000)
 ParOldGen       total 1270272K, used 863567K [0x00000002c0000000, 0x000000030d880000, 0x0000000615580000)
  object space 1270272K, 67% used [0x00000002c0000000,0x00000002f4b53ed0,0x000000030d880000)
 Metaspace       used 36440K, capacity 38690K, committed 39040K, reserved 1083392K
  class space    used 4779K, capacity 5183K, committed 5248K, reserved 1048576K
Event: 84,891 GC heap after
Heap after GC invocations=31 (full 6):
 PSYoungGen      total 2336256K, used 216064K [0x0000000615580000, 0x00000006cd280000, 0x00000007c0000000)
  eden space 2120192K, 0% used [0x0000000615580000,0x0000000615580000,0x0000000696c00000)
  from space 216064K, 100% used [0x0000000696c00000,0x00000006a3f00000,0x00000006a3f00000)
  to   space 286208K, 0% used [0x00000006bbb00000,0x00000006bbb00000,0x00000006cd280000)
 ParOldGen       total 1270272K, used 960186K [0x00000002c0000000, 0x000000030d880000, 0x0000000615580000)
  object space 1270272K, 75% used [0x00000002c0000000,0x00000002fa9aebd8,0x000000030d880000)
 Metaspace       used 36440K, capacity 38690K, committed 39040K, reserved 1083392K
  class space    used 4779K, capacity 5183K, committed 5248K, reserved 1048576K
}

