# JRE version: Java(TM) SE Runtime Environment (8.0_60-b27) (build 1.8.0_60-b27)
# Java VM: Java HotSpot(TM) 64-Bit Server VM (25.60-b23 mixed mode windows-amd64 compressed oops)
Heap:
 PSYoungGen      total 536576K, used 163840K [0x0000000615580000, 0x000000063d880000, 0x00000007c0000000)
  eden space 514048K, 31% used [0x0000000615580000,0x000000061f580010,0x0000000634b80000)
  from space 22528K, 0% used [0x0000000634b80000,0x0000000634b80000,0x0000000636180000)
  to   space 21504K, 0% used [0x000000063c380000,0x000000063c380000,0x000000063d880000)
 ParOldGen       total 1205760K, used 768777K [0x00000002c0000000, 0x0000000309980000, 0x0000000615580000)
  object space 1205760K, 63% used [0x00000002c0000000,0x00000002eeec2700,0x0000000309980000)
 Metaspace       used 25567K, capacity 27440K, committed 27648K, reserved 1073152K
  class space    used 3725K, capacity 4053K, committed 4096K, reserved 1048576K
GC Heap History (10 events):
Event: 122.132 GC heap before
{Heap before GC invocations=40 (full 8):
 PSYoungGen      total 474624K, used 447008K [0x0000000615580000, 0x0000000636e80000, 0x00000007c0000000)
  eden space 446976K, 100% used [0x0000000615580000,0x0000000630a00000,0x0000000630a00000)
  from space 27648K, 0% used [0x0000000630a00000,0x0000000630a08000,0x0000000632500000)
  to   space 26624K, 0% used [0x0000000635480000,0x0000000635480000,0x0000000636e80000)
 ParOldGen       total 958976K, used 604937K [0x00000002c0000000, 0x00000002fa880000, 0x0000000615580000)
  object space 958976K, 63% used [0x00000002c0000000,0x00000002e4ec26d0,0x00000002fa880000)
 Metaspace       used 25567K, capacity 27440K, committed 27648K, reserved 1073152K
  class space    used 3725K, capacity 4053K, committed 4096K, reserved 1048576K
Event: 122.137 GC heap after
Heap after GC invocations=40 (full 8):
 PSYoungGen      total 503808K, used 32K [0x0000000615580000, 0x0000000636380000, 0x00000007c0000000)
  eden space 488448K, 0% used [0x0000000615580000,0x0000000615580000,0x0000000633280000)
  from space 15360K, 0% used [0x0000000635480000,0x0000000635488000,0x0000000636380000)
  to   space 25088K, 0% used [0x0000000633280000,0x0000000633280000,0x0000000634b00000)
 ParOldGen       total 958976K, used 604937K [0x00000002c0000000, 0x00000002fa880000, 0x0000000615580000)
  object space 958976K, 63% used [0x00000002c0000000,0x00000002e4ec26d0,0x00000002fa880000)
 Metaspace       used 25567K, capacity 27440K, committed 27648K, reserved 1073152K
  class space    used 3725K, capacity 4053K, committed 4096K, reserved 1048576K
}
Event: 132.047 GC heap before
{Heap before GC invocations=41 (full 8):
 PSYoungGen      total 503808K, used 488480K [0x0000000615580000, 0x0000000636380000, 0x00000007c0000000)
  eden space 488448K, 100% used [0x0000000615580000,0x0000000633280000,0x0000000633280000)
  from space 15360K, 0% used [0x0000000635480000,0x0000000635488000,0x0000000636380000)
  to   space 25088K, 0% used [0x0000000633280000,0x0000000633280000,0x0000000634b00000)
 ParOldGen       total 958976K, used 604937K [0x00000002c0000000, 0x00000002fa880000, 0x0000000615580000)
  object space 958976K, 63% used [0x00000002c0000000,0x00000002e4ec26d0,0x00000002fa880000)
 Metaspace       used 25567K, capacity 27440K, committed 27648K, reserved 1073152K
  class space    used 3725K, capacity 4053K, committed 4096K, reserved 1048576K
Event: 132.053 GC heap after
Heap after GC invocations=41 (full 8):
 PSYoungGen      total 513536K, used 32K [0x0000000615580000, 0x0000000638000000, 0x00000007c0000000)
  eden space 488448K, 0% used [0x0000000615580000,0x0000000615580000,0x0000000633280000)
  from space 25088K, 0% used [0x0000000633280000,0x0000000633288000,0x0000000634b00000)
  to   space 24064K, 0% used [0x0000000636880000,0x0000000636880000,0x0000000638000000)
 ParOldGen       total 958976K, used 604937K [0x00000002c0000000, 0x00000002fa880000, 0x0000000615580000)
  object space 958976K, 63% used [0x00000002c0000000,0x00000002e4ec26d0,0x00000002fa880000)
 Metaspace       used 25567K, capacity 27440K, committed 27648K, reserved 1073152K
  class space    used 3725K, capacity 4053K, committed 4096K, reserved 1048576K
}
Event: 141.774 GC heap before
{Heap before GC invocations=42 (full 8):
 PSYoungGen      total 513536K, used 488480K [0x0000000615580000, 0x0000000638000000, 0x00000007c0000000)
  eden space 488448K, 100% used [0x0000000615580000,0x0000000633280000,0x0000000633280000)
  from space 25088K, 0% used [0x0000000633280000,0x0000000633288000,0x0000000634b00000)
  to   space 24064K, 0% used [0x0000000636880000,0x0000000636880000,0x0000000638000000)
 ParOldGen       total 958976K, used 604937K [0x00000002c0000000, 0x00000002fa880000, 0x0000000615580000)
  object space 958976K, 63% used [0x00000002c0000000,0x00000002e4ec26d0,0x00000002fa880000)
 Metaspace       used 25567K, capacity 27440K, committed 27648K, reserved 1073152K
  class space    used 3725K, capacity 4053K, committed 4096K, reserved 1048576K
Event: 141.779 GC heap after
Heap after GC invocations=42 (full 8):
 PSYoungGen      total 529408K, used 32K [0x0000000615580000, 0x0000000637780000, 0x00000007c0000000)
  eden space 514048K, 0% used [0x0000000615580000,0x0000000615580000,0x0000000634b80000)
  from space 15360K, 0% used [0x0000000636880000,0x0000000636888000,0x0000000637780000)
  to   space 22528K, 0% used [0x0000000634b80000,0x0000000634b80000,0x0000000636180000)
 ParOldGen       total 958976K, used 604937K [0x00000002c0000000, 0x00000002fa880000, 0x0000000615580000)
  object space 958976K, 63% used [0x00000002c0000000,0x00000002e4ec26d0,0x00000002fa880000)
 Metaspace       used 25567K, capacity 27440K, committed 27648K, reserved 1073152K
  class space    used 3725K, capacity 4053K, committed 4096K, reserved 1048576K
}
Event: 142.413 GC heap before
{Heap before GC invocations=43 (full 8):
 PSYoungGen      total 529408K, used 358394K [0x0000000615580000, 0x0000000637780000, 0x00000007c0000000)
  eden space 514048K, 69% used [0x0000000615580000,0x000000062b376a48,0x0000000634b80000)
  from space 15360K, 0% used [0x0000000636880000,0x0000000636888000,0x0000000637780000)
  to   space 22528K, 0% used [0x0000000634b80000,0x0000000634b80000,0x0000000636180000)
 ParOldGen       total 958976K, used 604937K [0x00000002c0000000, 0x00000002fa880000, 0x0000000615580000)
  object space 958976K, 63% used [0x00000002c0000000,0x00000002e4ec26d0,0x00000002fa880000)
 Metaspace       used 25567K, capacity 27440K, committed 27648K, reserved 1073152K
  class space    used 3725K, capacity 4053K, committed 4096K, reserved 1048576K
Event: 142.645 GC heap after
Heap after GC invocations=43 (full 8):
 PSYoungGen      total 536576K, used 32K [0x0000000615580000, 0x000000063d880000, 0x00000007c0000000)
  eden space 514048K, 0% used [0x0000000615580000,0x0000000615580000,0x0000000634b80000)
  from space 22528K, 0% used [0x0000000634b80000,0x0000000634b88000,0x0000000636180000)
  to   space 21504K, 0% used [0x000000063c380000,0x000000063c380000,0x000000063d880000)
 ParOldGen       total 958976K, used 932617K [0x00000002c0000000, 0x00000002fa880000, 0x0000000615580000)
  object space 958976K, 97% used [0x00000002c0000000,0x00000002f8ec26f0,0x00000002fa880000)
 Metaspace       used 25567K, capacity 27440K, committed 27648K, reserved 1073152K
  class space    used 3725K, capacity 4053K, committed 4096K, reserved 1048576K
}
Event: 142.645 GC heap before
{Heap before GC invocations=44 (full 9):
 PSYoungGen      total 536576K, used 32K [0x0000000615580000, 0x000000063d880000, 0x00000007c0000000)
  eden space 514048K, 0% used [0x0000000615580000,0x0000000615580000,0x0000000634b80000)
  from space 22528K, 0% used [0x0000000634b80000,0x0000000634b88000,0x0000000636180000)
  to   space 21504K, 0% used [0x000000063c380000,0x000000063c380000,0x000000063d880000)
 ParOldGen       total 958976K, used 932617K [0x00000002c0000000, 0x00000002fa880000, 0x0000000615580000)
  object space 958976K, 97% used [0x00000002c0000000,0x00000002f8ec26f0,0x00000002fa880000)
 Metaspace       used 25567K, capacity 27440K, committed 27648K, reserved 1073152K
  class space    used 3725K, capacity 4053K, committed 4096K, reserved 1048576K
Event: 143.014 GC heap after
Heap after GC invocations=44 (full 9):
 PSYoungGen      total 536576K, used 0K [0x0000000615580000, 0x000000063d880000, 0x00000007c0000000)
  eden space 514048K, 0% used [0x0000000615580000,0x0000000615580000,0x0000000634b80000)
  from space 22528K, 0% used [0x0000000634b80000,0x0000000634b80000,0x0000000636180000)
  to   space 21504K, 0% used [0x000000063c380000,0x000000063c380000,0x000000063d880000)
 ParOldGen       total 1205760K, used 768777K [0x00000002c0000000, 0x0000000309980000, 0x0000000615580000)
  object space 1205760K, 63% used [0x00000002c0000000,0x00000002eeec2700,0x0000000309980000)
 Metaspace       used 25567K, capacity 27440K, committed 27648K, reserved 1073152K
  class space    used 3725K, capacity 4053K, committed 4096K, reserved 1048576K
}

