# JRE version: Java(TM) SE Runtime Environment (8.0_102-b14) (build 1.8.0_102-b14)
# Java VM: Java HotSpot(TM) 64-Bit Server VM (25.102-b14 mixed mode linux-amd64 compressed oops)
Heap:
 PSYoungGen      total 268288K, used 29829K [0x0000000615580000, 0x0000000631500000, 0x00000007c0000000)
  eden space 258048K, 11% used [0x0000000615580000,0x00000006172a1620,0x0000000625180000)
  from space 10240K, 0% used [0x0000000625180000,0x0000000625180000,0x0000000625b80000)
  to   space 39936K, 0% used [0x000000062ee00000,0x000000062ee00000,0x0000000631500000)
 ParOldGen       total 577024K, used 418445K [0x00000002c0000000, 0x00000002e3380000, 0x0000000615580000)
  object space 577024K, 72% used [0x00000002c0000000,0x00000002d98a36d0,0x00000002e3380000)
 Metaspace       used 38024K, capacity 40286K, committed 40704K, reserved 1085440K
  class space    used 4896K, capacity 5303K, committed 5376K, reserved 1048576K
GC Heap History (10 events):
Event: 3,192 GC heap before
{Heap before GC invocations=3 (full 0):
 PSYoungGen      total 139264K, used 15272K [0x0000000615580000, 0x000000061e780000, 0x00000007c0000000)
  eden space 129024K, 3% used [0x0000000615580000,0x0000000615a72020,0x000000061d380000)
  from space 10240K, 99% used [0x000000061dd80000,0x000000061e778040,0x000000061e780000)
  to   space 10240K, 0% used [0x000000061d380000,0x000000061d380000,0x000000061dd80000)
 ParOldGen       total 171008K, used 1279K [0x00000002c0000000, 0x00000002ca700000, 0x0000000615580000)
  object space 171008K, 0% used [0x00000002c0000000,0x00000002c013ff88,0x00000002ca700000)
 Metaspace       used 20104K, capacity 21146K, committed 21296K, reserved 1067008K
  class space    used 2969K, capacity 3194K, committed 3200K, reserved 1048576K
Event: 3,230 GC heap after
Heap after GC invocations=3 (full 0):
 PSYoungGen      total 139264K, used 10208K [0x0000000615580000, 0x0000000626580000, 0x00000007c0000000)
  eden space 129024K, 0% used [0x0000000615580000,0x0000000615580000,0x000000061d380000)
  from space 10240K, 99% used [0x000000061d380000,0x000000061dd78080,0x000000061dd80000)
  to   space 10240K, 0% used [0x0000000625b80000,0x0000000625b80000,0x0000000626580000)
 ParOldGen       total 171008K, used 1998K [0x00000002c0000000, 0x00000002ca700000, 0x0000000615580000)
  object space 171008K, 1% used [0x00000002c0000000,0x00000002c01f39f0,0x00000002ca700000)
 Metaspace       used 20104K, capacity 21146K, committed 21296K, reserved 1067008K
  class space    used 2969K, capacity 3194K, committed 3200K, reserved 1048576K
}
Event: 3,230 GC heap before
{Heap before GC invocations=4 (full 1):
 PSYoungGen      total 139264K, used 10208K [0x0000000615580000, 0x0000000626580000, 0x00000007c0000000)
  eden space 129024K, 0% used [0x0000000615580000,0x0000000615580000,0x000000061d380000)
  from space 10240K, 99% used [0x000000061d380000,0x000000061dd78080,0x000000061dd80000)
  to   space 10240K, 0% used [0x0000000625b80000,0x0000000625b80000,0x0000000626580000)
 ParOldGen       total 171008K, used 1998K [0x00000002c0000000, 0x00000002ca700000, 0x0000000615580000)
  object space 171008K, 1% used [0x00000002c0000000,0x00000002c01f39f0,0x00000002ca700000)
 Metaspace       used 20104K, capacity 21146K, committed 21296K, reserved 1067008K
  class space    used 2969K, capacity 3194K, committed 3200K, reserved 1048576K
Event: 3,318 GC heap after
Heap after GC invocations=4 (full 1):
 PSYoungGen      total 139264K, used 0K [0x0000000615580000, 0x0000000626580000, 0x00000007c0000000)
  eden space 129024K, 0% used [0x0000000615580000,0x0000000615580000,0x000000061d380000)
  from space 10240K, 0% used [0x000000061d380000,0x000000061d380000,0x000000061dd80000)
  to   space 10240K, 0% used [0x0000000625b80000,0x0000000625b80000,0x0000000626580000)
 ParOldGen       total 91136K, used 11343K [0x00000002c0000000, 0x00000002c5900000, 0x0000000615580000)
  object space 91136K, 12% used [0x00000002c0000000,0x00000002c0b13f38,0x00000002c5900000)
 Metaspace       used 20104K, capacity 21146K, committed 21296K, reserved 1067008K
  class space    used 2969K, capacity 3194K, committed 3200K, reserved 1048576K
}
Event: 17,197 GC heap before
{Heap before GC invocations=5 (full 1):
 PSYoungGen      total 139264K, used 129024K [0x0000000615580000, 0x0000000626580000, 0x00000007c0000000)
  eden space 129024K, 100% used [0x0000000615580000,0x000000061d380000,0x000000061d380000)
  from space 10240K, 0% used [0x000000061d380000,0x000000061d380000,0x000000061dd80000)
  to   space 10240K, 0% used [0x0000000625b80000,0x0000000625b80000,0x0000000626580000)
 ParOldGen       total 91136K, used 11343K [0x00000002c0000000, 0x00000002c5900000, 0x0000000615580000)
  object space 91136K, 12% used [0x00000002c0000000,0x00000002c0b13f38,0x00000002c5900000)
 Metaspace       used 27297K, capacity 29342K, committed 29440K, reserved 1075200K
  class space    used 3918K, capacity 4296K, committed 4352K, reserved 1048576K
Event: 17,267 GC heap after
Heap after GC invocations=5 (full 1):
 PSYoungGen      total 235008K, used 10237K [0x0000000615580000, 0x0000000626580000, 0x00000007c0000000)
  eden space 224768K, 0% used [0x0000000615580000,0x0000000615580000,0x0000000623100000)
  from space 10240K, 99% used [0x0000000625b80000,0x000000062657f520,0x0000000626580000)
  to   space 10240K, 0% used [0x0000000625180000,0x0000000625180000,0x0000000625b80000)
 ParOldGen       total 91136K, used 44803K [0x00000002c0000000, 0x00000002c5900000, 0x0000000615580000)
  object space 91136K, 49% used [0x00000002c0000000,0x00000002c2bc0e18,0x00000002c5900000)
 Metaspace       used 27297K, capacity 29342K, committed 29440K, reserved 1075200K
  class space    used 3918K, capacity 4296K, committed 4352K, reserved 1048576K
}
Event: 39,819 GC heap before
{Heap before GC invocations=6 (full 1):
 PSYoungGen      total 235008K, used 162408K [0x0000000615580000, 0x0000000626580000, 0x00000007c0000000)
  eden space 224768K, 67% used [0x0000000615580000,0x000000061ea1ae08,0x0000000623100000)
  from space 10240K, 99% used [0x0000000625b80000,0x000000062657f520,0x0000000626580000)
  to   space 10240K, 0% used [0x0000000625180000,0x0000000625180000,0x0000000625b80000)
 ParOldGen       total 442880K, used 396389K [0x00000002c0000000, 0x00000002db080000, 0x0000000615580000)
  object space 442880K, 89% used [0x00000002c0000000,0x00000002d83195e8,0x00000002db080000)
 Metaspace       used 33086K, capacity 35295K, committed 35456K, reserved 1079296K
  class space    used 4526K, capacity 4921K, committed 4992K, reserved 1048576K
Event: 39,854 GC heap after
Heap after GC invocations=6 (full 1):
 PSYoungGen      total 268288K, used 10226K [0x0000000615580000, 0x0000000631500000, 0x00000007c0000000)
  eden space 258048K, 0% used [0x0000000615580000,0x0000000615580000,0x0000000625180000)
  from space 10240K, 99% used [0x0000000625180000,0x0000000625b7ca50,0x0000000625b80000)
  to   space 39936K, 0% used [0x000000062ee00000,0x000000062ee00000,0x0000000631500000)
 ParOldGen       total 442880K, used 412440K [0x00000002c0000000, 0x00000002db080000, 0x0000000615580000)
  object space 442880K, 93% used [0x00000002c0000000,0x00000002d92c63e0,0x00000002db080000)
 Metaspace       used 33086K, capacity 35295K, committed 35456K, reserved 1079296K
  class space    used 4526K, capacity 4921K, committed 4992K, reserved 1048576K
}
Event: 39,854 GC heap before
{Heap before GC invocations=7 (full 2):
 PSYoungGen      total 268288K, used 10226K [0x0000000615580000, 0x0000000631500000, 0x00000007c0000000)
  eden space 258048K, 0% used [0x0000000615580000,0x0000000615580000,0x0000000625180000)
  from space 10240K, 99% used [0x0000000625180000,0x0000000625b7ca50,0x0000000625b80000)
  to   space 39936K, 0% used [0x000000062ee00000,0x000000062ee00000,0x0000000631500000)
 ParOldGen       total 442880K, used 412440K [0x00000002c0000000, 0x00000002db080000, 0x0000000615580000)
  object space 442880K, 93% used [0x00000002c0000000,0x00000002d92c63e0,0x00000002db080000)
 Metaspace       used 33086K, capacity 35295K, committed 35456K, reserved 1079296K
  class space    used 4526K, capacity 4921K, committed 4992K, reserved 1048576K
Event: 40,415 GC heap after
Heap after GC invocations=7 (full 2):
 PSYoungGen      total 268288K, used 0K [0x0000000615580000, 0x0000000631500000, 0x00000007c0000000)
  eden space 258048K, 0% used [0x0000000615580000,0x0000000615580000,0x0000000625180000)
  from space 10240K, 0% used [0x0000000625180000,0x0000000625180000,0x0000000625b80000)
  to   space 39936K, 0% used [0x000000062ee00000,0x000000062ee00000,0x0000000631500000)
 ParOldGen       total 577024K, used 418445K [0x00000002c0000000, 0x00000002e3380000, 0x0000000615580000)
  object space 577024K, 72% used [0x00000002c0000000,0x00000002d98a36d0,0x00000002e3380000)
 Metaspace       used 33086K, capacity 35295K, committed 35456K, reserved 1079296K
  class space    used 4526K, capacity 4921K, committed 4992K, reserved 1048576K
}

