# JRE version: Java(TM) SE Runtime Environment (8.0_102-b14) (build 1.8.0_102-b14)
# Java VM: Java HotSpot(TM) 64-Bit Server VM (25.102-b14 mixed mode linux-amd64 compressed oops)
Heap:
 PSYoungGen      total 762368K, used 713216K [0x0000000615580000, 0x000000064b880000, 0x00000007c0000000)
  eden space 713216K, 100% used [0x0000000615580000,0x0000000640e00000,0x0000000640e00000)
  from space 49152K, 0% used [0x0000000643b80000,0x0000000643b80000,0x0000000646b80000)
  to   space 46592K, 92% used [0x0000000640e00000,0x00000006438330b0,0x0000000643b80000)
 ParOldGen       total 1763840K, used 962053K [0x00000002c0000000, 0x000000032ba80000, 0x0000000615580000)
  object space 1763840K, 54% used [0x00000002c0000000,0x00000002fab81650,0x000000032ba80000)
 Metaspace       used 38461K, capacity 40738K, committed 40960K, reserved 1085440K
  class space    used 4889K, capacity 5307K, committed 5376K, reserved 1048576K
GC Heap History (10 events):
Event: 106,937 GC heap after
Heap after GC invocations=27 (full 6):
 PSYoungGen      total 663040K, used 384K [0x0000000615580000, 0x0000000644f00000, 0x00000007c0000000)
  eden space 607232K, 0% used [0x0000000615580000,0x0000000615580000,0x000000063a680000)
  from space 55808K, 0% used [0x000000063a680000,0x000000063a6e0000,0x000000063dd00000)
  to   space 53760K, 0% used [0x0000000641a80000,0x0000000641a80000,0x0000000644f00000)
 ParOldGen       total 1339904K, used 716062K [0x00000002c0000000, 0x0000000311c80000, 0x0000000615580000)
  object space 1339904K, 53% used [0x00000002c0000000,0x00000002ebb479c0,0x0000000311c80000)
 Metaspace       used 28453K, capacity 30644K, committed 30848K, reserved 1075200K
  class space    used 4070K, capacity 4459K, committed 4480K, reserved 1048576K
}
Event: 113,391 GC heap before
{Heap before GC invocations=28 (full 6):
 PSYoungGen      total 663040K, used 607616K [0x0000000615580000, 0x0000000644f00000, 0x00000007c0000000)
  eden space 607232K, 100% used [0x0000000615580000,0x000000063a680000,0x000000063a680000)
  from space 55808K, 0% used [0x000000063a680000,0x000000063a6e0000,0x000000063dd00000)
  to   space 53760K, 0% used [0x0000000641a80000,0x0000000641a80000,0x0000000644f00000)
 ParOldGen       total 1339904K, used 716062K [0x00000002c0000000, 0x0000000311c80000, 0x0000000615580000)
  object space 1339904K, 53% used [0x00000002c0000000,0x00000002ebb479c0,0x0000000311c80000)
 Metaspace       used 28453K, capacity 30644K, committed 30848K, reserved 1075200K
  class space    used 4070K, capacity 4459K, committed 4480K, reserved 1048576K
Event: 113,397 GC heap after
Heap after GC invocations=28 (full 6):
 PSYoungGen      total 700416K, used 320K [0x0000000615580000, 0x0000000644080000, 0x00000007c0000000)
  eden space 661504K, 0% used [0x0000000615580000,0x0000000615580000,0x000000063db80000)
  from space 38912K, 0% used [0x0000000641a80000,0x0000000641ad0000,0x0000000644080000)
  to   space 51712K, 0% used [0x000000063db80000,0x000000063db80000,0x0000000640e00000)
 ParOldGen       total 1339904K, used 716062K [0x00000002c0000000, 0x0000000311c80000, 0x0000000615580000)
  object space 1339904K, 53% used [0x00000002c0000000,0x00000002ebb479c0,0x0000000311c80000)
 Metaspace       used 28453K, capacity 30644K, committed 30848K, reserved 1075200K
  class space    used 4070K, capacity 4459K, committed 4480K, reserved 1048576K
}
Event: 120,436 GC heap before
{Heap before GC invocations=29 (full 6):
 PSYoungGen      total 700416K, used 661824K [0x0000000615580000, 0x0000000644080000, 0x00000007c0000000)
  eden space 661504K, 100% used [0x0000000615580000,0x000000063db80000,0x000000063db80000)
  from space 38912K, 0% used [0x0000000641a80000,0x0000000641ad0000,0x0000000644080000)
  to   space 51712K, 0% used [0x000000063db80000,0x000000063db80000,0x0000000640e00000)
 ParOldGen       total 1339904K, used 716062K [0x00000002c0000000, 0x0000000311c80000, 0x0000000615580000)
  object space 1339904K, 53% used [0x00000002c0000000,0x00000002ebb479c0,0x0000000311c80000)
 Metaspace       used 28453K, capacity 30644K, committed 30848K, reserved 1075200K
  class space    used 4070K, capacity 4459K, committed 4480K, reserved 1048576K
Event: 120,443 GC heap after
Heap after GC invocations=29 (full 6):
 PSYoungGen      total 713216K, used 320K [0x0000000615580000, 0x0000000646b80000, 0x00000007c0000000)
  eden space 661504K, 0% used [0x0000000615580000,0x0000000615580000,0x000000063db80000)
  from space 51712K, 0% used [0x000000063db80000,0x000000063dbd0000,0x0000000640e00000)
  to   space 49152K, 0% used [0x0000000643b80000,0x0000000643b80000,0x0000000646b80000)
 ParOldGen       total 1339904K, used 716062K [0x00000002c0000000, 0x0000000311c80000, 0x0000000615580000)
  object space 1339904K, 53% used [0x00000002c0000000,0x00000002ebb479c0,0x0000000311c80000)
 Metaspace       used 28453K, capacity 30644K, committed 30848K, reserved 1075200K
  class space    used 4070K, capacity 4459K, committed 4480K, reserved 1048576K
}
Event: 121,689 GC heap before
{Heap before GC invocations=30 (full 6):
 PSYoungGen      total 713216K, used 610370K [0x0000000615580000, 0x0000000646b80000, 0x00000007c0000000)
  eden space 661504K, 92% used [0x0000000615580000,0x000000063a940ab0,0x000000063db80000)
  from space 51712K, 0% used [0x000000063db80000,0x000000063dbd0000,0x0000000640e00000)
  to   space 49152K, 0% used [0x0000000643b80000,0x0000000643b80000,0x0000000646b80000)
 ParOldGen       total 1339904K, used 716062K [0x00000002c0000000, 0x0000000311c80000, 0x0000000615580000)
  object space 1339904K, 53% used [0x00000002c0000000,0x00000002ebb479c0,0x0000000311c80000)
 Metaspace       used 28453K, capacity 30644K, committed 30848K, reserved 1075200K
  class space    used 4070K, capacity 4459K, committed 4480K, reserved 1048576K
Event: 121,766 GC heap after
Heap after GC invocations=30 (full 6):
 PSYoungGen      total 762368K, used 320K [0x0000000615580000, 0x000000064b880000, 0x00000007c0000000)
  eden space 713216K, 0% used [0x0000000615580000,0x0000000615580000,0x0000000640e00000)
  from space 49152K, 0% used [0x0000000643b80000,0x0000000643bd0000,0x0000000646b80000)
  to   space 46592K, 0% used [0x0000000640e00000,0x0000000640e00000,0x0000000643b80000)
 ParOldGen       total 1339904K, used 1207582K [0x00000002c0000000, 0x0000000311c80000, 0x0000000615580000)
  object space 1339904K, 90% used [0x00000002c0000000,0x0000000309b479f0,0x0000000311c80000)
 Metaspace       used 28453K, capacity 30644K, committed 30848K, reserved 1075200K
  class space    used 4070K, capacity 4459K, committed 4480K, reserved 1048576K
}
Event: 121,766 GC heap before
{Heap before GC invocations=31 (full 7):
 PSYoungGen      total 762368K, used 320K [0x0000000615580000, 0x000000064b880000, 0x00000007c0000000)
  eden space 713216K, 0% used [0x0000000615580000,0x0000000615580000,0x0000000640e00000)
  from space 49152K, 0% used [0x0000000643b80000,0x0000000643bd0000,0x0000000646b80000)
  to   space 46592K, 0% used [0x0000000640e00000,0x0000000640e00000,0x0000000643b80000)
 ParOldGen       total 1339904K, used 1207582K [0x00000002c0000000, 0x0000000311c80000, 0x0000000615580000)
  object space 1339904K, 90% used [0x00000002c0000000,0x0000000309b479f0,0x0000000311c80000)
 Metaspace       used 28453K, capacity 30644K, committed 30848K, reserved 1075200K
  class space    used 4070K, capacity 4459K, committed 4480K, reserved 1048576K
Event: 121,976 GC heap after
Heap after GC invocations=31 (full 7):
 PSYoungGen      total 762368K, used 0K [0x0000000615580000, 0x000000064b880000, 0x00000007c0000000)
  eden space 713216K, 0% used [0x0000000615580000,0x0000000615580000,0x0000000640e00000)
  from space 49152K, 0% used [0x0000000643b80000,0x0000000643b80000,0x0000000646b80000)
  to   space 46592K, 0% used [0x0000000640e00000,0x0000000640e00000,0x0000000643b80000)
 ParOldGen       total 1763840K, used 962045K [0x00000002c0000000, 0x000000032ba80000, 0x0000000615580000)
  object space 1763840K, 54% used [0x00000002c0000000,0x00000002fab7f650,0x000000032ba80000)
 Metaspace       used 28453K, capacity 30644K, committed 30848K, reserved 1075200K
  class space    used 4070K, capacity 4459K, committed 4480K, reserved 1048576K
}
Event: 322,084 GC heap before
{Heap before GC invocations=32 (full 7):
 PSYoungGen      total 762368K, used 713216K [0x0000000615580000, 0x000000064b880000, 0x00000007c0000000)
  eden space 713216K, 100% used [0x0000000615580000,0x0000000640e00000,0x0000000640e00000)
  from space 49152K, 0% used [0x0000000643b80000,0x0000000643b80000,0x0000000646b80000)
  to   space 46592K, 0% used [0x0000000640e00000,0x0000000640e00000,0x0000000643b80000)
 ParOldGen       total 1763840K, used 962045K [0x00000002c0000000, 0x000000032ba80000, 0x0000000615580000)
  object space 1763840K, 54% used [0x00000002c0000000,0x00000002fab7f650,0x000000032ba80000)
 Metaspace       used 38461K, capacity 40738K, committed 40960K, reserved 1085440K
  class space    used 4889K, capacity 5307K, committed 5376K, reserved 1048576K

