# JRE version: Java(TM) SE Runtime Environment (8.0_66-b17) (build 1.8.0_66-b17)
# Java VM: Java HotSpot(TM) 64-Bit Server VM (25.66-b17 mixed mode linux-amd64 compressed oops)
Heap:
 PSYoungGen      total 364544K, used 51636K [0x0000000680000000, 0x000000069ac00000, 0x00000007c0000000)
  eden space 322048K, 2% used [0x0000000680000000,0x00000006808ed308,0x0000000693a80000)
  from space 42496K, 99% used [0x0000000696400000,0x0000000698d7ffe0,0x0000000698d80000)
  to   space 42496K, 0% used [0x0000000693a80000,0x0000000693a80000,0x0000000696400000)
 ParOldGen       total 468992K, used 184006K [0x0000000400000000, 0x000000041ca00000, 0x0000000680000000)
  object space 468992K, 39% used [0x0000000400000000,0x000000040b3b1818,0x000000041ca00000)
 Metaspace       used 27181K, capacity 29333K, committed 29440K, reserved 1075200K
  class space    used 3871K, capacity 4274K, committed 4352K, reserved 1048576K
GC Heap History (10 events):
Event: 3,001 GC heap before
{Heap before GC invocations=1 (full 0):
 PSYoungGen      total 300544K, used 175475K [0x0000000680000000, 0x0000000694f00000, 0x00000007c0000000)
  eden space 258048K, 68% used [0x0000000680000000,0x000000068ab5cdf8,0x000000068fc00000)
  from space 42496K, 0% used [0x0000000692580000,0x0000000692580000,0x0000000694f00000)
  to   space 42496K, 0% used [0x000000068fc00000,0x000000068fc00000,0x0000000692580000)
 ParOldGen       total 687104K, used 0K [0x0000000400000000, 0x0000000429f00000, 0x0000000680000000)
  object space 687104K, 0% used [0x0000000400000000,0x0000000400000000,0x0000000429f00000)
 Metaspace       used 20210K, capacity 21243K, committed 21296K, reserved 1067008K
  class space    used 2977K, capacity 3200K, committed 3200K, reserved 1048576K
Event: 3,019 GC heap after
Heap after GC invocations=1 (full 0):
 PSYoungGen      total 300544K, used 14152K [0x0000000680000000, 0x0000000694f00000, 0x00000007c0000000)
  eden space 258048K, 0% used [0x0000000680000000,0x0000000680000000,0x000000068fc00000)
  from space 42496K, 33% used [0x000000068fc00000,0x00000006909d22d8,0x0000000692580000)
  to   space 42496K, 0% used [0x0000000692580000,0x0000000692580000,0x0000000694f00000)
 ParOldGen       total 687104K, used 96K [0x0000000400000000, 0x0000000429f00000, 0x0000000680000000)
  object space 687104K, 0% used [0x0000000400000000,0x0000000400018010,0x0000000429f00000)
 Metaspace       used 20210K, capacity 21243K, committed 21296K, reserved 1067008K
  class space    used 2977K, capacity 3200K, committed 3200K, reserved 1048576K
}
Event: 3,019 GC heap before
{Heap before GC invocations=2 (full 1):
 PSYoungGen      total 300544K, used 14152K [0x0000000680000000, 0x0000000694f00000, 0x00000007c0000000)
  eden space 258048K, 0% used [0x0000000680000000,0x0000000680000000,0x000000068fc00000)
  from space 42496K, 33% used [0x000000068fc00000,0x00000006909d22d8,0x0000000692580000)
  to   space 42496K, 0% used [0x0000000692580000,0x0000000692580000,0x0000000694f00000)
 ParOldGen       total 687104K, used 96K [0x0000000400000000, 0x0000000429f00000, 0x0000000680000000)
  object space 687104K, 0% used [0x0000000400000000,0x0000000400018010,0x0000000429f00000)
 Metaspace       used 20210K, capacity 21243K, committed 21296K, reserved 1067008K
  class space    used 2977K, capacity 3200K, committed 3200K, reserved 1048576K
Event: 3,071 GC heap after
Heap after GC invocations=2 (full 1):
 PSYoungGen      total 300544K, used 0K [0x0000000680000000, 0x0000000694f00000, 0x00000007c0000000)
  eden space 258048K, 0% used [0x0000000680000000,0x0000000680000000,0x000000068fc00000)
  from space 42496K, 0% used [0x000000068fc00000,0x000000068fc00000,0x0000000692580000)
  to   space 42496K, 0% used [0x0000000692580000,0x0000000692580000,0x0000000694f00000)
 ParOldGen       total 468992K, used 13943K [0x0000000400000000, 0x000000041ca00000, 0x0000000680000000)
  object space 468992K, 2% used [0x0000000400000000,0x0000000400d9de88,0x000000041ca00000)
 Metaspace       used 20210K, capacity 21243K, committed 21296K, reserved 1067008K
  class space    used 2977K, capacity 3200K, committed 3200K, reserved 1048576K
}
Event: 18,120 GC heap before
{Heap before GC invocations=3 (full 1):
 PSYoungGen      total 300544K, used 256606K [0x0000000680000000, 0x0000000694f00000, 0x00000007c0000000)
  eden space 258048K, 99% used [0x0000000680000000,0x000000068fa978d8,0x000000068fc00000)
  from space 42496K, 0% used [0x000000068fc00000,0x000000068fc00000,0x0000000692580000)
  to   space 42496K, 0% used [0x0000000692580000,0x0000000692580000,0x0000000694f00000)
 ParOldGen       total 468992K, used 13943K [0x0000000400000000, 0x000000041ca00000, 0x0000000680000000)
  object space 468992K, 2% used [0x0000000400000000,0x0000000400d9de88,0x000000041ca00000)
 Metaspace       used 26882K, capacity 28977K, committed 29184K, reserved 1075200K
  class space    used 3869K, capacity 4242K, committed 4352K, reserved 1048576K
Event: 18,145 GC heap after
Heap after GC invocations=3 (full 1):
 PSYoungGen      total 300544K, used 39997K [0x0000000680000000, 0x0000000697a80000, 0x00000007c0000000)
  eden space 258048K, 0% used [0x0000000680000000,0x0000000680000000,0x000000068fc00000)
  from space 42496K, 94% used [0x0000000692580000,0x0000000694c8f580,0x0000000694f00000)
  to   space 42496K, 0% used [0x000000068fc00000,0x000000068fc00000,0x0000000692580000)
 ParOldGen       total 468992K, used 13951K [0x0000000400000000, 0x000000041ca00000, 0x0000000680000000)
  object space 468992K, 2% used [0x0000000400000000,0x0000000400d9fe88,0x000000041ca00000)
 Metaspace       used 26882K, capacity 28977K, committed 29184K, reserved 1075200K
  class space    used 3869K, capacity 4242K, committed 4352K, reserved 1048576K
}
Event: 20,961 GC heap before
{Heap before GC invocations=4 (full 1):
 PSYoungGen      total 300544K, used 298045K [0x0000000680000000, 0x0000000697a80000, 0x00000007c0000000)
  eden space 258048K, 100% used [0x0000000680000000,0x000000068fc00000,0x000000068fc00000)
  from space 42496K, 94% used [0x0000000692580000,0x0000000694c8f580,0x0000000694f00000)
  to   space 42496K, 0% used [0x000000068fc00000,0x000000068fc00000,0x0000000692580000)
 ParOldGen       total 468992K, used 13951K [0x0000000400000000, 0x000000041ca00000, 0x0000000680000000)
  object space 468992K, 2% used [0x0000000400000000,0x0000000400d9fe88,0x000000041ca00000)
 Metaspace       used 27097K, capacity 29269K, committed 29440K, reserved 1075200K
  class space    used 3871K, capacity 4274K, committed 4352K, reserved 1048576K
Event: 20,989 GC heap after
Heap after GC invocations=4 (full 1):
 PSYoungGen      total 300544K, used 41040K [0x0000000680000000, 0x0000000698d80000, 0x00000007c0000000)
  eden space 258048K, 0% used [0x0000000680000000,0x0000000680000000,0x000000068fc00000)
  from space 42496K, 96% used [0x000000068fc00000,0x0000000692414000,0x0000000692580000)
  to   space 42496K, 0% used [0x0000000696400000,0x0000000696400000,0x0000000698d80000)
 ParOldGen       total 468992K, used 65159K [0x0000000400000000, 0x000000041ca00000, 0x0000000680000000)
  object space 468992K, 13% used [0x0000000400000000,0x0000000403fa1ed8,0x000000041ca00000)
 Metaspace       used 27097K, capacity 29269K, committed 29440K, reserved 1075200K
  class space    used 3871K, capacity 4274K, committed 4352K, reserved 1048576K
}
Event: 22,907 GC heap before
{Heap before GC invocations=5 (full 1):
 PSYoungGen      total 300544K, used 299088K [0x0000000680000000, 0x0000000698d80000, 0x00000007c0000000)
  eden space 258048K, 100% used [0x0000000680000000,0x000000068fc00000,0x000000068fc00000)
  from space 42496K, 96% used [0x000000068fc00000,0x0000000692414000,0x0000000692580000)
  to   space 42496K, 0% used [0x0000000696400000,0x0000000696400000,0x0000000698d80000)
 ParOldGen       total 468992K, used 65159K [0x0000000400000000, 0x000000041ca00000, 0x0000000680000000)
  object space 468992K, 13% used [0x0000000400000000,0x0000000403fa1ed8,0x000000041ca00000)
 Metaspace       used 27170K, capacity 29333K, committed 29440K, reserved 1075200K
  class space    used 3871K, capacity 4274K, committed 4352K, reserved 1048576K
Event: 22,953 GC heap after
Heap after GC invocations=5 (full 1):
 PSYoungGen      total 364544K, used 42495K [0x0000000680000000, 0x000000069ac00000, 0x00000007c0000000)
  eden space 322048K, 0% used [0x0000000680000000,0x0000000680000000,0x0000000693a80000)
  from space 42496K, 99% used [0x0000000696400000,0x0000000698d7ffe0,0x0000000698d80000)
  to   space 42496K, 0% used [0x0000000693a80000,0x0000000693a80000,0x0000000696400000)
 ParOldGen       total 468992K, used 184006K [0x0000000400000000, 0x000000041ca00000, 0x0000000680000000)
  object space 468992K, 39% used [0x0000000400000000,0x000000040b3b1818,0x000000041ca00000)
 Metaspace       used 27170K, capacity 29333K, committed 29440K, reserved 1075200K
  class space    used 3871K, capacity 4274K, committed 4352K, reserved 1048576K
}

