# JRE version: Java(TM) SE Runtime Environment (8.0_60-b27) (build 1.8.0_60-b27)
# Java VM: Java HotSpot(TM) 64-Bit Server VM (25.60-b23 mixed mode linux-amd64 compressed oops)
Heap:
 PSYoungGen      total 1374720K, used 621563K [0x0000000615580000, 0x0000000673180000, 0x00000007c0000000)
  eden space 1273856K, 40% used [0x0000000615580000,0x00000006351ff8b8,0x0000000663180000)
  from space 100864K, 99% used [0x000000066a600000,0x000000067087f568,0x0000000670880000)
  to   space 119296K, 0% used [0x0000000663180000,0x0000000663180000,0x000000066a600000)
 ParOldGen       total 847872K, used 87273K [0x00000002c0000000, 0x00000002f3c00000, 0x0000000615580000)
  object space 847872K, 10% used [0x00000002c0000000,0x00000002c553a6b0,0x00000002f3c00000)
 Metaspace       used 37059K, capacity 39090K, committed 39552K, reserved 1083392K
  class space    used 4766K, capacity 5145K, committed 5248K, reserved 1048576K
GC Heap History (10 events):
Event: 21,454 GC heap before
{Heap before GC invocations=6 (full 2):
 PSYoungGen      total 300544K, used 274733K [0x0000000615580000, 0x0000000631e80000, 0x00000007c0000000)
  eden space 258048K, 100% used [0x0000000615580000,0x0000000625180000,0x0000000625180000)
  from space 42496K, 39% used [0x0000000625180000,0x00000006261cb6d8,0x0000000627b00000)
  to   space 42496K, 0% used [0x000000062f500000,0x000000062f500000,0x0000000631e80000)
 ParOldGen       total 847872K, used 35582K [0x00000002c0000000, 0x00000002f3c00000, 0x0000000615580000)
  object space 847872K, 4% used [0x00000002c0000000,0x00000002c22bf8a0,0x00000002f3c00000)
 Metaspace       used 34726K, capacity 36704K, committed 36992K, reserved 1081344K
  class space    used 4543K, capacity 4908K, committed 4992K, reserved 1048576K
Event: 21,478 GC heap after
Heap after GC invocations=6 (full 2):
 PSYoungGen      total 425472K, used 32153K [0x0000000615580000, 0x0000000636400000, 0x00000007c0000000)
  eden space 382976K, 0% used [0x0000000615580000,0x0000000615580000,0x000000062cb80000)
  from space 42496K, 75% used [0x000000062f500000,0x00000006314667a8,0x0000000631e80000)
  to   space 42496K, 0% used [0x000000062cb80000,0x000000062cb80000,0x000000062f500000)
 ParOldGen       total 847872K, used 35590K [0x00000002c0000000, 0x00000002f3c00000, 0x0000000615580000)
  object space 847872K, 4% used [0x00000002c0000000,0x00000002c22c18a0,0x00000002f3c00000)
 Metaspace       used 34726K, capacity 36704K, committed 36992K, reserved 1081344K
  class space    used 4543K, capacity 4908K, committed 4992K, reserved 1048576K
}
Event: 21,912 GC heap before
{Heap before GC invocations=7 (full 2):
 PSYoungGen      total 425472K, used 415129K [0x0000000615580000, 0x0000000636400000, 0x00000007c0000000)
  eden space 382976K, 100% used [0x0000000615580000,0x000000062cb80000,0x000000062cb80000)
  from space 42496K, 75% used [0x000000062f500000,0x00000006314667a8,0x0000000631e80000)
  to   space 42496K, 0% used [0x000000062cb80000,0x000000062cb80000,0x000000062f500000)
 ParOldGen       total 847872K, used 35590K [0x00000002c0000000, 0x00000002f3c00000, 0x0000000615580000)
  object space 847872K, 4% used [0x00000002c0000000,0x00000002c22c18a0,0x00000002f3c00000)
 Metaspace       used 34761K, capacity 36704K, committed 36992K, reserved 1081344K
  class space    used 4543K, capacity 4908K, committed 4992K, reserved 1048576K
Event: 21,955 GC heap after
Heap after GC invocations=7 (full 2):
 PSYoungGen      total 425472K, used 42478K [0x0000000615580000, 0x0000000647280000, 0x00000007c0000000)
  eden space 382976K, 0% used [0x0000000615580000,0x0000000615580000,0x000000062cb80000)
  from space 42496K, 99% used [0x000000062cb80000,0x000000062f4fbb68,0x000000062f500000)
  to   space 56320K, 0% used [0x0000000643b80000,0x0000000643b80000,0x0000000647280000)
 ParOldGen       total 847872K, used 49286K [0x00000002c0000000, 0x00000002f3c00000, 0x0000000615580000)
  object space 847872K, 5% used [0x00000002c0000000,0x00000002c30218a0,0x00000002f3c00000)
 Metaspace       used 34761K, capacity 36704K, committed 36992K, reserved 1081344K
  class space    used 4543K, capacity 4908K, committed 4992K, reserved 1048576K
}
Event: 22,374 GC heap before
{Heap before GC invocations=8 (full 2):
 PSYoungGen      total 425472K, used 425454K [0x0000000615580000, 0x0000000647280000, 0x00000007c0000000)
  eden space 382976K, 100% used [0x0000000615580000,0x000000062cb80000,0x000000062cb80000)
  from space 42496K, 99% used [0x000000062cb80000,0x000000062f4fbb68,0x000000062f500000)
  to   space 56320K, 0% used [0x0000000643b80000,0x0000000643b80000,0x0000000647280000)
 ParOldGen       total 847872K, used 49286K [0x00000002c0000000, 0x00000002f3c00000, 0x0000000615580000)
  object space 847872K, 5% used [0x00000002c0000000,0x00000002c30218a0,0x00000002f3c00000)
 Metaspace       used 34779K, capacity 36704K, committed 36992K, reserved 1081344K
  class space    used 4543K, capacity 4908K, committed 4992K, reserved 1048576K
Event: 22,421 GC heap after
Heap after GC invocations=8 (full 2):
 PSYoungGen      total 742400K, used 56318K [0x0000000615580000, 0x000000064a200000, 0x00000007c0000000)
  eden space 686080K, 0% used [0x0000000615580000,0x0000000615580000,0x000000063f380000)
  from space 56320K, 99% used [0x0000000643b80000,0x000000064727f8f8,0x0000000647280000)
  to   space 73728K, 0% used [0x000000063f380000,0x000000063f380000,0x0000000643b80000)
 ParOldGen       total 847872K, used 60094K [0x00000002c0000000, 0x00000002f3c00000, 0x0000000615580000)
  object space 847872K, 7% used [0x00000002c0000000,0x00000002c3aaf8a0,0x00000002f3c00000)
 Metaspace       used 34779K, capacity 36704K, committed 36992K, reserved 1081344K
  class space    used 4543K, capacity 4908K, committed 4992K, reserved 1048576K
}
Event: 23,237 GC heap before
{Heap before GC invocations=9 (full 2):
 PSYoungGen      total 742400K, used 742398K [0x0000000615580000, 0x000000064a200000, 0x00000007c0000000)
  eden space 686080K, 100% used [0x0000000615580000,0x000000063f380000,0x000000063f380000)
  from space 56320K, 99% used [0x0000000643b80000,0x000000064727f8f8,0x0000000647280000)
  to   space 73728K, 0% used [0x000000063f380000,0x000000063f380000,0x0000000643b80000)
 ParOldGen       total 847872K, used 60094K [0x00000002c0000000, 0x00000002f3c00000, 0x0000000615580000)
  object space 847872K, 7% used [0x00000002c0000000,0x00000002c3aaf8a0,0x00000002f3c00000)
 Metaspace       used 34836K, capacity 36772K, committed 37248K, reserved 1081344K
  class space    used 4543K, capacity 4908K, committed 4992K, reserved 1048576K
Event: 23,309 GC heap after
Heap after GC invocations=9 (full 2):
 PSYoungGen      total 759808K, used 73709K [0x0000000615580000, 0x0000000670880000, 0x00000007c0000000)
  eden space 686080K, 0% used [0x0000000615580000,0x0000000615580000,0x000000063f380000)
  from space 73728K, 99% used [0x000000063f380000,0x0000000643b7b578,0x0000000643b80000)
  to   space 100864K, 0% used [0x000000066a600000,0x000000066a600000,0x0000000670880000)
 ParOldGen       total 847872K, used 86614K [0x00000002c0000000, 0x00000002f3c00000, 0x0000000615580000)
  object space 847872K, 10% used [0x00000002c0000000,0x00000002c54958a0,0x00000002f3c00000)
 Metaspace       used 34836K, capacity 36772K, committed 37248K, reserved 1081344K
  class space    used 4543K, capacity 4908K, committed 4992K, reserved 1048576K
}
Event: 24,110 GC heap before
{Heap before GC invocations=10 (full 2):
 PSYoungGen      total 759808K, used 759789K [0x0000000615580000, 0x0000000670880000, 0x00000007c0000000)
  eden space 686080K, 100% used [0x0000000615580000,0x000000063f380000,0x000000063f380000)
  from space 73728K, 99% used [0x000000063f380000,0x0000000643b7b578,0x0000000643b80000)
  to   space 100864K, 0% used [0x000000066a600000,0x000000066a600000,0x0000000670880000)
 ParOldGen       total 847872K, used 86614K [0x00000002c0000000, 0x00000002f3c00000, 0x0000000615580000)
  object space 847872K, 10% used [0x00000002c0000000,0x00000002c54958a0,0x00000002f3c00000)
 Metaspace       used 34969K, capacity 36836K, committed 37248K, reserved 1081344K
  class space    used 4556K, capacity 4908K, committed 4992K, reserved 1048576K
Event: 24,182 GC heap after
Heap after GC invocations=10 (full 2):
 PSYoungGen      total 1374720K, used 100861K [0x0000000615580000, 0x0000000673180000, 0x00000007c0000000)
  eden space 1273856K, 0% used [0x0000000615580000,0x0000000615580000,0x0000000663180000)
  from space 100864K, 99% used [0x000000066a600000,0x000000067087f568,0x0000000670880000)
  to   space 119296K, 0% used [0x0000000663180000,0x0000000663180000,0x000000066a600000)
 ParOldGen       total 847872K, used 87273K [0x00000002c0000000, 0x00000002f3c00000, 0x0000000615580000)
  object space 847872K, 10% used [0x00000002c0000000,0x00000002c553a6b0,0x00000002f3c00000)
 Metaspace       used 34969K, capacity 36836K, committed 37248K, reserved 1081344K
  class space    used 4556K, capacity 4908K, committed 4992K, reserved 1048576K
}

