# JRE version: Java(TM) SE Runtime Environment (8.0_66-b17) (build 1.8.0_66-b17)
# Java VM: Java HotSpot(TM) 64-Bit Server VM (25.66-b17 mixed mode linux-amd64 compressed oops)
Heap:
 PSYoungGen      total 4583936K, used 2184112K [0x0000000680000000, 0x00000007bd180000, 0x00000007c0000000)
  eden space 4018176K, 54% used [0x0000000680000000,0x00000007054ec2e0,0x0000000775400000)
  from space 565760K, 0% used [0x0000000775400000,0x0000000775400000,0x0000000797c80000)
  to   space 543744K, 0% used [0x000000079be80000,0x000000079be80000,0x00000007bd180000)
 ParOldGen       total 3617792K, used 2436780K [0x0000000400000000, 0x00000004dcd00000, 0x0000000680000000)
  object space 3617792K, 67% used [0x0000000400000000,0x0000000494bab3d0,0x00000004dcd00000)
 Metaspace       used 36008K, capacity 38193K, committed 38400K, reserved 1083392K
  class space    used 4710K, capacity 5078K, committed 5120K, reserved 1048576K
GC Heap History (10 events):
Event: 471,414 GC heap before
{Heap before GC invocations=306 (full 4):
 PSYoungGen      total 4070912K, used 4070820K [0x0000000680000000, 0x00000007bc280000, 0x00000007c0000000)
  eden space 3906048K, 100% used [0x0000000680000000,0x000000076e680000,0x000000076e680000)
  from space 164864K, 99% used [0x000000076e680000,0x00000007787692f0,0x0000000778780000)
  to   space 636928K, 0% used [0x0000000795480000,0x0000000795480000,0x00000007bc280000)
 ParOldGen       total 2484224K, used 1679990K [0x0000000400000000, 0x0000000497a00000, 0x0000000680000000)
  object space 2484224K, 67% used [0x0000000400000000,0x000000046689da58,0x0000000497a00000)
 Metaspace       used 35983K, capacity 38065K, committed 38400K, reserved 1083392K
  class space    used 4710K, capacity 5078K, committed 5120K, reserved 1048576K
Event: 471,712 GC heap after
Heap after GC invocations=306 (full 4):
 PSYoungGen      total 4558336K, used 142496K [0x0000000680000000, 0x00000007c0000000, 0x00000007c0000000)
  eden space 3921408K, 0% used [0x0000000680000000,0x0000000680000000,0x000000076f580000)
  from space 636928K, 22% used [0x0000000795480000,0x000000079dfa8000,0x00000007bc280000)
  to   space 621568K, 0% used [0x000000076f580000,0x000000076f580000,0x0000000795480000)
 ParOldGen       total 2484224K, used 1845499K [0x0000000400000000, 0x0000000497a00000, 0x0000000680000000)
  object space 2484224K, 74% used [0x0000000400000000,0x0000000470a3ed48,0x0000000497a00000)
 Metaspace       used 35983K, capacity 38065K, committed 38400K, reserved 1083392K
  class space    used 4710K, capacity 5078K, committed 5120K, reserved 1048576K
}
Event: 475,493 GC heap before
{Heap before GC invocations=307 (full 4):
 PSYoungGen      total 4558336K, used 4063904K [0x0000000680000000, 0x00000007c0000000, 0x00000007c0000000)
  eden space 3921408K, 100% used [0x0000000680000000,0x000000076f580000,0x000000076f580000)
  from space 636928K, 22% used [0x0000000795480000,0x000000079dfa8000,0x00000007bc280000)
  to   space 621568K, 0% used [0x000000076f580000,0x000000076f580000,0x0000000795480000)
 ParOldGen       total 2484224K, used 1845499K [0x0000000400000000, 0x0000000497a00000, 0x0000000680000000)
  object space 2484224K, 74% used [0x0000000400000000,0x0000000470a3ed48,0x0000000497a00000)
 Metaspace       used 35983K, capacity 38065K, committed 38400K, reserved 1083392K
  class space    used 4710K, capacity 5078K, committed 5120K, reserved 1048576K
Event: 475,868 GC heap after
Heap after GC invocations=307 (full 4):
 PSYoungGen      total 4542976K, used 170263K [0x0000000680000000, 0x00000007bc600000, 0x00000007c0000000)
  eden space 3921408K, 0% used [0x0000000680000000,0x0000000680000000,0x000000076f580000)
  from space 621568K, 27% used [0x000000076f580000,0x0000000779bc5c60,0x0000000795480000)
  to   space 599552K, 0% used [0x0000000797c80000,0x0000000797c80000,0x00000007bc600000)
 ParOldGen       total 2484224K, used 1988731K [0x0000000400000000, 0x0000000497a00000, 0x0000000680000000)
  object space 2484224K, 80% used [0x0000000400000000,0x000000047961ed48,0x0000000497a00000)
 Metaspace       used 35983K, capacity 38065K, committed 38400K, reserved 1083392K
  class space    used 4710K, capacity 5078K, committed 5120K, reserved 1048576K
}
Event: 479,467 GC heap before
{Heap before GC invocations=308 (full 4):
 PSYoungGen      total 4542976K, used 4091671K [0x0000000680000000, 0x00000007bc600000, 0x00000007c0000000)
  eden space 3921408K, 100% used [0x0000000680000000,0x000000076f580000,0x000000076f580000)
  from space 621568K, 27% used [0x000000076f580000,0x0000000779bc5c60,0x0000000795480000)
  to   space 599552K, 0% used [0x0000000797c80000,0x0000000797c80000,0x00000007bc600000)
 ParOldGen       total 2484224K, used 1988731K [0x0000000400000000, 0x0000000497a00000, 0x0000000680000000)
  object space 2484224K, 80% used [0x0000000400000000,0x000000047961ed48,0x0000000497a00000)
 Metaspace       used 35983K, capacity 38065K, committed 38400K, reserved 1083392K
  class space    used 4710K, capacity 5078K, committed 5120K, reserved 1048576K
Event: 479,870 GC heap after
Heap after GC invocations=308 (full 4):
 PSYoungGen      total 4587520K, used 250837K [0x0000000680000000, 0x00000007ba880000, 0x00000007c0000000)
  eden space 4018176K, 0% used [0x0000000680000000,0x0000000680000000,0x0000000775400000)
  from space 569344K, 44% used [0x0000000797c80000,0x00000007a71757a0,0x00000007ba880000)
  to   space 565760K, 0% used [0x0000000775400000,0x0000000775400000,0x0000000797c80000)
 ParOldGen       total 2484224K, used 2159682K [0x0000000400000000, 0x0000000497a00000, 0x0000000680000000)
  object space 2484224K, 86% used [0x0000000400000000,0x0000000483d109a8,0x0000000497a00000)
 Metaspace       used 35983K, capacity 38065K, committed 38400K, reserved 1083392K
  class space    used 4710K, capacity 5078K, committed 5120K, reserved 1048576K
}
Event: 483,663 GC heap before
{Heap before GC invocations=309 (full 4):
 PSYoungGen      total 4587520K, used 4269013K [0x0000000680000000, 0x00000007ba880000, 0x00000007c0000000)
  eden space 4018176K, 100% used [0x0000000680000000,0x0000000775400000,0x0000000775400000)
  from space 569344K, 44% used [0x0000000797c80000,0x00000007a71757a0,0x00000007ba880000)
  to   space 565760K, 0% used [0x0000000775400000,0x0000000775400000,0x0000000797c80000)
 ParOldGen       total 2484224K, used 2159682K [0x0000000400000000, 0x0000000497a00000, 0x0000000680000000)
  object space 2484224K, 86% used [0x0000000400000000,0x0000000483d109a8,0x0000000497a00000)
 Metaspace       used 36004K, capacity 38193K, committed 38400K, reserved 1083392K
  class space    used 4710K, capacity 5078K, committed 5120K, reserved 1048576K
Event: 484,037 GC heap after
Heap after GC invocations=309 (full 4):
 PSYoungGen      total 4583936K, used 189314K [0x0000000680000000, 0x00000007bd180000, 0x00000007c0000000)
  eden space 4018176K, 0% used [0x0000000680000000,0x0000000680000000,0x0000000775400000)
  from space 565760K, 33% used [0x0000000775400000,0x0000000780ce0a88,0x0000000797c80000)
  to   space 543744K, 0% used [0x000000079be80000,0x000000079be80000,0x00000007bd180000)
 ParOldGen       total 2484224K, used 2411184K [0x0000000400000000, 0x0000000497a00000, 0x0000000680000000)
  object space 2484224K, 97% used [0x0000000400000000,0x00000004932ac148,0x0000000497a00000)
 Metaspace       used 36004K, capacity 38193K, committed 38400K, reserved 1083392K
  class space    used 4710K, capacity 5078K, committed 5120K, reserved 1048576K
}
Event: 484,037 GC heap before
{Heap before GC invocations=310 (full 5):
 PSYoungGen      total 4583936K, used 189314K [0x0000000680000000, 0x00000007bd180000, 0x00000007c0000000)
  eden space 4018176K, 0% used [0x0000000680000000,0x0000000680000000,0x0000000775400000)
  from space 565760K, 33% used [0x0000000775400000,0x0000000780ce0a88,0x0000000797c80000)
  to   space 543744K, 0% used [0x000000079be80000,0x000000079be80000,0x00000007bd180000)
 ParOldGen       total 2484224K, used 2411184K [0x0000000400000000, 0x0000000497a00000, 0x0000000680000000)
  object space 2484224K, 97% used [0x0000000400000000,0x00000004932ac148,0x0000000497a00000)
 Metaspace       used 36004K, capacity 38193K, committed 38400K, reserved 1083392K
  class space    used 4710K, capacity 5078K, committed 5120K, reserved 1048576K
Event: 487,337 GC heap after
Heap after GC invocations=310 (full 5):
 PSYoungGen      total 4583936K, used 0K [0x0000000680000000, 0x00000007bd180000, 0x00000007c0000000)
  eden space 4018176K, 0% used [0x0000000680000000,0x0000000680000000,0x0000000775400000)
  from space 565760K, 0% used [0x0000000775400000,0x0000000775400000,0x0000000797c80000)
  to   space 543744K, 0% used [0x000000079be80000,0x000000079be80000,0x00000007bd180000)
 ParOldGen       total 3617792K, used 2436780K [0x0000000400000000, 0x00000004dcd00000, 0x0000000680000000)
  object space 3617792K, 67% used [0x0000000400000000,0x0000000494bab3d0,0x00000004dcd00000)
 Metaspace       used 36004K, capacity 38193K, committed 38400K, reserved 1083392K
  class space    used 4710K, capacity 5078K, committed 5120K, reserved 1048576K
}

