# JRE version: Java(TM) SE Runtime Environment (8.0_66-b17) (build 1.8.0_66-b17)
# Java VM: Java HotSpot(TM) 64-Bit Server VM (25.66-b17 mixed mode linux-amd64 compressed oops)
Heap:
 PSYoungGen      total 5030400K, used 2883820K [0x0000000680000000, 0x00000007c0000000, 0x00000007c0000000)
  eden space 4846080K, 56% used [0x0000000680000000,0x000000072610f680,0x00000007a7c80000)
  from space 184320K, 88% used [0x00000007a7c80000,0x00000007b1babd58,0x00000007b3080000)
  to   space 212480K, 0% used [0x00000007b3080000,0x00000007b3080000,0x00000007c0000000)
 ParOldGen       total 2581504K, used 1513206K [0x0000000400000000, 0x000000049d900000, 0x0000000680000000)
  object space 2581504K, 58% used [0x0000000400000000,0x000000045c5bda98,0x000000049d900000)
 Metaspace       used 29327K, capacity 31586K, committed 31744K, reserved 1077248K
  class space    used 4108K, capacity 4506K, committed 4608K, reserved 1048576K
GC Heap History (10 events):
Event: 207,925 GC heap before
{Heap before GC invocations=16 (full 2):
 PSYoungGen      total 4252160K, used 4035384K [0x0000000680000000, 0x00000007c0000000, 0x00000007c0000000)
  eden space 4032512K, 100% used [0x0000000680000000,0x0000000776200000,0x0000000776200000)
  from space 219648K, 1% used [0x0000000776200000,0x00000007764ce0f8,0x0000000783880000)
  to   space 211456K, 0% used [0x00000007b3180000,0x00000007b3180000,0x00000007c0000000)
 ParOldGen       total 1076736K, used 654817K [0x0000000400000000, 0x0000000441b80000, 0x0000000680000000)
  object space 1076736K, 60% used [0x0000000400000000,0x0000000427f78600,0x0000000441b80000)
 Metaspace       used 28344K, capacity 30520K, committed 30848K, reserved 1075200K
  class space    used 4012K, capacity 4409K, committed 4480K, reserved 1048576K
Event: 207,934 GC heap after
Heap after GC invocations=16 (full 2):
 PSYoungGen      total 4997632K, used 2613K [0x0000000680000000, 0x00000007be700000, 0x00000007c0000000)
  eden space 4811776K, 0% used [0x0000000680000000,0x0000000680000000,0x00000007a5b00000)
  from space 185856K, 1% used [0x00000007b3180000,0x00000007b340d7b0,0x00000007be700000)
  to   space 202752K, 0% used [0x00000007a5b00000,0x00000007a5b00000,0x00000007b2100000)
 ParOldGen       total 1076736K, used 654873K [0x0000000400000000, 0x0000000441b80000, 0x0000000680000000)
  object space 1076736K, 60% used [0x0000000400000000,0x0000000427f86600,0x0000000441b80000)
 Metaspace       used 28344K, capacity 30520K, committed 30848K, reserved 1075200K
  class space    used 4012K, capacity 4409K, committed 4480K, reserved 1048576K
}
Event: 221,540 GC heap before
{Heap before GC invocations=17 (full 2):
 PSYoungGen      total 4997632K, used 4814389K [0x0000000680000000, 0x00000007be700000, 0x00000007c0000000)
  eden space 4811776K, 100% used [0x0000000680000000,0x00000007a5b00000,0x00000007a5b00000)
  from space 185856K, 1% used [0x00000007b3180000,0x00000007b340d7b0,0x00000007be700000)
  to   space 202752K, 0% used [0x00000007a5b00000,0x00000007a5b00000,0x00000007b2100000)
 ParOldGen       total 1076736K, used 654873K [0x0000000400000000, 0x0000000441b80000, 0x0000000680000000)
  object space 1076736K, 60% used [0x0000000400000000,0x0000000427f86600,0x0000000441b80000)
 Metaspace       used 28345K, capacity 30520K, committed 30848K, reserved 1075200K
  class space    used 4012K, capacity 4409K, committed 4480K, reserved 1048576K
Event: 221,550 GC heap after
Heap after GC invocations=17 (full 2):
 PSYoungGen      total 5014528K, used 3052K [0x0000000680000000, 0x00000007bff80000, 0x00000007c0000000)
  eden space 4811776K, 0% used [0x0000000680000000,0x0000000680000000,0x00000007a5b00000)
  from space 202752K, 1% used [0x00000007a5b00000,0x00000007a5dfb1c8,0x00000007b2100000)
  to   space 194048K, 0% used [0x00000007b4200000,0x00000007b4200000,0x00000007bff80000)
 ParOldGen       total 1076736K, used 654889K [0x0000000400000000, 0x0000000441b80000, 0x0000000680000000)
  object space 1076736K, 60% used [0x0000000400000000,0x0000000427f8a600,0x0000000441b80000)
 Metaspace       used 28345K, capacity 30520K, committed 30848K, reserved 1075200K
  class space    used 4012K, capacity 4409K, committed 4480K, reserved 1048576K
}
Event: 236,111 GC heap before
{Heap before GC invocations=18 (full 2):
 PSYoungGen      total 5014528K, used 4814828K [0x0000000680000000, 0x00000007bff80000, 0x00000007c0000000)
  eden space 4811776K, 100% used [0x0000000680000000,0x00000007a5b00000,0x00000007a5b00000)
  from space 202752K, 1% used [0x00000007a5b00000,0x00000007a5dfb1c8,0x00000007b2100000)
  to   space 194048K, 0% used [0x00000007b4200000,0x00000007b4200000,0x00000007bff80000)
 ParOldGen       total 1076736K, used 654889K [0x0000000400000000, 0x0000000441b80000, 0x0000000680000000)
  object space 1076736K, 60% used [0x0000000400000000,0x0000000427f8a600,0x0000000441b80000)
 Metaspace       used 28345K, capacity 30520K, committed 30848K, reserved 1075200K
  class space    used 4012K, capacity 4409K, committed 4480K, reserved 1048576K
Event: 236,119 GC heap after
Heap after GC invocations=18 (full 2):
 PSYoungGen      total 5012480K, used 3093K [0x0000000680000000, 0x00000007be480000, 0x00000007c0000000)
  eden space 4846080K, 0% used [0x0000000680000000,0x0000000680000000,0x00000007a7c80000)
  from space 166400K, 1% used [0x00000007b4200000,0x00000007b45057f8,0x00000007be480000)
  to   space 184320K, 0% used [0x00000007a7c80000,0x00000007a7c80000,0x00000007b3080000)
 ParOldGen       total 1076736K, used 654929K [0x0000000400000000, 0x0000000441b80000, 0x0000000680000000)
  object space 1076736K, 60% used [0x0000000400000000,0x0000000427f94600,0x0000000441b80000)
 Metaspace       used 28345K, capacity 30520K, committed 30848K, reserved 1075200K
  class space    used 4012K, capacity 4409K, committed 4480K, reserved 1048576K
}
Event: 252,677 GC heap before
{Heap before GC invocations=19 (full 2):
 PSYoungGen      total 5012480K, used 4849173K [0x0000000680000000, 0x00000007be480000, 0x00000007c0000000)
  eden space 4846080K, 100% used [0x0000000680000000,0x00000007a7c80000,0x00000007a7c80000)
  from space 166400K, 1% used [0x00000007b4200000,0x00000007b45057f8,0x00000007be480000)
  to   space 184320K, 0% used [0x00000007a7c80000,0x00000007a7c80000,0x00000007b3080000)
 ParOldGen       total 1076736K, used 654929K [0x0000000400000000, 0x0000000441b80000, 0x0000000680000000)
  object space 1076736K, 60% used [0x0000000400000000,0x0000000427f94600,0x0000000441b80000)
 Metaspace       used 29315K, capacity 31522K, committed 31744K, reserved 1077248K
  class space    used 4108K, capacity 4506K, committed 4608K, reserved 1048576K
Event: 253,090 GC heap after
Heap after GC invocations=19 (full 2):
 PSYoungGen      total 5030400K, used 184316K [0x0000000680000000, 0x00000007c0000000, 0x00000007c0000000)
  eden space 4846080K, 0% used [0x0000000680000000,0x0000000680000000,0x00000007a7c80000)
  from space 184320K, 99% used [0x00000007a7c80000,0x00000007b307f140,0x00000007b3080000)
  to   space 212480K, 0% used [0x00000007b3080000,0x00000007b3080000,0x00000007c0000000)
 ParOldGen       total 1513472K, used 1513055K [0x0000000400000000, 0x000000045c600000, 0x0000000680000000)
  object space 1513472K, 99% used [0x0000000400000000,0x000000045c597f58,0x000000045c600000)
 Metaspace       used 29315K, capacity 31522K, committed 31744K, reserved 1077248K
  class space    used 4108K, capacity 4506K, committed 4608K, reserved 1048576K
}
Event: 253,090 GC heap before
{Heap before GC invocations=20 (full 3):
 PSYoungGen      total 5030400K, used 184316K [0x0000000680000000, 0x00000007c0000000, 0x00000007c0000000)
  eden space 4846080K, 0% used [0x0000000680000000,0x0000000680000000,0x00000007a7c80000)
  from space 184320K, 99% used [0x00000007a7c80000,0x00000007b307f140,0x00000007b3080000)
  to   space 212480K, 0% used [0x00000007b3080000,0x00000007b3080000,0x00000007c0000000)
 ParOldGen       total 1513472K, used 1513055K [0x0000000400000000, 0x000000045c600000, 0x0000000680000000)
  object space 1513472K, 99% used [0x0000000400000000,0x000000045c597f58,0x000000045c600000)
 Metaspace       used 29315K, capacity 31522K, committed 31744K, reserved 1077248K
  class space    used 4108K, capacity 4506K, committed 4608K, reserved 1048576K
Event: 254,377 GC heap after
Heap after GC invocations=20 (full 3):
 PSYoungGen      total 5030400K, used 162991K [0x0000000680000000, 0x00000007c0000000, 0x00000007c0000000)
  eden space 4846080K, 0% used [0x0000000680000000,0x0000000680000000,0x00000007a7c80000)
  from space 184320K, 88% used [0x00000007a7c80000,0x00000007b1babd58,0x00000007b3080000)
  to   space 212480K, 0% used [0x00000007b3080000,0x00000007b3080000,0x00000007c0000000)
 ParOldGen       total 2581504K, used 1513206K [0x0000000400000000, 0x000000049d900000, 0x0000000680000000)
  object space 2581504K, 58% used [0x0000000400000000,0x000000045c5bda98,0x000000049d900000)
 Metaspace       used 29315K, capacity 31522K, committed 31744K, reserved 1077248K
  class space    used 4108K, capacity 4506K, committed 4608K, reserved 1048576K
}

