# JRE version: Java(TM) SE Runtime Environment (8.0_66-b17) (build 1.8.0_66-b17)
# Java VM: Java HotSpot(TM) 64-Bit Server VM (25.66-b17 mixed mode linux-amd64 compressed oops)
Heap:
 PSYoungGen      total 2728448K, used 1769768K [0x0000000680000000, 0x0000000767300000, 0x00000007c0000000)
  eden space 2057216K, 55% used [0x0000000680000000,0x00000006c527cae8,0x00000006fd900000)
  from space 671232K, 94% used [0x000000072d080000,0x0000000753e4d818,0x0000000756000000)
  to   space 777728K, 0% used [0x00000006fd900000,0x00000006fd900000,0x000000072d080000)
 ParOldGen       total 1307136K, used 1062905K [0x0000000400000000, 0x000000044fc80000, 0x0000000680000000)
  object space 1307136K, 81% used [0x0000000400000000,0x0000000440dfe7d0,0x000000044fc80000)
 Metaspace       used 29571K, capacity 31735K, committed 32000K, reserved 1077248K
  class space    used 4147K, capacity 4540K, committed 4608K, reserved 1048576K
GC Heap History (10 events):
Event: 115,327 GC heap before
{Heap before GC invocations=14 (full 2):
 PSYoungGen      total 1122816K, used 1044992K [0x0000000680000000, 0x00000006e8780000, 0x00000007c0000000)
  eden space 1044992K, 100% used [0x0000000680000000,0x00000006bfc80000,0x00000006bfc80000)
  from space 77824K, 0% used [0x00000006bfc80000,0x00000006bfc80000,0x00000006c4880000)
  to   space 196096K, 0% used [0x00000006dc800000,0x00000006dc800000,0x00000006e8780000)
 ParOldGen       total 1307136K, used 460580K [0x0000000400000000, 0x000000044fc80000, 0x0000000680000000)
  object space 1307136K, 35% used [0x0000000400000000,0x000000041c1c9328,0x000000044fc80000)
 Metaspace       used 28731K, capacity 30904K, committed 31104K, reserved 1075200K
  class space    used 4056K, capacity 4463K, committed 4480K, reserved 1048576K
Event: 115,715 GC heap after
Heap after GC invocations=14 (full 2):
 PSYoungGen      total 1413632K, used 196066K [0x0000000680000000, 0x00000006f7700000, 0x00000007c0000000)
  eden space 1217536K, 0% used [0x0000000680000000,0x0000000680000000,0x00000006ca500000)
  from space 196096K, 99% used [0x00000006dc800000,0x00000006e8778a88,0x00000006e8780000)
  to   space 297984K, 0% used [0x00000006ca500000,0x00000006ca500000,0x00000006dc800000)
 ParOldGen       total 1307136K, used 647588K [0x0000000400000000, 0x000000044fc80000, 0x0000000680000000)
  object space 1307136K, 49% used [0x0000000400000000,0x0000000427869328,0x000000044fc80000)
 Metaspace       used 28731K, capacity 30904K, committed 31104K, reserved 1075200K
  class space    used 4056K, capacity 4463K, committed 4480K, reserved 1048576K
}
Event: 138,110 GC heap before
{Heap before GC invocations=15 (full 2):
 PSYoungGen      total 1413632K, used 1413602K [0x0000000680000000, 0x00000006f7700000, 0x00000007c0000000)
  eden space 1217536K, 100% used [0x0000000680000000,0x00000006ca500000,0x00000006ca500000)
  from space 196096K, 99% used [0x00000006dc800000,0x00000006e8778a88,0x00000006e8780000)
  to   space 297984K, 0% used [0x00000006ca500000,0x00000006ca500000,0x00000006dc800000)
 ParOldGen       total 1307136K, used 647588K [0x0000000400000000, 0x000000044fc80000, 0x0000000680000000)
  object space 1307136K, 49% used [0x0000000400000000,0x0000000427869328,0x000000044fc80000)
 Metaspace       used 29131K, capacity 31366K, committed 31488K, reserved 1077248K
  class space    used 4121K, capacity 4540K, committed 4608K, reserved 1048576K
Event: 138,743 GC heap after
Heap after GC invocations=15 (full 2):
 PSYoungGen      total 1515520K, used 297975K [0x0000000680000000, 0x000000071bb80000, 0x00000007c0000000)
  eden space 1217536K, 0% used [0x0000000680000000,0x0000000680000000,0x00000006ca500000)
  from space 297984K, 99% used [0x00000006ca500000,0x00000006dc7fdfd8,0x00000006dc800000)
  to   space 466432K, 0% used [0x00000006ff400000,0x00000006ff400000,0x000000071bb80000)
 ParOldGen       total 1307136K, used 961785K [0x0000000400000000, 0x000000044fc80000, 0x0000000680000000)
  object space 1307136K, 73% used [0x0000000400000000,0x000000043ab3e7c0,0x000000044fc80000)
 Metaspace       used 29131K, capacity 31366K, committed 31488K, reserved 1077248K
  class space    used 4121K, capacity 4540K, committed 4608K, reserved 1048576K
}
Event: 147,847 GC heap before
{Heap before GC invocations=16 (full 2):
 PSYoungGen      total 1515520K, used 1515511K [0x0000000680000000, 0x000000071bb80000, 0x00000007c0000000)
  eden space 1217536K, 100% used [0x0000000680000000,0x00000006ca500000,0x00000006ca500000)
  from space 297984K, 99% used [0x00000006ca500000,0x00000006dc7fdfd8,0x00000006dc800000)
  to   space 466432K, 0% used [0x00000006ff400000,0x00000006ff400000,0x000000071bb80000)
 ParOldGen       total 1307136K, used 961785K [0x0000000400000000, 0x000000044fc80000, 0x0000000680000000)
  object space 1307136K, 73% used [0x0000000400000000,0x000000043ab3e7c0,0x000000044fc80000)
 Metaspace       used 29141K, capacity 31366K, committed 31488K, reserved 1077248K
  class space    used 4121K, capacity 4540K, committed 4608K, reserved 1048576K
Event: 148,316 GC heap after
Heap after GC invocations=16 (full 2):
 PSYoungGen      total 1975808K, used 466422K [0x0000000680000000, 0x000000072cc80000, 0x00000007c0000000)
  eden space 1509376K, 0% used [0x0000000680000000,0x0000000680000000,0x00000006dc200000)
  from space 466432K, 99% used [0x00000006ff400000,0x000000071bb7d9c0,0x000000071bb80000)
  to   space 575488K, 0% used [0x00000006dc200000,0x00000006dc200000,0x00000006ff400000)
 ParOldGen       total 1307136K, used 1030177K [0x0000000400000000, 0x000000044fc80000, 0x0000000680000000)
  object space 1307136K, 78% used [0x0000000400000000,0x000000043ee087c0,0x000000044fc80000)
 Metaspace       used 29141K, capacity 31366K, committed 31488K, reserved 1077248K
  class space    used 4121K, capacity 4540K, committed 4608K, reserved 1048576K
}
Event: 153,405 GC heap before
{Heap before GC invocations=17 (full 2):
 PSYoungGen      total 1975808K, used 1975798K [0x0000000680000000, 0x000000072cc80000, 0x00000007c0000000)
  eden space 1509376K, 100% used [0x0000000680000000,0x00000006dc200000,0x00000006dc200000)
  from space 466432K, 99% used [0x00000006ff400000,0x000000071bb7d9c0,0x000000071bb80000)
  to   space 575488K, 0% used [0x00000006dc200000,0x00000006dc200000,0x00000006ff400000)
 ParOldGen       total 1307136K, used 1030177K [0x0000000400000000, 0x000000044fc80000, 0x0000000680000000)
  object space 1307136K, 78% used [0x0000000400000000,0x000000043ee087c0,0x000000044fc80000)
 Metaspace       used 29142K, capacity 31366K, committed 31488K, reserved 1077248K
  class space    used 4121K, capacity 4540K, committed 4608K, reserved 1048576K
Event: 153,843 GC heap after
Heap after GC invocations=17 (full 2):
 PSYoungGen      total 2084864K, used 555267K [0x0000000680000000, 0x0000000756000000, 0x00000007c0000000)
  eden space 1509376K, 0% used [0x0000000680000000,0x0000000680000000,0x00000006dc200000)
  from space 575488K, 96% used [0x00000006dc200000,0x00000006fe040fb8,0x00000006ff400000)
  to   space 671232K, 0% used [0x000000072d080000,0x000000072d080000,0x0000000756000000)
 ParOldGen       total 1307136K, used 1030177K [0x0000000400000000, 0x000000044fc80000, 0x0000000680000000)
  object space 1307136K, 78% used [0x0000000400000000,0x000000043ee087c0,0x000000044fc80000)
 Metaspace       used 29142K, capacity 31366K, committed 31488K, reserved 1077248K
  class space    used 4121K, capacity 4540K, committed 4608K, reserved 1048576K
}
Event: 158,186 GC heap before
{Heap before GC invocations=18 (full 2):
 PSYoungGen      total 2084864K, used 2064643K [0x0000000680000000, 0x0000000756000000, 0x00000007c0000000)
  eden space 1509376K, 100% used [0x0000000680000000,0x00000006dc200000,0x00000006dc200000)
  from space 575488K, 96% used [0x00000006dc200000,0x00000006fe040fb8,0x00000006ff400000)
  to   space 671232K, 0% used [0x000000072d080000,0x000000072d080000,0x0000000756000000)
 ParOldGen       total 1307136K, used 1030177K [0x0000000400000000, 0x000000044fc80000, 0x0000000680000000)
  object space 1307136K, 78% used [0x0000000400000000,0x000000043ee087c0,0x000000044fc80000)
 Metaspace       used 29142K, capacity 31366K, committed 31488K, reserved 1077248K
  class space    used 4121K, capacity 4540K, committed 4608K, reserved 1048576K
Event: 158,782 GC heap after
Heap after GC invocations=18 (full 2):
 PSYoungGen      total 2728448K, used 636726K [0x0000000680000000, 0x0000000767300000, 0x00000007c0000000)
  eden space 2057216K, 0% used [0x0000000680000000,0x0000000680000000,0x00000006fd900000)
  from space 671232K, 94% used [0x000000072d080000,0x0000000753e4d818,0x0000000756000000)
  to   space 777728K, 0% used [0x00000006fd900000,0x00000006fd900000,0x000000072d080000)
 ParOldGen       total 1307136K, used 1062905K [0x0000000400000000, 0x000000044fc80000, 0x0000000680000000)
  object space 1307136K, 81% used [0x0000000400000000,0x0000000440dfe7d0,0x000000044fc80000)
 Metaspace       used 29142K, capacity 31366K, committed 31488K, reserved 1077248K
  class space    used 4121K, capacity 4540K, committed 4608K, reserved 1048576K
}

