# JRE version: Java(TM) SE Runtime Environment (8.0_40-b26) (build 1.8.0_40-b26)
# Java VM: Java HotSpot(TM) 64-Bit Server VM (25.40-b25 mixed mode linux-amd64 compressed oops)
Heap:
 PSYoungGen      total 315904K, used 282624K [0x00000000eab00000, 0x0000000100000000, 0x0000000100000000)
  eden space 282624K, 100% used [0x00000000eab00000,0x00000000fbf00000,0x00000000fbf00000)
  from space 33280K, 0% used [0x00000000fbf00000,0x00000000fbf00000,0x00000000fdf80000)
  to   space 33280K, 0% used [0x00000000fdf80000,0x00000000fdf80000,0x0000000100000000)
 ParOldGen       total 699392K, used 699238K [0x00000000c0000000, 0x00000000eab00000, 0x00000000eab00000)
  object space 699392K, 99% used [0x00000000c0000000,0x00000000eaad9830,0x00000000eab00000)
 Metaspace       used 23037K, capacity 23354K, committed 23552K, reserved 1071104K
  class space    used 2631K, capacity 2707K, committed 2816K, reserved 1048576K
GC Heap History (10 events):
Event: 138,178 GC heap before
{Heap before GC invocations=284 (full 189):
 PSYoungGen      total 315904K, used 282624K [0x00000000eab00000, 0x0000000100000000, 0x0000000100000000)
  eden space 282624K, 100% used [0x00000000eab00000,0x00000000fbf00000,0x00000000fbf00000)
  from space 33280K, 0% used [0x00000000fbf00000,0x00000000fbf00000,0x00000000fdf80000)
  to   space 33280K, 0% used [0x00000000fdf80000,0x00000000fdf80000,0x0000000100000000)
 ParOldGen       total 699392K, used 699238K [0x00000000c0000000, 0x00000000eab00000, 0x00000000eab00000)
  object space 699392K, 99% used [0x00000000c0000000,0x00000000eaad9830,0x00000000eab00000)
 Metaspace       used 23037K, capacity 23354K, committed 23552K, reserved 1071104K
  class space    used 2631K, capacity 2707K, committed 2816K, reserved 1048576K
Event: 138,476 GC heap after
Heap after GC invocations=284 (full 189):
 PSYoungGen      total 315904K, used 282623K [0x00000000eab00000, 0x0000000100000000, 0x0000000100000000)
  eden space 282624K, 99% used [0x00000000eab00000,0x00000000fbeffce0,0x00000000fbf00000)
  from space 33280K, 0% used [0x00000000fbf00000,0x00000000fbf00000,0x00000000fdf80000)
  to   space 33280K, 0% used [0x00000000fdf80000,0x00000000fdf80000,0x0000000100000000)
 ParOldGen       total 699392K, used 699238K [0x00000000c0000000, 0x00000000eab00000, 0x00000000eab00000)
  object space 699392K, 99% used [0x00000000c0000000,0x00000000eaad9830,0x00000000eab00000)
 Metaspace       used 23037K, capacity 23354K, committed 23552K, reserved 1071104K
  class space    used 2631K, capacity 2707K, committed 2816K, reserved 1048576K
}
Event: 138,476 GC heap before
{Heap before GC invocations=285 (full 190):
 PSYoungGen      total 315904K, used 282624K [0x00000000eab00000, 0x0000000100000000, 0x0000000100000000)
  eden space 282624K, 100% used [0x00000000eab00000,0x00000000fbf00000,0x00000000fbf00000)
  from space 33280K, 0% used [0x00000000fbf00000,0x00000000fbf00000,0x00000000fdf80000)
  to   space 33280K, 0% used [0x00000000fdf80000,0x00000000fdf80000,0x0000000100000000)
 ParOldGen       total 699392K, used 699238K [0x00000000c0000000, 0x00000000eab00000, 0x00000000eab00000)
  object space 699392K, 99% used [0x00000000c0000000,0x00000000eaad9830,0x00000000eab00000)
 Metaspace       used 23037K, capacity 23354K, committed 23552K, reserved 1071104K
  class space    used 2631K, capacity 2707K, committed 2816K, reserved 1048576K
Event: 138,754 GC heap after
Heap after GC invocations=285 (full 190):
 PSYoungGen      total 315904K, used 282623K [0x00000000eab00000, 0x0000000100000000, 0x0000000100000000)
  eden space 282624K, 99% used [0x00000000eab00000,0x00000000fbeffd98,0x00000000fbf00000)
  from space 33280K, 0% used [0x00000000fbf00000,0x00000000fbf00000,0x00000000fdf80000)
  to   space 33280K, 0% used [0x00000000fdf80000,0x00000000fdf80000,0x0000000100000000)
 ParOldGen       total 699392K, used 699238K [0x00000000c0000000, 0x00000000eab00000, 0x00000000eab00000)
  object space 699392K, 99% used [0x00000000c0000000,0x00000000eaad9830,0x00000000eab00000)
 Metaspace       used 23037K, capacity 23354K, committed 23552K, reserved 1071104K
  class space    used 2631K, capacity 2707K, committed 2816K, reserved 1048576K
}
Event: 138,754 GC heap before
{Heap before GC invocations=286 (full 191):
 PSYoungGen      total 315904K, used 282624K [0x00000000eab00000, 0x0000000100000000, 0x0000000100000000)
  eden space 282624K, 100% used [0x00000000eab00000,0x00000000fbf00000,0x00000000fbf00000)
  from space 33280K, 0% used [0x00000000fbf00000,0x00000000fbf00000,0x00000000fdf80000)
  to   space 33280K, 0% used [0x00000000fdf80000,0x00000000fdf80000,0x0000000100000000)
 ParOldGen       total 699392K, used 699238K [0x00000000c0000000, 0x00000000eab00000, 0x00000000eab00000)
  object space 699392K, 99% used [0x00000000c0000000,0x00000000eaad9830,0x00000000eab00000)
 Metaspace       used 23037K, capacity 23354K, committed 23552K, reserved 1071104K
  class space    used 2631K, capacity 2707K, committed 2816K, reserved 1048576K
Event: 139,038 GC heap after
Heap after GC invocations=286 (full 191):
 PSYoungGen      total 315904K, used 282623K [0x00000000eab00000, 0x0000000100000000, 0x0000000100000000)
  eden space 282624K, 99% used [0x00000000eab00000,0x00000000fbeffd88,0x00000000fbf00000)
  from space 33280K, 0% used [0x00000000fbf00000,0x00000000fbf00000,0x00000000fdf80000)
  to   space 33280K, 0% used [0x00000000fdf80000,0x00000000fdf80000,0x0000000100000000)
 ParOldGen       total 699392K, used 699238K [0x00000000c0000000, 0x00000000eab00000, 0x00000000eab00000)
  object space 699392K, 99% used [0x00000000c0000000,0x00000000eaad9830,0x00000000eab00000)
 Metaspace       used 23037K, capacity 23354K, committed 23552K, reserved 1071104K
  class space    used 2631K, capacity 2707K, committed 2816K, reserved 1048576K
}
Event: 139,038 GC heap before
{Heap before GC invocations=287 (full 192):
 PSYoungGen      total 315904K, used 282624K [0x00000000eab00000, 0x0000000100000000, 0x0000000100000000)
  eden space 282624K, 100% used [0x00000000eab00000,0x00000000fbf00000,0x00000000fbf00000)
  from space 33280K, 0% used [0x00000000fbf00000,0x00000000fbf00000,0x00000000fdf80000)
  to   space 33280K, 0% used [0x00000000fdf80000,0x00000000fdf80000,0x0000000100000000)
 ParOldGen       total 699392K, used 699238K [0x00000000c0000000, 0x00000000eab00000, 0x00000000eab00000)
  object space 699392K, 99% used [0x00000000c0000000,0x00000000eaad9830,0x00000000eab00000)
 Metaspace       used 23037K, capacity 23354K, committed 23552K, reserved 1071104K
  class space    used 2631K, capacity 2707K, committed 2816K, reserved 1048576K
Event: 139,343 GC heap after
Heap after GC invocations=287 (full 192):
 PSYoungGen      total 315904K, used 282623K [0x00000000eab00000, 0x0000000100000000, 0x0000000100000000)
  eden space 282624K, 99% used [0x00000000eab00000,0x00000000fbeffe88,0x00000000fbf00000)
  from space 33280K, 0% used [0x00000000fbf00000,0x00000000fbf00000,0x00000000fdf80000)
  to   space 33280K, 0% used [0x00000000fdf80000,0x00000000fdf80000,0x0000000100000000)
 ParOldGen       total 699392K, used 699238K [0x00000000c0000000, 0x00000000eab00000, 0x00000000eab00000)
  object space 699392K, 99% used [0x00000000c0000000,0x00000000eaad9830,0x00000000eab00000)
 Metaspace       used 23037K, capacity 23354K, committed 23552K, reserved 1071104K
  class space    used 2631K, capacity 2707K, committed 2816K, reserved 1048576K
}
Event: 139,344 GC heap before
{Heap before GC invocations=288 (full 193):
 PSYoungGen      total 315904K, used 282624K [0x00000000eab00000, 0x0000000100000000, 0x0000000100000000)
  eden space 282624K, 100% used [0x00000000eab00000,0x00000000fbf00000,0x00000000fbf00000)
  from space 33280K, 0% used [0x00000000fbf00000,0x00000000fbf00000,0x00000000fdf80000)
  to   space 33280K, 0% used [0x00000000fdf80000,0x00000000fdf80000,0x0000000100000000)
 ParOldGen       total 699392K, used 699238K [0x00000000c0000000, 0x00000000eab00000, 0x00000000eab00000)
  object space 699392K, 99% used [0x00000000c0000000,0x00000000eaad9830,0x00000000eab00000)
 Metaspace       used 23037K, capacity 23354K, committed 23552K, reserved 1071104K
  class space    used 2631K, capacity 2707K, committed 2816K, reserved 1048576K
Event: 139,635 GC heap after
Heap after GC invocations=288 (full 193):
 PSYoungGen      total 315904K, used 282623K [0x00000000eab00000, 0x0000000100000000, 0x0000000100000000)
  eden space 282624K, 99% used [0x00000000eab00000,0x00000000fbeffdf0,0x00000000fbf00000)
  from space 33280K, 0% used [0x00000000fbf00000,0x00000000fbf00000,0x00000000fdf80000)
  to   space 33280K, 0% used [0x00000000fdf80000,0x00000000fdf80000,0x0000000100000000)
 ParOldGen       total 699392K, used 699238K [0x00000000c0000000, 0x00000000eab00000, 0x00000000eab00000)
  object space 699392K, 99% used [0x00000000c0000000,0x00000000eaad9830,0x00000000eab00000)
 Metaspace       used 23037K, capacity 23354K, committed 23552K, reserved 1071104K
  class space    used 2631K, capacity 2707K, committed 2816K, reserved 1048576K
}

