# JRE version: Java(TM) SE Runtime Environment (7.0_67-b01) (build 1.7.0_67-b01)
# Java VM: Java HotSpot(TM) 64-Bit Server VM (24.65-b04 mixed mode windows-amd64 compressed oops)
Heap
 PSYoungGen      total 116224K, used 56567K [0x0000000655500000, 0x0000000663f80000, 0x0000000800000000)
  eden space 60416K, 1% used [0x0000000655500000,0x00000006555c2c28,0x0000000659000000)
  from space 55808K, 99% used [0x0000000659000000,0x000000065c67b030,0x000000065c680000)
  to   space 71680K, 0% used [0x000000065f980000,0x000000065f980000,0x0000000663f80000)
 ParOldGen       total 261632K, used 95525K [0x0000000300000000, 0x000000030ff80000, 0x0000000655500000)
  object space 261632K, 36% used [0x0000000300000000,0x0000000305d49748,0x000000030ff80000)
 PSPermGen       total 21504K, used 19701K [0x00000002fae00000, 0x00000002fc300000, 0x0000000300000000)
  object space 21504K, 91% used [0x00000002fae00000,0x00000002fc13d438,0x00000002fc300000)
GC Heap History (10 events):
Event: 19.445 GC heap before
{Heap before GC invocations=3 (full 0):
 PSYoungGen      total 114688K, used 103064K [0x0000000655500000, 0x000000065d500000, 0x0000000800000000)
  eden space 98304K, 100% used [0x0000000655500000,0x000000065b500000,0x000000065b500000)
  from space 16384K, 29% used [0x000000065c500000,0x000000065c9a6010,0x000000065d500000)
  to   space 16384K, 0% used [0x000000065b500000,0x000000065b500000,0x000000065c500000)
 ParOldGen       total 261632K, used 16K [0x0000000300000000, 0x000000030ff80000, 0x0000000655500000)
  object space 261632K, 0% used [0x0000000300000000,0x0000000300004000,0x000000030ff80000)
 PSPermGen       total 21504K, used 15315K [0x00000002fae00000, 0x00000002fc300000, 0x0000000300000000)
  object space 21504K, 71% used [0x00000002fae00000,0x00000002fbcf4e38,0x00000002fc300000)
Event: 19.455 GC heap after
Heap after GC invocations=3 (full 0):
 PSYoungGen      total 114688K, used 4616K [0x0000000655500000, 0x000000065d500000, 0x0000000800000000)
  eden space 98304K, 0% used [0x0000000655500000,0x0000000655500000,0x000000065b500000)
  from space 16384K, 28% used [0x000000065b500000,0x000000065b982020,0x000000065c500000)
  to   space 16384K, 0% used [0x000000065c500000,0x000000065c500000,0x000000065d500000)
 ParOldGen       total 261632K, used 24K [0x0000000300000000, 0x000000030ff80000, 0x0000000655500000)
  object space 261632K, 0% used [0x0000000300000000,0x0000000300006000,0x000000030ff80000)
 PSPermGen       total 21504K, used 15315K [0x00000002fae00000, 0x00000002fc300000, 0x0000000300000000)
  object space 21504K, 71% used [0x00000002fae00000,0x00000002fbcf4e38,0x00000002fc300000)
}
Event: 49.259 GC heap before
{Heap before GC invocations=4 (full 0):
 PSYoungGen      total 114688K, used 102920K [0x0000000655500000, 0x000000065d500000, 0x0000000800000000)
  eden space 98304K, 100% used [0x0000000655500000,0x000000065b500000,0x000000065b500000)
  from space 16384K, 28% used [0x000000065b500000,0x000000065b982020,0x000000065c500000)
  to   space 16384K, 0% used [0x000000065c500000,0x000000065c500000,0x000000065d500000)
 ParOldGen       total 261632K, used 24K [0x0000000300000000, 0x000000030ff80000, 0x0000000655500000)
  object space 261632K, 0% used [0x0000000300000000,0x0000000300006000,0x000000030ff80000)
 PSPermGen       total 21504K, used 16931K [0x00000002fae00000, 0x00000002fc300000, 0x0000000300000000)
  object space 21504K, 78% used [0x00000002fae00000,0x00000002fbe88dc8,0x00000002fc300000)
Event: 49.267 GC heap after
Heap after GC invocations=4 (full 0):
 PSYoungGen      total 114688K, used 4728K [0x0000000655500000, 0x000000065d500000, 0x0000000800000000)
  eden space 98304K, 0% used [0x0000000655500000,0x0000000655500000,0x000000065b500000)
  from space 16384K, 28% used [0x000000065c500000,0x000000065c99e040,0x000000065d500000)
  to   space 16384K, 0% used [0x000000065b500000,0x000000065b500000,0x000000065c500000)
 ParOldGen       total 261632K, used 32K [0x0000000300000000, 0x000000030ff80000, 0x0000000655500000)
  object space 261632K, 0% used [0x0000000300000000,0x0000000300008000,0x000000030ff80000)
 PSPermGen       total 21504K, used 16931K [0x00000002fae00000, 0x00000002fc300000, 0x0000000300000000)
  object space 21504K, 78% used [0x00000002fae00000,0x00000002fbe88dc8,0x00000002fc300000)
}
Event: 97.533 GC heap before
{Heap before GC invocations=5 (full 0):
 PSYoungGen      total 114688K, used 103032K [0x0000000655500000, 0x000000065d500000, 0x0000000800000000)
  eden space 98304K, 100% used [0x0000000655500000,0x000000065b500000,0x000000065b500000)
  from space 16384K, 28% used [0x000000065c500000,0x000000065c99e040,0x000000065d500000)
  to   space 16384K, 0% used [0x000000065b500000,0x000000065b500000,0x000000065c500000)
 ParOldGen       total 261632K, used 32K [0x0000000300000000, 0x000000030ff80000, 0x0000000655500000)
  object space 261632K, 0% used [0x0000000300000000,0x0000000300008000,0x000000030ff80000)
 PSPermGen       total 21504K, used 17077K [0x00000002fae00000, 0x00000002fc300000, 0x0000000300000000)
  object space 21504K, 79% used [0x00000002fae00000,0x00000002fbead6f0,0x00000002fc300000)
Event: 97.542 GC heap after
Heap after GC invocations=5 (full 0):
 PSYoungGen      total 101376K, used 5048K [0x0000000655500000, 0x000000065c580000, 0x0000000800000000)
  eden space 96256K, 0% used [0x0000000655500000,0x0000000655500000,0x000000065b300000)
  from space 5120K, 98% used [0x000000065b500000,0x000000065b9ee040,0x000000065ba00000)
  to   space 5632K, 0% used [0x000000065c000000,0x000000065c000000,0x000000065c580000)
 ParOldGen       total 261632K, used 40K [0x0000000300000000, 0x000000030ff80000, 0x0000000655500000)
  object space 261632K, 0% used [0x0000000300000000,0x000000030000a000,0x000000030ff80000)
 PSPermGen       total 21504K, used 17077K [0x00000002fae00000, 0x00000002fc300000, 0x0000000300000000)
  object space 21504K, 79% used [0x00000002fae00000,0x00000002fbead6f0,0x00000002fc300000)
}
Event: 116.012 GC heap before
{Heap before GC invocations=6 (full 0):
 PSYoungGen      total 101376K, used 101304K [0x0000000655500000, 0x000000065c580000, 0x0000000800000000)
  eden space 96256K, 100% used [0x0000000655500000,0x000000065b300000,0x000000065b300000)
  from space 5120K, 98% used [0x000000065b500000,0x000000065b9ee040,0x000000065ba00000)
  to   space 5632K, 0% used [0x000000065c000000,0x000000065c000000,0x000000065c580000)
 ParOldGen       total 261632K, used 40K [0x0000000300000000, 0x000000030ff80000, 0x0000000655500000)
  object space 261632K, 0% used [0x0000000300000000,0x000000030000a000,0x000000030ff80000)
 PSPermGen       total 21504K, used 18151K [0x00000002fae00000, 0x00000002fc300000, 0x0000000300000000)
  object space 21504K, 84% used [0x00000002fae00000,0x00000002fbfb9f30,0x00000002fc300000)
Event: 116.047 GC heap after
Heap after GC invocations=6 (full 0):
 PSYoungGen      total 94720K, used 5616K [0x0000000655500000, 0x000000065d900000, 0x0000000800000000)
  eden space 89088K, 0% used [0x0000000655500000,0x0000000655500000,0x000000065ac00000)
  from space 5632K, 99% used [0x000000065c000000,0x000000065c57c020,0x000000065c580000)
  to   space 20480K, 0% used [0x000000065ac00000,0x000000065ac00000,0x000000065c000000)
 ParOldGen       total 261632K, used 25094K [0x0000000300000000, 0x000000030ff80000, 0x0000000655500000)
  object space 261632K, 9% used [0x0000000300000000,0x0000000301881850,0x000000030ff80000)
 PSPermGen       total 21504K, used 18151K [0x00000002fae00000, 0x00000002fc300000, 0x0000000300000000)
  object space 21504K, 84% used [0x00000002fae00000,0x00000002fbfb9f30,0x00000002fc300000)
}
Event: 261.025 GC heap before
{Heap before GC invocations=7 (full 0):
 PSYoungGen      total 94720K, used 94704K [0x0000000655500000, 0x000000065d900000, 0x0000000800000000)
  eden space 89088K, 100% used [0x0000000655500000,0x000000065ac00000,0x000000065ac00000)
  from space 5632K, 99% used [0x000000065c000000,0x000000065c57c020,0x000000065c580000)
  to   space 20480K, 0% used [0x000000065ac00000,0x000000065ac00000,0x000000065c000000)
 ParOldGen       total 261632K, used 25094K [0x0000000300000000, 0x000000030ff80000, 0x0000000655500000)
  object space 261632K, 9% used [0x0000000300000000,0x0000000301881850,0x000000030ff80000)
 PSPermGen       total 21504K, used 19246K [0x00000002fae00000, 0x00000002fc300000, 0x0000000300000000)
  object space 21504K, 89% used [0x00000002fae00000,0x00000002fc0cb968,0x00000002fc300000)
Event: 261.051 GC heap after
Heap after GC invocations=7 (full 0):
 PSYoungGen      total 107520K, used 20476K [0x0000000655500000, 0x000000065e300000, 0x0000000800000000)
  eden space 87040K, 0% used [0x0000000655500000,0x0000000655500000,0x000000065aa00000)
  from space 20480K, 99% used [0x000000065ac00000,0x000000065bfff040,0x000000065c000000)
  to   space 29184K, 0% used [0x000000065c680000,0x000000065c680000,0x000000065e300000)
 ParOldGen       total 261632K, used 34272K [0x0000000300000000, 0x000000030ff80000, 0x0000000655500000)
  object space 261632K, 13% used [0x0000000300000000,0x00000003021783f0,0x000000030ff80000)
 PSPermGen       total 21504K, used 19246K [0x00000002fae00000, 0x00000002fc300000, 0x0000000300000000)
  object space 21504K, 89% used [0x00000002fae00000,0x00000002fc0cb968,0x00000002fc300000)
}

