# JRE version: Java(TM) SE Runtime Environment (8.0_45-b14) (build 1.8.0_45-b14)
# Java VM: Java HotSpot(TM) 64-Bit Server VM (25.45-b02 mixed mode linux-amd64 compressed oops)
Heap:
 PSYoungGen      total 477184K, used 130146K [0x0000000670b00000, 0x0000000691b80000, 0x00000007c0000000)
  eden space 434688K, 21% used [0x0000000670b00000,0x0000000676441788,0x000000068b380000)
  from space 42496K, 91% used [0x000000068dd00000,0x00000006902d7228,0x0000000690680000)
  to   space 42496K, 0% used [0x000000068b380000,0x000000068b380000,0x000000068dd00000)
 ParOldGen       total 445440K, used 7287K [0x00000003d2000000, 0x00000003ed300000, 0x0000000670b00000)
  object space 445440K, 1% used [0x00000003d2000000,0x00000003d271dec8,0x00000003ed300000)
 Metaspace       used 30794K, capacity 32030K, committed 32128K, reserved 1077248K
  class space    used 3918K, capacity 4198K, committed 4224K, reserved 1048576K
GC Heap History (10 events):
Event: 1,966 GC heap before
{Heap before GC invocations=1 (full 0):
 PSYoungGen      total 300544K, used 98059K [0x0000000670b00000, 0x0000000685a00000, 0x00000007c0000000)
  eden space 258048K, 38% used [0x0000000670b00000,0x0000000676ac2c20,0x0000000680700000)
  from space 42496K, 0% used [0x0000000683080000,0x0000000683080000,0x0000000685a00000)
  to   space 42496K, 0% used [0x0000000680700000,0x0000000680700000,0x0000000683080000)
 ParOldGen       total 687104K, used 0K [0x00000003d2000000, 0x00000003fbf00000, 0x0000000670b00000)
  object space 687104K, 0% used [0x00000003d2000000,0x00000003d2000000,0x00000003fbf00000)
 Metaspace       used 20521K, capacity 21101K, committed 21296K, reserved 1067008K
  class space    used 2690K, capacity 2855K, committed 2944K, reserved 1048576K
Event: 1,980 GC heap after
Heap after GC invocations=1 (full 0):
 PSYoungGen      total 300544K, used 7444K [0x0000000670b00000, 0x0000000685a00000, 0x00000007c0000000)
  eden space 258048K, 0% used [0x0000000670b00000,0x0000000670b00000,0x0000000680700000)
  from space 42496K, 17% used [0x0000000680700000,0x0000000680e45228,0x0000000683080000)
  to   space 42496K, 0% used [0x0000000683080000,0x0000000683080000,0x0000000685a00000)
 ParOldGen       total 687104K, used 16K [0x00000003d2000000, 0x00000003fbf00000, 0x0000000670b00000)
  object space 687104K, 0% used [0x00000003d2000000,0x00000003d2004000,0x00000003fbf00000)
 Metaspace       used 20521K, capacity 21101K, committed 21296K, reserved 1067008K
  class space    used 2690K, capacity 2855K, committed 2944K, reserved 1048576K
}
Event: 1,980 GC heap before
{Heap before GC invocations=2 (full 1):
 PSYoungGen      total 300544K, used 7444K [0x0000000670b00000, 0x0000000685a00000, 0x00000007c0000000)
  eden space 258048K, 0% used [0x0000000670b00000,0x0000000670b00000,0x0000000680700000)
  from space 42496K, 17% used [0x0000000680700000,0x0000000680e45228,0x0000000683080000)
  to   space 42496K, 0% used [0x0000000683080000,0x0000000683080000,0x0000000685a00000)
 ParOldGen       total 687104K, used 16K [0x00000003d2000000, 0x00000003fbf00000, 0x0000000670b00000)
  object space 687104K, 0% used [0x00000003d2000000,0x00000003d2004000,0x00000003fbf00000)
 Metaspace       used 20521K, capacity 21101K, committed 21296K, reserved 1067008K
  class space    used 2690K, capacity 2855K, committed 2944K, reserved 1048576K
Event: 2,012 GC heap after
Heap after GC invocations=2 (full 1):
 PSYoungGen      total 300544K, used 0K [0x0000000670b00000, 0x0000000685a00000, 0x00000007c0000000)
  eden space 258048K, 0% used [0x0000000670b00000,0x0000000670b00000,0x0000000680700000)
  from space 42496K, 0% used [0x0000000680700000,0x0000000680700000,0x0000000683080000)
  to   space 42496K, 0% used [0x0000000683080000,0x0000000683080000,0x0000000685a00000)
 ParOldGen       total 445440K, used 7263K [0x00000003d2000000, 0x00000003ed300000, 0x0000000670b00000)
  object space 445440K, 1% used [0x00000003d2000000,0x00000003d2717ec8,0x00000003ed300000)
 Metaspace       used 20521K, capacity 21101K, committed 21296K, reserved 1067008K
  class space    used 2690K, capacity 2855K, committed 2944K, reserved 1048576K
}
Event: 3,108 GC heap before
{Heap before GC invocations=3 (full 1):
 PSYoungGen      total 300544K, used 258048K [0x0000000670b00000, 0x0000000685a00000, 0x00000007c0000000)
  eden space 258048K, 100% used [0x0000000670b00000,0x0000000680700000,0x0000000680700000)
  from space 42496K, 0% used [0x0000000680700000,0x0000000680700000,0x0000000683080000)
  to   space 42496K, 0% used [0x0000000683080000,0x0000000683080000,0x0000000685a00000)
 ParOldGen       total 445440K, used 7263K [0x00000003d2000000, 0x00000003ed300000, 0x0000000670b00000)
  object space 445440K, 1% used [0x00000003d2000000,0x00000003d2717ec8,0x00000003ed300000)
 Metaspace       used 24727K, capacity 25358K, committed 25600K, reserved 1071104K
  class space    used 3044K, capacity 3203K, committed 3328K, reserved 1048576K
Event: 3,123 GC heap after
Heap after GC invocations=3 (full 1):
 PSYoungGen      total 300544K, used 19202K [0x0000000670b00000, 0x000000068bc00000, 0x00000007c0000000)
  eden space 258048K, 0% used [0x0000000670b00000,0x0000000670b00000,0x0000000680700000)
  from space 42496K, 45% used [0x0000000683080000,0x0000000684340a98,0x0000000685a00000)
  to   space 42496K, 0% used [0x0000000680700000,0x0000000680700000,0x0000000683080000)
 ParOldGen       total 445440K, used 7271K [0x00000003d2000000, 0x00000003ed300000, 0x0000000670b00000)
  object space 445440K, 1% used [0x00000003d2000000,0x00000003d2719ec8,0x00000003ed300000)
 Metaspace       used 24727K, capacity 25358K, committed 25600K, reserved 1071104K
  class space    used 3044K, capacity 3203K, committed 3328K, reserved 1048576K
}
Event: 3,374 GC heap before
{Heap before GC invocations=4 (full 1):
 PSYoungGen      total 300544K, used 277250K [0x0000000670b00000, 0x000000068bc00000, 0x00000007c0000000)
  eden space 258048K, 100% used [0x0000000670b00000,0x0000000680700000,0x0000000680700000)
  from space 42496K, 45% used [0x0000000683080000,0x0000000684340a98,0x0000000685a00000)
  to   space 42496K, 0% used [0x0000000680700000,0x0000000680700000,0x0000000683080000)
 ParOldGen       total 445440K, used 7271K [0x00000003d2000000, 0x00000003ed300000, 0x0000000670b00000)
  object space 445440K, 1% used [0x00000003d2000000,0x00000003d2719ec8,0x00000003ed300000)
 Metaspace       used 24777K, capacity 25358K, committed 25600K, reserved 1071104K
  class space    used 3044K, capacity 3203K, committed 3328K, reserved 1048576K
Event: 3,397 GC heap after
Heap after GC invocations=4 (full 1):
 PSYoungGen      total 300544K, used 34860K [0x0000000670b00000, 0x0000000690680000, 0x00000007c0000000)
  eden space 258048K, 0% used [0x0000000670b00000,0x0000000670b00000,0x0000000680700000)
  from space 42496K, 82% used [0x0000000680700000,0x000000068290b238,0x0000000683080000)
  to   space 42496K, 0% used [0x000000068dd00000,0x000000068dd00000,0x0000000690680000)
 ParOldGen       total 445440K, used 7279K [0x00000003d2000000, 0x00000003ed300000, 0x0000000670b00000)
  object space 445440K, 1% used [0x00000003d2000000,0x00000003d271bec8,0x00000003ed300000)
 Metaspace       used 24777K, capacity 25358K, committed 25600K, reserved 1071104K
  class space    used 3044K, capacity 3203K, committed 3328K, reserved 1048576K
}
Event: 3,724 GC heap before
{Heap before GC invocations=5 (full 1):
 PSYoungGen      total 300544K, used 292908K [0x0000000670b00000, 0x0000000690680000, 0x00000007c0000000)
  eden space 258048K, 100% used [0x0000000670b00000,0x0000000680700000,0x0000000680700000)
  from space 42496K, 82% used [0x0000000680700000,0x000000068290b238,0x0000000683080000)
  to   space 42496K, 0% used [0x000000068dd00000,0x000000068dd00000,0x0000000690680000)
 ParOldGen       total 445440K, used 7279K [0x00000003d2000000, 0x00000003ed300000, 0x0000000670b00000)
  object space 445440K, 1% used [0x00000003d2000000,0x00000003d271bec8,0x00000003ed300000)
 Metaspace       used 24865K, capacity 25454K, committed 25856K, reserved 1071104K
  class space    used 3046K, capacity 3235K, committed 3328K, reserved 1048576K
Event: 3,763 GC heap after
Heap after GC invocations=5 (full 1):
 PSYoungGen      total 477184K, used 38748K [0x0000000670b00000, 0x0000000691b80000, 0x00000007c0000000)
  eden space 434688K, 0% used [0x0000000670b00000,0x0000000670b00000,0x000000068b380000)
  from space 42496K, 91% used [0x000000068dd00000,0x00000006902d7228,0x0000000690680000)
  to   space 42496K, 0% used [0x000000068b380000,0x000000068b380000,0x000000068dd00000)
 ParOldGen       total 445440K, used 7287K [0x00000003d2000000, 0x00000003ed300000, 0x0000000670b00000)
  object space 445440K, 1% used [0x00000003d2000000,0x00000003d271dec8,0x00000003ed300000)
 Metaspace       used 24865K, capacity 25454K, committed 25856K, reserved 1071104K
  class space    used 3046K, capacity 3235K, committed 3328K, reserved 1048576K
}

