# JRE version: Java(TM) SE Runtime Environment (8.0_77-b03) (build 1.8.0_77-b03)
# Java VM: Java HotSpot(TM) 64-Bit Server VM (25.77-b03 mixed mode linux-amd64 compressed oops)
Heap:
 PSYoungGen      total 279040K, used 277264K [0x0000000718d80000, 0x000000072b280000, 0x00000007c0000000)
  eden space 258048K, 100% used [0x0000000718d80000,0x0000000728980000,0x0000000728980000)
  from space 20992K, 91% used [0x0000000729e00000,0x000000072b0c4010,0x000000072b280000)
  to   space 20992K, 100% used [0x0000000728980000,0x0000000729e00000,0x0000000729e00000)
 ParOldGen       total 343040K, used 15946K [0x00000005ca800000, 0x00000005df700000, 0x0000000718d80000)
  object space 343040K, 4% used [0x00000005ca800000,0x00000005cb792980,0x00000005df700000)
 Metaspace       used 3343K, capacity 4664K, committed 4864K, reserved 1056768K
  class space    used 356K, capacity 424K, committed 512K, reserved 1048576K
GC Heap History (5 events):
Event: 0,649 GC heap before
{Heap before GC invocations=1 (full 0):
 PSYoungGen      total 150016K, used 129024K [0x0000000718d80000, 0x0000000723480000, 0x00000007c0000000)
  eden space 129024K, 100% used [0x0000000718d80000,0x0000000720b80000,0x0000000720b80000)
  from space 20992K, 0% used [0x0000000722000000,0x0000000722000000,0x0000000723480000)
  to   space 20992K, 0% used [0x0000000720b80000,0x0000000720b80000,0x0000000722000000)
 ParOldGen       total 343040K, used 0K [0x00000005ca800000, 0x00000005df700000, 0x0000000718d80000)
  object space 343040K, 0% used [0x00000005ca800000,0x00000005ca800000,0x00000005df700000)
 Metaspace       used 3342K, capacity 4664K, committed 4864K, reserved 1056768K
  class space    used 356K, capacity 424K, committed 512K, reserved 1048576K
Event: 0,665 GC heap after
Heap after GC invocations=1 (full 0):
 PSYoungGen      total 150016K, used 10464K [0x0000000718d80000, 0x000000072b280000, 0x00000007c0000000)
  eden space 129024K, 0% used [0x0000000718d80000,0x0000000718d80000,0x0000000720b80000)
  from space 20992K, 49% used [0x0000000720b80000,0x00000007215b8000,0x0000000722000000)
  to   space 20992K, 0% used [0x0000000729e00000,0x0000000729e00000,0x000000072b280000)
 ParOldGen       total 343040K, used 8K [0x00000005ca800000, 0x00000005df700000, 0x0000000718d80000)
  object space 343040K, 0% used [0x00000005ca800000,0x00000005ca802000,0x00000005df700000)
 Metaspace       used 3342K, capacity 4664K, committed 4864K, reserved 1056768K
  class space    used 356K, capacity 424K, committed 512K, reserved 1048576K
}
Event: 1,131 GC heap before
{Heap before GC invocations=2 (full 0):
 PSYoungGen      total 150016K, used 139488K [0x0000000718d80000, 0x000000072b280000, 0x00000007c0000000)
  eden space 129024K, 100% used [0x0000000718d80000,0x0000000720b80000,0x0000000720b80000)
  from space 20992K, 49% used [0x0000000720b80000,0x00000007215b8000,0x0000000722000000)
  to   space 20992K, 0% used [0x0000000729e00000,0x0000000729e00000,0x000000072b280000)
 ParOldGen       total 343040K, used 8K [0x00000005ca800000, 0x00000005df700000, 0x0000000718d80000)
  object space 343040K, 0% used [0x00000005ca800000,0x00000005ca802000,0x00000005df700000)
 Metaspace       used 3343K, capacity 4664K, committed 4864K, reserved 1056768K
  class space    used 356K, capacity 424K, committed 512K, reserved 1048576K
Event: 1,143 GC heap after
Heap after GC invocations=2 (full 0):
 PSYoungGen      total 279040K, used 19216K [0x0000000718d80000, 0x000000072b280000, 0x00000007c0000000)
  eden space 258048K, 0% used [0x0000000718d80000,0x0000000718d80000,0x0000000728980000)
  from space 20992K, 91% used [0x0000000729e00000,0x000000072b0c4010,0x000000072b280000)
  to   space 20992K, 0% used [0x0000000728980000,0x0000000728980000,0x0000000729e00000)
 ParOldGen       total 343040K, used 16K [0x00000005ca800000, 0x00000005df700000, 0x0000000718d80000)
  object space 343040K, 0% used [0x00000005ca800000,0x00000005ca804000,0x00000005df700000)
 Metaspace       used 3343K, capacity 4664K, committed 4864K, reserved 1056768K
  class space    used 356K, capacity 424K, committed 512K, reserved 1048576K
}
Event: 2,113 GC heap before
{Heap before GC invocations=3 (full 0):
 PSYoungGen      total 279040K, used 277264K [0x0000000718d80000, 0x000000072b280000, 0x00000007c0000000)
  eden space 258048K, 100% used [0x0000000718d80000,0x0000000728980000,0x0000000728980000)
  from space 20992K, 91% used [0x0000000729e00000,0x000000072b0c4010,0x000000072b280000)
  to   space 20992K, 0% used [0x0000000728980000,0x0000000728980000,0x0000000729e00000)
 ParOldGen       total 343040K, used 16K [0x00000005ca800000, 0x00000005df700000, 0x0000000718d80000)
  object space 343040K, 0% used [0x00000005ca800000,0x00000005ca804000,0x00000005df700000)
 Metaspace       used 3343K, capacity 4664K, committed 4864K, reserved 1056768K
  class space    used 356K, capacity 424K, committed 512K, reserved 1048576K

